2024-11-05 15:52:59,153-INFO- RUNNING THE TEST
2024-11-05 15:53:06,155-INFO- File name for the acquisition: ./out/PyVisaAcquisition_20241105_155306.visaacq
2024-11-05 15:53:07,169-INFO- File name for the acquisition: ./out/MasterCommanderAcquisition_20241105_155307.mcacq
2024-11-05 15:53:13,182-INFO- Applying demagnetization algorithm
2024-11-05 15:53:13,261-INFO- Write request detected
2024-11-05 15:53:13,262-INFO- Symbol to write: BD_Target_Speed
2024-11-05 15:53:14,522-INFO- Write request detected
2024-11-05 15:53:14,522-INFO- Symbol to write: BD_Target_Accel
2024-11-05 15:53:17,639-INFO- Write request detected
2024-11-05 15:53:17,639-INFO- Symbol to write: BD_Update_Cmd
2024-11-05 15:53:17,744-WARNING- Read request error: Request error:  Checksum error
2024-11-05 15:53:17,744-WARNING- Discarding the packet
2024-11-05 15:53:19,254-INFO- Current speed: 0.066179
2024-11-05 15:53:19,254-INFO- Speed error: 999.933821
2024-11-05 15:53:19,512-WARNING- Read request error: Request error:  Checksum error
2024-11-05 15:53:19,513-WARNING- Discarding the packet
2024-11-05 15:53:21,271-INFO- Current speed: 169.827281
2024-11-05 15:53:21,272-INFO- Speed error: 830.172719
2024-11-05 15:53:23,283-INFO- Current speed: 1012.478683
2024-11-05 15:53:23,283-INFO- Speed error: 12.478683
2024-11-05 15:53:32,377-INFO- Write request detected
2024-11-05 15:53:32,377-INFO- Symbol to write: BD_Target_Speed
2024-11-05 15:53:33,634-INFO- Write request detected
2024-11-05 15:53:33,634-INFO- Symbol to write: BD_Target_Accel
2024-11-05 15:53:36,759-INFO- Write request detected
2024-11-05 15:53:36,759-INFO- Symbol to write: BD_Update_Cmd
2024-11-05 15:53:38,353-INFO- Current speed: 418.693219
2024-11-05 15:53:38,354-INFO- Speed error: 418.693219
2024-11-05 15:53:40,375-INFO- Current speed: 0.000000
2024-11-05 15:53:40,375-INFO- Speed error: 0.000000
2024-11-05 15:53:43,403-INFO- STARTING STEP N.0/4
2024-11-05 15:53:43,403-INFO- TORQUE MIN: 0.296
2024-11-05 15:53:43,403-INFO- TORQUE MAX: 0.3
2024-11-05 15:53:43,403-INFO- TORQUE STEP: 0.001
2024-11-05 15:53:43,495-INFO- Write request detected
2024-11-05 15:53:43,496-INFO- Symbol to write: BD_Target_Speed
2024-11-05 15:53:44,754-INFO- Write request detected
2024-11-05 15:53:44,754-INFO- Symbol to write: BD_Target_Accel
2024-11-05 15:53:47,879-INFO- Write request detected
2024-11-05 15:53:47,879-INFO- Symbol to write: BD_Update_Cmd
2024-11-05 15:53:49,755-WARNING- DSP6000 Get Data error: VI_ERROR_TMO (-1073807339): Timeout expired before operation completed. with timeout = 1000
2024-11-05 15:53:49,755-WARNING- PyVISA request error: VI_ERROR_TMO (-1073807339): Timeout expired before operation completed.
2024-11-05 15:53:49,763-INFO- Write request detected
2024-11-05 15:53:49,763-INFO- Symbol to write: My_Measured_Temp
2024-11-05 15:53:51,021-INFO- Write request detected
2024-11-05 15:53:51,021-INFO- Symbol to write: My_Measured_Temp
2024-11-05 15:53:53,801-INFO- Target speed: 500.000000
2024-11-05 15:53:54,126-INFO- Write request detected
2024-11-05 15:53:54,126-INFO- Symbol to write: BD_Target_Speed
2024-11-05 15:53:55,378-INFO- Write request detected
2024-11-05 15:53:55,378-INFO- Symbol to write: BD_Target_Accel
2024-11-05 15:53:58,496-INFO- Write request detected
2024-11-05 15:53:58,497-INFO- Symbol to write: BD_Update_Cmd
2024-11-05 15:53:58,604-WARNING- Read request error: Request error:  Checksum error
2024-11-05 15:53:58,604-WARNING- Discarding the packet
2024-11-05 15:54:00,018-INFO- Current speed: -0.000343
2024-11-05 15:54:00,019-INFO- Speed error: 500.000343
2024-11-05 15:54:02,035-INFO- Current speed: 214.012649
2024-11-05 15:54:02,035-INFO- Speed error: 285.987351
2024-11-05 15:54:04,056-INFO- Current speed: 497.056107
2024-11-05 15:54:04,056-INFO- Speed error: 2.943893
2024-11-05 15:54:06,057-INFO- Applying torque value: 0.036000
2024-11-05 15:54:07,166-INFO- Read torque: -0.035000
2024-11-05 15:54:08,173-INFO- Applying torque value: 0.102000
2024-11-05 15:54:09,180-INFO- Read torque: -0.035000
2024-11-05 15:54:10,194-INFO- Applying torque value: 0.168000
2024-11-05 15:54:11,206-INFO- Read torque: -0.053000
2024-11-05 15:54:11,592-WARNING- Read request error: Request error:  Checksum error
2024-11-05 15:54:11,592-WARNING- Discarding the packet
2024-11-05 15:54:12,219-INFO- Applying torque value: 0.234000
2024-11-05 15:54:13,220-INFO- Read torque: -0.104000
2024-11-05 15:54:14,330-INFO- Applying torque value: 0.300000
2024-11-05 15:54:15,342-INFO- Read torque: -0.218000
2024-11-05 15:54:16,575-INFO- Final torque reached: -0.276000
2024-11-05 15:54:16,576-INFO- Starting the measures
2024-11-05 15:54:19,589-INFO- Applying torque value: 0.300000
2024-11-05 15:54:19,590-INFO- Elapsed Time [Secs]: 0.000014
2024-11-05 15:54:19,590-INFO- Measured Temperature [C]: 26.479756
2024-11-05 15:54:19,596-INFO- Estimated ClassA Temperature [C]: 17.626678
2024-11-05 15:54:27,597-INFO- Applying torque value: 0.299000
2024-11-05 15:54:27,597-INFO- Elapsed Time [Secs]: 8.008116
2024-11-05 15:54:27,597-INFO- Measured Temperature [C]: 26.510796
2024-11-05 15:54:27,602-INFO- Estimated ClassA Temperature [C]: 17.694275
2024-11-05 15:54:35,615-INFO- Applying torque value: 0.298000
2024-11-05 15:54:35,615-INFO- Elapsed Time [Secs]: 16.025163
2024-11-05 15:54:35,801-INFO- Measured Temperature [C]: 26.564703
2024-11-05 15:54:35,808-INFO- Estimated ClassA Temperature [C]: 17.733917
2024-11-05 15:54:43,817-INFO- Applying torque value: 0.297000
2024-11-05 15:54:43,817-INFO- Elapsed Time [Secs]: 24.226861
2024-11-05 15:54:44,032-INFO- Measured Temperature [C]: 26.550935
2024-11-05 15:54:44,039-INFO- Estimated ClassA Temperature [C]: 17.764801
2024-11-05 15:54:52,054-INFO- Applying torque value: 0.296000
2024-11-05 15:54:52,054-INFO- Elapsed Time [Secs]: 32.463908
2024-11-05 15:54:52,054-INFO- Measured Temperature [C]: 26.612538
2024-11-05 15:54:52,058-INFO- Estimated ClassA Temperature [C]: 17.793823
2024-11-05 15:55:01,392-INFO- Write request detected
2024-11-05 15:55:01,392-INFO- Symbol to write: BD_Target_Speed
2024-11-05 15:55:02,655-INFO- Write request detected
2024-11-05 15:55:02,655-INFO- Symbol to write: BD_Target_Accel
2024-11-05 15:55:05,768-INFO- Write request detected
2024-11-05 15:55:05,768-INFO- Symbol to write: BD_Update_Cmd
2024-11-05 15:55:11,473-INFO- Stop Acquisition
2024-11-05 15:55:12,220-INFO- Termination Request
2024-11-05 15:55:12,745-INFO- Termination Request
2024-11-05 15:55:12,754-INFO- Calculated offset for syncing: 3.862039
2024-11-05 15:55:14,892-INFO- Extracting acquisition with marker value: 1
2024-11-05 15:55:14,894-WARNING- Sub-acquisition too short!
2024-11-05 15:55:14,896-INFO- Extracting acquisition with marker value: 2
2024-11-05 15:55:14,898-WARNING- Sub-acquisition too short!
2024-11-05 15:55:14,900-INFO- Extracting acquisition with marker value: 3
2024-11-05 15:55:14,901-WARNING- Sub-acquisition too short!
2024-11-05 15:55:14,903-INFO- Extracting acquisition with marker value: 4
2024-11-05 15:55:14,905-WARNING- Sub-acquisition too short!
2024-11-05 15:55:14,906-INFO- Extracting acquisition with marker value: 5
2024-11-05 15:55:14,908-WARNING- Sub-acquisition too short!
2024-11-05 15:55:14,910-INFO- STARTING STEP N.1/4
2024-11-05 15:55:14,911-INFO- TORQUE MIN: 0.296
2024-11-05 15:55:14,911-INFO- TORQUE MAX: 0.3
2024-11-05 15:55:14,911-INFO- TORQUE STEP: 0.001
2024-11-05 15:55:14,911-INFO- File name for the acquisition: ./out/PyVisaAcquisition_20241105_155514.visaacq
2024-11-05 15:55:15,923-INFO- File name for the acquisition: ./out/MasterCommanderAcquisition_20241105_155515.mcacq
2024-11-05 15:55:22,068-INFO- Write request detected
2024-11-05 15:55:22,068-INFO- Symbol to write: BD_Target_Speed
2024-11-05 15:55:23,318-INFO- Write request detected
2024-11-05 15:55:23,318-INFO- Symbol to write: BD_Target_Accel
2024-11-05 15:55:26,413-INFO- Write request detected
2024-11-05 15:55:26,413-INFO- Symbol to write: BD_Update_Cmd
2024-11-05 15:55:28,284-INFO- Write request detected
2024-11-05 15:55:28,284-INFO- Symbol to write: My_Measured_Temp
2024-11-05 15:55:29,541-INFO- Write request detected
2024-11-05 15:55:29,541-INFO- Symbol to write: My_Measured_Temp
2024-11-05 15:55:32,235-INFO- Target speed: 2000.000000
2024-11-05 15:55:32,671-INFO- Write request detected
2024-11-05 15:55:32,671-INFO- Symbol to write: BD_Target_Speed
2024-11-05 15:55:33,308-INFO- Write request detected
2024-11-05 15:55:33,308-INFO- Symbol to write: BD_Target_Accel
2024-11-05 15:55:36,401-INFO- Write request detected
2024-11-05 15:55:36,401-INFO- Symbol to write: BD_Update_Cmd
2024-11-05 15:55:38,290-INFO- Current speed: -0.086005
2024-11-05 15:55:38,291-INFO- Speed error: 2000.086005
2024-11-05 15:55:40,308-INFO- Current speed: 495.140776
2024-11-05 15:55:40,308-INFO- Speed error: 1504.859224
2024-11-05 15:55:42,315-INFO- Current speed: 1316.409497
2024-11-05 15:55:42,315-INFO- Speed error: 683.590503
2024-11-05 15:55:44,322-INFO- Current speed: 2020.599888
2024-11-05 15:55:44,322-INFO- Speed error: 20.599888
2024-11-05 15:55:46,323-INFO- Applying torque value: 0.043000
2024-11-05 15:55:47,334-INFO- Read torque: -0.043000
2024-11-05 15:55:48,350-INFO- Applying torque value: 0.107250
2024-11-05 15:55:49,393-INFO- Read torque: -0.041000
2024-11-05 15:55:50,498-INFO- Applying torque value: 0.171500
2024-11-05 15:55:51,498-INFO- Read torque: -0.055000
2024-11-05 15:55:52,504-INFO- Applying torque value: 0.235750
2024-11-05 15:55:53,517-INFO- Read torque: -0.102000
2024-11-05 15:55:54,534-INFO- Applying torque value: 0.300000
2024-11-05 15:55:55,537-INFO- Read torque: -0.218000
2024-11-05 15:55:56,556-INFO- Final torque reached: -0.267000
2024-11-05 15:55:56,556-INFO- Starting the measures
2024-11-05 15:55:58,083-WARNING- Read request error: Request error:  Checksum error
2024-11-05 15:55:58,083-WARNING- Discarding the packet
2024-11-05 15:55:59,560-INFO- Applying torque value: 0.300000
2024-11-05 15:55:59,561-INFO- Elapsed Time [Secs]: 0.000011
2024-11-05 15:55:59,561-INFO- Measured Temperature [C]: 26.740617
2024-11-05 15:55:59,567-INFO- Estimated ClassA Temperature [C]: 18.654449
2024-11-05 15:56:07,573-INFO- Applying torque value: 0.299000
2024-11-05 15:56:07,574-INFO- Elapsed Time [Secs]: 8.012349
2024-11-05 15:56:07,574-INFO- Measured Temperature [C]: 26.785402
2024-11-05 15:56:07,578-INFO- Estimated ClassA Temperature [C]: 18.746857
2024-11-05 15:56:15,591-INFO- Applying torque value: 0.298000
2024-11-05 15:56:15,591-INFO- Elapsed Time [Secs]: 16.030517
2024-11-05 15:56:15,792-INFO- Measured Temperature [C]: 26.822253
2024-11-05 15:56:15,798-INFO- Estimated ClassA Temperature [C]: 18.804657
2024-11-05 15:56:23,812-INFO- Applying torque value: 0.297000
2024-11-05 15:56:23,813-INFO- Elapsed Time [Secs]: 24.250676
2024-11-05 15:56:23,813-INFO- Measured Temperature [C]: 26.869828
2024-11-05 15:56:23,931-INFO- Estimated ClassA Temperature [C]: 18.856842
2024-11-05 15:56:32,075-INFO- Applying torque value: 0.296000
2024-11-05 15:56:32,075-INFO- Elapsed Time [Secs]: 32.513325
2024-11-05 15:56:32,076-INFO- Measured Temperature [C]: 26.912036
2024-11-05 15:56:32,082-INFO- Estimated ClassA Temperature [C]: 18.905975
2024-11-05 15:56:41,772-INFO- Write request detected
2024-11-05 15:56:41,772-INFO- Symbol to write: BD_Target_Speed
2024-11-05 15:56:42,401-INFO- Write request detected
2024-11-05 15:56:42,401-INFO- Symbol to write: BD_Target_Accel
2024-11-05 15:56:45,502-INFO- Write request detected
2024-11-05 15:56:45,503-INFO- Symbol to write: BD_Update_Cmd
2024-11-05 15:56:47,365-INFO- Current speed: 1426.371682
2024-11-05 15:56:47,365-INFO- Speed error: 1426.371682
2024-11-05 15:56:49,382-INFO- Current speed: 317.717851
2024-11-05 15:56:49,382-INFO- Speed error: 317.717851
2024-11-05 15:56:51,391-INFO- Current speed: 0.000000
2024-11-05 15:56:51,391-INFO- Speed error: 0.000000
2024-11-05 15:56:53,404-INFO- Stop Acquisition
2024-11-05 15:56:53,750-INFO- Termination Request
2024-11-05 15:56:54,214-INFO- Termination Request
2024-11-05 15:56:54,220-INFO- Calculated offset for syncing: 1.189633
2024-11-05 15:56:56,356-INFO- Extracting acquisition with marker value: 1
2024-11-05 15:56:56,358-WARNING- Sub-acquisition too short!
2024-11-05 15:56:56,361-INFO- Extracting acquisition with marker value: 2
2024-11-05 15:56:56,363-WARNING- Sub-acquisition too short!
2024-11-05 15:56:56,365-INFO- Extracting acquisition with marker value: 3
2024-11-05 15:56:56,368-WARNING- Sub-acquisition too short!
2024-11-05 15:56:56,370-INFO- Extracting acquisition with marker value: 4
2024-11-05 15:56:56,374-WARNING- Sub-acquisition too short!
2024-11-05 15:56:56,376-INFO- Extracting acquisition with marker value: 5
2024-11-05 15:56:56,378-WARNING- Sub-acquisition too short!
2024-11-05 15:56:56,379-INFO- STARTING STEP N.2/4
2024-11-05 15:56:56,380-INFO- TORQUE MIN: 0.296
2024-11-05 15:56:56,380-INFO- TORQUE MAX: 0.3
2024-11-05 15:56:56,380-INFO- TORQUE STEP: 0.001
2024-11-05 15:56:56,380-INFO- File name for the acquisition: ./out/PyVisaAcquisition_20241105_155656.visaacq
2024-11-05 15:56:57,387-INFO- File name for the acquisition: ./out/MasterCommanderAcquisition_20241105_155657.mcacq
2024-11-05 15:57:03,482-INFO- Write request detected
2024-11-05 15:57:03,482-INFO- Symbol to write: BD_Target_Speed
2024-11-05 15:57:04,728-INFO- Write request detected
2024-11-05 15:57:04,728-INFO- Symbol to write: BD_Target_Accel
2024-11-05 15:57:06,029-WARNING- DSP6000 Get Data error: VI_ERROR_TMO (-1073807339): Timeout expired before operation completed. with timeout = 1000
2024-11-05 15:57:06,029-WARNING- PyVISA request error: VI_ERROR_TMO (-1073807339): Timeout expired before operation completed.
2024-11-05 15:57:07,855-INFO- Write request detected
2024-11-05 15:57:07,855-INFO- Symbol to write: BD_Update_Cmd
2024-11-05 15:57:09,736-INFO- Write request detected
2024-11-05 15:57:09,736-INFO- Symbol to write: My_Measured_Temp
2024-11-05 15:57:10,994-INFO- Write request detected
2024-11-05 15:57:10,994-INFO- Symbol to write: My_Measured_Temp
2024-11-05 15:57:13,619-INFO- Target speed: 8000.000000
2024-11-05 15:57:14,121-INFO- Write request detected
2024-11-05 15:57:14,121-INFO- Symbol to write: BD_Target_Speed
2024-11-05 15:57:14,761-INFO- Write request detected
2024-11-05 15:57:14,761-INFO- Symbol to write: BD_Target_Accel
2024-11-05 15:57:17,866-INFO- Write request detected
2024-11-05 15:57:17,866-INFO- Symbol to write: BD_Update_Cmd
2024-11-05 15:57:17,944-WARNING- Read request error: Request error:  Checksum error
2024-11-05 15:57:17,944-WARNING- Discarding the packet
2024-11-05 15:57:19,139-WARNING- Read request error: Request error:  Checksum error
2024-11-05 15:57:19,139-WARNING- Discarding the packet
2024-11-05 15:57:19,768-INFO- Current speed: -0.076056
2024-11-05 15:57:19,768-INFO- Speed error: 8000.076056
2024-11-05 15:57:21,780-INFO- Current speed: 485.464966
2024-11-05 15:57:21,780-INFO- Speed error: 7514.535034
2024-11-05 15:57:23,787-INFO- Current speed: 1334.025484
2024-11-05 15:57:23,788-INFO- Speed error: 6665.974516
2024-11-05 15:57:25,809-INFO- Current speed: 2167.905102
2024-11-05 15:57:25,809-INFO- Speed error: 5832.094898
2024-11-05 15:57:27,840-INFO- Current speed: 3290.613058
2024-11-05 15:57:27,840-INFO- Speed error: 4709.386942
2024-11-05 15:57:29,846-INFO- Current speed: 4118.732149
2024-11-05 15:57:29,846-INFO- Speed error: 3881.267851
2024-11-05 15:57:31,858-INFO- Current speed: 4901.029596
2024-11-05 15:57:31,858-INFO- Speed error: 3098.970404
2024-11-05 15:57:33,928-INFO- Current speed: 6031.207265
2024-11-05 15:57:33,928-INFO- Speed error: 1968.792735
2024-11-05 15:57:35,939-INFO- Current speed: 6879.342053
2024-11-05 15:57:35,939-INFO- Speed error: 1120.657947
2024-11-05 15:57:37,945-INFO- Current speed: 7706.783006
2024-11-05 15:57:37,946-INFO- Speed error: 293.216994
2024-11-05 15:57:39,948-INFO- Applying torque value: 0.069000
2024-11-05 15:57:41,100-INFO- Read torque: -0.073000
2024-11-05 15:57:42,114-INFO- Applying torque value: 0.126750
2024-11-05 15:57:43,125-INFO- Read torque: -0.074000
2024-11-05 15:57:44,202-INFO- Applying torque value: 0.184500
2024-11-05 15:57:45,215-INFO- Read torque: -0.106000
2024-11-05 15:57:46,229-INFO- Applying torque value: 0.242250
2024-11-05 15:57:47,434-INFO- Read torque: -0.184000
2024-11-05 15:57:48,442-INFO- Applying torque value: 0.300000
2024-11-05 15:57:49,451-INFO- Read torque: -0.225000
2024-11-05 15:57:50,510-INFO- Final torque reached: -0.286000
2024-11-05 15:57:50,511-INFO- Starting the measures
2024-11-05 15:57:53,524-INFO- Applying torque value: 0.300000
2024-11-05 15:57:53,524-INFO- Elapsed Time [Secs]: 0.000007
2024-11-05 15:57:53,524-INFO- Measured Temperature [C]: 28.452744
2024-11-05 15:57:53,529-INFO- Estimated ClassA Temperature [C]: 20.188721
2024-11-05 15:58:01,541-INFO- Applying torque value: 0.299000
2024-11-05 15:58:01,542-INFO- Elapsed Time [Secs]: 8.017213
2024-11-05 15:58:01,542-INFO- Measured Temperature [C]: 29.165781
2024-11-05 15:58:01,548-INFO- Estimated ClassA Temperature [C]: 20.846283
2024-11-05 15:58:09,559-INFO- Applying torque value: 0.298000
2024-11-05 15:58:09,560-INFO- Elapsed Time [Secs]: 16.035320
2024-11-05 15:58:09,560-INFO- Measured Temperature [C]: 29.967903
2024-11-05 15:58:09,671-INFO- Estimated ClassA Temperature [C]: 21.336395
2024-11-05 15:58:17,685-INFO- Applying torque value: 0.297000
2024-11-05 15:58:17,685-INFO- Elapsed Time [Secs]: 24.159970
2024-11-05 15:58:17,686-INFO- Measured Temperature [C]: 30.813568
2024-11-05 15:58:17,702-INFO- Estimated ClassA Temperature [C]: 21.766174
2024-11-05 15:58:25,709-INFO- Applying torque value: 0.296000
2024-11-05 15:58:25,709-INFO- Elapsed Time [Secs]: 32.183642
2024-11-05 15:58:25,733-INFO- Measured Temperature [C]: 31.578324
2024-11-05 15:58:25,738-INFO- Estimated ClassA Temperature [C]: 22.181244
2024-11-05 15:58:34,797-INFO- Write request detected
2024-11-05 15:58:34,797-INFO- Symbol to write: BD_Target_Speed
2024-11-05 15:58:36,061-INFO- Write request detected
2024-11-05 15:58:36,061-INFO- Symbol to write: BD_Target_Accel
2024-11-05 15:58:39,141-INFO- Write request detected
2024-11-05 15:58:39,141-INFO- Symbol to write: BD_Update_Cmd
2024-11-05 15:58:40,804-INFO- Current speed: 7430.632666
2024-11-05 15:58:40,804-INFO- Speed error: 7430.632666
2024-11-05 15:58:42,824-INFO- Current speed: 6599.570510
2024-11-05 15:58:42,824-INFO- Speed error: 6599.570510
2024-11-05 15:58:44,856-INFO- Current speed: 5473.603881
2024-11-05 15:58:44,857-INFO- Speed error: 5473.603881
2024-11-05 15:58:46,877-INFO- Current speed: 4662.391311
2024-11-05 15:58:46,877-INFO- Speed error: 4662.391311
2024-11-05 15:58:48,899-INFO- Current speed: 3913.052167
2024-11-05 15:58:48,900-INFO- Speed error: 3913.052167
2024-11-05 15:58:50,910-INFO- Current speed: 3180.246526
2024-11-05 15:58:50,910-INFO- Speed error: 3180.246526
2024-11-05 15:58:52,928-INFO- Current speed: 2263.817861
2024-11-05 15:58:52,929-INFO- Speed error: 2263.817861
2024-11-05 15:58:54,946-INFO- Current speed: 1012.965576
2024-11-05 15:58:54,947-INFO- Speed error: 1012.965576
2024-11-05 15:58:56,956-INFO- Current speed: 0.000000
2024-11-05 15:58:56,956-INFO- Speed error: 0.000000
2024-11-05 15:58:58,962-INFO- Stop Acquisition
2024-11-05 15:58:59,255-INFO- Termination Request
2024-11-05 15:58:59,719-INFO- Termination Request
2024-11-05 15:58:59,728-INFO- Calculated offset for syncing: 1.191925
2024-11-05 15:59:01,866-INFO- Extracting acquisition with marker value: 1
2024-11-05 15:59:01,869-WARNING- Sub-acquisition too short!
2024-11-05 15:59:01,871-INFO- Extracting acquisition with marker value: 2
2024-11-05 15:59:01,873-WARNING- Sub-acquisition too short!
2024-11-05 15:59:01,875-INFO- Extracting acquisition with marker value: 3
2024-11-05 15:59:01,878-WARNING- Sub-acquisition too short!
2024-11-05 15:59:01,880-INFO- Extracting acquisition with marker value: 4
2024-11-05 15:59:01,882-WARNING- Sub-acquisition too short!
2024-11-05 15:59:01,884-INFO- Extracting acquisition with marker value: 5
2024-11-05 15:59:01,886-WARNING- Sub-acquisition too short!
2024-11-05 15:59:01,887-INFO- STARTING STEP N.3/4
2024-11-05 15:59:01,887-INFO- TORQUE MIN: 0.296
2024-11-05 15:59:01,887-INFO- TORQUE MAX: 0.3
2024-11-05 15:59:01,887-INFO- TORQUE STEP: 0.001
2024-11-05 15:59:01,887-INFO- File name for the acquisition: ./out/PyVisaAcquisition_20241105_155901.visaacq
2024-11-05 15:59:02,896-INFO- File name for the acquisition: ./out/MasterCommanderAcquisition_20241105_155902.mcacq
2024-11-05 15:59:08,998-INFO- Write request detected
2024-11-05 15:59:08,999-INFO- Symbol to write: BD_Target_Speed
2024-11-05 15:59:10,245-INFO- Write request detected
2024-11-05 15:59:10,245-INFO- Symbol to write: BD_Target_Accel
2024-11-05 15:59:13,358-INFO- Write request detected
2024-11-05 15:59:13,358-INFO- Symbol to write: BD_Update_Cmd
2024-11-05 15:59:15,215-INFO- Write request detected
2024-11-05 15:59:15,215-INFO- Symbol to write: My_Measured_Temp
2024-11-05 15:59:16,479-INFO- Write request detected
2024-11-05 15:59:16,479-INFO- Symbol to write: My_Measured_Temp
2024-11-05 15:59:19,252-INFO- Target speed: 12000.000000
2024-11-05 15:59:19,563-INFO- Write request detected
2024-11-05 15:59:19,563-INFO- Symbol to write: BD_Target_Speed
2024-11-05 15:59:19,963-WARNING- DSP6000 Get Data error: VI_ERROR_TMO (-1073807339): Timeout expired before operation completed. with timeout = 1000
2024-11-05 15:59:19,963-WARNING- PyVISA request error: VI_ERROR_TMO (-1073807339): Timeout expired before operation completed.
2024-11-05 15:59:20,812-INFO- Write request detected
2024-11-05 15:59:20,812-INFO- Symbol to write: BD_Target_Accel
2024-11-05 15:59:23,941-INFO- Write request detected
2024-11-05 15:59:23,941-INFO- Symbol to write: BD_Update_Cmd
2024-11-05 15:59:24,050-WARNING- Read request error: Request error:  Checksum error
2024-11-05 15:59:24,050-WARNING- Discarding the packet
2024-11-05 15:59:25,466-INFO- Current speed: 0.119577
2024-11-05 15:59:25,466-INFO- Speed error: 11999.880423
2024-11-05 15:59:27,473-INFO- Current speed: 228.413183
2024-11-05 15:59:27,473-INFO- Speed error: 11771.586817
2024-11-05 15:59:29,490-INFO- Current speed: 1076.812435
2024-11-05 15:59:29,490-INFO- Speed error: 10923.187565
2024-11-05 15:59:31,500-INFO- Current speed: 2189.154240
2024-11-05 15:59:31,500-INFO- Speed error: 9810.845760
2024-11-05 15:59:33,512-INFO- Current speed: 3026.102671
2024-11-05 15:59:33,512-INFO- Speed error: 8973.897329
2024-11-05 15:59:35,524-INFO- Current speed: 3569.146351
2024-11-05 15:59:35,524-INFO- Speed error: 8430.853649
2024-11-05 15:59:37,547-INFO- Current speed: 4919.047016
2024-11-05 15:59:37,547-INFO- Speed error: 7080.952984
2024-11-05 15:59:39,558-INFO- Current speed: 5763.252277
2024-11-05 15:59:39,558-INFO- Speed error: 6236.747723
2024-11-05 15:59:41,568-INFO- Current speed: 6593.909941
2024-11-05 15:59:41,569-INFO- Speed error: 5406.090059
2024-11-05 15:59:43,585-INFO- Current speed: 7440.259481
2024-11-05 15:59:43,586-INFO- Speed error: 4559.740519
2024-11-05 15:59:45,610-INFO- Current speed: 8561.683434
2024-11-05 15:59:45,610-INFO- Speed error: 3438.316566
2024-11-05 15:59:47,624-INFO- Current speed: 9410.288576
2024-11-05 15:59:47,625-INFO- Speed error: 2589.711424
2024-11-05 15:59:49,636-INFO- Current speed: 10250.376053
2024-11-05 15:59:49,637-INFO- Speed error: 1749.623947
2024-11-05 15:59:51,646-INFO- Current speed: 11076.678132
2024-11-05 15:59:51,646-INFO- Speed error: 923.321868
2024-11-05 15:59:53,689-INFO- Current speed: 12031.993632
2024-11-05 15:59:53,690-INFO- Speed error: 31.993632
2024-11-05 15:59:55,695-INFO- Applying torque value: 0.111000
2024-11-05 15:59:56,706-INFO- Read torque: -0.111000
2024-11-05 15:59:57,798-INFO- Applying torque value: 0.158250
2024-11-05 15:59:58,811-INFO- Read torque: -0.111000
2024-11-05 15:59:59,824-INFO- Applying torque value: 0.205500
2024-11-05 16:00:01,039-INFO- Read torque: -0.157000
2024-11-05 16:00:02,161-INFO- Applying torque value: 0.252750
2024-11-05 16:00:03,385-INFO- Read torque: -0.216000
2024-11-05 16:00:04,404-INFO- Applying torque value: 0.300000
2024-11-05 16:00:05,406-INFO- Read torque: -0.245000
2024-11-05 16:00:06,504-INFO- Final torque reached: -0.285000
2024-11-05 16:00:06,504-INFO- Starting the measures
2024-11-05 16:00:09,505-INFO- Applying torque value: 0.300000
2024-11-05 16:00:09,506-INFO- Elapsed Time [Secs]: 0.000011
2024-11-05 16:00:09,506-INFO- Measured Temperature [C]: 35.137341
2024-11-05 16:00:09,512-INFO- Estimated ClassA Temperature [C]: 28.876160
2024-11-05 16:00:17,516-INFO- Applying torque value: 0.299000
2024-11-05 16:00:17,516-INFO- Elapsed Time [Secs]: 8.011270
2024-11-05 16:00:17,516-INFO- Measured Temperature [C]: 36.432751
2024-11-05 16:00:17,520-INFO- Estimated ClassA Temperature [C]: 29.962860
2024-11-05 16:00:25,531-INFO- Applying torque value: 0.298000
2024-11-05 16:00:25,531-INFO- Elapsed Time [Secs]: 16.025817
2024-11-05 16:00:25,532-INFO- Measured Temperature [C]: 37.825101
2024-11-05 16:00:25,538-INFO- Estimated ClassA Temperature [C]: 30.803894
2024-11-05 16:00:33,547-INFO- Applying torque value: 0.297000
2024-11-05 16:00:33,547-INFO- Elapsed Time [Secs]: 24.041758
2024-11-05 16:00:33,548-INFO- Measured Temperature [C]: 39.249929
2024-11-05 16:00:33,553-INFO- Estimated ClassA Temperature [C]: 31.618073
2024-11-05 16:00:41,563-INFO- Applying torque value: 0.296000
2024-11-05 16:00:41,563-INFO- Elapsed Time [Secs]: 32.056745
2024-11-05 16:00:41,777-INFO- Measured Temperature [C]: 40.497457
2024-11-05 16:00:41,847-INFO- Estimated ClassA Temperature [C]: 32.481689
2024-11-05 16:00:51,666-INFO- Write request detected
2024-11-05 16:00:51,666-INFO- Symbol to write: BD_Target_Speed
2024-11-05 16:00:52,302-INFO- Write request detected
2024-11-05 16:00:52,302-INFO- Symbol to write: BD_Target_Accel
2024-11-05 16:00:55,413-INFO- Write request detected
2024-11-05 16:00:55,413-INFO- Symbol to write: BD_Update_Cmd
2024-11-05 16:00:57,191-INFO- Current speed: 11447.712367
2024-11-05 16:00:57,191-INFO- Speed error: 11447.712367
2024-11-05 16:00:59,249-INFO- Current speed: 10323.644056
2024-11-05 16:00:59,249-INFO- Speed error: 10323.644056
2024-11-05 16:01:01,262-INFO- Current speed: 9510.189582
2024-11-05 16:01:01,262-INFO- Speed error: 9510.189582
2024-11-05 16:01:03,276-INFO- Current speed: 8666.127116
2024-11-05 16:01:03,276-INFO- Speed error: 8666.127116
2024-11-05 16:01:05,295-INFO- Current speed: 7821.517945
2024-11-05 16:01:05,295-INFO- Speed error: 7821.517945
2024-11-05 16:01:07,314-INFO- Current speed: 6707.849882
2024-11-05 16:01:07,314-INFO- Speed error: 6707.849882
2024-11-05 16:01:09,325-INFO- Current speed: 5865.948598
2024-11-05 16:01:09,325-INFO- Speed error: 5865.948598
2024-11-05 16:01:11,332-INFO- Current speed: 5071.532100
2024-11-05 16:01:11,332-INFO- Speed error: 5071.532100
2024-11-05 16:01:13,415-INFO- Current speed: 4047.151184
2024-11-05 16:01:13,416-INFO- Speed error: 4047.151184
2024-11-05 16:01:15,422-INFO- Current speed: 3342.455760
2024-11-05 16:01:15,422-INFO- Speed error: 3342.455760
2024-11-05 16:01:17,430-INFO- Current speed: 2645.850194
2024-11-05 16:01:17,430-INFO- Speed error: 2645.850194
2024-11-05 16:01:19,448-INFO- Current speed: 1888.594151
2024-11-05 16:01:19,448-INFO- Speed error: 1888.594151
2024-11-05 16:01:21,457-INFO- Current speed: 330.664502
2024-11-05 16:01:21,458-INFO- Speed error: 330.664502
2024-11-05 16:01:23,478-INFO- Current speed: 0.000000
2024-11-05 16:01:23,479-INFO- Speed error: 0.000000
2024-11-05 16:01:25,486-INFO- Stop Acquisition
2024-11-05 16:01:25,742-INFO- Termination Request
2024-11-05 16:01:26,386-INFO- Termination Request
2024-11-05 16:01:26,393-INFO- Calculated offset for syncing: 3.728171
2024-11-05 16:01:28,531-INFO- Extracting acquisition with marker value: 1
2024-11-05 16:01:28,533-WARNING- Sub-acquisition too short!
2024-11-05 16:01:28,535-INFO- Extracting acquisition with marker value: 2
2024-11-05 16:01:28,537-WARNING- Sub-acquisition too short!
2024-11-05 16:01:28,538-INFO- Extracting acquisition with marker value: 3
2024-11-05 16:01:28,540-WARNING- Sub-acquisition too short!
2024-11-05 16:01:28,542-INFO- Extracting acquisition with marker value: 4
2024-11-05 16:01:28,544-WARNING- Sub-acquisition too short!
2024-11-05 16:01:28,545-INFO- Extracting acquisition with marker value: 5
2024-11-05 16:01:28,547-WARNING- Sub-acquisition too short!
2024-11-05 16:01:28,549-INFO- STARTING STEP N.4/4
2024-11-05 16:01:28,549-INFO- TORQUE MIN: 0.296
2024-11-05 16:01:28,549-INFO- TORQUE MAX: 0.3
2024-11-05 16:01:28,549-INFO- TORQUE STEP: 0.001
2024-11-05 16:01:28,549-INFO- File name for the acquisition: ./out/PyVisaAcquisition_20241105_160128.visaacq
2024-11-05 16:01:29,557-INFO- File name for the acquisition: ./out/MasterCommanderAcquisition_20241105_160129.mcacq
2024-11-05 16:01:35,683-INFO- Write request detected
2024-11-05 16:01:35,684-INFO- Symbol to write: BD_Target_Speed
2024-11-05 16:01:36,919-INFO- Write request detected
2024-11-05 16:01:36,919-INFO- Symbol to write: BD_Target_Accel
2024-11-05 16:01:40,010-INFO- Write request detected
2024-11-05 16:01:40,010-INFO- Symbol to write: BD_Update_Cmd
2024-11-05 16:01:41,879-INFO- Write request detected
2024-11-05 16:01:41,879-INFO- Symbol to write: My_Measured_Temp
2024-11-05 16:01:43,135-INFO- Write request detected
2024-11-05 16:01:43,135-INFO- Symbol to write: My_Measured_Temp
2024-11-05 16:01:45,863-INFO- Target speed: 18000.000000
2024-11-05 16:01:46,268-INFO- Write request detected
2024-11-05 16:01:46,268-INFO- Symbol to write: BD_Target_Speed
2024-11-05 16:01:46,892-INFO- Write request detected
2024-11-05 16:01:46,892-INFO- Symbol to write: BD_Target_Accel
2024-11-05 16:01:50,011-INFO- Write request detected
2024-11-05 16:01:50,012-INFO- Symbol to write: BD_Update_Cmd
2024-11-05 16:01:50,121-WARNING- Read request error: Request error:  Checksum error
2024-11-05 16:01:50,121-WARNING- Discarding the packet
2024-11-05 16:01:51,975-INFO- Current speed: 0.089847
2024-11-05 16:01:51,975-INFO- Speed error: 17999.910153
2024-11-05 16:01:53,994-INFO- Current speed: 503.445703
2024-11-05 16:01:53,994-INFO- Speed error: 17496.554297
2024-11-05 16:01:56,005-INFO- Current speed: 1343.590517
2024-11-05 16:01:56,005-INFO- Speed error: 16656.409483
2024-11-05 16:01:58,022-INFO- Current speed: 2177.321365
2024-11-05 16:01:58,022-INFO- Speed error: 15822.678635
2024-11-05 16:02:00,031-INFO- Current speed: 3284.307864
2024-11-05 16:02:00,031-INFO- Speed error: 14715.692136
2024-11-05 16:02:02,048-INFO- Current speed: 3844.802440
2024-11-05 16:02:02,048-INFO- Speed error: 14155.197560
2024-11-05 16:02:04,064-INFO- Current speed: 4903.093443
2024-11-05 16:02:04,064-INFO- Speed error: 13096.906557
2024-11-05 16:02:06,103-INFO- Current speed: 6031.222419
2024-11-05 16:02:06,104-INFO- Speed error: 11968.777581
2024-11-05 16:02:08,111-INFO- Current speed: 6871.125718
2024-11-05 16:02:08,111-INFO- Speed error: 11128.874282
2024-11-05 16:02:10,130-INFO- Current speed: 7714.058050
2024-11-05 16:02:10,130-INFO- Speed error: 10285.941950
2024-11-05 16:02:12,138-INFO- Current speed: 8556.031607
2024-11-05 16:02:12,138-INFO- Speed error: 9443.968393
2024-11-05 16:02:14,166-INFO- Current speed: 9664.946587
2024-11-05 16:02:14,167-INFO- Speed error: 8335.053413
2024-11-05 16:02:16,174-INFO- Current speed: 10507.368932
2024-11-05 16:02:16,174-INFO- Speed error: 7492.631068
2024-11-05 16:02:18,191-INFO- Current speed: 11332.232555
2024-11-05 16:02:18,192-INFO- Speed error: 6667.767445
2024-11-05 16:02:20,202-INFO- Current speed: 12149.624134
2024-11-05 16:02:20,202-INFO- Speed error: 5850.375866
2024-11-05 16:02:22,209-INFO- Current speed: 13257.147868
2024-11-05 16:02:22,209-INFO- Speed error: 4742.852132
2024-11-05 16:02:24,220-INFO- Current speed: 14090.719162
2024-11-05 16:02:24,220-INFO- Speed error: 3909.280838
2024-11-05 16:02:26,236-INFO- Current speed: 14918.139134
2024-11-05 16:02:26,236-INFO- Speed error: 3081.860866
2024-11-05 16:02:28,247-INFO- Current speed: 15755.159692
2024-11-05 16:02:28,247-INFO- Speed error: 2244.840308
2024-11-05 16:02:30,263-INFO- Current speed: 16872.149960
2024-11-05 16:02:30,263-INFO- Speed error: 1127.850040
2024-11-05 16:02:32,268-INFO- Current speed: 17713.779639
2024-11-05 16:02:32,268-INFO- Speed error: 286.220361
2024-11-05 16:02:34,280-INFO- Applying torque value: 0.192000
2024-11-05 16:02:35,289-INFO- Read torque: -0.192000
2024-11-05 16:02:36,297-INFO- Applying torque value: 0.219000
2024-11-05 16:02:37,498-INFO- Read torque: -0.200000
2024-11-05 16:02:38,607-INFO- Applying torque value: 0.246000
2024-11-05 16:02:39,841-INFO- Read torque: -0.219000
2024-11-05 16:02:40,853-INFO- Applying torque value: 0.273000
2024-11-05 16:02:41,866-INFO- Read torque: -0.232000
2024-11-05 16:02:42,958-INFO- Applying torque value: 0.300000
2024-11-05 16:02:43,969-INFO- Read torque: -0.268000
2024-11-05 16:02:44,983-INFO- Final torque reached: -0.282000
2024-11-05 16:02:44,983-INFO- Starting the measures
2024-11-05 16:02:47,989-INFO- Applying torque value: 0.300000
2024-11-05 16:02:47,989-INFO- Elapsed Time [Secs]: 0.000015
2024-11-05 16:02:48,004-INFO- Measured Temperature [C]: 45.921025
2024-11-05 16:02:48,010-INFO- Estimated ClassA Temperature [C]: 47.360809
2024-11-05 16:02:56,023-INFO- Applying torque value: 0.299000
2024-11-05 16:02:56,023-INFO- Elapsed Time [Secs]: 8.034038
2024-11-05 16:02:56,023-INFO- Measured Temperature [C]: 47.979249
2024-11-05 16:02:56,030-INFO- Estimated ClassA Temperature [C]: 49.653137
2024-11-05 16:03:04,034-INFO- Applying torque value: 0.298000
2024-11-05 16:03:04,034-INFO- Elapsed Time [Secs]: 16.044635
2024-11-05 16:03:04,035-INFO- Measured Temperature [C]: 50.301630
2024-11-05 16:03:04,039-INFO- Estimated ClassA Temperature [C]: 51.348999
2024-11-05 16:03:12,045-INFO- Applying torque value: 0.297000
2024-11-05 16:03:12,046-INFO- Elapsed Time [Secs]: 24.055658
2024-11-05 16:03:12,124-INFO- Measured Temperature [C]: 52.494265
2024-11-05 16:03:12,188-INFO- Estimated ClassA Temperature [C]: 53.031342
2024-11-05 16:03:20,201-INFO- Applying torque value: 0.296000
2024-11-05 16:03:20,201-INFO- Elapsed Time [Secs]: 32.211978
2024-11-05 16:03:20,202-INFO- Measured Temperature [C]: 54.306107
2024-11-05 16:03:20,266-INFO- Estimated ClassA Temperature [C]: 54.565460
2024-11-05 16:03:30,055-INFO- Write request detected
2024-11-05 16:03:30,055-INFO- Symbol to write: BD_Target_Speed
2024-11-05 16:03:30,689-INFO- Write request detected
2024-11-05 16:03:30,689-INFO- Symbol to write: BD_Target_Accel
2024-11-05 16:03:33,810-INFO- Write request detected
2024-11-05 16:03:33,810-INFO- Symbol to write: BD_Update_Cmd
2024-11-05 16:03:35,636-INFO- Current speed: 17446.393506
2024-11-05 16:03:35,636-INFO- Speed error: 17446.393506
2024-11-05 16:03:37,650-INFO- Current speed: 16383.881556
2024-11-05 16:03:37,651-INFO- Speed error: 16383.881556
2024-11-05 16:03:39,664-INFO- Current speed: 15547.630350
2024-11-05 16:03:39,664-INFO- Speed error: 15547.630350
2024-11-05 16:03:41,675-INFO- Current speed: 14715.199096
2024-11-05 16:03:41,675-INFO- Speed error: 14715.199096
2024-11-05 16:03:43,756-INFO- Current speed: 13600.543697
2024-11-05 16:03:43,756-INFO- Speed error: 13600.543697
2024-11-05 16:03:45,773-INFO- Current speed: 12766.599383
2024-11-05 16:03:45,774-INFO- Speed error: 12766.599383
2024-11-05 16:03:47,785-INFO- Current speed: 11939.499975
2024-11-05 16:03:47,785-INFO- Speed error: 11939.499975
2024-11-05 16:03:49,805-INFO- Current speed: 11101.984001
2024-11-05 16:03:49,805-INFO- Speed error: 11101.984001
2024-11-05 16:03:51,819-INFO- Current speed: 9999.015766
2024-11-05 16:03:51,819-INFO- Speed error: 9999.015766
2024-11-05 16:03:53,831-INFO- Current speed: 9153.725251
2024-11-05 16:03:53,831-INFO- Speed error: 9153.725251
2024-11-05 16:03:55,839-INFO- Current speed: 8320.458200
2024-11-05 16:03:55,840-INFO- Speed error: 8320.458200
2024-11-05 16:03:57,847-INFO- Current speed: 7480.936081
2024-11-05 16:03:57,847-INFO- Speed error: 7480.936081
2024-11-05 16:03:59,868-INFO- Current speed: 6356.958111
2024-11-05 16:03:59,868-INFO- Speed error: 6356.958111
2024-11-05 16:04:01,890-INFO- Current speed: 5528.206344
2024-11-05 16:04:01,890-INFO- Speed error: 5528.206344
2024-11-05 16:04:03,896-INFO- Current speed: 4772.884902
2024-11-05 16:04:03,897-INFO- Speed error: 4772.884902
2024-11-05 16:04:05,910-INFO- Current speed: 4074.704786
2024-11-05 16:04:05,910-INFO- Speed error: 4074.704786
2024-11-05 16:04:07,928-INFO- Current speed: 3414.965194
2024-11-05 16:04:07,928-INFO- Speed error: 3414.965194
2024-11-05 16:04:09,943-INFO- Current speed: 2605.184377
2024-11-05 16:04:09,943-INFO- Speed error: 2605.184377
2024-11-05 16:04:11,953-INFO- Current speed: 1951.985593
2024-11-05 16:04:11,953-INFO- Speed error: 1951.985593
2024-11-05 16:04:14,017-INFO- Current speed: 0.000000
2024-11-05 16:04:14,018-INFO- Speed error: 0.000000
2024-11-05 16:04:16,029-INFO- Stop Acquisition
2024-11-05 16:04:16,264-INFO- Termination Request
2024-11-05 16:04:16,509-INFO- Termination Request
2024-11-05 16:04:16,521-INFO- Calculated offset for syncing: 3.533120
2024-11-05 16:04:18,676-INFO- Extracting acquisition with marker value: 1
2024-11-05 16:04:18,679-WARNING- Sub-acquisition too short!
2024-11-05 16:04:18,681-INFO- Extracting acquisition with marker value: 2
2024-11-05 16:04:18,684-WARNING- Sub-acquisition too short!
2024-11-05 16:04:18,686-INFO- Extracting acquisition with marker value: 3
2024-11-05 16:04:18,688-WARNING- Sub-acquisition too short!
2024-11-05 16:04:18,690-INFO- Extracting acquisition with marker value: 4
2024-11-05 16:04:18,692-WARNING- Sub-acquisition too short!
2024-11-05 16:04:18,694-INFO- Extracting acquisition with marker value: 5
2024-11-05 16:04:18,695-WARNING- Sub-acquisition too short!
