2024-11-07 15:02:43,868-INFO- RUNNING THE TEST
2024-11-07 15:02:50,877-INFO- File name for the acquisition: ./out/PyVisaAcquisition_20241107_150250.visaacq
2024-11-07 15:02:51,887-INFO- File name for the acquisition: ./out/MasterCommanderAcquisition_20241107_150251.mcacq
2024-11-07 15:02:53,142-WARNING- DSP6000 Get Data error: VI_ERROR_TMO (-1073807339): Timeout expired before operation completed. with timeout = 1000
2024-11-07 15:02:53,143-WARNING- PyVISA request error: VI_ERROR_TMO (-1073807339): Timeout expired before operation completed.
2024-11-07 15:02:53,657-INFO- Set torque request detected
2024-11-07 15:02:53,663-INFO- Value to set: 0
2024-11-07 15:02:57,902-INFO- Applying demagnetization algorithm
2024-11-07 15:02:57,963-INFO- Write request detected
2024-11-07 15:02:57,963-INFO- Symbol to write: BD_Target_Speed
2024-11-07 15:02:59,223-INFO- Write request detected
2024-11-07 15:02:59,223-INFO- Symbol to write: BD_Target_Accel
2024-11-07 15:03:02,341-INFO- Write request detected
2024-11-07 15:03:02,341-INFO- Symbol to write: BD_Update_Cmd
2024-11-07 15:03:02,823-WARNING- Read request error: Request error:  Too much empty characters received!
2024-11-07 15:03:02,823-WARNING- Discarding the packet
2024-11-07 15:03:03,400-WARNING- Read request error: Request error:  Checksum error
2024-11-07 15:03:03,400-WARNING- Discarding the packet
2024-11-07 15:03:04,027-INFO- Current speed: 582.999011
2024-11-07 15:03:04,027-INFO- Speed error: 417.000989
2024-11-07 15:03:06,041-INFO- Current speed: 1001.296771
2024-11-07 15:03:06,042-INFO- Speed error: 1.296771
2024-11-07 15:03:10,291-INFO- Set torque request detected
2024-11-07 15:03:10,291-INFO- Value to set: 0.5
2024-11-07 15:03:15,561-INFO- Set torque request detected
2024-11-07 15:03:15,561-INFO- Value to set: 0
2024-11-07 15:03:15,688-INFO- Write request detected
2024-11-07 15:03:15,688-INFO- Symbol to write: BD_Target_Speed
2024-11-07 15:03:16,327-INFO- Write request detected
2024-11-07 15:03:16,327-INFO- Symbol to write: BD_Target_Accel
2024-11-07 15:03:19,435-INFO- Write request detected
2024-11-07 15:03:19,435-INFO- Symbol to write: BD_Update_Cmd
2024-11-07 15:03:21,250-INFO- Current speed: 435.197105
2024-11-07 15:03:21,250-INFO- Speed error: 435.197105
2024-11-07 15:03:23,272-INFO- Current speed: 0.000000
2024-11-07 15:03:23,273-INFO- Speed error: 0.000000
2024-11-07 15:03:25,033-WARNING- DSP6000 Get Data error: VI_ERROR_TMO (-1073807339): Timeout expired before operation completed. with timeout = 1000
2024-11-07 15:03:25,033-WARNING- PyVISA request error: VI_ERROR_TMO (-1073807339): Timeout expired before operation completed.
2024-11-07 15:03:26,281-INFO- STARTING STEP N.0/9
2024-11-07 15:03:26,281-INFO- TORQUE MIN: 0.23
2024-11-07 15:03:26,282-INFO- TORQUE MAX: 0.234
2024-11-07 15:03:26,282-INFO- TORQUE STEP: 0.001
2024-11-07 15:03:26,782-INFO- Write request detected
2024-11-07 15:03:26,782-INFO- Symbol to write: BD_Target_Speed
2024-11-07 15:03:27,420-INFO- Write request detected
2024-11-07 15:03:27,420-INFO- Symbol to write: BD_Target_Accel
2024-11-07 15:03:30,498-INFO- Write request detected
2024-11-07 15:03:30,498-INFO- Symbol to write: BD_Update_Cmd
2024-11-07 15:03:32,371-INFO- Write request detected
2024-11-07 15:03:32,371-INFO- Symbol to write: My_Measured_Temp
2024-11-07 15:03:32,698-INFO- Set torque request detected
2024-11-07 15:03:32,699-INFO- Value to set: 0
2024-11-07 15:03:35,355-INFO- Target speed: 595.000000
2024-11-07 15:03:35,497-INFO- Write request detected
2024-11-07 15:03:35,497-INFO- Symbol to write: BD_Target_Speed
2024-11-07 15:03:36,747-INFO- Write request detected
2024-11-07 15:03:36,747-INFO- Symbol to write: BD_Target_Accel
2024-11-07 15:03:39,836-INFO- Write request detected
2024-11-07 15:03:39,836-INFO- Symbol to write: BD_Update_Cmd
2024-11-07 15:03:41,292-WARNING- DSP6000 Get Data error: VI_ERROR_TMO (-1073807339): Timeout expired before operation completed. with timeout = 1000
2024-11-07 15:03:41,292-WARNING- PyVISA request error: VI_ERROR_TMO (-1073807339): Timeout expired before operation completed.
2024-11-07 15:03:41,415-INFO- Current speed: 500.477212
2024-11-07 15:03:41,415-INFO- Speed error: 94.522788
2024-11-07 15:03:43,429-INFO- Current speed: 590.730093
2024-11-07 15:03:43,429-INFO- Speed error: 4.269907
2024-11-07 15:03:45,439-INFO- Applying torque value: 0.030000
2024-11-07 15:03:45,532-INFO- Set torque request detected
2024-11-07 15:03:45,532-INFO- Value to set: 0.03
2024-11-07 15:03:46,621-INFO- Read torque: -0.030000
2024-11-07 15:03:47,636-INFO- Applying torque value: 0.081000
2024-11-07 15:03:47,855-INFO- Set torque request detected
2024-11-07 15:03:47,855-INFO- Value to set: 0.081
2024-11-07 15:03:48,651-INFO- Read torque: -0.033000
2024-11-07 15:03:49,668-INFO- Applying torque value: 0.132000
2024-11-07 15:03:50,197-INFO- Set torque request detected
2024-11-07 15:03:50,198-INFO- Value to set: 0.132
2024-11-07 15:03:50,680-INFO- Read torque: -0.042000
2024-11-07 15:03:51,697-INFO- Applying torque value: 0.183000
2024-11-07 15:03:51,806-INFO- Set torque request detected
2024-11-07 15:03:51,806-INFO- Value to set: 0.18300000000000002
2024-11-07 15:03:52,879-INFO- Read torque: -0.098000
2024-11-07 15:03:52,913-WARNING- Read request error: Request error:  Checksum error
2024-11-07 15:03:52,913-WARNING- Discarding the packet
2024-11-07 15:03:53,915-INFO- Applying torque value: 0.234000
2024-11-07 15:03:54,118-INFO- Set torque request detected
2024-11-07 15:03:54,119-INFO- Value to set: 0.234
2024-11-07 15:03:54,928-INFO- Read torque: -0.158000
2024-11-07 15:03:55,956-INFO- Final torque reached: -0.215000
2024-11-07 15:03:55,956-INFO- Starting the measures
2024-11-07 15:03:58,363-WARNING- Read request error: Request error:  Checksum error
2024-11-07 15:03:58,363-WARNING- Discarding the packet
2024-11-07 15:03:58,963-INFO- Applying torque value: 0.234000
2024-11-07 15:03:58,964-INFO- Elapsed Time [Secs]: 0.000011
2024-11-07 15:03:58,964-INFO- Measured Temperature [C]: 25.460143
2024-11-07 15:03:58,985-INFO- Estimated ClassA Temperature [C]: 25.488443
2024-11-07 15:03:58,991-INFO- Estimated ClassB Temperature [C]: 40.512913
2024-11-07 15:03:59,493-INFO- Write request detected
2024-11-07 15:03:59,493-INFO- Symbol to write: My_Measured_Temp
2024-11-07 15:04:00,147-INFO- Set torque request detected
2024-11-07 15:04:00,147-INFO- Value to set: 0.234
2024-11-07 15:04:08,011-INFO- Applying torque value: 0.233000
2024-11-07 15:04:08,011-INFO- Elapsed Time [Secs]: 9.048097
2024-11-07 15:04:08,026-INFO- Measured Temperature [C]: 25.475580
2024-11-07 15:04:08,031-INFO- Estimated ClassA Temperature [C]: 25.460144
2024-11-07 15:04:08,037-INFO- Estimated ClassB Temperature [C]: 40.577381
2024-11-07 15:04:08,197-INFO- Write request detected
2024-11-07 15:04:08,197-INFO- Symbol to write: My_Measured_Temp
2024-11-07 15:04:09,303-INFO- Set torque request detected
2024-11-07 15:04:09,303-INFO- Value to set: 0.233
2024-11-07 15:04:13,837-WARNING- Read request error: Request error:  Checksum error
2024-11-07 15:04:13,837-WARNING- Discarding the packet
2024-11-07 15:04:17,060-INFO- Applying torque value: 0.232000
2024-11-07 15:04:17,061-INFO- Elapsed Time [Secs]: 18.097250
2024-11-07 15:04:17,061-INFO- Measured Temperature [C]: 25.534983
2024-11-07 15:04:17,067-INFO- Estimated ClassA Temperature [C]: 25.475580
2024-11-07 15:04:17,076-INFO- Estimated ClassB Temperature [C]: 40.635937
2024-11-07 15:04:17,437-INFO- Write request detected
2024-11-07 15:04:17,437-INFO- Symbol to write: My_Measured_Temp
2024-11-07 15:04:18,824-INFO- Set torque request detected
2024-11-07 15:04:18,824-INFO- Value to set: 0.232
2024-11-07 15:04:26,319-INFO- Applying torque value: 0.231000
2024-11-07 15:04:26,319-INFO- Elapsed Time [Secs]: 27.356129
2024-11-07 15:04:26,319-INFO- Measured Temperature [C]: 25.532644
2024-11-07 15:04:26,325-INFO- Estimated ClassA Temperature [C]: 25.534983
2024-11-07 15:04:26,331-INFO- Estimated ClassB Temperature [C]: 40.689163
2024-11-07 15:04:26,709-INFO- Write request detected
2024-11-07 15:04:26,709-INFO- Symbol to write: My_Measured_Temp
2024-11-07 15:04:27,828-INFO- Set torque request detected
2024-11-07 15:04:27,828-INFO- Value to set: 0.231
2024-11-07 15:04:35,347-INFO- Applying torque value: 0.230000
2024-11-07 15:04:35,347-INFO- Elapsed Time [Secs]: 36.383561
2024-11-07 15:04:35,549-INFO- Measured Temperature [C]: 25.589702
2024-11-07 15:04:35,553-INFO- Estimated ClassA Temperature [C]: 25.532644
2024-11-07 15:04:35,559-INFO- Estimated ClassB Temperature [C]: 40.742516
2024-11-07 15:04:35,894-INFO- Write request detected
2024-11-07 15:04:35,894-INFO- Symbol to write: My_Measured_Temp
2024-11-07 15:04:36,796-INFO- Set torque request detected
2024-11-07 15:04:36,796-INFO- Value to set: 0.23
2024-11-07 15:04:37,851-WARNING- Read request error: Request error:  Checksum error
2024-11-07 15:04:37,851-WARNING- Discarding the packet
2024-11-07 15:04:45,796-INFO- Set torque request detected
2024-11-07 15:04:45,796-INFO- Value to set: 0
2024-11-07 15:04:45,812-INFO- Write request detected
2024-11-07 15:04:45,812-INFO- Symbol to write: BD_Target_Speed
2024-11-07 15:04:47,076-INFO- Write request detected
2024-11-07 15:04:47,076-INFO- Symbol to write: BD_Target_Accel
2024-11-07 15:04:50,200-INFO- Write request detected
2024-11-07 15:04:50,200-INFO- Symbol to write: BD_Update_Cmd
2024-11-07 15:04:55,724-INFO- Stop Acquisition
2024-11-07 15:04:56,206-INFO- Termination Request
2024-11-07 15:04:56,528-INFO- Termination Request
2024-11-07 15:04:56,543-INFO- Calculated offset for syncing: -0.006892
2024-11-07 15:04:58,680-INFO- Extracting acquisition with marker value: 1
2024-11-07 15:04:58,683-WARNING- Sub-acquisition too short!
2024-11-07 15:04:58,684-INFO- Extracting acquisition with marker value: 2
2024-11-07 15:04:58,686-WARNING- Sub-acquisition too short!
2024-11-07 15:04:58,687-INFO- Extracting acquisition with marker value: 3
2024-11-07 15:04:58,689-WARNING- Sub-acquisition too short!
2024-11-07 15:04:58,691-INFO- Extracting acquisition with marker value: 4
2024-11-07 15:04:58,693-WARNING- Sub-acquisition too short!
2024-11-07 15:04:58,694-INFO- Extracting acquisition with marker value: 5
2024-11-07 15:04:58,696-WARNING- Sub-acquisition too short!
2024-11-07 15:04:58,698-INFO- STARTING STEP N.1/9
2024-11-07 15:04:58,698-INFO- TORQUE MIN: 0.23
2024-11-07 15:04:58,698-INFO- TORQUE MAX: 0.234
2024-11-07 15:04:58,698-INFO- TORQUE STEP: 0.001
2024-11-07 15:04:58,698-INFO- File name for the acquisition: ./out/PyVisaAcquisition_20241107_150458.visaacq
2024-11-07 15:04:59,709-INFO- File name for the acquisition: ./out/MasterCommanderAcquisition_20241107_150459.mcacq
2024-11-07 15:05:05,835-INFO- Write request detected
2024-11-07 15:05:05,835-INFO- Symbol to write: BD_Target_Speed
2024-11-07 15:05:07,098-INFO- Write request detected
2024-11-07 15:05:07,098-INFO- Symbol to write: BD_Target_Accel
2024-11-07 15:05:10,221-INFO- Write request detected
2024-11-07 15:05:10,221-INFO- Symbol to write: BD_Update_Cmd
2024-11-07 15:05:12,062-INFO- Write request detected
2024-11-07 15:05:12,062-INFO- Symbol to write: My_Measured_Temp
2024-11-07 15:05:12,501-INFO- Set torque request detected
2024-11-07 15:05:12,501-INFO- Value to set: 0
2024-11-07 15:05:15,003-INFO- Target speed: 2000.000000
2024-11-07 15:05:15,190-INFO- Write request detected
2024-11-07 15:05:15,190-INFO- Symbol to write: BD_Target_Speed
2024-11-07 15:05:16,453-INFO- Write request detected
2024-11-07 15:05:16,453-INFO- Symbol to write: BD_Target_Accel
2024-11-07 15:05:19,576-INFO- Write request detected
2024-11-07 15:05:19,576-INFO- Symbol to write: BD_Update_Cmd
2024-11-07 15:05:21,100-INFO- Current speed: 510.307803
2024-11-07 15:05:21,100-INFO- Speed error: 1489.692197
2024-11-07 15:05:23,115-INFO- Current speed: 1439.271304
2024-11-07 15:05:23,115-INFO- Speed error: 560.728696
2024-11-07 15:05:25,128-INFO- Current speed: 2003.636831
2024-11-07 15:05:25,129-INFO- Speed error: 3.636831
2024-11-07 15:05:27,143-INFO- Applying torque value: 0.041000
2024-11-07 15:05:27,529-INFO- Set torque request detected
2024-11-07 15:05:27,529-INFO- Value to set: 0.041
2024-11-07 15:05:28,152-INFO- Read torque: -0.039000
2024-11-07 15:05:29,171-INFO- Applying torque value: 0.089250
2024-11-07 15:05:29,855-INFO- Set torque request detected
2024-11-07 15:05:29,855-INFO- Value to set: 0.08925
2024-11-07 15:05:30,223-INFO- Read torque: -0.038000
2024-11-07 15:05:31,261-INFO- Applying torque value: 0.137500
2024-11-07 15:05:31,463-INFO- Set torque request detected
2024-11-07 15:05:31,464-INFO- Value to set: 0.1375
2024-11-07 15:05:32,272-INFO- Read torque: -0.049000
2024-11-07 15:05:33,291-INFO- Applying torque value: 0.185750
2024-11-07 15:05:33,792-INFO- Set torque request detected
2024-11-07 15:05:33,792-INFO- Value to set: 0.18575
2024-11-07 15:05:34,294-INFO- Read torque: -0.100000
2024-11-07 15:05:35,299-INFO- Applying torque value: 0.234000
2024-11-07 15:05:35,377-INFO- Set torque request detected
2024-11-07 15:05:35,377-INFO- Value to set: 0.234
2024-11-07 15:05:36,452-INFO- Read torque: -0.183000
2024-11-07 15:05:37,464-INFO- Final torque reached: -0.183000
2024-11-07 15:05:37,466-INFO- Starting the measures
2024-11-07 15:05:40,701-INFO- Applying torque value: 0.234000
2024-11-07 15:05:40,701-INFO- Elapsed Time [Secs]: 0.000011
2024-11-07 15:05:40,701-INFO- Measured Temperature [C]: 25.581752
2024-11-07 15:05:40,705-INFO- Estimated ClassA Temperature [C]: 25.625944
2024-11-07 15:05:40,711-INFO- Estimated ClassB Temperature [C]: 40.953232
2024-11-07 15:05:41,183-INFO- Write request detected
2024-11-07 15:05:41,183-INFO- Symbol to write: My_Measured_Temp
2024-11-07 15:05:41,898-INFO- Set torque request detected
2024-11-07 15:05:41,898-INFO- Value to set: 0.234
2024-11-07 15:05:49,725-INFO- Applying torque value: 0.233000
2024-11-07 15:05:49,725-INFO- Elapsed Time [Secs]: 9.024091
2024-11-07 15:05:49,787-INFO- Measured Temperature [C]: 25.635764
2024-11-07 15:05:49,794-INFO- Estimated ClassA Temperature [C]: 25.581751
2024-11-07 15:05:49,802-INFO- Estimated ClassB Temperature [C]: 41.095482
2024-11-07 15:05:49,849-INFO- Write request detected
2024-11-07 15:05:49,849-INFO- Symbol to write: My_Measured_Temp
2024-11-07 15:05:51,044-INFO- Set torque request detected
2024-11-07 15:05:51,044-INFO- Value to set: 0.233
2024-11-07 15:05:58,825-INFO- Applying torque value: 0.232000
2024-11-07 15:05:58,825-INFO- Elapsed Time [Secs]: 18.124811
2024-11-07 15:05:58,826-INFO- Measured Temperature [C]: 25.669665
2024-11-07 15:05:58,831-INFO- Estimated ClassA Temperature [C]: 25.635763
2024-11-07 15:05:58,836-INFO- Estimated ClassB Temperature [C]: 41.257835
2024-11-07 15:05:59,109-INFO- Write request detected
2024-11-07 15:05:59,109-INFO- Symbol to write: My_Measured_Temp
2024-11-07 15:06:00,031-INFO- Set torque request detected
2024-11-07 15:06:00,031-INFO- Value to set: 0.232
2024-11-07 15:06:07,854-INFO- Applying torque value: 0.231000
2024-11-07 15:06:07,854-INFO- Elapsed Time [Secs]: 27.153757
2024-11-07 15:06:07,854-INFO- Measured Temperature [C]: 25.707537
2024-11-07 15:06:07,859-INFO- Estimated ClassA Temperature [C]: 25.669664
2024-11-07 15:06:07,865-INFO- Estimated ClassB Temperature [C]: 41.390377
2024-11-07 15:06:08,337-INFO- Write request detected
2024-11-07 15:06:08,337-INFO- Symbol to write: My_Measured_Temp
2024-11-07 15:06:09,037-INFO- Set torque request detected
2024-11-07 15:06:09,037-INFO- Value to set: 0.231
2024-11-07 15:06:16,897-INFO- Applying torque value: 0.230000
2024-11-07 15:06:16,897-INFO- Elapsed Time [Secs]: 36.196567
2024-11-07 15:06:16,897-INFO- Measured Temperature [C]: 25.758262
2024-11-07 15:06:16,901-INFO- Estimated ClassA Temperature [C]: 25.707537
2024-11-07 15:06:16,908-INFO- Estimated ClassB Temperature [C]: 41.511066
2024-11-07 15:06:17,052-INFO- Write request detected
2024-11-07 15:06:17,052-INFO- Symbol to write: My_Measured_Temp
2024-11-07 15:06:18,518-INFO- Set torque request detected
2024-11-07 15:06:18,518-INFO- Value to set: 0.23
2024-11-07 15:06:27,520-INFO- Set torque request detected
2024-11-07 15:06:27,520-INFO- Value to set: 0
2024-11-07 15:06:27,565-INFO- Write request detected
2024-11-07 15:06:27,565-INFO- Symbol to write: BD_Target_Speed
2024-11-07 15:06:28,828-INFO- Write request detected
2024-11-07 15:06:28,828-INFO- Symbol to write: BD_Target_Accel
2024-11-07 15:06:31,917-INFO- Write request detected
2024-11-07 15:06:31,917-INFO- Symbol to write: BD_Update_Cmd
2024-11-07 15:06:33,445-INFO- Current speed: 1377.875809
2024-11-07 15:06:33,445-INFO- Speed error: 1377.875809
2024-11-07 15:06:35,451-INFO- Current speed: 500.760765
2024-11-07 15:06:35,452-INFO- Speed error: 500.760765
2024-11-07 15:06:37,530-INFO- Current speed: 0.000000
2024-11-07 15:06:37,530-INFO- Speed error: 0.000000
2024-11-07 15:06:39,544-INFO- Stop Acquisition
2024-11-07 15:06:39,767-INFO- Termination Request
2024-11-07 15:06:40,030-INFO- Termination Request
2024-11-07 15:06:40,037-INFO- Calculated offset for syncing: 1.044687
2024-11-07 15:06:42,165-INFO- Extracting acquisition with marker value: 1
2024-11-07 15:06:42,167-WARNING- Sub-acquisition too short!
2024-11-07 15:06:42,169-INFO- Extracting acquisition with marker value: 2
2024-11-07 15:06:42,171-WARNING- Sub-acquisition too short!
2024-11-07 15:06:42,172-INFO- Extracting acquisition with marker value: 3
2024-11-07 15:06:42,174-WARNING- Sub-acquisition too short!
2024-11-07 15:06:42,175-INFO- Extracting acquisition with marker value: 4
2024-11-07 15:06:42,177-WARNING- Sub-acquisition too short!
2024-11-07 15:06:42,179-INFO- Extracting acquisition with marker value: 5
2024-11-07 15:06:42,181-WARNING- Sub-acquisition too short!
2024-11-07 15:06:42,182-INFO- STARTING STEP N.2/9
2024-11-07 15:06:42,182-INFO- TORQUE MIN: 0.23
2024-11-07 15:06:42,183-INFO- TORQUE MAX: 0.234
2024-11-07 15:06:42,183-INFO- TORQUE STEP: 0.001
2024-11-07 15:06:42,183-INFO- File name for the acquisition: ./out/PyVisaAcquisition_20241107_150642.visaacq
2024-11-07 15:06:43,197-INFO- File name for the acquisition: ./out/MasterCommanderAcquisition_20241107_150643.mcacq
2024-11-07 15:06:49,291-INFO- Write request detected
2024-11-07 15:06:49,292-INFO- Symbol to write: BD_Target_Speed
2024-11-07 15:06:50,558-INFO- Write request detected
2024-11-07 15:06:50,558-INFO- Symbol to write: BD_Target_Accel
2024-11-07 15:06:53,678-INFO- Write request detected
2024-11-07 15:06:53,678-INFO- Symbol to write: BD_Update_Cmd
2024-11-07 15:06:55,561-INFO- Write request detected
2024-11-07 15:06:55,561-INFO- Symbol to write: My_Measured_Temp
2024-11-07 15:06:56,015-INFO- Set torque request detected
2024-11-07 15:06:56,015-INFO- Value to set: 0
2024-11-07 15:06:58,519-INFO- Target speed: 4000.000000
2024-11-07 15:06:58,660-INFO- Write request detected
2024-11-07 15:06:58,660-INFO- Symbol to write: BD_Target_Speed
2024-11-07 15:06:59,905-INFO- Write request detected
2024-11-07 15:06:59,905-INFO- Symbol to write: BD_Target_Accel
2024-11-07 15:07:03,031-INFO- Write request detected
2024-11-07 15:07:03,031-INFO- Symbol to write: BD_Update_Cmd
2024-11-07 15:07:03,111-WARNING- Read request error: Request error:  Checksum error
2024-11-07 15:07:03,112-WARNING- Discarding the packet
2024-11-07 15:07:04,588-INFO- Current speed: 418.477531
2024-11-07 15:07:04,589-INFO- Speed error: 3581.522469
2024-11-07 15:07:06,595-INFO- Current speed: 1341.028195
2024-11-07 15:07:06,595-INFO- Speed error: 2658.971805
2024-11-07 15:07:08,688-INFO- Current speed: 2586.414799
2024-11-07 15:07:08,689-INFO- Speed error: 1413.585201
2024-11-07 15:07:10,694-INFO- Current speed: 3515.526852
2024-11-07 15:07:10,694-INFO- Speed error: 484.473148
2024-11-07 15:07:12,705-INFO- Current speed: 4021.518340
2024-11-07 15:07:12,705-INFO- Speed error: 21.518340
2024-11-07 15:07:14,718-INFO- Applying torque value: 0.052000
2024-11-07 15:07:14,781-INFO- Set torque request detected
2024-11-07 15:07:14,781-INFO- Value to set: 0.052
2024-11-07 15:07:15,855-INFO- Read torque: -0.052000
2024-11-07 15:07:16,870-INFO- Applying torque value: 0.097500
2024-11-07 15:07:17,101-INFO- Set torque request detected
2024-11-07 15:07:17,101-INFO- Value to set: 0.0975
2024-11-07 15:07:17,870-INFO- Read torque: -0.052000
2024-11-07 15:07:18,914-INFO- Applying torque value: 0.143000
2024-11-07 15:07:19,442-INFO- Set torque request detected
2024-11-07 15:07:19,442-INFO- Value to set: 0.14300000000000002
2024-11-07 15:07:19,922-INFO- Read torque: -0.061000
2024-11-07 15:07:20,935-INFO- Applying torque value: 0.188500
2024-11-07 15:07:21,543-INFO- Set torque request detected
2024-11-07 15:07:21,543-INFO- Value to set: 0.1885
2024-11-07 15:07:21,938-INFO- Read torque: -0.111000
2024-11-07 15:07:22,953-INFO- Applying torque value: 0.234000
2024-11-07 15:07:23,140-INFO- Set torque request detected
2024-11-07 15:07:23,140-INFO- Value to set: 0.234
2024-11-07 15:07:23,966-INFO- Read torque: -0.162000
2024-11-07 15:07:25,058-INFO- Final torque reached: -0.216000
2024-11-07 15:07:25,059-INFO- Starting the measures
2024-11-07 15:07:28,060-INFO- Applying torque value: 0.234000
2024-11-07 15:07:28,060-INFO- Elapsed Time [Secs]: 0.000009
2024-11-07 15:07:28,060-INFO- Measured Temperature [C]: 26.083992
2024-11-07 15:07:28,065-INFO- Estimated ClassA Temperature [C]: 26.026527
2024-11-07 15:07:28,071-INFO- Estimated ClassB Temperature [C]: 42.161335
2024-11-07 15:07:28,265-INFO- Write request detected
2024-11-07 15:07:28,265-INFO- Symbol to write: My_Measured_Temp
2024-11-07 15:07:29,140-INFO- Set torque request detected
2024-11-07 15:07:29,140-INFO- Value to set: 0.234
2024-11-07 15:07:37,080-INFO- Applying torque value: 0.233000
2024-11-07 15:07:37,080-INFO- Elapsed Time [Secs]: 9.020039
2024-11-07 15:07:37,080-INFO- Measured Temperature [C]: 26.152195
2024-11-07 15:07:37,087-INFO- Estimated ClassA Temperature [C]: 26.083992
2024-11-07 15:07:37,093-INFO- Estimated ClassB Temperature [C]: 42.457348
2024-11-07 15:07:37,541-INFO- Write request detected
2024-11-07 15:07:37,541-INFO- Symbol to write: My_Measured_Temp
2024-11-07 15:07:38,823-INFO- Set torque request detected
2024-11-07 15:07:38,823-INFO- Value to set: 0.233
2024-11-07 15:07:46,323-INFO- Applying torque value: 0.232000
2024-11-07 15:07:46,323-INFO- Elapsed Time [Secs]: 18.263404
2024-11-07 15:07:46,520-INFO- Measured Temperature [C]: 26.206376
2024-11-07 15:07:46,526-INFO- Estimated ClassA Temperature [C]: 26.152195
2024-11-07 15:07:46,531-INFO- Estimated ClassB Temperature [C]: 42.727856
2024-11-07 15:07:46,864-INFO- Write request detected
2024-11-07 15:07:46,864-INFO- Symbol to write: My_Measured_Temp
2024-11-07 15:07:47,781-INFO- Set torque request detected
2024-11-07 15:07:47,781-INFO- Value to set: 0.232
2024-11-07 15:07:55,555-INFO- Applying torque value: 0.231000
2024-11-07 15:07:55,555-INFO- Elapsed Time [Secs]: 27.494723
2024-11-07 15:07:55,555-INFO- Measured Temperature [C]: 26.281799
2024-11-07 15:07:55,559-INFO- Estimated ClassA Temperature [C]: 26.206375
2024-11-07 15:07:55,565-INFO- Estimated ClassB Temperature [C]: 43.000664
2024-11-07 15:07:56,051-INFO- Write request detected
2024-11-07 15:07:56,051-INFO- Symbol to write: My_Measured_Temp
2024-11-07 15:07:56,795-INFO- Set torque request detected
2024-11-07 15:07:56,795-INFO- Value to set: 0.231
2024-11-07 15:08:04,581-INFO- Applying torque value: 0.230000
2024-11-07 15:08:04,581-INFO- Elapsed Time [Secs]: 36.520403
2024-11-07 15:08:04,581-INFO- Measured Temperature [C]: 26.318922
2024-11-07 15:08:04,587-INFO- Estimated ClassA Temperature [C]: 26.281799
2024-11-07 15:08:04,595-INFO- Estimated ClassB Temperature [C]: 43.199413
2024-11-07 15:08:04,749-INFO- Write request detected
2024-11-07 15:08:04,749-INFO- Symbol to write: My_Measured_Temp
2024-11-07 15:08:06,297-INFO- Set torque request detected
2024-11-07 15:08:06,297-INFO- Value to set: 0.23
2024-11-07 15:08:15,248-INFO- Write request detected
2024-11-07 15:08:15,248-INFO- Symbol to write: BD_Target_Speed
2024-11-07 15:08:15,296-INFO- Set torque request detected
2024-11-07 15:08:15,296-INFO- Value to set: 0
2024-11-07 15:08:15,888-INFO- Write request detected
2024-11-07 15:08:15,888-INFO- Symbol to write: BD_Target_Accel
2024-11-07 15:08:18,908-INFO- Write request detected
2024-11-07 15:08:18,908-INFO- Symbol to write: BD_Update_Cmd
2024-11-07 15:08:20,896-INFO- Current speed: 3362.386944
2024-11-07 15:08:20,897-INFO- Speed error: 3362.386944
2024-11-07 15:08:22,902-INFO- Current speed: 2761.376925
2024-11-07 15:08:22,902-INFO- Speed error: 2761.376925
2024-11-07 15:08:24,913-INFO- Current speed: 2186.222249
2024-11-07 15:08:24,913-INFO- Speed error: 2186.222249
2024-11-07 15:08:26,932-INFO- Current speed: 978.657189
2024-11-07 15:08:26,932-INFO- Speed error: 978.657189
2024-11-07 15:08:28,946-INFO- Current speed: 0.000000
2024-11-07 15:08:28,946-INFO- Speed error: 0.000000
2024-11-07 15:08:30,951-INFO- Stop Acquisition
2024-11-07 15:08:31,299-INFO- Termination Request
2024-11-07 15:08:31,451-INFO- Termination Request
2024-11-07 15:08:31,459-INFO- Calculated offset for syncing: 1.204360
2024-11-07 15:08:33,584-INFO- Extracting acquisition with marker value: 1
2024-11-07 15:08:33,586-WARNING- Sub-acquisition too short!
2024-11-07 15:08:33,587-INFO- Extracting acquisition with marker value: 2
2024-11-07 15:08:33,589-WARNING- Sub-acquisition too short!
2024-11-07 15:08:33,591-INFO- Extracting acquisition with marker value: 3
2024-11-07 15:08:33,592-WARNING- Sub-acquisition too short!
2024-11-07 15:08:33,594-INFO- Extracting acquisition with marker value: 4
2024-11-07 15:08:33,595-WARNING- Sub-acquisition too short!
2024-11-07 15:08:33,597-INFO- Extracting acquisition with marker value: 5
2024-11-07 15:08:33,599-WARNING- Sub-acquisition too short!
2024-11-07 15:08:33,600-INFO- STARTING STEP N.3/9
2024-11-07 15:08:33,600-INFO- TORQUE MIN: 0.23
2024-11-07 15:08:33,601-INFO- TORQUE MAX: 0.234
2024-11-07 15:08:33,601-INFO- TORQUE STEP: 0.001
2024-11-07 15:08:33,601-INFO- File name for the acquisition: ./out/PyVisaAcquisition_20241107_150833.visaacq
2024-11-07 15:08:34,605-INFO- File name for the acquisition: ./out/MasterCommanderAcquisition_20241107_150834.mcacq
2024-11-07 15:08:40,726-INFO- Write request detected
2024-11-07 15:08:40,726-INFO- Symbol to write: BD_Target_Speed
2024-11-07 15:08:41,978-INFO- Write request detected
2024-11-07 15:08:41,978-INFO- Symbol to write: BD_Target_Accel
2024-11-07 15:08:45,084-INFO- Write request detected
2024-11-07 15:08:45,084-INFO- Symbol to write: BD_Update_Cmd
2024-11-07 15:08:46,791-INFO- Set torque request detected
2024-11-07 15:08:46,791-INFO- Value to set: 0
2024-11-07 15:08:46,951-INFO- Write request detected
2024-11-07 15:08:46,951-INFO- Symbol to write: My_Measured_Temp
2024-11-07 15:08:49,695-INFO- Target speed: 6000.000000
2024-11-07 15:08:50,034-INFO- Write request detected
2024-11-07 15:08:50,034-INFO- Symbol to write: BD_Target_Speed
2024-11-07 15:08:51,266-INFO- Write request detected
2024-11-07 15:08:51,267-INFO- Symbol to write: BD_Target_Accel
2024-11-07 15:08:54,399-INFO- Write request detected
2024-11-07 15:08:54,399-INFO- Symbol to write: BD_Update_Cmd
2024-11-07 15:08:55,918-INFO- Current speed: 514.289967
2024-11-07 15:08:55,918-INFO- Speed error: 5485.710033
2024-11-07 15:08:57,934-INFO- Current speed: 1449.035961
2024-11-07 15:08:57,934-INFO- Speed error: 4550.964039
2024-11-07 15:08:59,941-INFO- Current speed: 2368.322014
2024-11-07 15:08:59,941-INFO- Speed error: 3631.677986
2024-11-07 15:09:01,964-INFO- Current speed: 3615.216869
2024-11-07 15:09:01,964-INFO- Speed error: 2384.783131
2024-11-07 15:09:03,980-INFO- Current speed: 4524.928125
2024-11-07 15:09:03,980-INFO- Speed error: 1475.071875
2024-11-07 15:09:06,001-INFO- Current speed: 5446.395030
2024-11-07 15:09:06,002-INFO- Speed error: 553.604970
2024-11-07 15:09:08,017-INFO- Current speed: 6017.160753
2024-11-07 15:09:08,017-INFO- Speed error: 17.160753
2024-11-07 15:09:10,030-INFO- Applying torque value: 0.060000
2024-11-07 15:09:10,293-INFO- Set torque request detected
2024-11-07 15:09:10,293-INFO- Value to set: 0.06
2024-11-07 15:09:11,042-INFO- Read torque: -0.060000
2024-11-07 15:09:12,111-INFO- Applying torque value: 0.103500
2024-11-07 15:09:12,393-INFO- Set torque request detected
2024-11-07 15:09:12,393-INFO- Value to set: 0.10350000000000001
2024-11-07 15:09:13,125-INFO- Read torque: -0.063000
2024-11-07 15:09:14,141-INFO- Applying torque value: 0.147000
2024-11-07 15:09:14,781-INFO- Set torque request detected
2024-11-07 15:09:14,781-INFO- Value to set: 0.14700000000000002
2024-11-07 15:09:15,155-INFO- Read torque: -0.083000
2024-11-07 15:09:16,172-INFO- Applying torque value: 0.190500
2024-11-07 15:09:16,357-INFO- Set torque request detected
2024-11-07 15:09:16,357-INFO- Value to set: 0.1905
2024-11-07 15:09:17,185-INFO- Read torque: -0.110000
2024-11-07 15:09:18,201-INFO- Applying torque value: 0.234000
2024-11-07 15:09:18,680-INFO- Set torque request detected
2024-11-07 15:09:18,680-INFO- Value to set: 0.234
2024-11-07 15:09:19,211-INFO- Read torque: -0.176000
2024-11-07 15:09:20,223-INFO- Final torque reached: -0.200000
2024-11-07 15:09:20,223-INFO- Starting the measures
2024-11-07 15:09:23,229-INFO- Applying torque value: 0.234000
2024-11-07 15:09:23,229-INFO- Elapsed Time [Secs]: 0.000010
2024-11-07 15:09:23,229-INFO- Measured Temperature [C]: 27.531196
2024-11-07 15:09:23,234-INFO- Estimated ClassA Temperature [C]: 27.154249
2024-11-07 15:09:23,239-INFO- Estimated ClassB Temperature [C]: 44.662968
2024-11-07 15:09:23,370-INFO- Write request detected
2024-11-07 15:09:23,370-INFO- Symbol to write: My_Measured_Temp
2024-11-07 15:09:24,783-INFO- Set torque request detected
2024-11-07 15:09:24,783-INFO- Value to set: 0.234
2024-11-07 15:09:32,281-INFO- Applying torque value: 0.233000
2024-11-07 15:09:32,281-INFO- Elapsed Time [Secs]: 9.051798
2024-11-07 15:09:32,281-INFO- Measured Temperature [C]: 27.845247
2024-11-07 15:09:32,288-INFO- Estimated ClassA Temperature [C]: 27.531197
2024-11-07 15:09:32,296-INFO- Estimated ClassB Temperature [C]: 45.406540
2024-11-07 15:09:32,672-INFO- Write request detected
2024-11-07 15:09:32,672-INFO- Symbol to write: My_Measured_Temp
2024-11-07 15:09:33,837-INFO- Set torque request detected
2024-11-07 15:09:33,842-INFO- Value to set: 0.233
2024-11-07 15:09:41,339-INFO- Applying torque value: 0.232000
2024-11-07 15:09:41,339-INFO- Elapsed Time [Secs]: 18.109372
2024-11-07 15:09:41,339-INFO- Measured Temperature [C]: 28.129787
2024-11-07 15:09:41,356-INFO- Estimated ClassA Temperature [C]: 27.845247
2024-11-07 15:09:41,362-INFO- Estimated ClassB Temperature [C]: 46.082630
2024-11-07 15:09:41,867-INFO- Write request detected
2024-11-07 15:09:41,867-INFO- Symbol to write: My_Measured_Temp
2024-11-07 15:09:42,835-INFO- Set torque request detected
2024-11-07 15:09:42,835-INFO- Value to set: 0.232
2024-11-07 15:09:50,382-INFO- Applying torque value: 0.231000
2024-11-07 15:09:50,382-INFO- Elapsed Time [Secs]: 27.152351
2024-11-07 15:09:50,382-INFO- Measured Temperature [C]: 28.464365
2024-11-07 15:09:50,386-INFO- Estimated ClassA Temperature [C]: 28.129787
2024-11-07 15:09:50,392-INFO- Estimated ClassB Temperature [C]: 46.697948
2024-11-07 15:09:50,491-INFO- Write request detected
2024-11-07 15:09:50,491-INFO- Symbol to write: My_Measured_Temp
2024-11-07 15:09:51,576-INFO- Set torque request detected
2024-11-07 15:09:51,576-INFO- Value to set: 0.231
2024-11-07 15:09:59,411-INFO- Applying torque value: 0.230000
2024-11-07 15:09:59,411-INFO- Elapsed Time [Secs]: 36.181336
2024-11-07 15:09:59,412-INFO- Measured Temperature [C]: 28.753649
2024-11-07 15:09:59,418-INFO- Estimated ClassA Temperature [C]: 28.464365
2024-11-07 15:09:59,426-INFO- Estimated ClassB Temperature [C]: 47.258675
2024-11-07 15:09:59,757-INFO- Write request detected
2024-11-07 15:09:59,757-INFO- Symbol to write: My_Measured_Temp
2024-11-07 15:10:00,541-INFO- Set torque request detected
2024-11-07 15:10:00,541-INFO- Value to set: 0.23
2024-11-07 15:10:09,538-INFO- Set torque request detected
2024-11-07 15:10:09,538-INFO- Value to set: 0
2024-11-07 15:10:09,601-INFO- Write request detected
2024-11-07 15:10:09,601-INFO- Symbol to write: BD_Target_Speed
2024-11-07 15:10:10,848-INFO- Write request detected
2024-11-07 15:10:10,848-INFO- Symbol to write: BD_Target_Accel
2024-11-07 15:10:13,968-INFO- Write request detected
2024-11-07 15:10:13,968-INFO- Symbol to write: BD_Update_Cmd
2024-11-07 15:10:15,495-INFO- Current speed: 5524.352587
2024-11-07 15:10:15,495-INFO- Speed error: 5524.352587
2024-11-07 15:10:17,501-INFO- Current speed: 4824.954038
2024-11-07 15:10:17,502-INFO- Speed error: 4824.954038
2024-11-07 15:10:19,513-INFO- Current speed: 4148.026994
2024-11-07 15:10:19,514-INFO- Speed error: 4148.026994
2024-11-07 15:10:21,521-INFO- Current speed: 3277.338813
2024-11-07 15:10:21,521-INFO- Speed error: 3277.338813
2024-11-07 15:10:23,533-INFO- Current speed: 2701.073385
2024-11-07 15:10:23,533-INFO- Speed error: 2701.073385
2024-11-07 15:10:25,544-INFO- Current speed: 2135.009309
2024-11-07 15:10:25,544-INFO- Speed error: 2135.009309
2024-11-07 15:10:27,554-INFO- Current speed: 835.033866
2024-11-07 15:10:27,554-INFO- Speed error: 835.033866
2024-11-07 15:10:29,560-INFO- Current speed: 0.000000
2024-11-07 15:10:29,560-INFO- Speed error: 0.000000
2024-11-07 15:10:31,564-INFO- Stop Acquisition
2024-11-07 15:10:32,005-INFO- Termination Request
2024-11-07 15:10:32,660-INFO- Termination Request
2024-11-07 15:10:32,669-INFO- Calculated offset for syncing: 1.426494
2024-11-07 15:10:34,812-INFO- Extracting acquisition with marker value: 1
2024-11-07 15:10:34,815-WARNING- Sub-acquisition too short!
2024-11-07 15:10:34,816-INFO- Extracting acquisition with marker value: 2
2024-11-07 15:10:34,818-WARNING- Sub-acquisition too short!
2024-11-07 15:10:34,819-INFO- Extracting acquisition with marker value: 3
2024-11-07 15:10:34,821-WARNING- Sub-acquisition too short!
2024-11-07 15:10:34,822-INFO- Extracting acquisition with marker value: 4
2024-11-07 15:10:34,824-WARNING- Sub-acquisition too short!
2024-11-07 15:10:34,825-INFO- Extracting acquisition with marker value: 5
2024-11-07 15:10:34,827-WARNING- Sub-acquisition too short!
2024-11-07 15:10:34,829-INFO- STARTING STEP N.4/9
2024-11-07 15:10:34,829-INFO- TORQUE MIN: 0.23
2024-11-07 15:10:34,829-INFO- TORQUE MAX: 0.234
2024-11-07 15:10:34,829-INFO- TORQUE STEP: 0.001
2024-11-07 15:10:34,829-INFO- File name for the acquisition: ./out/PyVisaAcquisition_20241107_151034.visaacq
2024-11-07 15:10:35,840-INFO- File name for the acquisition: ./out/MasterCommanderAcquisition_20241107_151035.mcacq
2024-11-07 15:10:41,940-INFO- Write request detected
2024-11-07 15:10:41,940-INFO- Symbol to write: BD_Target_Speed
2024-11-07 15:10:43,191-INFO- Write request detected
2024-11-07 15:10:43,191-INFO- Symbol to write: BD_Target_Accel
2024-11-07 15:10:46,318-INFO- Write request detected
2024-11-07 15:10:46,318-INFO- Symbol to write: BD_Update_Cmd
2024-11-07 15:10:48,011-INFO- Set torque request detected
2024-11-07 15:10:48,011-INFO- Value to set: 0
2024-11-07 15:10:48,197-INFO- Write request detected
2024-11-07 15:10:48,197-INFO- Symbol to write: My_Measured_Temp
2024-11-07 15:10:50,951-INFO- Target speed: 8000.000000
2024-11-07 15:10:51,263-INFO- Write request detected
2024-11-07 15:10:51,264-INFO- Symbol to write: BD_Target_Speed
2024-11-07 15:10:52,511-INFO- Write request detected
2024-11-07 15:10:52,511-INFO- Symbol to write: BD_Target_Accel
2024-11-07 15:10:55,628-INFO- Write request detected
2024-11-07 15:10:55,628-INFO- Symbol to write: BD_Update_Cmd
2024-11-07 15:10:57,152-INFO- Current speed: 440.842848
2024-11-07 15:10:57,152-INFO- Speed error: 7559.157152
2024-11-07 15:10:59,158-INFO- Current speed: 1359.156355
2024-11-07 15:10:59,158-INFO- Speed error: 6640.843645
2024-11-07 15:11:01,169-INFO- Current speed: 2291.686344
2024-11-07 15:11:01,169-INFO- Speed error: 5708.313656
2024-11-07 15:11:03,188-INFO- Current speed: 3531.191918
2024-11-07 15:11:03,188-INFO- Speed error: 4468.808082
2024-11-07 15:11:05,207-INFO- Current speed: 4454.506143
2024-11-07 15:11:05,207-INFO- Speed error: 3545.493857
2024-11-07 15:11:07,217-INFO- Current speed: 5387.572785
2024-11-07 15:11:07,217-INFO- Speed error: 2612.427215
2024-11-07 15:11:09,261-INFO- Current speed: 6570.655678
2024-11-07 15:11:09,261-INFO- Speed error: 1429.344322
2024-11-07 15:11:11,272-INFO- Current speed: 7501.634577
2024-11-07 15:11:11,272-INFO- Speed error: 498.365423
2024-11-07 15:11:13,285-INFO- Current speed: 8016.824490
2024-11-07 15:11:13,285-INFO- Speed error: 16.824490
2024-11-07 15:11:15,296-INFO- Applying torque value: 0.074000
2024-11-07 15:11:15,514-INFO- Set torque request detected
2024-11-07 15:11:15,514-INFO- Value to set: 0.074
2024-11-07 15:11:16,308-INFO- Read torque: -0.073000
2024-11-07 15:11:17,320-INFO- Applying torque value: 0.114000
2024-11-07 15:11:17,836-INFO- Set torque request detected
2024-11-07 15:11:17,836-INFO- Value to set: 0.114
2024-11-07 15:11:18,333-INFO- Read torque: -0.073000
2024-11-07 15:11:19,345-INFO- Applying torque value: 0.154000
2024-11-07 15:11:19,470-INFO- Set torque request detected
2024-11-07 15:11:19,470-INFO- Value to set: 0.15400000000000003
2024-11-07 15:11:20,547-INFO- Read torque: -0.105000
2024-11-07 15:11:21,566-INFO- Applying torque value: 0.194000
2024-11-07 15:11:21,785-INFO- Set torque request detected
2024-11-07 15:11:21,785-INFO- Value to set: 0.194
2024-11-07 15:11:22,581-INFO- Read torque: -0.129000
2024-11-07 15:11:23,593-INFO- Applying torque value: 0.234000
2024-11-07 15:11:24,151-INFO- Set torque request detected
2024-11-07 15:11:24,151-INFO- Value to set: 0.234
2024-11-07 15:11:24,605-INFO- Read torque: -0.178000
2024-11-07 15:11:25,614-INFO- Final torque reached: -0.211000
2024-11-07 15:11:25,614-INFO- Starting the measures
2024-11-07 15:11:28,627-INFO- Applying torque value: 0.234000
2024-11-07 15:11:28,627-INFO- Elapsed Time [Secs]: 0.000007
2024-11-07 15:11:28,627-INFO- Measured Temperature [C]: 30.719653
2024-11-07 15:11:28,634-INFO- Estimated ClassA Temperature [C]: 30.036715
2024-11-07 15:11:28,640-INFO- Estimated ClassB Temperature [C]: 49.449585
2024-11-07 15:11:28,971-INFO- Write request detected
2024-11-07 15:11:28,971-INFO- Symbol to write: My_Measured_Temp
2024-11-07 15:11:30,282-INFO- Set torque request detected
2024-11-07 15:11:30,282-INFO- Value to set: 0.234
2024-11-07 15:11:37,793-INFO- Applying torque value: 0.233000
2024-11-07 15:11:37,794-INFO- Elapsed Time [Secs]: 9.166769
2024-11-07 15:11:37,794-INFO- Measured Temperature [C]: 31.383610
2024-11-07 15:11:37,800-INFO- Estimated ClassA Temperature [C]: 30.719652
2024-11-07 15:11:37,808-INFO- Estimated ClassB Temperature [C]: 50.835228
2024-11-07 15:11:38,275-INFO- Write request detected
2024-11-07 15:11:38,275-INFO- Symbol to write: My_Measured_Temp
2024-11-07 15:11:39,294-INFO- Set torque request detected
2024-11-07 15:11:39,294-INFO- Value to set: 0.233
2024-11-07 15:11:46,835-INFO- Applying torque value: 0.232000
2024-11-07 15:11:46,835-INFO- Elapsed Time [Secs]: 18.208546
2024-11-07 15:11:47,035-INFO- Measured Temperature [C]: 32.045043
2024-11-07 15:11:47,041-INFO- Estimated ClassA Temperature [C]: 31.383610
2024-11-07 15:11:47,047-INFO- Estimated ClassB Temperature [C]: 52.098732
2024-11-07 15:11:47,501-INFO- Write request detected
2024-11-07 15:11:47,501-INFO- Symbol to write: My_Measured_Temp
2024-11-07 15:11:48,282-INFO- Set torque request detected
2024-11-07 15:11:48,282-INFO- Value to set: 0.232
2024-11-07 15:11:56,072-INFO- Applying torque value: 0.231000
2024-11-07 15:11:56,072-INFO- Elapsed Time [Secs]: 27.445575
2024-11-07 15:11:56,072-INFO- Measured Temperature [C]: 32.604884
2024-11-07 15:11:56,077-INFO- Estimated ClassA Temperature [C]: 32.045044
2024-11-07 15:11:56,083-INFO- Estimated ClassB Temperature [C]: 53.250080
2024-11-07 15:11:56,166-INFO- Write request detected
2024-11-07 15:11:56,167-INFO- Symbol to write: My_Measured_Temp
2024-11-07 15:11:57,092-INFO- Set torque request detected
2024-11-07 15:11:57,092-INFO- Value to set: 0.231
2024-11-07 15:12:05,093-INFO- Applying torque value: 0.230000
2024-11-07 15:12:05,093-INFO- Elapsed Time [Secs]: 36.466044
2024-11-07 15:12:05,094-INFO- Measured Temperature [C]: 33.197687
2024-11-07 15:12:05,100-INFO- Estimated ClassA Temperature [C]: 32.604885
2024-11-07 15:12:05,108-INFO- Estimated ClassB Temperature [C]: 54.303791
2024-11-07 15:12:05,468-INFO- Write request detected
2024-11-07 15:12:05,468-INFO- Symbol to write: My_Measured_Temp
2024-11-07 15:12:06,802-INFO- Set torque request detected
2024-11-07 15:12:06,802-INFO- Value to set: 0.23
2024-11-07 15:12:15,782-INFO- Set torque request detected
2024-11-07 15:12:15,782-INFO- Value to set: 0
2024-11-07 15:12:15,876-INFO- Write request detected
2024-11-07 15:12:15,876-INFO- Symbol to write: BD_Target_Speed
2024-11-07 15:12:17,134-INFO- Write request detected
2024-11-07 15:12:17,134-INFO- Symbol to write: BD_Target_Accel
2024-11-07 15:12:19,624-INFO- Write request detected
2024-11-07 15:12:19,624-INFO- Symbol to write: BD_Update_Cmd
2024-11-07 15:12:21,640-INFO- Current speed: 7101.570107
2024-11-07 15:12:21,640-INFO- Speed error: 7101.570107
2024-11-07 15:12:23,657-INFO- Current speed: 6223.439314
2024-11-07 15:12:23,658-INFO- Speed error: 6223.439314
2024-11-07 15:12:25,668-INFO- Current speed: 5439.640465
2024-11-07 15:12:25,668-INFO- Speed error: 5439.640465
2024-11-07 15:12:27,758-INFO- Current speed: 4511.012462
2024-11-07 15:12:27,758-INFO- Speed error: 4511.012462
2024-11-07 15:12:29,772-INFO- Current speed: 3842.939383
2024-11-07 15:12:29,772-INFO- Speed error: 3842.939383
2024-11-07 15:12:31,784-INFO- Current speed: 3206.695642
2024-11-07 15:12:31,784-INFO- Speed error: 3206.695642
2024-11-07 15:12:33,802-INFO- Current speed: 2631.850019
2024-11-07 15:12:33,803-INFO- Speed error: 2631.850019
2024-11-07 15:12:35,809-INFO- Current speed: 1813.646249
2024-11-07 15:12:35,810-INFO- Speed error: 1813.646249
2024-11-07 15:12:37,825-INFO- Current speed: 0.000000
2024-11-07 15:12:37,825-INFO- Speed error: 0.000000
2024-11-07 15:12:39,983-INFO- Stop Acquisition
2024-11-07 15:12:40,488-INFO- Termination Request
2024-11-07 15:12:40,751-INFO- Termination Request
2024-11-07 15:12:40,757-INFO- Calculated offset for syncing: 1.211996
2024-11-07 15:12:42,894-INFO- Extracting acquisition with marker value: 1
2024-11-07 15:12:42,896-WARNING- Sub-acquisition too short!
2024-11-07 15:12:42,898-INFO- Extracting acquisition with marker value: 2
2024-11-07 15:12:42,900-WARNING- Sub-acquisition too short!
2024-11-07 15:12:42,901-INFO- Extracting acquisition with marker value: 3
2024-11-07 15:12:42,903-WARNING- Sub-acquisition too short!
2024-11-07 15:12:42,904-INFO- Extracting acquisition with marker value: 4
2024-11-07 15:12:42,906-WARNING- Sub-acquisition too short!
2024-11-07 15:12:42,908-INFO- Extracting acquisition with marker value: 5
2024-11-07 15:12:42,910-WARNING- Sub-acquisition too short!
2024-11-07 15:12:42,912-INFO- STARTING STEP N.5/9
2024-11-07 15:12:42,912-INFO- TORQUE MIN: 0.23
2024-11-07 15:12:42,912-INFO- TORQUE MAX: 0.234
2024-11-07 15:12:42,912-INFO- TORQUE STEP: 0.001
2024-11-07 15:12:42,912-INFO- File name for the acquisition: ./out/PyVisaAcquisition_20241107_151242.visaacq
2024-11-07 15:12:43,918-INFO- File name for the acquisition: ./out/MasterCommanderAcquisition_20241107_151243.mcacq
2024-11-07 15:12:50,002-INFO- Write request detected
2024-11-07 15:12:50,002-INFO- Symbol to write: BD_Target_Speed
2024-11-07 15:12:51,251-INFO- Write request detected
2024-11-07 15:12:51,252-INFO- Symbol to write: BD_Target_Accel
2024-11-07 15:12:54,358-INFO- Write request detected
2024-11-07 15:12:54,358-INFO- Symbol to write: BD_Update_Cmd
2024-11-07 15:12:56,782-INFO- Set torque request detected
2024-11-07 15:12:56,783-INFO- Value to set: 0
2024-11-07 15:12:56,861-INFO- Write request detected
2024-11-07 15:12:56,861-INFO- Symbol to write: My_Measured_Temp
2024-11-07 15:12:59,361-INFO- Target speed: 10000.000000
2024-11-07 15:12:59,973-INFO- Write request detected
2024-11-07 15:12:59,973-INFO- Symbol to write: BD_Target_Speed
2024-11-07 15:13:00,601-INFO- Write request detected
2024-11-07 15:13:00,601-INFO- Symbol to write: BD_Target_Accel
2024-11-07 15:13:03,705-INFO- Write request detected
2024-11-07 15:13:03,705-INFO- Symbol to write: BD_Update_Cmd
2024-11-07 15:13:05,509-INFO- Current speed: 508.909381
2024-11-07 15:13:05,509-INFO- Speed error: 9491.090619
2024-11-07 15:13:07,523-INFO- Current speed: 1741.135504
2024-11-07 15:13:07,523-INFO- Speed error: 8258.864496
2024-11-07 15:13:09,537-INFO- Current speed: 2670.056239
2024-11-07 15:13:09,537-INFO- Speed error: 7329.943761
2024-11-07 15:13:11,542-INFO- Current speed: 3600.204587
2024-11-07 15:13:11,543-INFO- Speed error: 6399.795413
2024-11-07 15:13:13,553-INFO- Current speed: 4511.453383
2024-11-07 15:13:13,554-INFO- Speed error: 5488.546617
2024-11-07 15:13:15,566-INFO- Current speed: 5446.486536
2024-11-07 15:13:15,566-INFO- Speed error: 4553.513464
2024-11-07 15:13:17,573-INFO- Current speed: 6626.577115
2024-11-07 15:13:17,574-INFO- Speed error: 3373.422885
2024-11-07 15:13:19,585-INFO- Current speed: 7547.706553
2024-11-07 15:13:19,585-INFO- Speed error: 2452.293447
2024-11-07 15:13:21,626-INFO- Current speed: 8781.775370
2024-11-07 15:13:21,627-INFO- Speed error: 1218.224630
2024-11-07 15:13:23,642-INFO- Current speed: 9696.639248
2024-11-07 15:13:23,643-INFO- Speed error: 303.360752
2024-11-07 15:13:25,656-INFO- Applying torque value: 0.093000
2024-11-07 15:13:26,016-INFO- Set torque request detected
2024-11-07 15:13:26,016-INFO- Value to set: 0.093
2024-11-07 15:13:26,672-INFO- Read torque: -0.095000
2024-11-07 15:13:27,690-INFO- Applying torque value: 0.128250
2024-11-07 15:13:28,350-INFO- Set torque request detected
2024-11-07 15:13:28,350-INFO- Value to set: 0.12825
2024-11-07 15:13:28,771-INFO- Read torque: -0.099000
2024-11-07 15:13:29,777-INFO- Applying torque value: 0.163500
2024-11-07 15:13:30,014-INFO- Set torque request detected
2024-11-07 15:13:30,015-INFO- Value to set: 0.1635
2024-11-07 15:13:30,784-INFO- Read torque: -0.110000
2024-11-07 15:13:31,906-INFO- Applying torque value: 0.198750
2024-11-07 15:13:32,379-INFO- Set torque request detected
2024-11-07 15:13:32,379-INFO- Value to set: 0.19875
2024-11-07 15:13:32,914-INFO- Read torque: -0.150000
2024-11-07 15:13:33,926-INFO- Applying torque value: 0.234000
2024-11-07 15:13:34,021-INFO- Set torque request detected
2024-11-07 15:13:34,021-INFO- Value to set: 0.234
2024-11-07 15:13:35,141-INFO- Read torque: -0.211000
2024-11-07 15:13:36,249-INFO- Final torque reached: -0.220000
2024-11-07 15:13:36,249-INFO- Starting the measures
2024-11-07 15:13:39,255-INFO- Applying torque value: 0.234000
2024-11-07 15:13:39,255-INFO- Elapsed Time [Secs]: 0.000009
2024-11-07 15:13:39,255-INFO- Measured Temperature [C]: 34.849313
2024-11-07 15:13:39,260-INFO- Estimated ClassA Temperature [C]: 34.447029
2024-11-07 15:13:39,266-INFO- Estimated ClassB Temperature [C]: 55.398251
2024-11-07 15:13:39,458-INFO- Write request detected
2024-11-07 15:13:39,458-INFO- Symbol to write: My_Measured_Temp
2024-11-07 15:13:40,822-INFO- Set torque request detected
2024-11-07 15:13:40,822-INFO- Value to set: 0.234
2024-11-07 15:13:48,327-INFO- Applying torque value: 0.233000
2024-11-07 15:13:48,327-INFO- Elapsed Time [Secs]: 9.071853
2024-11-07 15:13:48,558-INFO- Measured Temperature [C]: 35.768071
2024-11-07 15:13:48,565-INFO- Estimated ClassA Temperature [C]: 34.849312
2024-11-07 15:13:48,574-INFO- Estimated ClassB Temperature [C]: 57.298920
2024-11-07 15:13:48,655-INFO- Write request detected
2024-11-07 15:13:48,655-INFO- Symbol to write: My_Measured_Temp
2024-11-07 15:13:49,797-INFO- Set torque request detected
2024-11-07 15:13:49,797-INFO- Value to set: 0.233
2024-11-07 15:13:57,610-INFO- Applying torque value: 0.232000
2024-11-07 15:13:57,610-INFO- Elapsed Time [Secs]: 18.354705
2024-11-07 15:13:57,610-INFO- Measured Temperature [C]: 36.564208
2024-11-07 15:13:57,615-INFO- Estimated ClassA Temperature [C]: 35.768070
2024-11-07 15:13:57,620-INFO- Estimated ClassB Temperature [C]: 59.029060
2024-11-07 15:13:57,921-INFO- Write request detected
2024-11-07 15:13:57,921-INFO- Symbol to write: My_Measured_Temp
2024-11-07 15:13:58,814-INFO- Set torque request detected
2024-11-07 15:13:58,814-INFO- Value to set: 0.232
2024-11-07 15:14:06,641-INFO- Applying torque value: 0.231000
2024-11-07 15:14:06,641-INFO- Elapsed Time [Secs]: 27.385043
2024-11-07 15:14:06,641-INFO- Measured Temperature [C]: 37.328251
2024-11-07 15:14:06,724-INFO- Estimated ClassA Temperature [C]: 36.564209
2024-11-07 15:14:06,732-INFO- Estimated ClassB Temperature [C]: 60.792416
2024-11-07 15:14:07,236-INFO- Write request detected
2024-11-07 15:14:07,236-INFO- Symbol to write: My_Measured_Temp
2024-11-07 15:14:08,300-INFO- Set torque request detected
2024-11-07 15:14:08,300-INFO- Value to set: 0.231
2024-11-07 15:14:15,798-INFO- Applying torque value: 0.230000
2024-11-07 15:14:15,798-INFO- Elapsed Time [Secs]: 36.542159
2024-11-07 15:14:15,798-INFO- Measured Temperature [C]: 38.052146
2024-11-07 15:14:15,805-INFO- Estimated ClassA Temperature [C]: 37.328251
2024-11-07 15:14:15,814-INFO- Estimated ClassB Temperature [C]: 62.107254
2024-11-07 15:14:15,939-INFO- Write request detected
2024-11-07 15:14:15,939-INFO- Symbol to write: My_Measured_Temp
2024-11-07 15:14:17,317-INFO- Set torque request detected
2024-11-07 15:14:17,317-INFO- Value to set: 0.23
2024-11-07 15:14:26,299-INFO- Set torque request detected
2024-11-07 15:14:26,300-INFO- Value to set: 0
2024-11-07 15:14:26,345-INFO- Write request detected
2024-11-07 15:14:26,345-INFO- Symbol to write: BD_Target_Speed
2024-11-07 15:14:27,593-INFO- Write request detected
2024-11-07 15:14:27,593-INFO- Symbol to write: BD_Target_Accel
2024-11-07 15:14:30,696-INFO- Write request detected
2024-11-07 15:14:30,697-INFO- Symbol to write: BD_Update_Cmd
2024-11-07 15:14:32,216-INFO- Current speed: 9400.744525
2024-11-07 15:14:32,216-INFO- Speed error: 9400.744525
2024-11-07 15:14:34,225-INFO- Current speed: 8454.449682
2024-11-07 15:14:34,225-INFO- Speed error: 8454.449682
2024-11-07 15:14:36,241-INFO- Current speed: 7536.522382
2024-11-07 15:14:36,241-INFO- Speed error: 7536.522382
2024-11-07 15:14:38,248-INFO- Current speed: 6374.110009
2024-11-07 15:14:38,248-INFO- Speed error: 6374.110009
2024-11-07 15:14:40,257-INFO- Current speed: 5569.955957
2024-11-07 15:14:40,257-INFO- Speed error: 5569.955957
2024-11-07 15:14:42,271-INFO- Current speed: 4874.477026
2024-11-07 15:14:42,271-INFO- Speed error: 4874.477026
2024-11-07 15:14:44,284-INFO- Current speed: 4216.159279
2024-11-07 15:14:44,284-INFO- Speed error: 4216.159279
2024-11-07 15:14:46,303-INFO- Current speed: 3378.376945
2024-11-07 15:14:46,303-INFO- Speed error: 3378.376945
2024-11-07 15:14:48,318-INFO- Current speed: 2800.742711
2024-11-07 15:14:48,318-INFO- Speed error: 2800.742711
2024-11-07 15:14:50,328-INFO- Current speed: 2437.124130
2024-11-07 15:14:50,328-INFO- Speed error: 2437.124130
2024-11-07 15:14:52,378-INFO- Current speed: 764.311792
2024-11-07 15:14:52,379-INFO- Speed error: 764.311792
2024-11-07 15:14:54,398-INFO- Current speed: 0.000000
2024-11-07 15:14:54,398-INFO- Speed error: 0.000000
2024-11-07 15:14:56,498-INFO- Stop Acquisition
2024-11-07 15:14:57,002-INFO- Termination Request
2024-11-07 15:14:57,330-INFO- Termination Request
2024-11-07 15:14:57,338-INFO- Calculated offset for syncing: 1.388374
2024-11-07 15:14:59,469-INFO- Extracting acquisition with marker value: 1
2024-11-07 15:14:59,471-WARNING- Sub-acquisition too short!
2024-11-07 15:14:59,473-INFO- Extracting acquisition with marker value: 2
2024-11-07 15:14:59,476-WARNING- Sub-acquisition too short!
2024-11-07 15:14:59,478-INFO- Extracting acquisition with marker value: 3
2024-11-07 15:14:59,480-WARNING- Sub-acquisition too short!
2024-11-07 15:14:59,482-INFO- Extracting acquisition with marker value: 4
2024-11-07 15:14:59,484-WARNING- Sub-acquisition too short!
2024-11-07 15:14:59,486-INFO- Extracting acquisition with marker value: 5
2024-11-07 15:14:59,488-WARNING- Sub-acquisition too short!
2024-11-07 15:14:59,489-INFO- STARTING STEP N.6/9
2024-11-07 15:14:59,489-INFO- TORQUE MIN: 0.23
2024-11-07 15:14:59,489-INFO- TORQUE MAX: 0.234
2024-11-07 15:14:59,489-INFO- TORQUE STEP: 0.001
2024-11-07 15:14:59,490-INFO- File name for the acquisition: ./out/PyVisaAcquisition_20241107_151459.visaacq
2024-11-07 15:15:00,502-INFO- File name for the acquisition: ./out/MasterCommanderAcquisition_20241107_151500.mcacq
2024-11-07 15:15:01,512-WARNING- PyVISA request error: list index out of range
2024-11-07 15:15:06,592-INFO- Write request detected
2024-11-07 15:15:06,592-INFO- Symbol to write: BD_Target_Speed
2024-11-07 15:15:07,836-INFO- Write request detected
2024-11-07 15:15:07,836-INFO- Symbol to write: BD_Target_Accel
2024-11-07 15:15:10,939-INFO- Write request detected
2024-11-07 15:15:10,939-INFO- Symbol to write: BD_Update_Cmd
2024-11-07 15:15:12,024-WARNING- DSP6000 Get Data error: VI_ERROR_TMO (-1073807339): Timeout expired before operation completed. with timeout = 1000
2024-11-07 15:15:12,025-WARNING- PyVISA request error: VI_ERROR_TMO (-1073807339): Timeout expired before operation completed.
2024-11-07 15:15:12,799-INFO- Write request detected
2024-11-07 15:15:12,799-INFO- Symbol to write: My_Measured_Temp
2024-11-07 15:15:13,284-INFO- Set torque request detected
2024-11-07 15:15:13,284-INFO- Value to set: 0
2024-11-07 15:15:15,799-INFO- Target speed: 12000.000000
2024-11-07 15:15:15,907-INFO- Write request detected
2024-11-07 15:15:15,907-INFO- Symbol to write: BD_Target_Speed
2024-11-07 15:15:17,143-INFO- Write request detected
2024-11-07 15:15:17,144-INFO- Symbol to write: BD_Target_Accel
2024-11-07 15:15:17,508-WARNING- DSP6000 Get Data error: VI_ERROR_TMO (-1073807339): Timeout expired before operation completed. with timeout = 1000
2024-11-07 15:15:17,508-WARNING- PyVISA request error: VI_ERROR_TMO (-1073807339): Timeout expired before operation completed.
2024-11-07 15:15:20,236-INFO- Write request detected
2024-11-07 15:15:20,236-INFO- Symbol to write: BD_Update_Cmd
2024-11-07 15:15:21,853-INFO- Current speed: 515.453722
2024-11-07 15:15:21,853-INFO- Speed error: 11484.546278
2024-11-07 15:15:23,865-INFO- Current speed: 1438.123541
2024-11-07 15:15:23,865-INFO- Speed error: 10561.876459
2024-11-07 15:15:25,929-INFO- Current speed: 2679.735509
2024-11-07 15:15:25,930-INFO- Speed error: 9320.264491
2024-11-07 15:15:27,939-INFO- Current speed: 3614.954590
2024-11-07 15:15:27,939-INFO- Speed error: 8385.045410
2024-11-07 15:15:29,959-INFO- Current speed: 4538.472518
2024-11-07 15:15:29,959-INFO- Speed error: 7461.527482
2024-11-07 15:15:31,974-INFO- Current speed: 5459.243217
2024-11-07 15:15:31,975-INFO- Speed error: 6540.756783
2024-11-07 15:15:33,990-INFO- Current speed: 6648.085180
2024-11-07 15:15:33,990-INFO- Speed error: 5351.914820
2024-11-07 15:15:35,998-INFO- Current speed: 7581.399530
2024-11-07 15:15:35,998-INFO- Speed error: 4418.600470
2024-11-07 15:15:38,008-INFO- Current speed: 8499.671290
2024-11-07 15:15:38,009-INFO- Speed error: 3500.328710
2024-11-07 15:15:40,064-INFO- Current speed: 9729.655544
2024-11-07 15:15:40,064-INFO- Speed error: 2270.344456
2024-11-07 15:15:42,078-INFO- Current speed: 10661.155505
2024-11-07 15:15:42,078-INFO- Speed error: 1338.844495
2024-11-07 15:15:44,087-INFO- Current speed: 11593.043056
2024-11-07 15:15:44,087-INFO- Speed error: 406.956944
2024-11-07 15:15:46,095-INFO- Applying torque value: 0.109000
2024-11-07 15:15:46,283-INFO- Set torque request detected
2024-11-07 15:15:46,284-INFO- Value to set: 0.109
2024-11-07 15:15:47,095-INFO- Read torque: -0.108000
2024-11-07 15:15:48,107-INFO- Applying torque value: 0.140250
2024-11-07 15:15:48,627-INFO- Set torque request detected
2024-11-07 15:15:48,627-INFO- Value to set: 0.14024999999999999
2024-11-07 15:15:49,111-INFO- Read torque: -0.111000
2024-11-07 15:15:50,118-INFO- Applying torque value: 0.171500
2024-11-07 15:15:50,212-INFO- Set torque request detected
2024-11-07 15:15:50,212-INFO- Value to set: 0.17149999999999999
2024-11-07 15:15:51,292-INFO- Read torque: -0.134000
2024-11-07 15:15:52,297-INFO- Applying torque value: 0.202750
2024-11-07 15:15:52,533-INFO- Set torque request detected
2024-11-07 15:15:52,533-INFO- Value to set: 0.20274999999999999
2024-11-07 15:15:53,300-INFO- Read torque: -0.152000
2024-11-07 15:15:54,312-INFO- Applying torque value: 0.234000
2024-11-07 15:15:54,869-INFO- Set torque request detected
2024-11-07 15:15:54,869-INFO- Value to set: 0.234
2024-11-07 15:15:55,324-INFO- Read torque: -0.197000
2024-11-07 15:15:56,343-INFO- Final torque reached: -0.216000
2024-11-07 15:15:56,343-INFO- Starting the measures
2024-11-07 15:15:59,353-INFO- Applying torque value: 0.234000
2024-11-07 15:15:59,353-INFO- Elapsed Time [Secs]: 0.000014
2024-11-07 15:15:59,354-INFO- Measured Temperature [C]: 39.165574
2024-11-07 15:15:59,360-INFO- Estimated ClassA Temperature [C]: 39.072105
2024-11-07 15:15:59,369-INFO- Estimated ClassB Temperature [C]: 61.416275
2024-11-07 15:15:59,727-INFO- Write request detected
2024-11-07 15:15:59,727-INFO- Symbol to write: My_Measured_Temp
2024-11-07 15:16:00,876-INFO- Set torque request detected
2024-11-07 15:16:00,876-INFO- Value to set: 0.234
2024-11-07 15:16:08,393-INFO- Applying torque value: 0.233000
2024-11-07 15:16:08,393-INFO- Elapsed Time [Secs]: 9.039440
2024-11-07 15:16:08,576-INFO- Measured Temperature [C]: 40.257685
2024-11-07 15:16:08,580-INFO- Estimated ClassA Temperature [C]: 39.165573
2024-11-07 15:16:08,586-INFO- Estimated ClassB Temperature [C]: 63.753014
2024-11-07 15:16:08,942-INFO- Write request detected
2024-11-07 15:16:08,942-INFO- Symbol to write: My_Measured_Temp
2024-11-07 15:16:09,821-INFO- Set torque request detected
2024-11-07 15:16:09,821-INFO- Value to set: 0.233
2024-11-07 15:16:17,618-INFO- Applying torque value: 0.232000
2024-11-07 15:16:17,620-INFO- Elapsed Time [Secs]: 18.265102
2024-11-07 15:16:17,620-INFO- Measured Temperature [C]: 41.278585
2024-11-07 15:16:17,735-INFO- Estimated ClassA Temperature [C]: 40.257687
2024-11-07 15:16:17,744-INFO- Estimated ClassB Temperature [C]: 66.125504
2024-11-07 15:16:18,242-INFO- Write request detected
2024-11-07 15:16:18,242-INFO- Symbol to write: My_Measured_Temp
2024-11-07 15:16:18,823-INFO- Set torque request detected
2024-11-07 15:16:18,823-INFO- Value to set: 0.232
2024-11-07 15:16:26,766-INFO- Applying torque value: 0.231000
2024-11-07 15:16:26,766-INFO- Elapsed Time [Secs]: 27.413005
2024-11-07 15:16:26,766-INFO- Measured Temperature [C]: 42.174691
2024-11-07 15:16:26,771-INFO- Estimated ClassA Temperature [C]: 41.278584
2024-11-07 15:16:26,777-INFO- Estimated ClassB Temperature [C]: 67.883141
2024-11-07 15:16:26,890-INFO- Write request detected
2024-11-07 15:16:26,890-INFO- Symbol to write: My_Measured_Temp
2024-11-07 15:16:28,313-INFO- Set torque request detected
2024-11-07 15:16:28,313-INFO- Value to set: 0.231
2024-11-07 15:16:35,814-INFO- Applying torque value: 0.230000
2024-11-07 15:16:35,814-INFO- Elapsed Time [Secs]: 36.460678
2024-11-07 15:16:35,815-INFO- Measured Temperature [C]: 43.038067
2024-11-07 15:16:35,821-INFO- Estimated ClassA Temperature [C]: 42.174690
2024-11-07 15:16:35,829-INFO- Estimated ClassB Temperature [C]: 69.895546
2024-11-07 15:16:36,065-INFO- Write request detected
2024-11-07 15:16:36,066-INFO- Symbol to write: My_Measured_Temp
2024-11-07 15:16:37,300-INFO- Set torque request detected
2024-11-07 15:16:37,300-INFO- Value to set: 0.23
2024-11-07 15:16:46,306-INFO- Set torque request detected
2024-11-07 15:16:46,306-INFO- Value to set: 0
2024-11-07 15:16:46,626-INFO- Write request detected
2024-11-07 15:16:46,626-INFO- Symbol to write: BD_Target_Speed
2024-11-07 15:16:47,257-INFO- Write request detected
2024-11-07 15:16:47,257-INFO- Symbol to write: BD_Target_Accel
2024-11-07 15:16:50,377-INFO- Write request detected
2024-11-07 15:16:50,377-INFO- Symbol to write: BD_Update_Cmd
2024-11-07 15:16:52,168-INFO- Current speed: 11394.268013
2024-11-07 15:16:52,168-INFO- Speed error: 11394.268013
2024-11-07 15:16:54,226-INFO- Current speed: 10129.365063
2024-11-07 15:16:54,226-INFO- Speed error: 10129.365063
2024-11-07 15:16:56,247-INFO- Current speed: 9189.100312
2024-11-07 15:16:56,247-INFO- Speed error: 9189.100312
2024-11-07 15:16:58,258-INFO- Current speed: 8272.049608
2024-11-07 15:16:58,258-INFO- Speed error: 8272.049608
2024-11-07 15:17:00,271-INFO- Current speed: 7346.258593
2024-11-07 15:17:00,272-INFO- Speed error: 7346.258593
2024-11-07 15:17:02,285-INFO- Current speed: 6209.575815
2024-11-07 15:17:02,286-INFO- Speed error: 6209.575815
2024-11-07 15:17:04,301-INFO- Current speed: 5435.532588
2024-11-07 15:17:04,301-INFO- Speed error: 5435.532588
2024-11-07 15:17:06,319-INFO- Current speed: 4758.657417
2024-11-07 15:17:06,320-INFO- Speed error: 4758.657417
2024-11-07 15:17:08,377-INFO- Current speed: 3930.707933
2024-11-07 15:17:08,377-INFO- Speed error: 3930.707933
2024-11-07 15:17:10,395-INFO- Current speed: 3321.242613
2024-11-07 15:17:10,395-INFO- Speed error: 3321.242613
2024-11-07 15:17:12,412-INFO- Current speed: 2767.075962
2024-11-07 15:17:12,412-INFO- Speed error: 2767.075962
2024-11-07 15:17:14,426-INFO- Current speed: 2233.314491
2024-11-07 15:17:14,426-INFO- Speed error: 2233.314491
2024-11-07 15:17:16,443-INFO- Current speed: 580.655910
2024-11-07 15:17:16,444-INFO- Speed error: 580.655910
2024-11-07 15:17:18,459-INFO- Current speed: 0.000000
2024-11-07 15:17:18,460-INFO- Speed error: 0.000000
2024-11-07 15:17:20,466-INFO- Stop Acquisition
2024-11-07 15:17:20,763-INFO- Termination Request
2024-11-07 15:17:21,401-INFO- Termination Request
2024-11-07 15:17:21,411-INFO- Calculated offset for syncing: 1.344617
2024-11-07 15:17:23,555-INFO- Extracting acquisition with marker value: 1
2024-11-07 15:17:23,558-WARNING- Sub-acquisition too short!
2024-11-07 15:17:23,559-INFO- Extracting acquisition with marker value: 2
2024-11-07 15:17:23,561-WARNING- Sub-acquisition too short!
2024-11-07 15:17:23,563-INFO- Extracting acquisition with marker value: 3
2024-11-07 15:17:23,564-WARNING- Sub-acquisition too short!
2024-11-07 15:17:23,566-INFO- Extracting acquisition with marker value: 4
2024-11-07 15:17:23,567-WARNING- Sub-acquisition too short!
2024-11-07 15:17:23,569-INFO- Extracting acquisition with marker value: 5
2024-11-07 15:17:23,570-WARNING- Sub-acquisition too short!
2024-11-07 15:17:23,572-INFO- STARTING STEP N.7/9
2024-11-07 15:17:23,573-INFO- TORQUE MIN: 0.23
2024-11-07 15:17:23,573-INFO- TORQUE MAX: 0.234
2024-11-07 15:17:23,573-INFO- TORQUE STEP: 0.001
2024-11-07 15:17:23,573-INFO- File name for the acquisition: ./out/PyVisaAcquisition_20241107_151723.visaacq
2024-11-07 15:17:24,585-INFO- File name for the acquisition: ./out/MasterCommanderAcquisition_20241107_151724.mcacq
2024-11-07 15:17:30,689-INFO- Write request detected
2024-11-07 15:17:30,689-INFO- Symbol to write: BD_Target_Speed
2024-11-07 15:17:31,946-INFO- Write request detected
2024-11-07 15:17:31,946-INFO- Symbol to write: BD_Target_Accel
2024-11-07 15:17:35,057-INFO- Write request detected
2024-11-07 15:17:35,057-INFO- Symbol to write: BD_Update_Cmd
2024-11-07 15:17:35,515-WARNING- DSP6000 Get Data error: VI_ERROR_TMO (-1073807339): Timeout expired before operation completed. with timeout = 1000
2024-11-07 15:17:35,515-WARNING- PyVISA request error: VI_ERROR_TMO (-1073807339): Timeout expired before operation completed.
2024-11-07 15:17:36,775-INFO- Set torque request detected
2024-11-07 15:17:36,775-INFO- Value to set: 0
2024-11-07 15:17:36,916-INFO- Write request detected
2024-11-07 15:17:36,916-INFO- Symbol to write: My_Measured_Temp
2024-11-07 15:17:39,698-INFO- Target speed: 14000.000000
2024-11-07 15:17:40,025-INFO- Write request detected
2024-11-07 15:17:40,025-INFO- Symbol to write: BD_Target_Speed
2024-11-07 15:17:41,283-INFO- Write request detected
2024-11-07 15:17:41,283-INFO- Symbol to write: BD_Target_Accel
2024-11-07 15:17:44,384-INFO- Write request detected
2024-11-07 15:17:44,384-INFO- Symbol to write: BD_Update_Cmd
2024-11-07 15:17:45,034-WARNING- Read request error: Request error:  Checksum error
2024-11-07 15:17:45,034-WARNING- Discarding the packet
2024-11-07 15:17:45,900-INFO- Current speed: 471.485882
2024-11-07 15:17:45,900-INFO- Speed error: 13528.514118
2024-11-07 15:17:47,914-INFO- Current speed: 1390.125270
2024-11-07 15:17:47,914-INFO- Speed error: 12609.874730
2024-11-07 15:17:49,975-INFO- Current speed: 2628.421446
2024-11-07 15:17:49,975-INFO- Speed error: 11371.578554
2024-11-07 15:17:51,991-INFO- Current speed: 3558.997017
2024-11-07 15:17:51,991-INFO- Speed error: 10441.002983
2024-11-07 15:17:54,006-INFO- Current speed: 4489.777750
2024-11-07 15:17:54,006-INFO- Speed error: 9510.222250
2024-11-07 15:17:56,021-INFO- Current speed: 5413.721445
2024-11-07 15:17:56,021-INFO- Speed error: 8586.278555
2024-11-07 15:17:58,037-INFO- Current speed: 6584.531417
2024-11-07 15:17:58,037-INFO- Speed error: 7415.468583
2024-11-07 15:18:00,053-INFO- Current speed: 7506.929704
2024-11-07 15:18:00,053-INFO- Speed error: 6493.070296
2024-11-07 15:18:02,068-INFO- Current speed: 8442.615059
2024-11-07 15:18:02,068-INFO- Speed error: 5557.384941
2024-11-07 15:18:04,093-INFO- Current speed: 9677.611761
2024-11-07 15:18:04,094-INFO- Speed error: 4322.388239
2024-11-07 15:18:06,105-INFO- Current speed: 10599.924371
2024-11-07 15:18:06,106-INFO- Speed error: 3400.075629
2024-11-07 15:18:08,117-INFO- Current speed: 11522.025991
2024-11-07 15:18:08,118-INFO- Speed error: 2477.974009
2024-11-07 15:18:10,137-INFO- Current speed: 12477.452231
2024-11-07 15:18:10,137-INFO- Speed error: 1522.547769
2024-11-07 15:18:12,148-INFO- Current speed: 13718.698757
2024-11-07 15:18:12,149-INFO- Speed error: 281.301243
2024-11-07 15:18:14,161-INFO- Applying torque value: 0.127000
2024-11-07 15:18:14,287-INFO- Set torque request detected
2024-11-07 15:18:14,287-INFO- Value to set: 0.127
2024-11-07 15:18:15,371-INFO- Read torque: -0.127000
2024-11-07 15:18:16,389-INFO- Applying torque value: 0.153750
2024-11-07 15:18:16,611-INFO- Set torque request detected
2024-11-07 15:18:16,611-INFO- Value to set: 0.15375
2024-11-07 15:18:17,398-INFO- Read torque: -0.130000
2024-11-07 15:18:18,415-INFO- Applying torque value: 0.180500
2024-11-07 15:18:18,936-INFO- Set torque request detected
2024-11-07 15:18:18,936-INFO- Value to set: 0.1805
2024-11-07 15:18:19,424-INFO- Read torque: -0.147000
2024-11-07 15:18:20,441-INFO- Applying torque value: 0.207250
2024-11-07 15:18:20,549-INFO- Set torque request detected
2024-11-07 15:18:20,549-INFO- Value to set: 0.20725000000000002
2024-11-07 15:18:21,627-INFO- Read torque: -0.175000
2024-11-07 15:18:22,640-INFO- Applying torque value: 0.234000
2024-11-07 15:18:22,876-INFO- Set torque request detected
2024-11-07 15:18:22,876-INFO- Value to set: 0.234
2024-11-07 15:18:23,641-INFO- Read torque: -0.197000
2024-11-07 15:18:24,777-INFO- Final torque reached: -0.222000
2024-11-07 15:18:24,777-INFO- Starting the measures
2024-11-07 15:18:27,784-INFO- Applying torque value: 0.234000
2024-11-07 15:18:27,784-INFO- Elapsed Time [Secs]: 0.000010
2024-11-07 15:18:27,784-INFO- Measured Temperature [C]: 44.046592
2024-11-07 15:18:27,789-INFO- Estimated ClassA Temperature [C]: 43.949074
2024-11-07 15:18:27,795-INFO- Estimated ClassB Temperature [C]: 67.527092
2024-11-07 15:18:28,133-INFO- Write request detected
2024-11-07 15:18:28,133-INFO- Symbol to write: My_Measured_Temp
2024-11-07 15:18:29,014-INFO- Set torque request detected
2024-11-07 15:18:29,014-INFO- Value to set: 0.234
2024-11-07 15:18:36,815-INFO- Applying torque value: 0.233000
2024-11-07 15:18:36,815-INFO- Elapsed Time [Secs]: 9.030621
2024-11-07 15:18:36,816-INFO- Measured Temperature [C]: 45.191989
2024-11-07 15:18:36,821-INFO- Estimated ClassA Temperature [C]: 44.046593
2024-11-07 15:18:36,826-INFO- Estimated ClassB Temperature [C]: 70.225166
2024-11-07 15:18:37,314-INFO- Write request detected
2024-11-07 15:18:37,314-INFO- Symbol to write: My_Measured_Temp
2024-11-07 15:18:38,018-INFO- Set torque request detected
2024-11-07 15:18:38,018-INFO- Value to set: 0.233
2024-11-07 15:18:45,846-INFO- Applying torque value: 0.232000
2024-11-07 15:18:45,846-INFO- Elapsed Time [Secs]: 18.061007
2024-11-07 15:18:45,847-INFO- Measured Temperature [C]: 46.235938
2024-11-07 15:18:45,851-INFO- Estimated ClassA Temperature [C]: 45.191990
2024-11-07 15:18:45,857-INFO- Estimated ClassB Temperature [C]: 72.444458
2024-11-07 15:18:46,002-INFO- Write request detected
2024-11-07 15:18:46,002-INFO- Symbol to write: My_Measured_Temp
2024-11-07 15:18:47,517-INFO- Set torque request detected
2024-11-07 15:18:47,517-INFO- Value to set: 0.232
2024-11-07 15:18:55,025-INFO- Applying torque value: 0.231000
2024-11-07 15:18:55,025-INFO- Elapsed Time [Secs]: 27.239914
2024-11-07 15:18:55,265-INFO- Measured Temperature [C]: 47.403278
2024-11-07 15:18:55,270-INFO- Estimated ClassA Temperature [C]: 46.235939
2024-11-07 15:18:55,277-INFO- Estimated ClassB Temperature [C]: 75.008263
2024-11-07 15:18:55,897-INFO- Write request detected
2024-11-07 15:18:55,897-INFO- Symbol to write: My_Measured_Temp
2024-11-07 15:18:56,513-INFO- Set torque request detected
2024-11-07 15:18:56,513-INFO- Value to set: 0.231
2024-11-07 15:19:04,413-INFO- Applying torque value: 0.230000
2024-11-07 15:19:04,413-INFO- Elapsed Time [Secs]: 36.628681
2024-11-07 15:19:04,414-INFO- Measured Temperature [C]: 48.366816
2024-11-07 15:19:04,420-INFO- Estimated ClassA Temperature [C]: 47.403278
2024-11-07 15:19:04,425-INFO- Estimated ClassB Temperature [C]: 77.113884
2024-11-07 15:19:04,460-INFO- Write request detected
2024-11-07 15:19:04,460-INFO- Symbol to write: My_Measured_Temp
2024-11-07 15:19:05,517-INFO- Set torque request detected
2024-11-07 15:19:05,517-INFO- Value to set: 0.23
2024-11-07 15:19:14,532-INFO- Set torque request detected
2024-11-07 15:19:14,532-INFO- Value to set: 0
2024-11-07 15:19:14,987-INFO- Write request detected
2024-11-07 15:19:14,987-INFO- Symbol to write: BD_Target_Speed
2024-11-07 15:19:15,628-INFO- Write request detected
2024-11-07 15:19:15,628-INFO- Symbol to write: BD_Target_Accel
2024-11-07 15:19:18,735-INFO- Write request detected
2024-11-07 15:19:18,735-INFO- Symbol to write: BD_Update_Cmd
2024-11-07 15:19:20,545-INFO- Current speed: 13398.652777
2024-11-07 15:19:20,545-INFO- Speed error: 13398.652777
2024-11-07 15:19:22,559-INFO- Current speed: 12127.514574
2024-11-07 15:19:22,560-INFO- Speed error: 12127.514574
2024-11-07 15:19:24,570-INFO- Current speed: 11187.736498
2024-11-07 15:19:24,571-INFO- Speed error: 11187.736498
2024-11-07 15:19:26,585-INFO- Current speed: 10257.050768
2024-11-07 15:19:26,585-INFO- Speed error: 10257.050768
2024-11-07 15:19:28,601-INFO- Current speed: 9321.713371
2024-11-07 15:19:28,602-INFO- Speed error: 9321.713371
2024-11-07 15:19:30,623-INFO- Current speed: 8083.856659
2024-11-07 15:19:30,623-INFO- Speed error: 8083.856659
2024-11-07 15:19:32,642-INFO- Current speed: 7228.148412
2024-11-07 15:19:32,643-INFO- Speed error: 7228.148412
2024-11-07 15:19:34,650-INFO- Current speed: 6367.917887
2024-11-07 15:19:34,651-INFO- Speed error: 6367.917887
2024-11-07 15:19:36,726-INFO- Current speed: 5333.156249
2024-11-07 15:19:36,726-INFO- Speed error: 5333.156249
2024-11-07 15:19:38,739-INFO- Current speed: 4651.610759
2024-11-07 15:19:38,739-INFO- Speed error: 4651.610759
2024-11-07 15:19:40,758-INFO- Current speed: 4004.281055
2024-11-07 15:19:40,758-INFO- Speed error: 4004.281055
2024-11-07 15:19:42,771-INFO- Current speed: 3387.062760
2024-11-07 15:19:42,771-INFO- Speed error: 3387.062760
2024-11-07 15:19:44,789-INFO- Current speed: 2641.393778
2024-11-07 15:19:44,789-INFO- Speed error: 2641.393778
2024-11-07 15:19:46,802-INFO- Current speed: 2121.292103
2024-11-07 15:19:46,802-INFO- Speed error: 2121.292103
2024-11-07 15:19:48,813-INFO- Current speed: 891.107351
2024-11-07 15:19:48,813-INFO- Speed error: 891.107351
2024-11-07 15:19:50,828-INFO- Current speed: 0.000000
2024-11-07 15:19:50,828-INFO- Speed error: 0.000000
2024-11-07 15:19:52,986-INFO- Stop Acquisition
2024-11-07 15:19:53,498-INFO- Termination Request
2024-11-07 15:19:54,075-INFO- Termination Request
2024-11-07 15:19:54,083-INFO- Calculated offset for syncing: 0.161426
2024-11-07 15:19:56,214-INFO- Extracting acquisition with marker value: 1
2024-11-07 15:19:56,217-WARNING- Sub-acquisition too short!
2024-11-07 15:19:56,218-INFO- Extracting acquisition with marker value: 2
2024-11-07 15:19:56,220-WARNING- Sub-acquisition too short!
2024-11-07 15:19:56,221-INFO- Extracting acquisition with marker value: 3
2024-11-07 15:19:56,223-WARNING- Sub-acquisition too short!
2024-11-07 15:19:56,225-INFO- Extracting acquisition with marker value: 4
2024-11-07 15:19:56,226-WARNING- Sub-acquisition too short!
2024-11-07 15:19:56,228-INFO- Extracting acquisition with marker value: 5
2024-11-07 15:19:56,230-WARNING- Sub-acquisition too short!
2024-11-07 15:19:56,232-INFO- STARTING STEP N.8/9
2024-11-07 15:19:56,232-INFO- TORQUE MIN: 0.23
2024-11-07 15:19:56,232-INFO- TORQUE MAX: 0.234
2024-11-07 15:19:56,232-INFO- TORQUE STEP: 0.001
2024-11-07 15:19:56,232-INFO- File name for the acquisition: ./out/PyVisaAcquisition_20241107_151956.visaacq
2024-11-07 15:19:57,237-INFO- File name for the acquisition: ./out/MasterCommanderAcquisition_20241107_151957.mcacq
2024-11-07 15:20:03,359-INFO- Write request detected
2024-11-07 15:20:03,360-INFO- Symbol to write: BD_Target_Speed
2024-11-07 15:20:04,611-INFO- Write request detected
2024-11-07 15:20:04,612-INFO- Symbol to write: BD_Target_Accel
2024-11-07 15:20:07,720-INFO- Write request detected
2024-11-07 15:20:07,720-INFO- Symbol to write: BD_Update_Cmd
2024-11-07 15:20:09,596-INFO- Write request detected
2024-11-07 15:20:09,596-INFO- Symbol to write: My_Measured_Temp
2024-11-07 15:20:10,019-INFO- Set torque request detected
2024-11-07 15:20:10,019-INFO- Value to set: 0
2024-11-07 15:20:12,537-INFO- Target speed: 16000.000000
2024-11-07 15:20:12,681-INFO- Write request detected
2024-11-07 15:20:12,681-INFO- Symbol to write: BD_Target_Speed
2024-11-07 15:20:13,925-INFO- Write request detected
2024-11-07 15:20:13,925-INFO- Symbol to write: BD_Target_Accel
2024-11-07 15:20:17,031-INFO- Write request detected
2024-11-07 15:20:17,031-INFO- Symbol to write: BD_Update_Cmd
2024-11-07 15:20:18,585-INFO- Current speed: 508.360416
2024-11-07 15:20:18,585-INFO- Speed error: 15491.639584
2024-11-07 15:20:19,614-WARNING- Read request error: Request error:  Checksum error
2024-11-07 15:20:19,614-WARNING- Discarding the packet
2024-11-07 15:20:20,600-INFO- Current speed: 1418.373038
2024-11-07 15:20:20,600-INFO- Speed error: 14581.626962
2024-11-07 15:20:22,706-INFO- Current speed: 2654.441589
2024-11-07 15:20:22,706-INFO- Speed error: 13345.558411
2024-11-07 15:20:24,722-INFO- Current speed: 3582.220098
2024-11-07 15:20:24,723-INFO- Speed error: 12417.779902
2024-11-07 15:20:26,736-INFO- Current speed: 4512.212244
2024-11-07 15:20:26,736-INFO- Speed error: 11487.787756
2024-11-07 15:20:28,745-INFO- Current speed: 5444.711197
2024-11-07 15:20:28,745-INFO- Speed error: 10555.288803
2024-11-07 15:20:30,751-INFO- Current speed: 6629.389331
2024-11-07 15:20:30,751-INFO- Speed error: 9370.610669
2024-11-07 15:20:32,771-INFO- Current speed: 7549.472567
2024-11-07 15:20:32,771-INFO- Speed error: 8450.527433
2024-11-07 15:20:34,780-INFO- Current speed: 8475.829522
2024-11-07 15:20:34,780-INFO- Speed error: 7524.170478
2024-11-07 15:20:36,840-INFO- Current speed: 9705.420940
2024-11-07 15:20:36,840-INFO- Speed error: 6294.579060
2024-11-07 15:20:38,852-INFO- Current speed: 10633.385376
2024-11-07 15:20:38,852-INFO- Speed error: 5366.614624
2024-11-07 15:20:40,872-INFO- Current speed: 11572.840558
2024-11-07 15:20:40,872-INFO- Speed error: 4427.159442
2024-11-07 15:20:42,879-INFO- Current speed: 12507.325257
2024-11-07 15:20:42,879-INFO- Speed error: 3492.674743
2024-11-07 15:20:44,903-INFO- Current speed: 13759.905744
2024-11-07 15:20:44,903-INFO- Speed error: 2240.094256
2024-11-07 15:20:46,915-INFO- Current speed: 14693.235248
2024-11-07 15:20:46,915-INFO- Speed error: 1306.764752
2024-11-07 15:20:48,927-INFO- Current speed: 15632.827981
2024-11-07 15:20:48,927-INFO- Speed error: 367.172019
2024-11-07 15:20:50,939-INFO- Applying torque value: 0.165000
2024-11-07 15:20:51,284-INFO- Set torque request detected
2024-11-07 15:20:51,284-INFO- Value to set: 0.165
2024-11-07 15:20:51,942-INFO- Read torque: -0.165000
2024-11-07 15:20:52,949-INFO- Applying torque value: 0.182250
2024-11-07 15:20:53,626-INFO- Set torque request detected
2024-11-07 15:20:53,626-INFO- Value to set: 0.18225000000000002
2024-11-07 15:20:53,992-INFO- Read torque: -0.164000
2024-11-07 15:20:55,002-INFO- Applying torque value: 0.199500
2024-11-07 15:20:55,284-INFO- Set torque request detected
2024-11-07 15:20:55,284-INFO- Value to set: 0.1995
2024-11-07 15:20:56,013-INFO- Read torque: -0.167000
2024-11-07 15:20:57,080-INFO- Applying torque value: 0.216750
2024-11-07 15:20:57,627-INFO- Set torque request detected
2024-11-07 15:20:57,627-INFO- Value to set: 0.21675
2024-11-07 15:20:58,082-INFO- Read torque: -0.192000
2024-11-07 15:20:59,094-INFO- Applying torque value: 0.234000
2024-11-07 15:20:59,221-INFO- Set torque request detected
2024-11-07 15:20:59,221-INFO- Value to set: 0.234
2024-11-07 15:21:00,336-INFO- Read torque: -0.219000
2024-11-07 15:21:01,375-INFO- Final torque reached: -0.220000
2024-11-07 15:21:01,375-INFO- Starting the measures
2024-11-07 15:21:04,381-INFO- Applying torque value: 0.234000
2024-11-07 15:21:04,381-INFO- Elapsed Time [Secs]: 0.000010
2024-11-07 15:21:04,382-INFO- Measured Temperature [C]: 48.730662
2024-11-07 15:21:04,386-INFO- Estimated ClassA Temperature [C]: 48.922749
2024-11-07 15:21:04,392-INFO- Estimated ClassB Temperature [C]: 72.920616
2024-11-07 15:21:04,509-INFO- Write request detected
2024-11-07 15:21:04,509-INFO- Symbol to write: My_Measured_Temp
2024-11-07 15:21:06,029-INFO- Set torque request detected
2024-11-07 15:21:06,029-INFO- Value to set: 0.234
2024-11-07 15:21:13,518-INFO- Applying torque value: 0.233000
2024-11-07 15:21:13,518-INFO- Elapsed Time [Secs]: 9.136488
2024-11-07 15:21:14,333-WARNING- DSP6000 Get Data error: VI_ERROR_TMO (-1073807339): Timeout expired before operation completed. with timeout = 1000
2024-11-07 15:21:14,334-WARNING- PyVISA request error: VI_ERROR_TMO (-1073807339): Timeout expired before operation completed.
2024-11-07 15:21:14,334-INFO- Measured Temperature [C]: 49.752078
2024-11-07 15:21:14,339-INFO- Estimated ClassA Temperature [C]: 48.730663
2024-11-07 15:21:14,345-INFO- Estimated ClassB Temperature [C]: 76.342186
2024-11-07 15:21:14,424-INFO- Write request detected
2024-11-07 15:21:14,424-INFO- Symbol to write: My_Measured_Temp
2024-11-07 15:21:15,588-INFO- Set torque request detected
2024-11-07 15:21:15,589-INFO- Value to set: 0.233
2024-11-07 15:21:23,360-INFO- Applying torque value: 0.232000
2024-11-07 15:21:23,360-INFO- Elapsed Time [Secs]: 18.979074
2024-11-07 15:21:23,360-INFO- Measured Temperature [C]: 51.079888
2024-11-07 15:21:23,367-INFO- Estimated ClassA Temperature [C]: 49.752079
2024-11-07 15:21:23,375-INFO- Estimated ClassB Temperature [C]: 79.162514
2024-11-07 15:21:23,706-INFO- Write request detected
2024-11-07 15:21:23,706-INFO- Symbol to write: My_Measured_Temp
2024-11-07 15:21:24,586-INFO- Set torque request detected
2024-11-07 15:21:24,586-INFO- Value to set: 0.232
2024-11-07 15:21:32,411-INFO- Applying torque value: 0.231000
2024-11-07 15:21:32,415-INFO- Elapsed Time [Secs]: 28.030548
2024-11-07 15:21:32,415-INFO- Measured Temperature [C]: 52.060998
2024-11-07 15:21:32,420-INFO- Estimated ClassA Temperature [C]: 51.079887
2024-11-07 15:21:32,426-INFO- Estimated ClassB Temperature [C]: 81.762177
2024-11-07 15:21:32,923-INFO- Write request detected
2024-11-07 15:21:32,923-INFO- Symbol to write: My_Measured_Temp
2024-11-07 15:21:33,609-INFO- Set torque request detected
2024-11-07 15:21:33,609-INFO- Value to set: 0.231
2024-11-07 15:21:41,447-INFO- Applying torque value: 0.230000
2024-11-07 15:21:41,447-INFO- Elapsed Time [Secs]: 37.066160
2024-11-07 15:21:41,447-INFO- Measured Temperature [C]: 52.963914
2024-11-07 15:21:41,454-INFO- Estimated ClassA Temperature [C]: 52.060997
2024-11-07 15:21:41,462-INFO- Estimated ClassB Temperature [C]: 84.170807
2024-11-07 15:21:41,606-INFO- Write request detected
2024-11-07 15:21:41,607-INFO- Symbol to write: My_Measured_Temp
2024-11-07 15:21:42,590-INFO- Set torque request detected
2024-11-07 15:21:42,590-INFO- Value to set: 0.23
2024-11-07 15:21:51,550-INFO- Write request detected
2024-11-07 15:21:51,550-INFO- Symbol to write: BD_Target_Speed
2024-11-07 15:21:51,565-INFO- Set torque request detected
2024-11-07 15:21:51,565-INFO- Value to set: 0
2024-11-07 15:21:52,783-INFO- Write request detected
2024-11-07 15:21:52,783-INFO- Symbol to write: BD_Target_Accel
2024-11-07 15:21:55,880-INFO- Write request detected
2024-11-07 15:21:55,880-INFO- Symbol to write: BD_Update_Cmd
2024-11-07 15:21:57,554-INFO- Current speed: 15406.700125
2024-11-07 15:21:57,555-INFO- Speed error: 15406.700125
2024-11-07 15:21:59,564-INFO- Current speed: 14464.784180
2024-11-07 15:21:59,564-INFO- Speed error: 14464.784180
2024-11-07 15:22:01,569-INFO- Current speed: 13206.884670
2024-11-07 15:22:01,570-INFO- Speed error: 13206.884670
2024-11-07 15:22:03,584-INFO- Current speed: 12270.763349
2024-11-07 15:22:03,584-INFO- Speed error: 12270.763349
2024-11-07 15:22:05,596-INFO- Current speed: 11389.423423
2024-11-07 15:22:05,597-INFO- Speed error: 11389.423423
2024-11-07 15:22:07,641-INFO- Current speed: 10140.315514
2024-11-07 15:22:07,642-INFO- Speed error: 10140.315514
2024-11-07 15:22:09,648-INFO- Current speed: 9219.394150
2024-11-07 15:22:09,649-INFO- Speed error: 9219.394150
2024-11-07 15:22:11,661-INFO- Current speed: 8280.928635
2024-11-07 15:22:11,662-INFO- Speed error: 8280.928635
2024-11-07 15:22:13,677-INFO- Current speed: 7357.043516
2024-11-07 15:22:13,677-INFO- Speed error: 7357.043516
2024-11-07 15:22:15,703-INFO- Current speed: 6239.118952
2024-11-07 15:22:15,703-INFO- Speed error: 6239.118952
2024-11-07 15:22:17,720-INFO- Current speed: 5480.500077
2024-11-07 15:22:17,720-INFO- Speed error: 5480.500077
2024-11-07 15:22:19,725-INFO- Current speed: 4801.343076
2024-11-07 15:22:19,725-INFO- Speed error: 4801.343076
2024-11-07 15:22:21,730-INFO- Current speed: 4160.110200
2024-11-07 15:22:21,730-INFO- Speed error: 4160.110200
2024-11-07 15:22:23,783-INFO- Current speed: 3348.426402
2024-11-07 15:22:23,784-INFO- Speed error: 3348.426402
2024-11-07 15:22:25,795-INFO- Current speed: 2800.121109
2024-11-07 15:22:25,795-INFO- Speed error: 2800.121109
2024-11-07 15:22:27,804-INFO- Current speed: 2288.015017
2024-11-07 15:22:27,804-INFO- Speed error: 2288.015017
2024-11-07 15:22:29,816-INFO- Current speed: 1681.370656
2024-11-07 15:22:29,816-INFO- Speed error: 1681.370656
2024-11-07 15:22:31,831-INFO- Current speed: 0.000000
2024-11-07 15:22:31,831-INFO- Speed error: 0.000000
2024-11-07 15:22:33,832-INFO- Stop Acquisition
2024-11-07 15:22:33,959-INFO- Termination Request
2024-11-07 15:22:34,328-INFO- Termination Request
2024-11-07 15:22:34,337-INFO- Calculated offset for syncing: 1.255210
2024-11-07 15:22:36,480-INFO- Extracting acquisition with marker value: 1
2024-11-07 15:22:36,482-WARNING- Sub-acquisition too short!
2024-11-07 15:22:36,484-INFO- Extracting acquisition with marker value: 2
2024-11-07 15:22:36,486-WARNING- Sub-acquisition too short!
2024-11-07 15:22:36,487-INFO- Extracting acquisition with marker value: 3
2024-11-07 15:22:36,489-WARNING- Sub-acquisition too short!
2024-11-07 15:22:36,490-INFO- Extracting acquisition with marker value: 4
2024-11-07 15:22:36,492-WARNING- Sub-acquisition too short!
2024-11-07 15:22:36,493-INFO- Extracting acquisition with marker value: 5
2024-11-07 15:22:36,495-WARNING- Sub-acquisition too short!
2024-11-07 15:22:36,497-INFO- STARTING STEP N.9/9
2024-11-07 15:22:36,497-INFO- TORQUE MIN: 0.23
2024-11-07 15:22:36,498-INFO- TORQUE MAX: 0.234
2024-11-07 15:22:36,498-INFO- TORQUE STEP: 0.001
2024-11-07 15:22:36,498-INFO- File name for the acquisition: ./out/PyVisaAcquisition_20241107_152236.visaacq
2024-11-07 15:22:37,507-INFO- File name for the acquisition: ./out/MasterCommanderAcquisition_20241107_152237.mcacq
2024-11-07 15:22:41,030-WARNING- DSP6000 Get Data error: VI_ERROR_TMO (-1073807339): Timeout expired before operation completed. with timeout = 1000
2024-11-07 15:22:41,030-WARNING- PyVISA request error: VI_ERROR_TMO (-1073807339): Timeout expired before operation completed.
2024-11-07 15:22:43,637-INFO- Write request detected
2024-11-07 15:22:43,637-INFO- Symbol to write: BD_Target_Speed
2024-11-07 15:22:44,887-INFO- Write request detected
2024-11-07 15:22:44,887-INFO- Symbol to write: BD_Target_Accel
2024-11-07 15:22:47,982-INFO- Write request detected
2024-11-07 15:22:47,982-INFO- Symbol to write: BD_Update_Cmd
2024-11-07 15:22:49,762-INFO- Set torque request detected
2024-11-07 15:22:49,763-INFO- Value to set: 0
2024-11-07 15:22:49,839-INFO- Write request detected
2024-11-07 15:22:49,839-INFO- Symbol to write: My_Measured_Temp
2024-11-07 15:22:52,633-INFO- Target speed: 18000.000000
2024-11-07 15:22:52,959-INFO- Write request detected
2024-11-07 15:22:52,959-INFO- Symbol to write: BD_Target_Speed
2024-11-07 15:22:54,191-INFO- Write request detected
2024-11-07 15:22:54,191-INFO- Symbol to write: BD_Target_Accel
2024-11-07 15:22:57,316-INFO- Write request detected
2024-11-07 15:22:57,316-INFO- Symbol to write: BD_Update_Cmd
2024-11-07 15:22:58,836-INFO- Current speed: 502.652199
2024-11-07 15:22:58,836-INFO- Speed error: 17497.347801
2024-11-07 15:23:00,853-INFO- Current speed: 1432.812823
2024-11-07 15:23:00,854-INFO- Speed error: 16567.187177
2024-11-07 15:23:02,864-INFO- Current speed: 2347.361675
2024-11-07 15:23:02,864-INFO- Speed error: 15652.638325
2024-11-07 15:23:04,876-INFO- Current speed: 3585.345010
2024-11-07 15:23:04,876-INFO- Speed error: 14414.654990
2024-11-07 15:23:06,891-INFO- Current speed: 4511.314083
2024-11-07 15:23:06,891-INFO- Speed error: 13488.685917
2024-11-07 15:23:08,899-INFO- Current speed: 5467.567961
2024-11-07 15:23:08,899-INFO- Speed error: 12532.432039
2024-11-07 15:23:10,943-INFO- Current speed: 6623.968310
2024-11-07 15:23:10,943-INFO- Speed error: 11376.031690
2024-11-07 15:23:12,954-INFO- Current speed: 7536.471675
2024-11-07 15:23:12,954-INFO- Speed error: 10463.528325
2024-11-07 15:23:14,960-INFO- Current speed: 8451.068611
2024-11-07 15:23:14,961-INFO- Speed error: 9548.931389
2024-11-07 15:23:16,971-INFO- Current speed: 9388.722226
2024-11-07 15:23:16,971-INFO- Speed error: 8611.277774
2024-11-07 15:23:18,992-INFO- Current speed: 10634.164054
2024-11-07 15:23:18,992-INFO- Speed error: 7365.835946
2024-11-07 15:23:21,014-INFO- Current speed: 11571.624748
2024-11-07 15:23:21,014-INFO- Speed error: 6428.375252
2024-11-07 15:23:23,021-INFO- Current speed: 12505.893795
2024-11-07 15:23:23,022-INFO- Speed error: 5494.106205
2024-11-07 15:23:25,042-INFO- Current speed: 13454.948398
2024-11-07 15:23:25,042-INFO- Speed error: 4545.051602
2024-11-07 15:23:27,048-INFO- Current speed: 14675.907331
2024-11-07 15:23:27,049-INFO- Speed error: 3324.092669
2024-11-07 15:23:29,072-INFO- Current speed: 15624.704318
2024-11-07 15:23:29,072-INFO- Speed error: 2375.295682
2024-11-07 15:23:31,079-INFO- Current speed: 16565.980301
2024-11-07 15:23:31,079-INFO- Speed error: 1434.019699
2024-11-07 15:23:33,086-INFO- Current speed: 17494.257723
2024-11-07 15:23:33,086-INFO- Speed error: 505.742277
2024-11-07 15:23:35,092-INFO- Applying torque value: 0.179000
2024-11-07 15:23:35,497-INFO- Set torque request detected
2024-11-07 15:23:35,497-INFO- Value to set: 0.179
2024-11-07 15:23:36,106-INFO- Read torque: -0.177000
2024-11-07 15:23:37,120-INFO- Applying torque value: 0.192750
2024-11-07 15:23:37,848-INFO- Set torque request detected
2024-11-07 15:23:37,848-INFO- Value to set: 0.19275
2024-11-07 15:23:38,193-INFO- Read torque: -0.178000
2024-11-07 15:23:39,212-INFO- Applying torque value: 0.206500
2024-11-07 15:23:39,431-INFO- Set torque request detected
2024-11-07 15:23:39,432-INFO- Value to set: 0.20650000000000002
2024-11-07 15:23:40,222-INFO- Read torque: -0.185000
2024-11-07 15:23:41,240-INFO- Applying torque value: 0.220250
2024-11-07 15:23:41,769-INFO- Set torque request detected
2024-11-07 15:23:41,769-INFO- Value to set: 0.22025
2024-11-07 15:23:42,252-INFO- Read torque: -0.200000
2024-11-07 15:23:43,263-INFO- Applying torque value: 0.234000
2024-11-07 15:23:43,357-INFO- Set torque request detected
2024-11-07 15:23:43,357-INFO- Value to set: 0.234
2024-11-07 15:23:44,447-INFO- Read torque: -0.219000
2024-11-07 15:23:45,459-INFO- Final torque reached: -0.222000
2024-11-07 15:23:45,459-INFO- Starting the measures
2024-11-07 15:23:48,473-INFO- Applying torque value: 0.234000
2024-11-07 15:23:48,473-INFO- Elapsed Time [Secs]: 0.000010
2024-11-07 15:23:48,473-INFO- Measured Temperature [C]: 53.104882
2024-11-07 15:23:48,478-INFO- Estimated ClassA Temperature [C]: 53.009506
2024-11-07 15:23:48,484-INFO- Estimated ClassB Temperature [C]: 78.621117
2024-11-07 15:23:48,535-INFO- Write request detected
2024-11-07 15:23:48,535-INFO- Symbol to write: My_Measured_Temp
2024-11-07 15:23:50,137-INFO- Set torque request detected
2024-11-07 15:23:50,137-INFO- Value to set: 0.234
2024-11-07 15:23:57,628-INFO- Applying torque value: 0.233000
2024-11-07 15:23:57,628-INFO- Elapsed Time [Secs]: 9.155167
2024-11-07 15:23:57,767-INFO- Measured Temperature [C]: 54.541830
2024-11-07 15:23:57,774-INFO- Estimated ClassA Temperature [C]: 53.104881
2024-11-07 15:23:57,782-INFO- Estimated ClassB Temperature [C]: 82.083221
2024-11-07 15:23:57,787-INFO- Write request detected
2024-11-07 15:23:57,788-INFO- Symbol to write: My_Measured_Temp
2024-11-07 15:23:59,003-INFO- Set torque request detected
2024-11-07 15:23:59,004-INFO- Value to set: 0.233
2024-11-07 15:24:06,810-INFO- Applying torque value: 0.232000
2024-11-07 15:24:06,810-INFO- Elapsed Time [Secs]: 18.337686
2024-11-07 15:24:06,810-INFO- Measured Temperature [C]: 55.839511
2024-11-07 15:24:06,814-INFO- Estimated ClassA Temperature [C]: 54.541828
2024-11-07 15:24:06,820-INFO- Estimated ClassB Temperature [C]: 85.646332
2024-11-07 15:24:07,122-INFO- Write request detected
2024-11-07 15:24:07,122-INFO- Symbol to write: My_Measured_Temp
2024-11-07 15:24:08,027-INFO- Set torque request detected
2024-11-07 15:24:08,027-INFO- Value to set: 0.232
2024-11-07 15:24:15,846-INFO- Applying torque value: 0.231000
2024-11-07 15:24:15,846-INFO- Elapsed Time [Secs]: 27.373294
2024-11-07 15:24:15,846-INFO- Measured Temperature [C]: 57.001592
2024-11-07 15:24:15,853-INFO- Estimated ClassA Temperature [C]: 55.839512
2024-11-07 15:24:15,862-INFO- Estimated ClassB Temperature [C]: 88.605476
2024-11-07 15:24:16,283-INFO- Write request detected
2024-11-07 15:24:16,284-INFO- Symbol to write: My_Measured_Temp
2024-11-07 15:24:17,002-INFO- Set torque request detected
2024-11-07 15:24:17,002-INFO- Value to set: 0.231
2024-11-07 15:24:24,880-INFO- Applying torque value: 0.230000
2024-11-07 15:24:24,880-INFO- Elapsed Time [Secs]: 36.407667
2024-11-07 15:24:24,880-INFO- Measured Temperature [C]: 58.124318
2024-11-07 15:24:24,885-INFO- Estimated ClassA Temperature [C]: 57.001591
2024-11-07 15:24:24,891-INFO- Estimated ClassB Temperature [C]: 91.013397
2024-11-07 15:24:24,911-INFO- Write request detected
2024-11-07 15:24:24,911-INFO- Symbol to write: My_Measured_Temp
2024-11-07 15:24:26,003-INFO- Set torque request detected
2024-11-07 15:24:26,003-INFO- Value to set: 0.23
2024-11-07 15:24:31,861-WARNING- Read request error: Request error:  b'@' is not a valid EnumPktBytes
2024-11-07 15:24:31,861-WARNING- Discarding the packet
2024-11-07 15:24:35,479-INFO- Write request detected
2024-11-07 15:24:35,479-INFO- Symbol to write: BD_Target_Speed
2024-11-07 15:24:35,543-INFO- Set torque request detected
2024-11-07 15:24:35,543-INFO- Value to set: 0
2024-11-07 15:24:36,119-INFO- Write request detected
2024-11-07 15:24:36,119-INFO- Symbol to write: BD_Target_Accel
2024-11-07 15:24:39,233-INFO- Write request detected
2024-11-07 15:24:39,234-INFO- Symbol to write: BD_Update_Cmd
2024-11-07 15:24:41,024-INFO- Current speed: 17387.580004
2024-11-07 15:24:41,024-INFO- Speed error: 17387.580004
2024-11-07 15:24:43,064-INFO- Current speed: 16132.528263
2024-11-07 15:24:43,064-INFO- Speed error: 16132.528263
2024-11-07 15:24:45,080-INFO- Current speed: 15257.137997
2024-11-07 15:24:45,081-INFO- Speed error: 15257.137997
2024-11-07 15:24:47,096-INFO- Current speed: 14320.184376
2024-11-07 15:24:47,096-INFO- Speed error: 14320.184376
2024-11-07 15:24:49,135-INFO- Current speed: 13073.916077
2024-11-07 15:24:49,136-INFO- Speed error: 13073.916077
2024-11-07 15:24:51,155-INFO- Current speed: 12137.704998
2024-11-07 15:24:51,156-INFO- Speed error: 12137.704998
2024-11-07 15:24:53,175-INFO- Current speed: 11192.302488
2024-11-07 15:24:53,175-INFO- Speed error: 11192.302488
2024-11-07 15:24:55,182-INFO- Current speed: 10253.639972
2024-11-07 15:24:55,182-INFO- Speed error: 10253.639972
2024-11-07 15:24:57,199-INFO- Current speed: 9019.458667
2024-11-07 15:24:57,199-INFO- Speed error: 9019.458667
2024-11-07 15:24:59,205-INFO- Current speed: 8098.388096
2024-11-07 15:24:59,205-INFO- Speed error: 8098.388096
2024-11-07 15:25:01,212-INFO- Current speed: 7192.308242
2024-11-07 15:25:01,212-INFO- Speed error: 7192.308242
2024-11-07 15:25:03,225-INFO- Current speed: 6377.203739
2024-11-07 15:25:03,225-INFO- Speed error: 6377.203739
2024-11-07 15:25:05,247-INFO- Current speed: 5393.787638
2024-11-07 15:25:05,247-INFO- Speed error: 5393.787638
2024-11-07 15:25:07,252-INFO- Current speed: 4756.094949
2024-11-07 15:25:07,252-INFO- Speed error: 4756.094949
2024-11-07 15:25:09,265-INFO- Current speed: 4150.887878
2024-11-07 15:25:09,265-INFO- Speed error: 4150.887878
2024-11-07 15:25:11,274-INFO- Current speed: 3548.172169
2024-11-07 15:25:11,274-INFO- Speed error: 3548.172169
2024-11-07 15:25:13,294-INFO- Current speed: 2842.691073
2024-11-07 15:25:13,294-INFO- Speed error: 2842.691073
2024-11-07 15:25:15,303-INFO- Current speed: 2338.607959
2024-11-07 15:25:15,303-INFO- Speed error: 2338.607959
2024-11-07 15:25:17,309-INFO- Current speed: 1895.754667
2024-11-07 15:25:17,310-INFO- Speed error: 1895.754667
2024-11-07 15:25:19,397-INFO- Current speed: 0.000000
2024-11-07 15:25:19,397-INFO- Speed error: 0.000000
2024-11-07 15:25:21,439-INFO- Stop Acquisition
2024-11-07 15:25:21,941-INFO- Termination Request
2024-11-07 15:25:22,521-INFO- Termination Request
2024-11-07 15:25:22,529-INFO- Calculated offset for syncing: 0.739691
2024-11-07 15:25:24,684-INFO- Extracting acquisition with marker value: 1
2024-11-07 15:25:24,687-WARNING- Sub-acquisition too short!
2024-11-07 15:25:24,689-INFO- Extracting acquisition with marker value: 2
2024-11-07 15:25:24,692-WARNING- Sub-acquisition too short!
2024-11-07 15:25:24,694-INFO- Extracting acquisition with marker value: 3
2024-11-07 15:25:24,697-WARNING- Sub-acquisition too short!
2024-11-07 15:25:24,699-INFO- Extracting acquisition with marker value: 4
2024-11-07 15:25:24,702-WARNING- Sub-acquisition too short!
2024-11-07 15:25:24,704-INFO- Extracting acquisition with marker value: 5
2024-11-07 15:25:24,706-WARNING- Sub-acquisition too short!
