2024-11-20 15:50:19,966-INFO- RUNNING THE TEST
2024-11-20 15:50:26,977-INFO- File name for the acquisition: ./out/PyVisaAcquisition_20241120_155026.visaacq
2024-11-20 15:50:27,990-INFO- File name for the acquisition: ./out/MasterCommanderAcquisition_20241120_155027.mcacq
2024-11-20 15:50:29,716-INFO- Set torque request detected
2024-11-20 15:50:29,716-INFO- Value to set: 0
2024-11-20 15:50:33,998-INFO- Applying demagnetization algorithm
2024-11-20 15:50:34,522-INFO- Write request detected
2024-11-20 15:50:34,522-INFO- Symbol to write: BD_Target_Speed
2024-11-20 15:50:34,528-WARNING- DSP6000 Get Data error: VI_ERROR_TMO (-1073807339): Timeout expired before operation completed. with timeout = 1000
2024-11-20 15:50:34,528-WARNING- PyVISA request error: VI_ERROR_TMO (-1073807339): Timeout expired before operation completed.
2024-11-20 15:50:35,144-INFO- Write request detected
2024-11-20 15:50:35,144-INFO- Symbol to write: BD_Target_Accel
2024-11-20 15:50:38,104-INFO- Write request detected
2024-11-20 15:50:38,104-INFO- Symbol to write: BD_Update_Cmd
2024-11-20 15:50:40,064-INFO- Current speed: 0.111858
2024-11-20 15:50:40,064-INFO- Speed error: 999.888142
2024-11-20 15:50:42,072-INFO- Current speed: 419.820073
2024-11-20 15:50:42,072-INFO- Speed error: 580.179927
2024-11-20 15:50:44,082-INFO- Current speed: 1012.113022
2024-11-20 15:50:44,082-INFO- Speed error: 12.113022
2024-11-20 15:50:48,333-INFO- Set torque request detected
2024-11-20 15:50:48,333-INFO- Value to set: 0.5
2024-11-20 15:50:53,614-INFO- Set torque request detected
2024-11-20 15:50:53,614-INFO- Value to set: 0
2024-11-20 15:50:53,636-INFO- Write request detected
2024-11-20 15:50:53,636-INFO- Symbol to write: BD_Target_Speed
2024-11-20 15:50:54,251-INFO- Write request detected
2024-11-20 15:50:54,251-INFO- Symbol to write: BD_Target_Accel
2024-11-20 15:50:57,211-INFO- Write request detected
2024-11-20 15:50:57,211-INFO- Symbol to write: BD_Update_Cmd
2024-11-20 15:50:59,168-INFO- Current speed: 228.762123
2024-11-20 15:50:59,168-INFO- Speed error: 228.762123
2024-11-20 15:51:01,174-INFO- Current speed: 0.000000
2024-11-20 15:51:01,174-INFO- Speed error: 0.000000
2024-11-20 15:51:04,185-INFO- STARTING STEP N.0/2
2024-11-20 15:51:04,185-INFO- TORQUE MIN: 0.1
2024-11-20 15:51:04,185-INFO- TORQUE MAX: 3.2
2024-11-20 15:51:04,185-INFO- TORQUE STEP: 0.1
2024-11-20 15:51:04,272-INFO- Write request detected
2024-11-20 15:51:04,272-INFO- Symbol to write: BD_Target_Speed
2024-11-20 15:51:05,485-INFO- Write request detected
2024-11-20 15:51:05,485-INFO- Symbol to write: BD_Target_Accel
2024-11-20 15:51:08,466-INFO- Write request detected
2024-11-20 15:51:08,466-INFO- Symbol to write: BD_Update_Cmd
2024-11-20 15:51:10,218-INFO- Applying motor heating algorithm
2024-11-20 15:51:10,218-INFO- Initial temperature: 35.624493
2024-11-20 15:51:10,272-INFO- Write request detected
2024-11-20 15:51:10,272-INFO- Symbol to write: BD_Target_Speed
2024-11-20 15:51:10,583-INFO- Set torque request detected
2024-11-20 15:51:10,583-INFO- Value to set: 0
2024-11-20 15:51:11,491-INFO- Write request detected
2024-11-20 15:51:11,491-INFO- Symbol to write: BD_Target_Accel
2024-11-20 15:51:14,458-INFO- Write request detected
2024-11-20 15:51:14,458-INFO- Symbol to write: BD_Update_Cmd
2024-11-20 15:51:14,574-WARNING- Read request error: Request error:  Checksum error
2024-11-20 15:51:14,574-WARNING- Discarding the packet
2024-11-20 15:51:16,257-INFO- Current speed: 0.012877
2024-11-20 15:51:16,257-INFO- Speed error: 779.987123
2024-11-20 15:51:18,260-INFO- Current speed: 281.530125
2024-11-20 15:51:18,260-INFO- Speed error: 498.469875
2024-11-20 15:51:20,271-INFO- Current speed: 709.751804
2024-11-20 15:51:20,271-INFO- Speed error: 70.248196
2024-11-20 15:51:22,332-INFO- Current speed: 777.934868
2024-11-20 15:51:22,332-INFO- Speed error: 2.065132
2024-11-20 15:51:25,347-INFO- Applying torque value: 0.000000
2024-11-20 15:51:25,347-INFO- Read torque: -0.036000
2024-11-20 15:51:25,347-INFO- Temperature: 35.905199
2024-11-20 15:51:25,573-INFO- Set torque request detected
2024-11-20 15:51:25,573-INFO- Value to set: 0.0
2024-11-20 15:51:26,348-INFO- Applying torque value: 0.050000
2024-11-20 15:51:26,348-INFO- Read torque: -0.036000
2024-11-20 15:51:26,348-INFO- Temperature: 35.898790
2024-11-20 15:51:26,590-INFO- Set torque request detected
2024-11-20 15:51:26,590-INFO- Value to set: 0.049999999999999996
2024-11-20 15:51:27,353-INFO- Applying torque value: 0.100000
2024-11-20 15:51:27,353-INFO- Read torque: -0.035000
2024-11-20 15:51:27,353-INFO- Temperature: 35.890092
2024-11-20 15:51:27,459-INFO- Set torque request detected
2024-11-20 15:51:27,459-INFO- Value to set: 0.09999999999999999
2024-11-20 15:51:28,365-INFO- Applying torque value: 0.150000
2024-11-20 15:51:28,539-INFO- Read torque: -0.045000
2024-11-20 15:51:28,539-INFO- Temperature: 35.897874
2024-11-20 15:51:29,040-INFO- Set torque request detected
2024-11-20 15:51:29,040-INFO- Value to set: 0.15
2024-11-20 15:51:29,548-INFO- Applying torque value: 0.200000
2024-11-20 15:51:29,548-INFO- Read torque: -0.050000
2024-11-20 15:51:29,548-INFO- Temperature: 35.891923
2024-11-20 15:51:29,891-INFO- Set torque request detected
2024-11-20 15:51:29,891-INFO- Value to set: 0.19999999999999998
2024-11-20 15:51:30,549-INFO- Applying torque value: 0.250000
2024-11-20 15:51:30,549-INFO- Read torque: -0.057000
2024-11-20 15:51:30,549-INFO- Temperature: 35.929004
2024-11-20 15:51:30,781-INFO- Set torque request detected
2024-11-20 15:51:30,781-INFO- Value to set: 0.24999999999999997
2024-11-20 15:51:31,553-INFO- Applying torque value: 0.300000
2024-11-20 15:51:31,553-INFO- Read torque: -0.107000
2024-11-20 15:51:31,553-INFO- Temperature: 35.893525
2024-11-20 15:51:31,646-INFO- Set torque request detected
2024-11-20 15:51:31,646-INFO- Value to set: 0.3
2024-11-20 15:51:32,553-INFO- Applying torque value: 0.350000
2024-11-20 15:51:32,777-INFO- Read torque: -0.224000
2024-11-20 15:51:32,777-INFO- Temperature: 35.887803
2024-11-20 15:51:33,280-INFO- Set torque request detected
2024-11-20 15:51:33,280-INFO- Value to set: 0.35
2024-11-20 15:51:33,777-INFO- Applying torque value: 0.400000
2024-11-20 15:51:33,777-INFO- Read torque: -0.276000
2024-11-20 15:51:33,777-INFO- Temperature: 35.895357
2024-11-20 15:51:34,120-INFO- Set torque request detected
2024-11-20 15:51:34,120-INFO- Value to set: 0.39999999999999997
2024-11-20 15:51:34,782-INFO- Applying torque value: 0.450000
2024-11-20 15:51:34,782-INFO- Read torque: -0.329000
2024-11-20 15:51:34,782-INFO- Temperature: 35.892839
2024-11-20 15:51:34,977-INFO- Set torque request detected
2024-11-20 15:51:34,977-INFO- Value to set: 0.44999999999999996
2024-11-20 15:51:35,787-INFO- Applying torque value: 0.500000
2024-11-20 15:51:35,787-INFO- Read torque: -0.382000
2024-11-20 15:51:35,787-INFO- Temperature: 35.861478
2024-11-20 15:51:35,833-INFO- Set torque request detected
2024-11-20 15:51:35,833-INFO- Value to set: 0.49999999999999994
2024-11-20 15:51:36,792-INFO- Applying torque value: 0.550000
2024-11-20 15:51:36,926-INFO- Read torque: -0.487000
2024-11-20 15:51:36,926-INFO- Temperature: 35.890779
2024-11-20 15:51:37,427-INFO- Set torque request detected
2024-11-20 15:51:37,427-INFO- Value to set: 0.5499999999999999
2024-11-20 15:51:37,934-INFO- Applying torque value: 0.600000
2024-11-20 15:51:37,934-INFO- Read torque: -0.497000
2024-11-20 15:51:37,934-INFO- Temperature: 35.868574
2024-11-20 15:51:38,303-INFO- Set torque request detected
2024-11-20 15:51:38,303-INFO- Value to set: 0.6
2024-11-20 15:51:38,937-INFO- Applying torque value: 0.650000
2024-11-20 15:51:38,937-INFO- Read torque: -0.549000
2024-11-20 15:51:38,937-INFO- Temperature: 35.878875
2024-11-20 15:51:39,157-INFO- Set torque request detected
2024-11-20 15:51:39,157-INFO- Value to set: 0.6499999999999999
2024-11-20 15:51:39,938-INFO- Applying torque value: 0.700000
2024-11-20 15:51:39,938-INFO- Read torque: -0.603000
2024-11-20 15:51:39,938-INFO- Temperature: 35.914813
2024-11-20 15:51:40,023-INFO- Set torque request detected
2024-11-20 15:51:40,023-INFO- Value to set: 0.7
2024-11-20 15:51:40,947-INFO- Applying torque value: 0.750000
2024-11-20 15:51:41,126-INFO- Read torque: -0.696000
2024-11-20 15:51:41,126-INFO- Temperature: 35.925113
2024-11-20 15:51:41,636-INFO- Set torque request detected
2024-11-20 15:51:41,636-INFO- Value to set: 0.7499999999999999
2024-11-20 15:51:42,135-INFO- Applying torque value: 0.800000
2024-11-20 15:51:42,135-INFO- Read torque: -0.703000
2024-11-20 15:51:42,135-INFO- Temperature: 35.954180
2024-11-20 15:51:42,480-INFO- Set torque request detected
2024-11-20 15:51:42,480-INFO- Value to set: 0.7999999999999999
2024-11-20 15:51:43,144-INFO- Applying torque value: 0.850000
2024-11-20 15:51:43,144-INFO- Read torque: -0.756000
2024-11-20 15:51:43,144-INFO- Temperature: 35.959445
2024-11-20 15:51:43,343-INFO- Set torque request detected
2024-11-20 15:51:43,343-INFO- Value to set: 0.85
2024-11-20 15:51:44,151-INFO- Applying torque value: 0.900000
2024-11-20 15:51:44,151-INFO- Read torque: -0.809000
2024-11-20 15:51:44,151-INFO- Temperature: 35.985993
2024-11-20 15:51:44,198-INFO- Set torque request detected
2024-11-20 15:51:44,198-INFO- Value to set: 0.8999999999999999
2024-11-20 15:51:45,153-INFO- Applying torque value: 0.950000
2024-11-20 15:51:45,302-INFO- Read torque: -0.898000
2024-11-20 15:51:45,302-INFO- Temperature: 36.018261
2024-11-20 15:51:45,803-INFO- Set torque request detected
2024-11-20 15:51:45,803-INFO- Value to set: 0.95
2024-11-20 15:51:46,303-INFO- Applying torque value: 1.000000
2024-11-20 15:51:46,303-INFO- Read torque: -0.912000
2024-11-20 15:51:46,303-INFO- Temperature: 36.017117
2024-11-20 15:51:46,663-INFO- Set torque request detected
2024-11-20 15:51:46,663-INFO- Value to set: 0.9999999999999999
2024-11-20 15:51:47,318-INFO- Applying torque value: 1.050000
2024-11-20 15:51:47,394-INFO- Read torque: -0.992000
2024-11-20 15:51:47,394-INFO- Temperature: 36.075926
2024-11-20 15:51:47,895-INFO- Set torque request detected
2024-11-20 15:51:47,895-INFO- Value to set: 1.0499999999999998
2024-11-20 15:51:48,403-INFO- Applying torque value: 1.100000
2024-11-20 15:51:48,403-INFO- Read torque: -1.013000
2024-11-20 15:51:48,403-INFO- Temperature: 36.107044
2024-11-20 15:51:48,782-INFO- Set torque request detected
2024-11-20 15:51:48,782-INFO- Value to set: 1.0999999999999999
2024-11-20 15:51:49,407-INFO- Applying torque value: 1.150000
2024-11-20 15:51:49,407-INFO- Read torque: -1.050000
2024-11-20 15:51:49,407-INFO- Temperature: 36.199243
2024-11-20 15:51:49,627-INFO- Set torque request detected
2024-11-20 15:51:49,627-INFO- Value to set: 1.15
2024-11-20 15:51:50,414-INFO- Applying torque value: 1.200000
2024-11-20 15:51:50,414-INFO- Read torque: -1.102000
2024-11-20 15:51:50,414-INFO- Temperature: 36.209994
2024-11-20 15:51:50,495-INFO- Set torque request detected
2024-11-20 15:51:50,495-INFO- Value to set: 1.2
2024-11-20 15:51:51,423-INFO- Applying torque value: 1.250000
2024-11-20 15:51:51,574-INFO- Read torque: -1.200000
2024-11-20 15:51:51,574-INFO- Temperature: 36.291653
2024-11-20 15:51:52,083-INFO- Set torque request detected
2024-11-20 15:51:52,083-INFO- Value to set: 1.25
2024-11-20 15:51:52,582-INFO- Applying torque value: 1.300000
2024-11-20 15:51:52,582-INFO- Read torque: -1.205000
2024-11-20 15:51:52,582-INFO- Temperature: 36.365752
2024-11-20 15:51:52,928-INFO- Set torque request detected
2024-11-20 15:51:52,928-INFO- Value to set: 1.2999999999999998
2024-11-20 15:51:53,583-INFO- Applying torque value: 1.350000
2024-11-20 15:51:53,583-INFO- Read torque: -1.256000
2024-11-20 15:51:53,583-INFO- Temperature: 36.406684
2024-11-20 15:51:53,782-INFO- Set torque request detected
2024-11-20 15:51:53,782-INFO- Value to set: 1.3499999999999999
2024-11-20 15:51:54,584-INFO- Applying torque value: 1.400000
2024-11-20 15:51:54,584-INFO- Read torque: -1.308000
2024-11-20 15:51:54,584-INFO- Temperature: 36.480994
2024-11-20 15:51:54,635-INFO- Set torque request detected
2024-11-20 15:51:54,635-INFO- Value to set: 1.4
2024-11-20 15:51:55,699-INFO- Target Torque value reached: -1.401000
2024-11-20 15:51:55,699-INFO- Temperature: 36.633009
2024-11-20 15:51:57,707-INFO- Elapsed time: 2.007661
2024-11-20 15:51:58,027-INFO- Write request detected
2024-11-20 15:51:58,027-INFO- Symbol to write: BD_Target_Speed
2024-11-20 15:51:59,240-INFO- Write request detected
2024-11-20 15:51:59,240-INFO- Symbol to write: BD_Target_Accel
2024-11-20 15:52:02,154-INFO- Write request detected
2024-11-20 15:52:02,154-INFO- Symbol to write: BD_Update_Cmd
2024-11-20 15:52:03,803-INFO- Temperature: 37.476354
2024-11-20 15:52:05,808-INFO- Elapsed time: 10.109079
2024-11-20 15:52:06,373-INFO- Write request detected
2024-11-20 15:52:06,373-INFO- Symbol to write: BD_Target_Speed
2024-11-20 15:52:06,978-INFO- Write request detected
2024-11-20 15:52:06,978-INFO- Symbol to write: BD_Target_Accel
2024-11-20 15:52:09,978-INFO- Write request detected
2024-11-20 15:52:09,978-INFO- Symbol to write: BD_Update_Cmd
2024-11-20 15:52:12,018-INFO- Temperature: 38.428500
2024-11-20 15:52:14,021-INFO- Elapsed time: 18.321242
2024-11-20 15:52:14,166-INFO- Write request detected
2024-11-20 15:52:14,166-INFO- Symbol to write: BD_Target_Speed
2024-11-20 15:52:15,362-INFO- Write request detected
2024-11-20 15:52:15,362-INFO- Symbol to write: BD_Target_Accel
2024-11-20 15:52:18,354-INFO- Write request detected
2024-11-20 15:52:18,354-INFO- Symbol to write: BD_Update_Cmd
2024-11-20 15:52:20,278-INFO- Temperature: 39.315176
2024-11-20 15:52:22,282-INFO- Elapsed time: 26.583036
2024-11-20 15:52:22,529-INFO- Write request detected
2024-11-20 15:52:22,529-INFO- Symbol to write: BD_Target_Speed
2024-11-20 15:52:23,729-INFO- Write request detected
2024-11-20 15:52:23,729-INFO- Symbol to write: BD_Target_Accel
2024-11-20 15:52:26,730-INFO- Write request detected
2024-11-20 15:52:26,731-INFO- Symbol to write: BD_Update_Cmd
2024-11-20 15:52:28,311-INFO- Temperature: 40.186208
2024-11-20 15:52:28,311-INFO- Target temperature reached
2024-11-20 15:52:28,791-INFO- Set torque request detected
2024-11-20 15:52:28,791-INFO- Value to set: 1.4
2024-11-20 15:52:29,641-INFO- Set torque request detected
2024-11-20 15:52:29,641-INFO- Value to set: 1.0499999999999998
2024-11-20 15:52:30,479-INFO- Set torque request detected
2024-11-20 15:52:30,479-INFO- Value to set: 0.7
2024-11-20 15:52:32,063-INFO- Set torque request detected
2024-11-20 15:52:32,063-INFO- Value to set: 0.3500000000000001
2024-11-20 15:52:32,906-INFO- Set torque request detected
2024-11-20 15:52:32,906-INFO- Value to set: 0.0
2024-11-20 15:52:33,839-INFO- Write request detected
2024-11-20 15:52:33,839-INFO- Symbol to write: BD_Target_Speed
2024-11-20 15:52:34,454-INFO- Write request detected
2024-11-20 15:52:34,454-INFO- Symbol to write: BD_Target_Accel
2024-11-20 15:52:37,459-INFO- Write request detected
2024-11-20 15:52:37,459-INFO- Symbol to write: BD_Update_Cmd
2024-11-20 15:52:39,381-INFO- Current speed: 324.126864
2024-11-20 15:52:39,381-INFO- Speed error: 324.126864
2024-11-20 15:52:41,381-INFO- Current speed: 0.000000
2024-11-20 15:52:41,381-INFO- Speed error: 0.000000
2024-11-20 15:52:44,512-WARNING- DSP6000 Get Data error: VI_ERROR_TMO (-1073807339): Timeout expired before operation completed. with timeout = 1000
2024-11-20 15:52:44,512-WARNING- PyVISA request error: VI_ERROR_TMO (-1073807339): Timeout expired before operation completed.
2024-11-20 15:52:45,396-INFO- Target speed: 698.000000
2024-11-20 15:52:45,833-INFO- Write request detected
2024-11-20 15:52:45,833-INFO- Symbol to write: BD_Target_Speed
2024-11-20 15:52:46,449-INFO- Write request detected
2024-11-20 15:52:46,449-INFO- Symbol to write: BD_Target_Accel
2024-11-20 15:52:49,443-INFO- Write request detected
2024-11-20 15:52:49,443-INFO- Symbol to write: BD_Update_Cmd
2024-11-20 15:52:51,416-INFO- Applying torque value: 0.109000
2024-11-20 15:52:51,787-INFO- Set torque request detected
2024-11-20 15:52:51,787-INFO- Value to set: 0.109
2024-11-20 15:52:52,417-INFO- Read torque: -0.031000
2024-11-20 15:52:53,511-INFO- Applying torque value: 0.881750
2024-11-20 15:52:54,083-INFO- Set torque request detected
2024-11-20 15:52:54,083-INFO- Value to set: 0.88175
2024-11-20 15:52:54,516-INFO- Read torque: -0.079000
2024-11-20 15:52:55,517-INFO- Applying torque value: 1.654500
2024-11-20 15:52:55,698-INFO- Set torque request detected
2024-11-20 15:52:55,698-INFO- Value to set: 1.6545
2024-11-20 15:52:56,522-INFO- Read torque: -0.966000
2024-11-20 15:52:57,532-INFO- Applying torque value: 2.427250
2024-11-20 15:52:58,011-INFO- Set torque request detected
2024-11-20 15:52:58,011-INFO- Value to set: 2.42725
2024-11-20 15:52:58,537-INFO- Read torque: -1.970000
2024-11-20 15:52:59,542-INFO- Applying torque value: 3.200000
2024-11-20 15:52:59,612-INFO- Set torque request detected
2024-11-20 15:52:59,612-INFO- Value to set: 3.2
2024-11-20 15:53:00,678-INFO- Read torque: -3.184000
2024-11-20 15:53:01,679-INFO- Final torque reached: -3.191000
2024-11-20 15:53:01,679-INFO- Starting the measures
2024-11-20 15:53:04,688-INFO- Applying torque value: 3.200000
2024-11-20 15:53:04,688-INFO- Elapsed Time [Secs]: 0.000011
2024-11-20 15:53:04,688-INFO- Measured Temperature [C]: 42.293118
2024-11-20 15:53:04,688-INFO- Estimated ClassA Temperature [C]: 39.157745
2024-11-20 15:53:04,698-INFO- Estimated ClassB Temperature [C]: 32.416306
2024-11-20 15:53:04,852-INFO- Set torque request detected
2024-11-20 15:53:04,852-INFO- Value to set: 3.2
2024-11-20 15:53:10,709-INFO- Applying torque value: 3.100000
2024-11-20 15:53:10,709-INFO- Elapsed Time [Secs]: 6.020168
2024-11-20 15:53:10,873-INFO- Measured Temperature [C]: 45.699304
2024-11-20 15:53:10,950-INFO- Estimated ClassA Temperature [C]: 43.648773
2024-11-20 15:53:10,960-INFO- Estimated ClassB Temperature [C]: 34.911987
2024-11-20 15:53:11,376-INFO- Set torque request detected
2024-11-20 15:53:11,376-INFO- Value to set: 3.1
2024-11-20 15:53:16,277-WARNING- DSP6000 Get Data error: VI_ERROR_TMO (-1073807339): Timeout expired before operation completed. with timeout = 1000
2024-11-20 15:53:16,277-WARNING- PyVISA request error: VI_ERROR_TMO (-1073807339): Timeout expired before operation completed.
2024-11-20 15:53:16,968-INFO- Applying torque value: 3.000000
2024-11-20 15:53:16,968-INFO- Elapsed Time [Secs]: 12.279128
2024-11-20 15:53:17,011-INFO- Measured Temperature [C]: 49.141076
2024-11-20 15:53:17,011-INFO- Estimated ClassA Temperature [C]: 45.887024
2024-11-20 15:53:17,021-INFO- Estimated ClassB Temperature [C]: 37.020935
2024-11-20 15:53:17,512-INFO- Set torque request detected
2024-11-20 15:53:17,512-INFO- Value to set: 3.0
2024-11-20 15:53:23,021-INFO- Applying torque value: 2.900000
2024-11-20 15:53:23,021-INFO- Elapsed Time [Secs]: 18.332787
2024-11-20 15:53:23,021-INFO- Measured Temperature [C]: 52.542777
2024-11-20 15:53:23,021-INFO- Estimated ClassA Temperature [C]: 47.570862
2024-11-20 15:53:23,031-INFO- Estimated ClassB Temperature [C]: 39.096554
2024-11-20 15:53:23,522-INFO- Set torque request detected
2024-11-20 15:53:23,522-INFO- Value to set: 2.9000000000000004
2024-11-20 15:53:26,531-WARNING- Read request error: Request error:  Checksum error
2024-11-20 15:53:26,531-WARNING- Discarding the packet
2024-11-20 15:53:29,031-INFO- Applying torque value: 2.800000
2024-11-20 15:53:29,031-INFO- Elapsed Time [Secs]: 24.342826
2024-11-20 15:53:29,031-INFO- Measured Temperature [C]: 55.943619
2024-11-20 15:53:29,031-INFO- Estimated ClassA Temperature [C]: 49.095337
2024-11-20 15:53:29,041-INFO- Estimated ClassB Temperature [C]: 41.131332
2024-11-20 15:53:29,521-INFO- Set torque request detected
2024-11-20 15:53:29,521-INFO- Value to set: 2.8000000000000003
2024-11-20 15:53:35,053-INFO- Applying torque value: 2.700000
2024-11-20 15:53:35,053-INFO- Elapsed Time [Secs]: 30.365022
2024-11-20 15:53:35,053-INFO- Measured Temperature [C]: 59.253220
2024-11-20 15:53:35,053-INFO- Estimated ClassA Temperature [C]: 50.517914
2024-11-20 15:53:35,063-INFO- Estimated ClassB Temperature [C]: 43.118378
2024-11-20 15:53:35,530-INFO- Set torque request detected
2024-11-20 15:53:35,530-INFO- Value to set: 2.7
2024-11-20 15:53:41,070-INFO- Applying torque value: 2.600000
2024-11-20 15:53:41,070-INFO- Elapsed Time [Secs]: 36.381161
2024-11-20 15:53:41,070-INFO- Measured Temperature [C]: 62.543186
2024-11-20 15:53:41,070-INFO- Estimated ClassA Temperature [C]: 51.942413
2024-11-20 15:53:41,080-INFO- Estimated ClassB Temperature [C]: 45.051895
2024-11-20 15:53:41,574-INFO- Set torque request detected
2024-11-20 15:53:41,574-INFO- Value to set: 2.6
2024-11-20 15:53:47,084-INFO- Applying torque value: 2.500000
2024-11-20 15:53:47,084-INFO- Elapsed Time [Secs]: 42.395332
2024-11-20 15:53:47,084-INFO- Measured Temperature [C]: 65.395490
2024-11-20 15:53:47,089-INFO- Estimated ClassA Temperature [C]: 53.353363
2024-11-20 15:53:47,089-INFO- Estimated ClassB Temperature [C]: 46.926308
2024-11-20 15:53:47,387-INFO- Set torque request detected
2024-11-20 15:53:47,387-INFO- Value to set: 2.5
2024-11-20 15:53:53,091-INFO- Applying torque value: 2.400000
2024-11-20 15:53:53,091-INFO- Elapsed Time [Secs]: 48.402831
2024-11-20 15:53:53,091-INFO- Measured Temperature [C]: 68.727707
2024-11-20 15:53:53,091-INFO- Estimated ClassA Temperature [C]: 54.749359
2024-11-20 15:53:53,101-INFO- Estimated ClassB Temperature [C]: 48.737110
2024-11-20 15:53:53,500-INFO- Set torque request detected
2024-11-20 15:53:53,500-INFO- Value to set: 2.4000000000000004
2024-11-20 15:53:59,105-INFO- Applying torque value: 2.300000
2024-11-20 15:53:59,105-INFO- Elapsed Time [Secs]: 54.416368
2024-11-20 15:53:59,105-INFO- Measured Temperature [C]: 71.632453
2024-11-20 15:53:59,106-INFO- Estimated ClassA Temperature [C]: 56.145569
2024-11-20 15:53:59,116-INFO- Estimated ClassB Temperature [C]: 50.480419
2024-11-20 15:53:59,511-INFO- Set torque request detected
2024-11-20 15:53:59,511-INFO- Value to set: 2.3000000000000003
2024-11-20 15:54:05,123-INFO- Applying torque value: 2.200000
2024-11-20 15:54:05,123-INFO- Elapsed Time [Secs]: 60.434027
2024-11-20 15:54:05,123-INFO- Measured Temperature [C]: 74.516146
2024-11-20 15:54:05,123-INFO- Estimated ClassA Temperature [C]: 57.507782
2024-11-20 15:54:05,133-INFO- Estimated ClassB Temperature [C]: 52.153202
2024-11-20 15:54:05,533-INFO- Set torque request detected
2024-11-20 15:54:05,533-INFO- Value to set: 2.2
2024-11-20 15:54:11,136-INFO- Applying torque value: 2.100000
2024-11-20 15:54:11,136-INFO- Elapsed Time [Secs]: 66.446663
2024-11-20 15:54:11,136-INFO- Measured Temperature [C]: 77.256612
2024-11-20 15:54:11,136-INFO- Estimated ClassA Temperature [C]: 58.899017
2024-11-20 15:54:11,145-INFO- Estimated ClassB Temperature [C]: 53.753387
2024-11-20 15:54:11,541-INFO- Set torque request detected
2024-11-20 15:54:11,541-INFO- Value to set: 2.1
2024-11-20 15:54:17,147-INFO- Applying torque value: 2.000000
2024-11-20 15:54:17,147-INFO- Elapsed Time [Secs]: 72.458467
2024-11-20 15:54:17,147-INFO- Measured Temperature [C]: 79.971486
2024-11-20 15:54:17,209-INFO- Estimated ClassA Temperature [C]: 60.402130
2024-11-20 15:54:17,219-INFO- Estimated ClassB Temperature [C]: 55.279552
2024-11-20 15:54:17,559-INFO- Set torque request detected
2024-11-20 15:54:17,559-INFO- Value to set: 2.0
2024-11-20 15:54:23,227-INFO- Applying torque value: 1.900000
2024-11-20 15:54:23,227-INFO- Elapsed Time [Secs]: 78.537797
2024-11-20 15:54:23,227-INFO- Measured Temperature [C]: 82.569518
2024-11-20 15:54:23,227-INFO- Estimated ClassA Temperature [C]: 61.773651
2024-11-20 15:54:23,237-INFO- Estimated ClassB Temperature [C]: 56.730728
2024-11-20 15:54:23,616-INFO- Set torque request detected
2024-11-20 15:54:23,616-INFO- Value to set: 1.9000000000000001
2024-11-20 15:54:29,242-INFO- Applying torque value: 1.800000
2024-11-20 15:54:29,242-INFO- Elapsed Time [Secs]: 84.553038
2024-11-20 15:54:29,242-INFO- Measured Temperature [C]: 84.982321
2024-11-20 15:54:29,242-INFO- Estimated ClassA Temperature [C]: 63.148438
2024-11-20 15:54:29,252-INFO- Estimated ClassB Temperature [C]: 58.106815
2024-11-20 15:54:29,282-INFO- Set torque request detected
2024-11-20 15:54:29,282-INFO- Value to set: 1.8
2024-11-20 15:54:35,252-INFO- Applying torque value: 1.700000
2024-11-20 15:54:35,252-INFO- Elapsed Time [Secs]: 90.563021
2024-11-20 15:54:35,253-INFO- Measured Temperature [C]: 87.372707
2024-11-20 15:54:35,253-INFO- Estimated ClassA Temperature [C]: 64.486389
2024-11-20 15:54:35,263-INFO- Estimated ClassB Temperature [C]: 59.408703
2024-11-20 15:54:35,305-INFO- Set torque request detected
2024-11-20 15:54:35,305-INFO- Value to set: 1.7000000000000002
2024-11-20 15:54:41,272-INFO- Applying torque value: 1.600000
2024-11-20 15:54:41,272-INFO- Elapsed Time [Secs]: 96.582820
2024-11-20 15:54:41,511-INFO- Measured Temperature [C]: 90.086955
2024-11-20 15:54:41,601-INFO- Estimated ClassA Temperature [C]: 65.987213
2024-11-20 15:54:41,611-INFO- Estimated ClassB Temperature [C]: 60.834549
2024-11-20 15:54:42,023-INFO- Set torque request detected
2024-11-20 15:54:42,023-INFO- Value to set: 1.6
2024-11-20 15:54:47,616-INFO- Applying torque value: 1.500000
2024-11-20 15:54:47,616-INFO- Elapsed Time [Secs]: 102.926474
2024-11-20 15:54:47,617-INFO- Measured Temperature [C]: 92.517404
2024-11-20 15:54:47,627-INFO- Estimated ClassA Temperature [C]: 67.358887
2024-11-20 15:54:47,637-INFO- Estimated ClassB Temperature [C]: 61.978924
2024-11-20 15:54:48,043-INFO- Set torque request detected
2024-11-20 15:54:48,043-INFO- Value to set: 1.5
2024-11-20 15:54:53,638-INFO- Applying torque value: 1.400000
2024-11-20 15:54:53,638-INFO- Elapsed Time [Secs]: 108.948785
2024-11-20 15:54:53,638-INFO- Measured Temperature [C]: 94.763316
2024-11-20 15:54:53,638-INFO- Estimated ClassA Temperature [C]: 68.718170
2024-11-20 15:54:53,648-INFO- Estimated ClassB Temperature [C]: 63.053486
2024-11-20 15:54:54,018-INFO- Set torque request detected
2024-11-20 15:54:54,018-INFO- Value to set: 1.4000000000000001
2024-11-20 15:54:59,652-INFO- Applying torque value: 1.300000
2024-11-20 15:54:59,652-INFO- Elapsed Time [Secs]: 114.963084
2024-11-20 15:54:59,652-INFO- Measured Temperature [C]: 97.032915
2024-11-20 15:54:59,652-INFO- Estimated ClassA Temperature [C]: 70.067810
2024-11-20 15:54:59,662-INFO- Estimated ClassB Temperature [C]: 64.060242
2024-11-20 15:55:00,006-INFO- Set torque request detected
2024-11-20 15:55:00,006-INFO- Value to set: 1.3
2024-11-20 15:55:05,663-INFO- Applying torque value: 1.200000
2024-11-20 15:55:05,663-INFO- Elapsed Time [Secs]: 120.974011
2024-11-20 15:55:05,663-INFO- Measured Temperature [C]: 98.930805
2024-11-20 15:55:05,663-INFO- Estimated ClassA Temperature [C]: 71.398834
2024-11-20 15:55:05,670-INFO- Estimated ClassB Temperature [C]: 65.001968
2024-11-20 15:55:05,780-INFO- Set torque request detected
2024-11-20 15:55:05,780-INFO- Value to set: 1.2000000000000002
2024-11-20 15:55:11,679-INFO- Applying torque value: 1.100000
2024-11-20 15:55:11,679-INFO- Elapsed Time [Secs]: 126.989776
2024-11-20 15:55:11,679-INFO- Measured Temperature [C]: 101.079422
2024-11-20 15:55:11,679-INFO- Estimated ClassA Temperature [C]: 72.750824
2024-11-20 15:55:11,689-INFO- Estimated ClassB Temperature [C]: 65.881126
2024-11-20 15:55:11,781-INFO- Set torque request detected
2024-11-20 15:55:11,781-INFO- Value to set: 1.1
2024-11-20 15:55:17,697-INFO- Applying torque value: 1.000000
2024-11-20 15:55:17,697-INFO- Elapsed Time [Secs]: 133.008075
2024-11-20 15:55:17,697-INFO- Measured Temperature [C]: 103.098062
2024-11-20 15:55:17,697-INFO- Estimated ClassA Temperature [C]: 74.100403
2024-11-20 15:55:17,707-INFO- Estimated ClassB Temperature [C]: 66.567970
2024-11-20 15:55:17,782-INFO- Set torque request detected
2024-11-20 15:55:17,782-INFO- Value to set: 1.0
2024-11-20 15:55:23,709-INFO- Applying torque value: 0.900000
2024-11-20 15:55:23,709-INFO- Elapsed Time [Secs]: 139.020241
2024-11-20 15:55:23,709-INFO- Measured Temperature [C]: 104.938396
2024-11-20 15:55:23,712-INFO- Estimated ClassA Temperature [C]: 75.443420
2024-11-20 15:55:23,712-INFO- Estimated ClassB Temperature [C]: 67.339722
2024-11-20 15:55:23,781-INFO- Set torque request detected
2024-11-20 15:55:23,781-INFO- Value to set: 0.8999999999999999
2024-11-20 15:55:29,719-INFO- Applying torque value: 0.800000
2024-11-20 15:55:29,719-INFO- Elapsed Time [Secs]: 145.030067
2024-11-20 15:55:29,719-INFO- Measured Temperature [C]: 106.935788
2024-11-20 15:55:29,719-INFO- Estimated ClassA Temperature [C]: 76.789520
2024-11-20 15:55:29,729-INFO- Estimated ClassB Temperature [C]: 68.057228
2024-11-20 15:55:29,782-INFO- Set torque request detected
2024-11-20 15:55:29,782-INFO- Value to set: 0.7999999999999998
2024-11-20 15:55:35,737-INFO- Applying torque value: 0.700000
2024-11-20 15:55:35,737-INFO- Elapsed Time [Secs]: 151.047905
2024-11-20 15:55:35,737-INFO- Measured Temperature [C]: 108.744837
2024-11-20 15:55:35,737-INFO- Estimated ClassA Temperature [C]: 78.121796
2024-11-20 15:55:35,747-INFO- Estimated ClassB Temperature [C]: 68.722900
2024-11-20 15:55:35,793-INFO- Set torque request detected
2024-11-20 15:55:35,793-INFO- Value to set: 0.7000000000000002
2024-11-20 15:55:41,749-INFO- Applying torque value: 0.600000
2024-11-20 15:55:41,749-INFO- Elapsed Time [Secs]: 157.059303
2024-11-20 15:55:41,834-INFO- Measured Temperature [C]: 110.747795
2024-11-20 15:55:41,844-INFO- Estimated ClassA Temperature [C]: 79.603271
2024-11-20 15:55:41,854-INFO- Estimated ClassB Temperature [C]: 69.438583
2024-11-20 15:55:42,335-INFO- Set torque request detected
2024-11-20 15:55:42,335-INFO- Value to set: 0.6000000000000001
2024-11-20 15:55:47,867-INFO- Applying torque value: 0.500000
2024-11-20 15:55:47,867-INFO- Elapsed Time [Secs]: 163.177664
2024-11-20 15:55:47,867-INFO- Measured Temperature [C]: 112.608132
2024-11-20 15:55:47,867-INFO- Estimated ClassA Temperature [C]: 80.933075
2024-11-20 15:55:47,877-INFO- Estimated ClassB Temperature [C]: 70.002678
2024-11-20 15:55:48,346-INFO- Set torque request detected
2024-11-20 15:55:48,346-INFO- Value to set: 0.5
2024-11-20 15:55:53,879-INFO- Applying torque value: 0.400000
2024-11-20 15:55:53,879-INFO- Elapsed Time [Secs]: 169.189896
2024-11-20 15:55:53,879-INFO- Measured Temperature [C]: 114.448577
2024-11-20 15:55:53,879-INFO- Estimated ClassA Temperature [C]: 82.271210
2024-11-20 15:55:53,888-INFO- Estimated ClassB Temperature [C]: 70.524590
2024-11-20 15:55:54,372-INFO- Set torque request detected
2024-11-20 15:55:54,372-INFO- Value to set: 0.3999999999999999
2024-11-20 15:55:59,898-INFO- Applying torque value: 0.300000
2024-11-20 15:55:59,898-INFO- Elapsed Time [Secs]: 175.208636
2024-11-20 15:56:00,012-INFO- Measured Temperature [C]: 116.209421
2024-11-20 15:56:00,012-INFO- Estimated ClassA Temperature [C]: 83.606934
2024-11-20 15:56:00,022-INFO- Estimated ClassB Temperature [C]: 71.006561
2024-11-20 15:56:00,513-INFO- Set torque request detected
2024-11-20 15:56:00,513-INFO- Value to set: 0.2999999999999998
2024-11-20 15:56:06,023-INFO- Applying torque value: 0.200000
2024-11-20 15:56:06,023-INFO- Elapsed Time [Secs]: 181.333727
2024-11-20 15:56:06,023-INFO- Measured Temperature [C]: 115.773668
2024-11-20 15:56:06,033-INFO- Estimated ClassA Temperature [C]: 74.970306
2024-11-20 15:56:06,033-INFO- Estimated ClassB Temperature [C]: 69.666367
2024-11-20 15:56:06,529-INFO- Set torque request detected
2024-11-20 15:56:06,529-INFO- Value to set: 0.20000000000000018
2024-11-20 15:56:12,038-INFO- Applying torque value: 0.100000
2024-11-20 15:56:12,038-INFO- Elapsed Time [Secs]: 187.348889
2024-11-20 15:56:12,038-INFO- Measured Temperature [C]: 113.566340
2024-11-20 15:56:12,107-INFO- Estimated ClassA Temperature [C]: 70.897949
2024-11-20 15:56:12,117-INFO- Estimated ClassB Temperature [C]: 67.756622
2024-11-20 15:56:12,533-INFO- Set torque request detected
2024-11-20 15:56:12,533-INFO- Value to set: 0.1
2024-11-20 15:56:19,187-INFO- Write request detected
2024-11-20 15:56:19,187-INFO- Symbol to write: BD_Target_Speed
2024-11-20 15:56:19,751-INFO- Set torque request detected
2024-11-20 15:56:19,751-INFO- Value to set: 0
2024-11-20 15:56:20,402-INFO- Write request detected
2024-11-20 15:56:20,402-INFO- Symbol to write: BD_Target_Accel
2024-11-20 15:56:23,407-INFO- Write request detected
2024-11-20 15:56:23,407-INFO- Symbol to write: BD_Update_Cmd
2024-11-20 15:56:25,147-INFO- Stop Acquisition
2024-11-20 15:56:25,167-INFO- Termination Request
2024-11-20 15:56:25,322-INFO- Termination Request
2024-11-20 15:56:25,332-INFO- Calculated offset for syncing: 1.172074
2024-11-20 15:56:27,549-INFO- Extracting acquisition with marker value: 1
2024-11-20 15:56:27,549-WARNING- Sub-acquisition too short!
2024-11-20 15:56:27,549-INFO- Extracting acquisition with marker value: 2
2024-11-20 15:56:27,558-WARNING- Sub-acquisition too short!
2024-11-20 15:56:27,558-INFO- Extracting acquisition with marker value: 3
2024-11-20 15:56:27,558-INFO- Extracting acquisition with marker value: 4
2024-11-20 15:56:27,558-WARNING- Sub-acquisition too short!
2024-11-20 15:56:27,568-INFO- Extracting acquisition with marker value: 5
2024-11-20 15:56:27,568-WARNING- Sub-acquisition too short!
2024-11-20 15:56:27,568-INFO- Extracting acquisition with marker value: 6
2024-11-20 15:56:27,568-WARNING- Sub-acquisition too short!
2024-11-20 15:56:27,575-INFO- Extracting acquisition with marker value: 7
2024-11-20 15:56:27,575-WARNING- Sub-acquisition too short!
2024-11-20 15:56:27,575-INFO- Extracting acquisition with marker value: 8
2024-11-20 15:56:27,575-WARNING- Sub-acquisition too short!
2024-11-20 15:56:27,575-INFO- Extracting acquisition with marker value: 9
2024-11-20 15:56:27,575-WARNING- Sub-acquisition too short!
2024-11-20 15:56:27,586-INFO- Extracting acquisition with marker value: 10
2024-11-20 15:56:27,587-WARNING- Sub-acquisition too short!
2024-11-20 15:56:27,589-INFO- Extracting acquisition with marker value: 11
2024-11-20 15:56:27,589-WARNING- Sub-acquisition too short!
2024-11-20 15:56:27,589-INFO- Extracting acquisition with marker value: 12
2024-11-20 15:56:27,589-WARNING- Sub-acquisition too short!
2024-11-20 15:56:27,589-INFO- Extracting acquisition with marker value: 13
2024-11-20 15:56:27,589-WARNING- Sub-acquisition too short!
2024-11-20 15:56:27,589-INFO- Extracting acquisition with marker value: 14
2024-11-20 15:56:27,599-WARNING- Sub-acquisition too short!
2024-11-20 15:56:27,599-INFO- Extracting acquisition with marker value: 15
2024-11-20 15:56:27,599-WARNING- Sub-acquisition too short!
2024-11-20 15:56:27,599-INFO- Extracting acquisition with marker value: 16
2024-11-20 15:56:27,607-WARNING- Sub-acquisition too short!
2024-11-20 15:56:27,607-INFO- Extracting acquisition with marker value: 17
2024-11-20 15:56:27,607-WARNING- Sub-acquisition too short!
2024-11-20 15:56:27,607-INFO- Extracting acquisition with marker value: 18
2024-11-20 15:56:27,607-WARNING- Sub-acquisition too short!
2024-11-20 15:56:27,607-INFO- Extracting acquisition with marker value: 19
2024-11-20 15:56:27,607-WARNING- Sub-acquisition too short!
2024-11-20 15:56:27,618-INFO- Extracting acquisition with marker value: 20
2024-11-20 15:56:27,618-WARNING- Sub-acquisition too short!
2024-11-20 15:56:27,618-INFO- Extracting acquisition with marker value: 21
2024-11-20 15:56:27,618-WARNING- Sub-acquisition too short!
2024-11-20 15:56:27,618-INFO- Extracting acquisition with marker value: 22
2024-11-20 15:56:27,618-WARNING- Sub-acquisition too short!
2024-11-20 15:56:27,628-INFO- Extracting acquisition with marker value: 23
2024-11-20 15:56:27,628-WARNING- Sub-acquisition too short!
2024-11-20 15:56:27,628-INFO- Extracting acquisition with marker value: 24
2024-11-20 15:56:27,628-WARNING- Sub-acquisition too short!
2024-11-20 15:56:27,628-INFO- Extracting acquisition with marker value: 25
2024-11-20 15:56:27,628-WARNING- Sub-acquisition too short!
2024-11-20 15:56:27,628-INFO- Extracting acquisition with marker value: 26
2024-11-20 15:56:27,640-INFO- Extracting acquisition with marker value: 27
2024-11-20 15:56:27,642-WARNING- Sub-acquisition too short!
2024-11-20 15:56:27,643-INFO- Extracting acquisition with marker value: 28
2024-11-20 15:56:27,643-WARNING- Sub-acquisition too short!
2024-11-20 15:56:27,643-INFO- Extracting acquisition with marker value: 29
2024-11-20 15:56:27,643-WARNING- Sub-acquisition too short!
2024-11-20 15:56:27,643-INFO- Extracting acquisition with marker value: 30
2024-11-20 15:56:27,643-WARNING- Sub-acquisition too short!
2024-11-20 15:56:27,653-INFO- Extracting acquisition with marker value: 31
2024-11-20 15:56:27,653-WARNING- Sub-acquisition too short!
2024-11-20 15:56:27,653-INFO- Extracting acquisition with marker value: 32
2024-11-20 15:56:27,653-WARNING- Sub-acquisition too short!
2024-11-20 15:56:27,653-INFO- STARTING STEP N.1/2
2024-11-20 15:56:27,653-INFO- TORQUE MIN: 0.1
2024-11-20 15:56:27,653-INFO- TORQUE MAX: 3.2
2024-11-20 15:56:27,653-INFO- TORQUE STEP: 0.1
2024-11-20 15:56:27,653-INFO- File name for the acquisition: ./out/PyVisaAcquisition_20241120_155627.visaacq
2024-11-20 15:56:28,668-INFO- File name for the acquisition: ./out/MasterCommanderAcquisition_20241120_155628.mcacq
2024-11-20 15:56:35,211-INFO- Write request detected
2024-11-20 15:56:35,211-INFO- Symbol to write: BD_Target_Speed
2024-11-20 15:56:35,824-INFO- Write request detected
2024-11-20 15:56:35,824-INFO- Symbol to write: BD_Target_Accel
2024-11-20 15:56:38,836-INFO- Write request detected
2024-11-20 15:56:38,836-INFO- Symbol to write: BD_Update_Cmd
2024-11-20 15:56:40,742-INFO- Applying motor heating algorithm
2024-11-20 15:56:40,933-INFO- Initial temperature: 101.576641
2024-11-20 15:56:40,933-INFO- Motor temperature already reached. Cooling down
2024-11-20 15:56:40,933-INFO- Cooling down - Temperature: 101.576641
2024-11-20 15:56:41,435-INFO- Set torque request detected
2024-11-20 15:56:41,435-INFO- Value to set: 0
2024-11-20 15:56:42,940-INFO- Cooling down - Temperature: 100.916719
2024-11-20 15:56:44,951-INFO- Cooling down - Temperature: 100.095242
2024-11-20 15:56:47,085-INFO- Cooling down - Temperature: 99.269232
2024-11-20 15:56:49,283-INFO- Cooling down - Temperature: 98.507977
2024-11-20 15:56:51,489-INFO- Cooling down - Temperature: 97.714283
2024-11-20 15:56:53,739-INFO- Cooling down - Temperature: 96.939674
2024-11-20 15:56:55,936-INFO- Cooling down - Temperature: 96.173752
2024-11-20 15:56:58,125-INFO- Cooling down - Temperature: 95.466056
2024-11-20 15:57:00,323-INFO- Cooling down - Temperature: 94.766813
2024-11-20 15:57:02,534-INFO- Cooling down - Temperature: 94.017779
2024-11-20 15:57:04,740-INFO- Cooling down - Temperature: 93.356892
2024-11-20 15:57:06,747-INFO- Cooling down - Temperature: 92.738009
2024-11-20 15:57:08,905-INFO- Cooling down - Temperature: 92.068521
2024-11-20 15:57:11,096-INFO- Cooling down - Temperature: 91.441725
2024-11-20 15:57:13,276-INFO- Cooling down - Temperature: 90.783034
2024-11-20 15:57:15,478-INFO- Cooling down - Temperature: 90.168595
2024-11-20 15:57:17,668-INFO- Cooling down - Temperature: 89.513300
2024-11-20 15:57:19,865-INFO- Cooling down - Temperature: 88.939726
2024-11-20 15:57:22,055-INFO- Cooling down - Temperature: 88.330489
2024-11-20 15:57:24,269-INFO- Cooling down - Temperature: 87.770979
2024-11-20 15:57:26,483-INFO- Cooling down - Temperature: 87.166600
2024-11-20 15:57:28,702-INFO- Cooling down - Temperature: 86.609552
2024-11-20 15:57:30,894-INFO- Cooling down - Temperature: 86.047398
2024-11-20 15:57:33,088-INFO- Cooling down - Temperature: 85.521465
2024-11-20 15:57:35,286-INFO- Cooling down - Temperature: 84.972916
2024-11-20 15:57:37,491-INFO- Cooling down - Temperature: 84.445408
2024-11-20 15:57:39,750-WARNING- DSP6000 Get Data error: VI_ERROR_TMO (-1073807339): Timeout expired before operation completed. with timeout = 1000
2024-11-20 15:57:39,750-WARNING- PyVISA request error: VI_ERROR_TMO (-1073807339): Timeout expired before operation completed.
2024-11-20 15:57:39,750-INFO- Cooling down - Temperature: 84.281604
2024-11-20 15:57:41,952-INFO- Cooling down - Temperature: 83.435084
2024-11-20 15:57:43,963-INFO- Cooling down - Temperature: 83.091358
2024-11-20 15:57:46,149-INFO- Cooling down - Temperature: 82.501948
2024-11-20 15:57:48,355-INFO- Cooling down - Temperature: 82.010672
2024-11-20 15:57:50,569-INFO- Cooling down - Temperature: 81.522771
2024-11-20 15:57:52,774-INFO- Cooling down - Temperature: 81.055502
2024-11-20 15:57:54,981-INFO- Cooling down - Temperature: 80.585756
2024-11-20 15:57:56,983-INFO- Cooling down - Temperature: 80.294500
2024-11-20 15:57:58,984-INFO- Cooling down - Temperature: 79.849650
2024-11-20 15:58:00,991-INFO- Cooling down - Temperature: 79.440325
2024-11-20 15:58:03,098-INFO- Cooling down - Temperature: 78.991446
2024-11-20 15:58:05,307-INFO- Cooling down - Temperature: 78.555741
2024-11-20 15:58:07,521-INFO- Cooling down - Temperature: 78.153327
2024-11-20 15:58:09,745-INFO- Cooling down - Temperature: 77.737938
2024-11-20 15:58:11,947-INFO- Cooling down - Temperature: 77.322252
2024-11-20 15:58:14,158-INFO- Cooling down - Temperature: 76.948852
2024-11-20 15:58:16,369-INFO- Cooling down - Temperature: 76.554222
2024-11-20 15:58:18,565-INFO- Cooling down - Temperature: 76.173323
2024-11-20 15:58:20,789-INFO- Cooling down - Temperature: 75.819982
2024-11-20 15:58:22,791-INFO- Cooling down - Temperature: 75.481291
2024-11-20 15:58:24,992-INFO- Cooling down - Temperature: 75.101167
2024-11-20 15:58:27,205-INFO- Cooling down - Temperature: 74.742910
2024-11-20 15:58:29,399-INFO- Cooling down - Temperature: 74.392089
2024-11-20 15:58:31,589-INFO- Cooling down - Temperature: 74.066819
2024-11-20 15:58:33,793-INFO- Cooling down - Temperature: 73.704715
2024-11-20 15:58:35,995-INFO- Cooling down - Temperature: 73.403781
2024-11-20 15:58:38,246-INFO- Cooling down - Temperature: 73.071332
2024-11-20 15:58:40,473-INFO- Cooling down - Temperature: 72.758323
2024-11-20 15:58:42,725-WARNING- DSP6000 Get Data error: VI_ERROR_TMO (-1073807339): Timeout expired before operation completed. with timeout = 1000
2024-11-20 15:58:42,725-WARNING- PyVISA request error: VI_ERROR_TMO (-1073807339): Timeout expired before operation completed.
2024-11-20 15:58:42,725-INFO- Cooling down - Temperature: 72.628973
2024-11-20 15:58:44,933-INFO- Cooling down - Temperature: 72.121318
2024-11-20 15:58:47,130-INFO- Cooling down - Temperature: 71.804149
2024-11-20 15:58:49,328-INFO- Cooling down - Temperature: 71.511614
2024-11-20 15:58:51,535-INFO- Cooling down - Temperature: 71.202449
2024-11-20 15:58:53,753-INFO- Cooling down - Temperature: 70.893328
2024-11-20 15:58:55,954-INFO- Cooling down - Temperature: 70.618530
2024-11-20 15:58:58,158-INFO- Cooling down - Temperature: 70.342311
2024-11-20 15:59:00,161-INFO- Cooling down - Temperature: 70.143581
2024-11-20 15:59:02,338-INFO- Cooling down - Temperature: 69.826368
2024-11-20 15:59:04,564-INFO- Cooling down - Temperature: 69.539670
2024-11-20 15:59:06,768-INFO- Cooling down - Temperature: 69.262919
2024-11-20 15:59:08,997-INFO- Cooling down - Temperature: 69.030505
2024-11-20 15:59:11,213-INFO- Cooling down - Temperature: 68.755006
2024-11-20 15:59:13,421-INFO- Cooling down - Temperature: 68.506682
2024-11-20 15:59:15,634-INFO- Cooling down - Temperature: 68.247706
2024-11-20 15:59:17,831-INFO- Cooling down - Temperature: 67.981936
2024-11-20 15:59:20,024-INFO- Cooling down - Temperature: 67.773750
2024-11-20 15:59:22,253-INFO- Cooling down - Temperature: 67.505599
2024-11-20 15:59:24,495-INFO- Cooling down - Temperature: 67.269648
2024-11-20 15:59:26,497-INFO- Cooling down - Temperature: 67.132987
2024-11-20 15:59:28,507-INFO- Cooling down - Temperature: 66.905504
2024-11-20 15:59:30,517-INFO- Cooling down - Temperature: 66.667787
2024-11-20 15:59:32,611-INFO- Cooling down - Temperature: 66.424139
2024-11-20 15:59:34,811-INFO- Cooling down - Temperature: 66.203275
2024-11-20 15:59:37,016-INFO- Cooling down - Temperature: 66.032438
2024-11-20 15:59:39,018-INFO- Cooling down - Temperature: 65.819195
2024-11-20 15:59:41,248-INFO- Cooling down - Temperature: 65.563930
2024-11-20 15:59:43,504-WARNING- DSP6000 Get Data error: VI_ERROR_TMO (-1073807339): Timeout expired before operation completed. with timeout = 1000
2024-11-20 15:59:43,504-WARNING- PyVISA request error: VI_ERROR_TMO (-1073807339): Timeout expired before operation completed.
2024-11-20 15:59:43,504-INFO- Cooling down - Temperature: 65.517014
2024-11-20 15:59:45,738-INFO- Cooling down - Temperature: 65.132672
2024-11-20 15:59:47,955-INFO- Cooling down - Temperature: 64.966481
2024-11-20 15:59:50,168-INFO- Cooling down - Temperature: 64.771444
2024-11-20 15:59:52,383-INFO- Cooling down - Temperature: 64.550564
2024-11-20 15:59:54,587-INFO- Cooling down - Temperature: 64.358630
2024-11-20 15:59:56,790-INFO- Cooling down - Temperature: 64.206724
2024-11-20 15:59:58,989-INFO- Cooling down - Temperature: 64.026376
2024-11-20 16:00:01,257-INFO- Cooling down - Temperature: 63.834041
2024-11-20 16:00:03,488-INFO- Cooling down - Temperature: 63.642289
2024-11-20 16:00:05,696-INFO- Cooling down - Temperature: 63.443307
2024-11-20 16:00:07,902-INFO- Cooling down - Temperature: 63.271174
2024-11-20 16:00:10,119-INFO- Cooling down - Temperature: 63.082699
2024-11-20 16:00:12,331-INFO- Cooling down - Temperature: 62.882644
2024-11-20 16:00:14,540-INFO- Cooling down - Temperature: 62.768573
2024-11-20 16:00:16,549-INFO- Cooling down - Temperature: 62.627092
2024-11-20 16:00:18,746-INFO- Cooling down - Temperature: 62.413388
2024-11-20 16:00:20,950-INFO- Cooling down - Temperature: 62.272467
2024-11-20 16:00:23,145-INFO- Cooling down - Temperature: 62.122590
2024-11-20 16:00:25,342-INFO- Cooling down - Temperature: 61.976370
2024-11-20 16:00:27,551-INFO- Cooling down - Temperature: 61.806602
2024-11-20 16:00:29,750-INFO- Cooling down - Temperature: 61.621538
2024-11-20 16:00:31,945-INFO- Cooling down - Temperature: 61.473876
2024-11-20 16:00:34,137-INFO- Cooling down - Temperature: 61.327264
2024-11-20 16:00:36,319-INFO- Cooling down - Temperature: 61.211776
2024-11-20 16:00:38,522-INFO- Cooling down - Temperature: 61.062477
2024-11-20 16:00:40,749-INFO- Cooling down - Temperature: 60.898309
2024-11-20 16:00:42,749-INFO- Cooling down - Temperature: 60.803012
2024-11-20 16:00:44,758-INFO- Cooling down - Temperature: 60.667343
2024-11-20 16:00:46,760-INFO- Cooling down - Temperature: 60.517894
2024-11-20 16:00:48,884-INFO- Cooling down - Temperature: 60.416637
2024-11-20 16:00:51,091-INFO- Cooling down - Temperature: 60.250526
2024-11-20 16:00:53,302-INFO- Cooling down - Temperature: 60.119304
2024-11-20 16:00:55,310-INFO- Cooling down - Temperature: 60.000718
2024-11-20 16:00:57,479-INFO- Cooling down - Temperature: 59.862880
2024-11-20 16:00:59,668-INFO- Cooling down - Temperature: 59.753415
2024-11-20 16:01:01,871-INFO- Cooling down - Temperature: 59.617045
2024-11-20 16:01:04,096-INFO- Cooling down - Temperature: 59.471457
2024-11-20 16:01:06,294-INFO- Cooling down - Temperature: 59.343106
2024-11-20 16:01:08,506-INFO- Cooling down - Temperature: 59.254095
2024-11-20 16:01:10,741-INFO- Cooling down - Temperature: 59.107534
2024-11-20 16:01:12,947-INFO- Cooling down - Temperature: 58.955680
2024-11-20 16:01:15,166-INFO- Cooling down - Temperature: 58.884552
2024-11-20 16:01:17,359-INFO- Cooling down - Temperature: 58.736576
2024-11-20 16:01:19,580-INFO- Cooling down - Temperature: 58.636297
2024-11-20 16:01:21,790-INFO- Cooling down - Temperature: 58.550016
2024-11-20 16:01:23,993-INFO- Cooling down - Temperature: 58.448387
2024-11-20 16:01:26,002-INFO- Cooling down - Temperature: 58.340605
2024-11-20 16:01:28,003-INFO- Cooling down - Temperature: 58.243977
2024-11-20 16:01:29,249-WARNING- DSP6000 Get Data error: VI_ERROR_TMO (-1073807339): Timeout expired before operation completed. with timeout = 1000
2024-11-20 16:01:29,249-WARNING- PyVISA request error: VI_ERROR_TMO (-1073807339): Timeout expired before operation completed.
2024-11-20 16:01:30,013-INFO- Cooling down - Temperature: 58.096043
2024-11-20 16:01:32,189-INFO- Cooling down - Temperature: 58.002440
2024-11-20 16:01:34,199-INFO- Cooling down - Temperature: 57.907285
2024-11-20 16:01:36,337-INFO- Cooling down - Temperature: 57.820448
2024-11-20 16:01:38,544-INFO- Cooling down - Temperature: 57.711880
2024-11-20 16:01:40,754-INFO- Cooling down - Temperature: 57.629399
2024-11-20 16:01:42,760-INFO- Cooling down - Temperature: 57.556997
2024-11-20 16:01:44,764-INFO- Cooling down - Temperature: 57.427527
2024-11-20 16:01:46,774-INFO- Cooling down - Temperature: 57.360147
2024-11-20 16:01:48,928-INFO- Cooling down - Temperature: 57.211309
2024-11-20 16:01:51,149-INFO- Cooling down - Temperature: 57.113378
2024-11-20 16:01:53,365-INFO- Cooling down - Temperature: 57.035855
2024-11-20 16:01:55,564-INFO- Cooling down - Temperature: 56.913947
2024-11-20 16:01:57,764-INFO- Cooling down - Temperature: 56.858585
2024-11-20 16:01:59,993-INFO- Cooling down - Temperature: 56.721693
2024-11-20 16:02:02,001-INFO- Cooling down - Temperature: 56.712683
2024-11-20 16:02:03,005-WARNING- DSP6000 Get Data error: VI_ERROR_TMO (-1073807339): Timeout expired before operation completed. with timeout = 1000
2024-11-20 16:02:03,007-WARNING- PyVISA request error: VI_ERROR_TMO (-1073807339): Timeout expired before operation completed.
2024-11-20 16:02:04,003-INFO- Cooling down - Temperature: 56.582129
2024-11-20 16:02:06,004-INFO- Cooling down - Temperature: 56.504308
2024-11-20 16:02:08,159-INFO- Cooling down - Temperature: 56.417461
2024-11-20 16:02:10,367-INFO- Cooling down - Temperature: 56.325981
2024-11-20 16:02:12,379-INFO- Cooling down - Temperature: 56.245264
2024-11-20 16:02:14,557-INFO- Cooling down - Temperature: 56.159914
2024-11-20 16:02:16,780-INFO- Cooling down - Temperature: 56.082252
2024-11-20 16:02:18,995-INFO- Cooling down - Temperature: 55.981692
2024-11-20 16:02:21,212-INFO- Cooling down - Temperature: 55.898061
2024-11-20 16:02:23,410-INFO- Cooling down - Temperature: 55.831366
2024-11-20 16:02:25,615-INFO- Cooling down - Temperature: 55.720851
2024-11-20 16:02:27,805-INFO- Cooling down - Temperature: 55.636298
2024-11-20 16:02:30,013-INFO- Cooling down - Temperature: 55.543141
2024-11-20 16:02:32,246-INFO- Cooling down - Temperature: 55.484332
2024-11-20 16:02:34,436-INFO- Cooling down - Temperature: 55.418687
2024-11-20 16:02:36,636-INFO- Cooling down - Temperature: 55.303017
2024-11-20 16:02:38,831-INFO- Cooling down - Temperature: 55.247266
2024-11-20 16:02:41,035-INFO- Cooling down - Temperature: 55.146107
2024-11-20 16:02:43,250-INFO- Cooling down - Temperature: 55.081081
2024-11-20 16:02:45,436-INFO- Cooling down - Temperature: 54.998410
2024-11-20 16:02:47,640-INFO- Cooling down - Temperature: 54.937996
2024-11-20 16:02:49,644-INFO- Cooling down - Temperature: 54.852876
2024-11-20 16:02:51,825-INFO- Cooling down - Temperature: 54.803254
2024-11-20 16:02:54,036-INFO- Cooling down - Temperature: 54.707965
2024-11-20 16:02:56,216-INFO- Cooling down - Temperature: 54.642664
2024-11-20 16:02:58,404-INFO- Cooling down - Temperature: 54.596773
2024-11-20 16:03:00,600-INFO- Cooling down - Temperature: 54.510936
2024-11-20 16:03:02,816-INFO- Cooling down - Temperature: 54.464150
2024-11-20 16:03:05,033-INFO- Cooling down - Temperature: 54.349375
2024-11-20 16:03:07,259-INFO- Cooling down - Temperature: 54.310743
2024-11-20 16:03:09,485-INFO- Cooling down - Temperature: 54.219560
2024-11-20 16:03:11,686-INFO- Cooling down - Temperature: 54.114007
2024-11-20 16:03:13,932-INFO- Cooling down - Temperature: 54.102965
2024-11-20 16:03:16,117-INFO- Cooling down - Temperature: 54.019919
2024-11-20 16:03:18,307-INFO- Cooling down - Temperature: 53.966904
2024-11-20 16:03:20,492-INFO- Cooling down - Temperature: 53.879197
2024-11-20 16:03:22,723-INFO- Cooling down - Temperature: 53.861079
2024-11-20 16:03:24,916-INFO- Cooling down - Temperature: 53.762304
2024-11-20 16:03:26,924-INFO- Cooling down - Temperature: 53.688488
2024-11-20 16:03:29,119-INFO- Cooling down - Temperature: 53.659312
2024-11-20 16:03:31,310-INFO- Cooling down - Temperature: 53.581944
2024-11-20 16:03:33,490-INFO- Cooling down - Temperature: 53.508986
2024-11-20 16:03:35,708-INFO- Cooling down - Temperature: 53.462332
2024-11-20 16:03:37,897-INFO- Cooling down - Temperature: 53.384271
2024-11-20 16:03:40,111-INFO- Cooling down - Temperature: 53.335173
2024-11-20 16:03:42,317-INFO- Cooling down - Temperature: 53.266827
2024-11-20 16:03:44,534-INFO- Cooling down - Temperature: 53.241609
2024-11-20 16:03:46,747-INFO- Cooling down - Temperature: 53.143824
2024-11-20 16:03:48,946-INFO- Cooling down - Temperature: 53.064610
2024-11-20 16:03:51,146-INFO- Cooling down - Temperature: 52.997777
2024-11-20 16:03:53,346-INFO- Cooling down - Temperature: 52.958824
2024-11-20 16:03:55,544-INFO- Cooling down - Temperature: 52.921196
2024-11-20 16:03:57,740-INFO- Cooling down - Temperature: 52.834642
2024-11-20 16:03:59,949-INFO- Cooling down - Temperature: 52.802983
2024-11-20 16:04:02,153-INFO- Cooling down - Temperature: 52.729253
2024-11-20 16:04:04,163-INFO- Cooling down - Temperature: 52.652633
2024-11-20 16:04:06,332-INFO- Cooling down - Temperature: 52.615426
2024-11-20 16:04:08,532-INFO- Cooling down - Temperature: 52.566256
2024-11-20 16:04:10,740-INFO- Cooling down - Temperature: 52.504676
2024-11-20 16:04:12,929-INFO- Cooling down - Temperature: 52.448406
2024-11-20 16:04:15,132-INFO- Cooling down - Temperature: 52.381273
2024-11-20 16:04:17,339-INFO- Cooling down - Temperature: 52.363768
2024-11-20 16:04:19,530-INFO- Cooling down - Temperature: 52.263825
2024-11-20 16:04:21,750-INFO- Cooling down - Temperature: 52.220828
2024-11-20 16:04:23,947-INFO- Cooling down - Temperature: 52.157655
2024-11-20 16:04:26,154-INFO- Cooling down - Temperature: 52.103787
2024-11-20 16:04:28,349-INFO- Cooling down - Temperature: 52.065654
2024-11-20 16:04:30,534-INFO- Cooling down - Temperature: 51.996476
2024-11-20 16:04:32,749-INFO- Cooling down - Temperature: 51.954566
2024-11-20 16:04:34,979-INFO- Cooling down - Temperature: 51.864746
2024-11-20 16:04:37,167-INFO- Cooling down - Temperature: 51.821273
2024-11-20 16:04:39,369-INFO- Cooling down - Temperature: 51.777574
2024-11-20 16:04:41,371-INFO- Cooling down - Temperature: 51.772471
2024-11-20 16:04:43,543-INFO- Cooling down - Temperature: 51.695489
2024-11-20 16:04:45,750-INFO- Cooling down - Temperature: 51.607844
2024-11-20 16:04:47,997-WARNING- DSP6000 Get Data error: VI_ERROR_TMO (-1073807339): Timeout expired before operation completed. with timeout = 1000
2024-11-20 16:04:47,997-WARNING- PyVISA request error: VI_ERROR_TMO (-1073807339): Timeout expired before operation completed.
2024-11-20 16:04:47,997-INFO- Cooling down - Temperature: 51.635804
2024-11-20 16:04:50,214-INFO- Cooling down - Temperature: 51.523070
2024-11-20 16:04:52,424-INFO- Cooling down - Temperature: 51.493107
2024-11-20 16:04:54,620-INFO- Cooling down - Temperature: 51.437616
2024-11-20 16:04:56,821-INFO- Cooling down - Temperature: 51.398768
2024-11-20 16:04:59,016-INFO- Cooling down - Temperature: 51.345709
2024-11-20 16:05:01,246-INFO- Cooling down - Temperature: 51.307521
2024-11-20 16:05:03,456-INFO- Cooling down - Temperature: 51.247791
2024-11-20 16:05:05,660-INFO- Cooling down - Temperature: 51.185611
2024-11-20 16:05:07,855-INFO- Cooling down - Temperature: 51.139860
2024-11-20 16:05:10,061-INFO- Cooling down - Temperature: 51.093216
2024-11-20 16:05:12,272-INFO- Cooling down - Temperature: 51.055897
2024-11-20 16:05:14,486-INFO- Cooling down - Temperature: 50.978809
2024-11-20 16:05:16,487-INFO- Cooling down - Temperature: 50.952814
2024-11-20 16:05:18,495-INFO- Cooling down - Temperature: 50.899932
2024-11-20 16:05:20,501-INFO- Cooling down - Temperature: 50.862822
2024-11-20 16:05:22,503-INFO- Cooling down - Temperature: 50.811042
2024-11-20 16:05:24,599-INFO- Cooling down - Temperature: 50.762590
2024-11-20 16:05:26,807-INFO- Cooling down - Temperature: 50.727916
2024-11-20 16:05:29,011-INFO- Cooling down - Temperature: 50.680790
2024-11-20 16:05:31,212-INFO- Cooling down - Temperature: 50.649889
2024-11-20 16:05:33,407-INFO- Cooling down - Temperature: 50.587860
2024-11-20 16:05:35,595-INFO- Cooling down - Temperature: 50.538498
2024-11-20 16:05:37,792-INFO- Cooling down - Temperature: 50.500473
2024-11-20 16:05:39,996-INFO- Cooling down - Temperature: 50.460888
2024-11-20 16:05:42,258-INFO- Cooling down - Temperature: 50.409735
2024-11-20 16:05:44,451-INFO- Cooling down - Temperature: 50.391497
2024-11-20 16:05:46,649-INFO- Cooling down - Temperature: 50.321651
2024-11-20 16:05:48,848-INFO- Cooling down - Temperature: 50.276491
2024-11-20 16:05:51,056-INFO- Cooling down - Temperature: 50.232661
2024-11-20 16:05:52,569-WARNING- DSP6000 Get Data error: VI_ERROR_TMO (-1073807339): Timeout expired before operation completed. with timeout = 1000
2024-11-20 16:05:52,569-WARNING- PyVISA request error: VI_ERROR_TMO (-1073807339): Timeout expired before operation completed.
2024-11-20 16:05:53,060-INFO- Cooling down - Temperature: 50.232661
2024-11-20 16:05:55,067-INFO- Cooling down - Temperature: 50.168135
2024-11-20 16:05:57,069-INFO- Cooling down - Temperature: 50.124296
2024-11-20 16:05:59,075-INFO- Cooling down - Temperature: 50.055972
2024-11-20 16:06:01,137-INFO- Cooling down - Temperature: 50.012792
2024-11-20 16:06:03,349-INFO- Cooling down - Temperature: 49.998101
2024-11-20 16:06:05,554-INFO- Cooling down - Temperature: 49.925531
2024-11-20 16:06:07,758-INFO- Cooling down - Temperature: 49.908834
2024-11-20 16:06:09,990-INFO- Cooling down - Temperature: 49.855845
2024-11-20 16:06:12,212-INFO- Cooling down - Temperature: 49.813316
2024-11-20 16:06:14,418-INFO- Cooling down - Temperature: 49.770339
2024-11-20 16:06:16,624-INFO- Cooling down - Temperature: 49.712881
2024-11-20 16:06:18,817-INFO- Cooling down - Temperature: 49.678359
2024-11-20 16:06:21,011-INFO- Cooling down - Temperature: 49.669004
2024-11-20 16:06:23,208-INFO- Cooling down - Temperature: 49.631361
2024-11-20 16:06:25,408-INFO- Cooling down - Temperature: 49.588368
2024-11-20 16:06:27,609-INFO- Cooling down - Temperature: 49.529553
2024-11-20 16:06:29,801-INFO- Cooling down - Temperature: 49.481650
2024-11-20 16:06:32,007-INFO- Cooling down - Temperature: 49.444885
2024-11-20 16:06:34,216-INFO- Cooling down - Temperature: 49.425275
2024-11-20 16:06:36,225-INFO- Cooling down - Temperature: 49.357304
2024-11-20 16:06:38,387-INFO- Cooling down - Temperature: 49.319415
2024-11-20 16:06:40,586-INFO- Cooling down - Temperature: 49.273053
2024-11-20 16:06:43,574-WARNING- DSP6000 Get Data error: VI_ERROR_TMO (-1073807339): Timeout expired before operation completed. with timeout = 1000
2024-11-20 16:06:43,574-WARNING- PyVISA request error: VI_ERROR_TMO (-1073807339): Timeout expired before operation completed.
2024-11-20 16:06:43,574-INFO- Cooling down - Temperature: 49.236272
2024-11-20 16:06:45,777-INFO- Cooling down - Temperature: 49.194361
2024-11-20 16:06:47,994-INFO- Cooling down - Temperature: 49.154900
2024-11-20 16:06:50,219-INFO- Cooling down - Temperature: 49.125246
2024-11-20 16:06:52,431-INFO- Cooling down - Temperature: 49.076859
2024-11-20 16:06:55,422-WARNING- DSP6000 Get Data error: VI_ERROR_TMO (-1073807339): Timeout expired before operation completed. with timeout = 1000
2024-11-20 16:06:55,422-WARNING- PyVISA request error: VI_ERROR_TMO (-1073807339): Timeout expired before operation completed.
2024-11-20 16:06:55,422-INFO- Cooling down - Temperature: 49.027799
2024-11-20 16:06:57,606-INFO- Cooling down - Temperature: 49.003044
2024-11-20 16:06:59,791-INFO- Cooling down - Temperature: 48.952639
2024-11-20 16:07:01,993-INFO- Cooling down - Temperature: 48.924088
2024-11-20 16:07:04,254-INFO- Cooling down - Temperature: 48.917396
2024-11-20 16:07:06,474-INFO- Cooling down - Temperature: 48.844897
2024-11-20 16:07:08,685-INFO- Cooling down - Temperature: 48.797600
2024-11-20 16:07:10,894-INFO- Cooling down - Temperature: 48.758331
2024-11-20 16:07:13,106-INFO- Cooling down - Temperature: 48.722629
2024-11-20 16:07:15,322-INFO- Cooling down - Temperature: 48.721960
2024-11-20 16:07:17,327-INFO- Cooling down - Temperature: 48.625106
2024-11-20 16:07:19,489-INFO- Cooling down - Temperature: 48.657467
2024-11-20 16:07:21,688-INFO- Cooling down - Temperature: 48.593636
2024-11-20 16:07:23,886-INFO- Cooling down - Temperature: 48.544307
2024-11-20 16:07:26,085-INFO- Cooling down - Temperature: 48.515064
2024-11-20 16:07:28,280-INFO- Cooling down - Temperature: 48.480685
2024-11-20 16:07:30,481-INFO- Cooling down - Temperature: 48.449876
2024-11-20 16:07:32,715-INFO- Cooling down - Temperature: 48.358777
2024-11-20 16:07:34,924-INFO- Cooling down - Temperature: 48.372622
2024-11-20 16:07:37,115-INFO- Cooling down - Temperature: 48.321261
2024-11-20 16:07:39,322-INFO- Cooling down - Temperature: 48.319698
2024-11-20 16:07:41,530-INFO- Cooling down - Temperature: 48.274586
2024-11-20 16:07:43,750-INFO- Cooling down - Temperature: 48.224332
2024-11-20 16:07:45,947-INFO- Cooling down - Temperature: 48.216738
2024-11-20 16:07:48,143-INFO- Cooling down - Temperature: 48.140342
2024-11-20 16:07:50,355-INFO- Cooling down - Temperature: 48.132077
2024-11-20 16:07:52,546-INFO- Cooling down - Temperature: 48.085161
2024-11-20 16:07:54,564-INFO- Cooling down - Temperature: 48.049189
2024-11-20 16:07:56,744-INFO- Cooling down - Temperature: 47.991539
2024-11-20 16:07:58,927-INFO- Cooling down - Temperature: 47.972768
2024-11-20 16:08:01,123-INFO- Cooling down - Temperature: 47.921144
2024-11-20 16:08:03,330-INFO- Cooling down - Temperature: 47.892537
2024-11-20 16:08:05,537-INFO- Cooling down - Temperature: 47.879350
2024-11-20 16:08:07,748-INFO- Cooling down - Temperature: 47.823022
2024-11-20 16:08:09,760-INFO- Cooling down - Temperature: 47.841352
2024-11-20 16:08:11,760-INFO- Cooling down - Temperature: 47.798433
2024-11-20 16:08:13,766-INFO- Cooling down - Temperature: 47.768030
2024-11-20 16:08:15,866-INFO- Cooling down - Temperature: 47.705654
2024-11-20 16:08:18,079-INFO- Cooling down - Temperature: 47.666525
2024-11-20 16:08:20,278-INFO- Cooling down - Temperature: 47.628288
2024-11-20 16:08:22,492-INFO- Cooling down - Temperature: 47.621803
2024-11-20 16:08:24,737-INFO- Cooling down - Temperature: 47.595638
2024-11-20 16:08:26,239-WARNING- DSP6000 Get Data error: VI_ERROR_TMO (-1073807339): Timeout expired before operation completed. with timeout = 1000
2024-11-20 16:08:26,239-WARNING- PyVISA request error: VI_ERROR_TMO (-1073807339): Timeout expired before operation completed.
2024-11-20 16:08:26,740-INFO- Cooling down - Temperature: 47.595638
2024-11-20 16:08:28,745-INFO- Cooling down - Temperature: 47.532570
2024-11-20 16:08:30,747-INFO- Cooling down - Temperature: 47.505506
2024-11-20 16:08:32,752-INFO- Cooling down - Temperature: 47.442203
2024-11-20 16:08:34,767-INFO- Cooling down - Temperature: 47.436834
2024-11-20 16:08:36,987-INFO- Cooling down - Temperature: 47.421846
2024-11-20 16:08:39,188-INFO- Cooling down - Temperature: 47.352716
2024-11-20 16:08:41,399-INFO- Cooling down - Temperature: 47.307295
2024-11-20 16:08:43,624-INFO- Cooling down - Temperature: 47.307295
2024-11-20 16:08:45,837-INFO- Cooling down - Temperature: 47.284023
2024-11-20 16:08:48,037-INFO- Cooling down - Temperature: 47.234120
2024-11-20 16:08:50,249-INFO- Cooling down - Temperature: 47.210622
2024-11-20 16:08:52,471-INFO- Cooling down - Temperature: 47.175932
2024-11-20 16:08:54,680-INFO- Cooling down - Temperature: 47.141015
2024-11-20 16:08:56,878-INFO- Cooling down - Temperature: 47.119079
2024-11-20 16:08:59,081-INFO- Cooling down - Temperature: 47.081249
2024-11-20 16:09:01,270-INFO- Cooling down - Temperature: 47.049236
2024-11-20 16:09:03,480-INFO- Cooling down - Temperature: 47.017669
2024-11-20 16:09:05,680-INFO- Cooling down - Temperature: 46.983638
2024-11-20 16:09:07,883-INFO- Cooling down - Temperature: 46.932810
2024-11-20 16:09:09,890-INFO- Cooling down - Temperature: 46.926316
2024-11-20 16:09:12,078-INFO- Cooling down - Temperature: 46.894966
2024-11-20 16:09:14,282-INFO- Cooling down - Temperature: 46.886232
2024-11-20 16:09:16,487-INFO- Cooling down - Temperature: 46.856671
2024-11-20 16:09:18,490-INFO- Cooling down - Temperature: 46.821732
2024-11-20 16:09:20,494-INFO- Cooling down - Temperature: 46.777160
2024-11-20 16:09:22,500-INFO- Cooling down - Temperature: 46.763049
2024-11-20 16:09:24,612-INFO- Cooling down - Temperature: 46.744457
2024-11-20 16:09:26,817-INFO- Cooling down - Temperature: 46.707047
2024-11-20 16:09:29,022-INFO- Cooling down - Temperature: 46.677699
2024-11-20 16:09:31,205-INFO- Cooling down - Temperature: 46.629978
2024-11-20 16:09:33,381-INFO- Cooling down - Temperature: 46.596592
2024-11-20 16:09:35,583-INFO- Cooling down - Temperature: 46.570376
2024-11-20 16:09:37,778-INFO- Cooling down - Temperature: 46.546174
2024-11-20 16:09:39,996-INFO- Cooling down - Temperature: 46.525782
2024-11-20 16:09:42,200-INFO- Cooling down - Temperature: 46.512784
2024-11-20 16:09:44,405-INFO- Cooling down - Temperature: 46.464374
2024-11-20 16:09:46,413-INFO- Cooling down - Temperature: 46.462581
2024-11-20 16:09:48,588-INFO- Cooling down - Temperature: 46.392200
2024-11-20 16:09:50,777-INFO- Cooling down - Temperature: 46.375164
2024-11-20 16:09:53,001-INFO- Cooling down - Temperature: 46.383010
2024-11-20 16:09:55,215-INFO- Cooling down - Temperature: 46.309928
2024-11-20 16:09:57,410-INFO- Cooling down - Temperature: 46.312169
2024-11-20 16:09:59,593-INFO- Cooling down - Temperature: 46.268226
2024-11-20 16:10:01,771-INFO- Cooling down - Temperature: 46.206339
2024-11-20 16:10:03,987-INFO- Cooling down - Temperature: 46.224726
2024-11-20 16:10:06,195-INFO- Cooling down - Temperature: 46.167320
2024-11-20 16:10:08,404-INFO- Cooling down - Temperature: 46.154313
2024-11-20 16:10:10,610-INFO- Cooling down - Temperature: 46.118429
2024-11-20 16:10:12,808-INFO- Cooling down - Temperature: 46.144221
2024-11-20 16:10:15,014-INFO- Cooling down - Temperature: 46.072450
2024-11-20 16:10:17,217-INFO- Cooling down - Temperature: 46.032299
2024-11-20 16:10:19,426-INFO- Cooling down - Temperature: 46.026915
2024-11-20 16:10:21,614-INFO- Cooling down - Temperature: 45.986312
2024-11-20 16:10:23,614-INFO- Cooling down - Temperature: 45.914743
2024-11-20 16:10:25,799-INFO- Cooling down - Temperature: 45.900608
2024-11-20 16:10:28,010-INFO- Cooling down - Temperature: 45.890735
2024-11-20 16:10:30,205-INFO- Cooling down - Temperature: 45.888043
2024-11-20 16:10:32,400-INFO- Cooling down - Temperature: 45.853711
2024-11-20 16:10:34,617-INFO- Cooling down - Temperature: 45.824315
2024-11-20 16:10:36,812-INFO- Cooling down - Temperature: 45.816909
2024-11-20 16:10:39,003-INFO- Cooling down - Temperature: 45.765965
2024-11-20 16:10:41,213-INFO- Cooling down - Temperature: 45.718607
2024-11-20 16:10:43,424-INFO- Cooling down - Temperature: 45.688305
2024-11-20 16:10:45,619-INFO- Cooling down - Temperature: 45.698630
2024-11-20 16:10:47,822-INFO- Cooling down - Temperature: 45.651042
2024-11-20 16:10:50,047-INFO- Cooling down - Temperature: 45.633532
2024-11-20 16:10:52,258-INFO- Cooling down - Temperature: 45.601204
2024-11-20 16:10:54,479-INFO- Cooling down - Temperature: 45.565731
2024-11-20 16:10:56,687-INFO- Cooling down - Temperature: 45.562138
2024-11-20 16:10:58,880-INFO- Cooling down - Temperature: 45.525989
2024-11-20 16:11:00,881-INFO- Cooling down - Temperature: 45.513639
2024-11-20 16:11:03,056-INFO- Cooling down - Temperature: 45.437288
2024-11-20 16:11:05,259-INFO- Cooling down - Temperature: 45.437512
2024-11-20 16:11:07,474-INFO- Cooling down - Temperature: 45.424262
2024-11-20 16:11:09,673-INFO- Cooling down - Temperature: 45.362947
2024-11-20 16:11:11,876-INFO- Cooling down - Temperature: 45.349021
2024-11-20 16:11:14,085-INFO- Cooling down - Temperature: 45.333072
2024-11-20 16:11:16,306-INFO- Cooling down - Temperature: 45.309486
2024-11-20 16:11:18,518-INFO- Cooling down - Temperature: 45.309037
2024-11-20 16:11:20,741-INFO- Cooling down - Temperature: 45.246585
2024-11-20 16:11:22,954-INFO- Cooling down - Temperature: 45.268826
2024-11-20 16:11:25,153-INFO- Cooling down - Temperature: 45.222994
2024-11-20 16:11:27,354-INFO- Cooling down - Temperature: 45.182776
2024-11-20 16:11:29,552-INFO- Cooling down - Temperature: 45.175361
2024-11-20 16:11:31,745-INFO- Cooling down - Temperature: 45.133117
2024-11-20 16:11:33,926-INFO- Cooling down - Temperature: 45.100308
2024-11-20 16:11:36,113-INFO- Cooling down - Temperature: 45.089071
2024-11-20 16:11:38,116-INFO- Cooling down - Temperature: 45.067946
2024-11-20 16:11:40,305-INFO- Cooling down - Temperature: 45.031087
2024-11-20 16:11:42,520-INFO- Cooling down - Temperature: 44.979165
2024-11-20 16:11:44,739-INFO- Cooling down - Temperature: 44.997372
2024-11-20 16:11:46,949-INFO- Cooling down - Temperature: 44.977592
2024-11-20 16:11:49,170-INFO- Cooling down - Temperature: 44.943199
2024-11-20 16:11:51,377-INFO- Cooling down - Temperature: 44.912851
2024-11-20 16:11:53,585-INFO- Cooling down - Temperature: 44.921618
2024-11-20 16:11:55,791-INFO- Cooling down - Temperature: 44.859568
2024-11-20 16:11:57,969-INFO- Cooling down - Temperature: 44.818421
2024-11-20 16:12:00,167-INFO- Cooling down - Temperature: 44.808303
2024-11-20 16:12:02,363-INFO- Cooling down - Temperature: 44.761081
2024-11-20 16:12:04,571-INFO- Cooling down - Temperature: 44.776372
2024-11-20 16:12:06,830-WARNING- DSP6000 Get Data error: VI_ERROR_TMO (-1073807339): Timeout expired before operation completed. with timeout = 1000
2024-11-20 16:12:06,830-WARNING- PyVISA request error: VI_ERROR_TMO (-1073807339): Timeout expired before operation completed.
2024-11-20 16:12:06,830-INFO- Cooling down - Temperature: 44.755909
2024-11-20 16:12:09,022-INFO- Cooling down - Temperature: 44.723750
2024-11-20 16:12:11,252-INFO- Cooling down - Temperature: 44.653353
2024-11-20 16:12:13,469-INFO- Cooling down - Temperature: 44.643681
2024-11-20 16:12:15,673-INFO- Cooling down - Temperature: 44.627486
2024-11-20 16:12:17,679-INFO- Cooling down - Temperature: 44.629735
2024-11-20 16:12:19,888-INFO- Cooling down - Temperature: 44.592395
2024-11-20 16:12:22,106-INFO- Cooling down - Temperature: 44.562025
2024-11-20 16:12:24,315-INFO- Cooling down - Temperature: 44.542228
2024-11-20 16:12:26,519-INFO- Cooling down - Temperature: 44.519280
2024-11-20 16:12:28,738-INFO- Cooling down - Temperature: 44.492281
2024-11-20 16:12:30,932-INFO- Cooling down - Temperature: 44.484631
2024-11-20 16:12:33,137-INFO- Cooling down - Temperature: 44.449305
2024-11-20 16:12:35,314-INFO- Cooling down - Temperature: 44.391697
2024-11-20 16:12:37,521-INFO- Cooling down - Temperature: 44.388547
2024-11-20 16:12:39,741-INFO- Cooling down - Temperature: 44.398449
2024-11-20 16:12:41,749-INFO- Cooling down - Temperature: 44.368518
2024-11-20 16:12:43,759-INFO- Cooling down - Temperature: 44.346237
2024-11-20 16:12:45,762-INFO- Cooling down - Temperature: 44.288393
2024-11-20 16:12:47,992-INFO- Cooling down - Temperature: 44.298072
2024-11-20 16:12:50,240-INFO- Cooling down - Temperature: 44.266109
2024-11-20 16:12:52,468-INFO- Cooling down - Temperature: 44.223789
2024-11-20 16:12:54,473-INFO- Cooling down - Temperature: 44.231218
2024-11-20 16:12:56,649-INFO- Cooling down - Temperature: 44.174936
2024-11-20 16:12:58,831-INFO- Cooling down - Temperature: 44.163229
2024-11-20 16:13:01,027-INFO- Cooling down - Temperature: 44.142741
2024-11-20 16:13:03,256-INFO- Cooling down - Temperature: 44.119550
2024-11-20 16:13:05,481-INFO- Cooling down - Temperature: 44.086450
2024-11-20 16:13:07,486-INFO- Cooling down - Temperature: 44.055599
2024-11-20 16:13:09,487-INFO- Cooling down - Temperature: 44.046367
2024-11-20 16:13:11,490-INFO- Cooling down - Temperature: 44.035107
2024-11-20 16:13:13,595-INFO- Cooling down - Temperature: 43.988038
2024-11-20 16:13:15,802-INFO- Cooling down - Temperature: 44.020018
2024-11-20 16:13:18,016-INFO- Cooling down - Temperature: 43.958308
2024-11-20 16:13:20,252-INFO- Cooling down - Temperature: 43.936685
2024-11-20 16:13:22,491-INFO- Cooling down - Temperature: 43.917088
2024-11-20 16:13:24,501-INFO- Cooling down - Temperature: 43.906501
2024-11-20 16:13:26,509-INFO- Cooling down - Temperature: 43.873388
2024-11-20 16:13:27,749-WARNING- DSP6000 Get Data error: VI_ERROR_TMO (-1073807339): Timeout expired before operation completed. with timeout = 1000
2024-11-20 16:13:27,749-WARNING- PyVISA request error: VI_ERROR_TMO (-1073807339): Timeout expired before operation completed.
2024-11-20 16:13:28,515-INFO- Cooling down - Temperature: 43.850635
2024-11-20 16:13:30,738-WARNING- DSP6000 Get Data error: VI_ERROR_TMO (-1073807339): Timeout expired before operation completed. with timeout = 1000
2024-11-20 16:13:30,738-WARNING- PyVISA request error: VI_ERROR_TMO (-1073807339): Timeout expired before operation completed.
2024-11-20 16:13:30,738-INFO- Cooling down - Temperature: 43.824952
2024-11-20 16:13:32,947-INFO- Cooling down - Temperature: 43.810308
2024-11-20 16:13:34,952-INFO- Cooling down - Temperature: 43.755331
2024-11-20 16:13:37,106-INFO- Cooling down - Temperature: 43.770428
2024-11-20 16:13:39,313-INFO- Cooling down - Temperature: 43.756458
2024-11-20 16:13:41,509-INFO- Cooling down - Temperature: 43.710490
2024-11-20 16:13:43,747-INFO- Cooling down - Temperature: 43.701927
2024-11-20 16:13:45,974-INFO- Cooling down - Temperature: 43.671955
2024-11-20 16:13:48,198-INFO- Cooling down - Temperature: 43.631839
2024-11-20 16:13:50,407-INFO- Cooling down - Temperature: 43.598031
2024-11-20 16:13:52,619-INFO- Cooling down - Temperature: 43.603891
2024-11-20 16:13:54,816-INFO- Cooling down - Temperature: 43.557007
2024-11-20 16:13:57,017-INFO- Cooling down - Temperature: 43.529732
2024-11-20 16:13:59,213-INFO- Cooling down - Temperature: 43.495241
2024-11-20 16:14:01,405-INFO- Cooling down - Temperature: 43.487801
2024-11-20 16:14:03,606-INFO- Cooling down - Temperature: 43.472696
2024-11-20 16:14:05,813-INFO- Cooling down - Temperature: 43.449925
2024-11-20 16:14:08,015-INFO- Cooling down - Temperature: 43.421742
2024-11-20 16:14:10,248-INFO- Cooling down - Temperature: 43.405508
2024-11-20 16:14:12,253-INFO- Cooling down - Temperature: 43.387694
2024-11-20 16:14:14,469-INFO- Cooling down - Temperature: 43.358155
2024-11-20 16:14:16,665-INFO- Cooling down - Temperature: 43.339663
2024-11-20 16:14:18,876-INFO- Cooling down - Temperature: 43.333123
2024-11-20 16:14:21,086-INFO- Cooling down - Temperature: 43.294334
2024-11-20 16:14:23,283-INFO- Cooling down - Temperature: 43.308542
2024-11-20 16:14:25,502-INFO- Cooling down - Temperature: 43.253060
2024-11-20 16:14:27,746-INFO- Cooling down - Temperature: 43.233212
2024-11-20 16:14:29,933-INFO- Cooling down - Temperature: 43.236144
2024-11-20 16:14:32,124-INFO- Cooling down - Temperature: 43.184940
2024-11-20 16:14:34,321-INFO- Cooling down - Temperature: 43.158321
2024-11-20 16:14:36,524-INFO- Cooling down - Temperature: 43.160803
2024-11-20 16:14:38,746-INFO- Cooling down - Temperature: 43.127640
2024-11-20 16:14:40,975-INFO- Cooling down - Temperature: 43.098536
2024-11-20 16:14:43,185-INFO- Cooling down - Temperature: 43.082743
2024-11-20 16:14:45,395-INFO- Cooling down - Temperature: 43.049349
2024-11-20 16:14:47,648-WARNING- DSP6000 Get Data error: VI_ERROR_TMO (-1073807339): Timeout expired before operation completed. with timeout = 1000
2024-11-20 16:14:47,648-WARNING- PyVISA request error: VI_ERROR_TMO (-1073807339): Timeout expired before operation completed.
2024-11-20 16:14:47,648-INFO- Cooling down - Temperature: 43.043257
2024-11-20 16:14:49,843-INFO- Cooling down - Temperature: 43.001286
2024-11-20 16:14:51,847-INFO- Cooling down - Temperature: 43.032426
2024-11-20 16:14:54,034-INFO- Cooling down - Temperature: 42.976463
2024-11-20 16:14:56,245-INFO- Cooling down - Temperature: 42.954121
2024-11-20 16:14:58,440-INFO- Cooling down - Temperature: 42.930649
2024-11-20 16:15:00,643-INFO- Cooling down - Temperature: 42.912368
2024-11-20 16:15:02,843-INFO- Cooling down - Temperature: 42.860003
2024-11-20 16:15:05,041-INFO- Cooling down - Temperature: 42.866549
2024-11-20 16:15:07,248-INFO- Cooling down - Temperature: 42.832464
2024-11-20 16:15:09,445-INFO- Cooling down - Temperature: 42.816210
2024-11-20 16:15:11,631-INFO- Cooling down - Temperature: 42.786186
2024-11-20 16:15:13,845-INFO- Cooling down - Temperature: 42.747128
2024-11-20 16:15:16,062-INFO- Cooling down - Temperature: 42.716873
2024-11-20 16:15:18,286-INFO- Cooling down - Temperature: 42.718228
2024-11-20 16:15:20,479-INFO- Cooling down - Temperature: 42.721615
2024-11-20 16:15:22,488-INFO- Cooling down - Temperature: 42.660198
2024-11-20 16:15:24,488-INFO- Cooling down - Temperature: 42.641229
2024-11-20 16:15:26,491-INFO- Cooling down - Temperature: 42.641229
2024-11-20 16:15:28,494-INFO- Cooling down - Temperature: 42.637616
2024-11-20 16:15:30,590-INFO- Cooling down - Temperature: 42.570542
2024-11-20 16:15:32,757-INFO- Cooling down - Temperature: 42.576414
2024-11-20 16:15:34,932-INFO- Cooling down - Temperature: 42.560378
2024-11-20 16:15:37,133-INFO- Cooling down - Temperature: 42.511365
2024-11-20 16:15:39,349-INFO- Cooling down - Temperature: 42.510235
2024-11-20 16:15:41,531-INFO- Cooling down - Temperature: 42.477256
2024-11-20 16:15:43,743-INFO- Cooling down - Temperature: 42.461895
2024-11-20 16:15:45,942-INFO- Cooling down - Temperature: 42.458054
2024-11-20 16:15:48,158-INFO- Cooling down - Temperature: 42.414227
2024-11-20 16:15:50,357-INFO- Cooling down - Temperature: 42.387341
2024-11-20 16:15:52,568-INFO- Cooling down - Temperature: 42.394797
2024-11-20 16:15:54,772-INFO- Cooling down - Temperature: 42.344186
2024-11-20 16:15:56,982-INFO- Cooling down - Temperature: 42.348253
2024-11-20 16:15:59,163-INFO- Cooling down - Temperature: 42.345994
2024-11-20 16:16:01,358-INFO- Cooling down - Temperature: 42.301027
2024-11-20 16:16:03,553-INFO- Cooling down - Temperature: 42.286112
2024-11-20 16:16:05,563-INFO- Cooling down - Temperature: 42.251762
2024-11-20 16:16:07,748-INFO- Cooling down - Temperature: 42.221252
2024-11-20 16:16:09,959-INFO- Cooling down - Temperature: 42.221026
2024-11-20 16:16:12,157-INFO- Cooling down - Temperature: 42.183506
2024-11-20 16:16:14,379-INFO- Cooling down - Temperature: 42.156156
2024-11-20 16:16:16,589-INFO- Cooling down - Temperature: 42.130387
2024-11-20 16:16:18,814-INFO- Cooling down - Temperature: 42.118407
2024-11-20 16:16:21,027-INFO- Cooling down - Temperature: 42.119763
2024-11-20 16:16:23,250-INFO- Cooling down - Temperature: 42.086984
2024-11-20 16:16:26,247-WARNING- DSP6000 Get Data error: VI_ERROR_TMO (-1073807339): Timeout expired before operation completed. with timeout = 1000
2024-11-20 16:16:26,247-WARNING- PyVISA request error: VI_ERROR_TMO (-1073807339): Timeout expired before operation completed.
2024-11-20 16:16:26,247-INFO- Cooling down - Temperature: 42.062568
2024-11-20 16:16:28,472-INFO- Cooling down - Temperature: 42.047420
2024-11-20 16:16:30,666-INFO- Cooling down - Temperature: 42.009888
2024-11-20 16:16:32,873-INFO- Cooling down - Temperature: 41.971675
2024-11-20 16:16:35,049-INFO- Cooling down - Temperature: 41.966474
2024-11-20 16:16:37,258-INFO- Cooling down - Temperature: 41.972353
2024-11-20 16:16:39,451-INFO- Cooling down - Temperature: 41.950419
2024-11-20 16:16:41,654-INFO- Cooling down - Temperature: 41.912427
2024-11-20 16:16:43,866-INFO- Cooling down - Temperature: 41.895466
2024-11-20 16:16:45,871-INFO- Cooling down - Temperature: 41.873528
2024-11-20 16:16:48,058-INFO- Cooling down - Temperature: 41.883253
2024-11-20 16:16:50,247-INFO- Cooling down - Temperature: 41.834626
2024-11-20 16:16:52,254-INFO- Cooling down - Temperature: 41.817888
2024-11-20 16:16:54,258-INFO- Cooling down - Temperature: 41.764730
2024-11-20 16:16:56,264-INFO- Cooling down - Temperature: 41.761563
2024-11-20 16:16:58,437-INFO- Cooling down - Temperature: 41.748216
2024-11-20 16:17:00,620-INFO- Cooling down - Temperature: 41.731928
2024-11-20 16:17:02,817-INFO- Cooling down - Temperature: 41.746407
2024-11-20 16:17:05,029-INFO- Cooling down - Temperature: 41.709531
2024-11-20 16:17:07,258-INFO- Cooling down - Temperature: 41.683739
2024-11-20 16:17:09,476-INFO- Cooling down - Temperature: 41.672879
2024-11-20 16:17:11,685-INFO- Cooling down - Temperature: 41.627399
2024-11-20 16:17:13,890-INFO- Cooling down - Temperature: 41.641428
2024-11-20 16:17:16,098-INFO- Cooling down - Temperature: 41.590741
2024-11-20 16:17:18,352-WARNING- DSP6000 Get Data error: VI_ERROR_TMO (-1073807339): Timeout expired before operation completed. with timeout = 1000
2024-11-20 16:17:18,352-WARNING- PyVISA request error: VI_ERROR_TMO (-1073807339): Timeout expired before operation completed.
2024-11-20 16:17:18,352-INFO- Cooling down - Temperature: 41.594361
2024-11-20 16:17:20,536-INFO- Cooling down - Temperature: 41.539822
2024-11-20 16:17:22,743-INFO- Cooling down - Temperature: 41.538464
2024-11-20 16:17:24,752-INFO- Cooling down - Temperature: 41.509268
2024-11-20 16:17:26,980-INFO- Cooling down - Temperature: 41.515153
2024-11-20 16:17:29,181-INFO- Cooling down - Temperature: 41.454494
2024-11-20 16:17:31,357-INFO- Cooling down - Temperature: 41.473054
2024-11-20 16:17:33,543-INFO- Cooling down - Temperature: 41.449287
2024-11-20 16:17:35,748-INFO- Cooling down - Temperature: 41.414201
2024-11-20 16:17:37,976-INFO- Cooling down - Temperature: 41.408994
2024-11-20 16:17:40,185-INFO- Cooling down - Temperature: 41.407409
2024-11-20 16:17:42,387-INFO- Cooling down - Temperature: 41.391110
2024-11-20 16:17:44,597-INFO- Cooling down - Temperature: 41.342662
2024-11-20 16:17:46,818-INFO- Cooling down - Temperature: 41.349907
2024-11-20 16:17:49,038-INFO- Cooling down - Temperature: 41.313681
2024-11-20 16:17:51,256-INFO- Cooling down - Temperature: 41.313228
2024-11-20 16:17:53,480-INFO- Cooling down - Temperature: 41.282661
2024-11-20 16:17:55,682-INFO- Cooling down - Temperature: 41.216085
2024-11-20 16:17:57,883-INFO- Cooling down - Temperature: 41.218576
2024-11-20 16:18:00,070-INFO- Cooling down - Temperature: 41.233975
2024-11-20 16:18:02,078-INFO- Cooling down - Temperature: 41.186191
2024-11-20 16:18:04,260-INFO- Cooling down - Temperature: 41.210197
2024-11-20 16:18:06,482-INFO- Cooling down - Temperature: 41.168073
2024-11-20 16:18:08,750-INFO- Cooling down - Temperature: 41.144065
2024-11-20 16:18:10,954-INFO- Cooling down - Temperature: 41.122094
2024-11-20 16:18:13,157-INFO- Cooling down - Temperature: 41.110089
2024-11-20 16:18:16,144-WARNING- DSP6000 Get Data error: VI_ERROR_TMO (-1073807339): Timeout expired before operation completed. with timeout = 1000
2024-11-20 16:18:16,144-WARNING- PyVISA request error: VI_ERROR_TMO (-1073807339): Timeout expired before operation completed.
2024-11-20 16:18:16,144-INFO- Cooling down - Temperature: 41.101935
2024-11-20 16:18:18,353-INFO- Cooling down - Temperature: 41.079736
2024-11-20 16:18:20,560-INFO- Cooling down - Temperature: 41.043491
2024-11-20 16:18:22,762-INFO- Cooling down - Temperature: 41.022649
2024-11-20 16:18:24,991-INFO- Cooling down - Temperature: 41.043944
2024-11-20 16:18:27,203-INFO- Cooling down - Temperature: 40.991611
2024-11-20 16:18:29,414-INFO- Cooling down - Temperature: 40.948335
2024-11-20 16:18:31,616-INFO- Cooling down - Temperature: 40.950601
2024-11-20 16:18:33,810-INFO- Cooling down - Temperature: 40.927942
2024-11-20 16:18:36,002-INFO- Cooling down - Temperature: 40.958304
2024-11-20 16:18:38,211-INFO- Cooling down - Temperature: 40.910947
2024-11-20 16:18:40,212-INFO- Cooling down - Temperature: 40.887154
2024-11-20 16:18:42,399-INFO- Cooling down - Temperature: 40.861546
2024-11-20 16:18:44,604-INFO- Cooling down - Temperature: 40.867211
2024-11-20 16:18:46,822-INFO- Cooling down - Temperature: 40.879449
2024-11-20 16:18:49,024-INFO- Cooling down - Temperature: 40.829364
2024-11-20 16:18:51,251-INFO- Cooling down - Temperature: 40.794914
2024-11-20 16:18:53,479-INFO- Cooling down - Temperature: 40.776102
2024-11-20 16:18:55,683-INFO- Cooling down - Temperature: 40.808967
2024-11-20 16:18:57,892-INFO- Cooling down - Temperature: 40.752075
2024-11-20 16:19:00,079-INFO- Cooling down - Temperature: 40.742781
2024-11-20 16:19:02,269-INFO- Cooling down - Temperature: 40.758875
2024-11-20 16:19:04,479-INFO- Cooling down - Temperature: 40.691550
2024-11-20 16:19:06,678-INFO- Cooling down - Temperature: 40.673187
2024-11-20 16:19:08,883-INFO- Cooling down - Temperature: 40.642580
2024-11-20 16:19:11,065-INFO- Cooling down - Temperature: 40.656637
2024-11-20 16:19:13,277-INFO- Cooling down - Temperature: 40.644621
2024-11-20 16:19:15,481-INFO- Cooling down - Temperature: 40.636686
2024-11-20 16:19:17,490-INFO- Cooling down - Temperature: 40.639633
2024-11-20 16:19:19,648-INFO- Cooling down - Temperature: 40.592926
2024-11-20 16:19:21,853-INFO- Cooling down - Temperature: 40.569117
2024-11-20 16:19:24,058-INFO- Cooling down - Temperature: 40.554605
2024-11-20 16:19:26,272-INFO- Cooling down - Temperature: 40.528073
2024-11-20 16:19:28,477-INFO- Cooling down - Temperature: 40.514013
2024-11-20 16:19:30,677-INFO- Cooling down - Temperature: 40.498591
2024-11-20 16:19:32,871-INFO- Cooling down - Temperature: 40.480448
2024-11-20 16:19:35,060-INFO- Cooling down - Temperature: 40.450057
2024-11-20 16:19:37,258-INFO- Cooling down - Temperature: 40.477046
2024-11-20 16:19:39,481-INFO- Cooling down - Temperature: 40.417622
2024-11-20 16:19:41,692-INFO- Cooling down - Temperature: 40.421251
2024-11-20 16:19:43,897-INFO- Cooling down - Temperature: 40.401971
2024-11-20 16:19:46,101-INFO- Cooling down - Temperature: 40.391763
2024-11-20 16:19:48,308-INFO- Cooling down - Temperature: 40.411497
2024-11-20 16:19:50,496-INFO- Cooling down - Temperature: 40.361593
2024-11-20 16:19:52,716-INFO- Cooling down - Temperature: 40.297844
2024-11-20 16:19:54,720-INFO- Cooling down - Temperature: 40.336185
2024-11-20 16:19:56,895-INFO- Cooling down - Temperature: 40.307146
2024-11-20 16:19:59,090-INFO- Cooling down - Temperature: 40.274022
2024-11-20 16:20:01,283-INFO- Cooling down - Temperature: 40.268576
2024-11-20 16:20:03,489-INFO- Cooling down - Temperature: 40.265627
2024-11-20 16:20:05,491-INFO- Cooling down - Temperature: 40.264492
2024-11-20 16:20:07,499-INFO- Cooling down - Temperature: 40.218658
2024-11-20 16:20:09,506-INFO- Cooling down - Temperature: 40.201639
2024-11-20 16:20:11,657-INFO- Cooling down - Temperature: 40.209127
2024-11-20 16:20:13,864-INFO- Cooling down - Temperature: 40.148990
2024-11-20 16:20:16,068-INFO- Cooling down - Temperature: 40.169642
2024-11-20 16:20:18,285-INFO- Cooling down - Temperature: 40.131515
2024-11-20 16:20:20,476-INFO- Cooling down - Temperature: 40.166238
2024-11-20 16:20:22,674-INFO- Cooling down - Temperature: 40.126295
2024-11-20 16:20:24,871-INFO- Cooling down - Temperature: 40.103599
2024-11-20 16:20:27,073-INFO- Cooling down - Temperature: 40.088619
2024-11-20 16:20:29,275-INFO- Cooling down - Temperature: 40.072958
2024-11-20 16:20:31,276-INFO- Cooling down - Temperature: 40.077270
2024-11-20 16:20:33,446-INFO- Cooling down - Temperature: 40.073865
2024-11-20 16:20:35,637-INFO- Cooling down - Temperature: 40.016209
2024-11-20 16:20:37,828-INFO- Cooling down - Temperature: 40.013258
2024-11-20 16:20:40,036-INFO- Cooling down - Temperature: 39.988287
2024-11-20 16:20:40,036-INFO- Target temperature reached
2024-11-20 16:20:42,044-INFO- Target speed: 815.000000
2024-11-20 16:20:42,188-INFO- Write request detected
2024-11-20 16:20:42,188-INFO- Symbol to write: BD_Target_Speed
2024-11-20 16:20:43,385-INFO- Write request detected
2024-11-20 16:20:43,385-INFO- Symbol to write: BD_Target_Accel
2024-11-20 16:20:46,282-INFO- Write request detected
2024-11-20 16:20:46,282-INFO- Symbol to write: BD_Update_Cmd
2024-11-20 16:20:48,069-INFO- Current speed: 9.778709
2024-11-20 16:20:48,069-INFO- Speed error: 805.221291
2024-11-20 16:20:50,071-INFO- Current speed: 545.640681
2024-11-20 16:20:50,071-INFO- Speed error: 269.359319
2024-11-20 16:20:52,073-INFO- Current speed: 822.313321
2024-11-20 16:20:52,073-INFO- Speed error: 7.313321
2024-11-20 16:20:54,077-INFO- Applying torque value: 0.058000
2024-11-20 16:20:54,522-INFO- Set torque request detected
2024-11-20 16:20:54,522-INFO- Value to set: 0.058
2024-11-20 16:20:55,082-INFO- Read torque: -0.056000
2024-11-20 16:20:56,088-INFO- Applying torque value: 0.843500
2024-11-20 16:20:56,128-INFO- Set torque request detected
2024-11-20 16:20:56,128-INFO- Value to set: 0.8435000000000001
2024-11-20 16:20:57,185-INFO- Read torque: -0.356000
2024-11-20 16:20:58,195-INFO- Applying torque value: 1.629000
2024-11-20 16:20:58,419-INFO- Set torque request detected
2024-11-20 16:20:58,419-INFO- Value to set: 1.6290000000000002
2024-11-20 16:20:59,200-INFO- Read torque: -0.940000
2024-11-20 16:21:00,201-INFO- Applying torque value: 2.414500
2024-11-20 16:21:00,782-INFO- Set torque request detected
2024-11-20 16:21:00,782-INFO- Value to set: 2.4145000000000003
2024-11-20 16:21:01,202-INFO- Read torque: -1.927000
2024-11-20 16:21:02,228-INFO- Applying torque value: 3.200000
2024-11-20 16:21:02,377-INFO- Set torque request detected
2024-11-20 16:21:02,377-INFO- Value to set: 3.2
2024-11-20 16:21:03,452-INFO- Read torque: -3.172000
2024-11-20 16:21:04,469-INFO- Final torque reached: -3.177000
2024-11-20 16:21:04,469-INFO- Starting the measures
2024-11-20 16:21:07,474-INFO- Applying torque value: 3.200000
2024-11-20 16:21:07,474-INFO- Elapsed Time [Secs]: 0.000009
2024-11-20 16:21:07,474-INFO- Measured Temperature [C]: 42.258316
2024-11-20 16:21:07,474-INFO- Estimated ClassA Temperature [C]: 47.302826
2024-11-20 16:21:07,485-INFO- Estimated ClassB Temperature [C]: 29.982096
2024-11-20 16:21:07,650-INFO- Set torque request detected
2024-11-20 16:21:07,650-INFO- Value to set: 3.2
2024-11-20 16:21:13,495-INFO- Applying torque value: 3.100000
2024-11-20 16:21:13,495-INFO- Elapsed Time [Secs]: 6.021506
2024-11-20 16:21:13,495-INFO- Measured Temperature [C]: 46.029607
2024-11-20 16:21:13,495-INFO- Estimated ClassA Temperature [C]: 51.586304
2024-11-20 16:21:13,505-INFO- Estimated ClassB Temperature [C]: 32.140373
2024-11-20 16:21:14,250-INFO- Set torque request detected
2024-11-20 16:21:14,250-INFO- Value to set: 3.1
2024-11-20 16:21:19,751-INFO- Applying torque value: 3.000000
2024-11-20 16:21:19,751-INFO- Elapsed Time [Secs]: 12.277036
2024-11-20 16:21:19,751-INFO- Measured Temperature [C]: 50.651668
2024-11-20 16:21:19,751-INFO- Estimated ClassA Temperature [C]: 54.116821
2024-11-20 16:21:19,761-INFO- Estimated ClassB Temperature [C]: 34.280846
2024-11-20 16:21:20,245-INFO- Set torque request detected
2024-11-20 16:21:20,245-INFO- Value to set: 3.0
2024-11-20 16:21:25,777-INFO- Applying torque value: 2.900000
2024-11-20 16:21:25,777-INFO- Elapsed Time [Secs]: 18.302822
2024-11-20 16:21:25,777-INFO- Measured Temperature [C]: 54.843173
2024-11-20 16:21:25,782-INFO- Estimated ClassA Temperature [C]: 55.883179
2024-11-20 16:21:25,792-INFO- Estimated ClassB Temperature [C]: 36.398254
2024-11-20 16:21:26,277-INFO- Set torque request detected
2024-11-20 16:21:26,277-INFO- Value to set: 2.9000000000000004
2024-11-20 16:21:31,793-INFO- Applying torque value: 2.800000
2024-11-20 16:21:31,793-INFO- Elapsed Time [Secs]: 24.318595
2024-11-20 16:21:31,793-INFO- Measured Temperature [C]: 58.676586
2024-11-20 16:21:31,793-INFO- Estimated ClassA Temperature [C]: 54.531006
2024-11-20 16:21:31,803-INFO- Estimated ClassB Temperature [C]: 38.246658
2024-11-20 16:21:32,264-INFO- Set torque request detected
2024-11-20 16:21:32,264-INFO- Value to set: 2.8000000000000003
2024-11-20 16:21:37,808-INFO- Applying torque value: 2.700000
2024-11-20 16:21:37,808-INFO- Elapsed Time [Secs]: 30.334234
2024-11-20 16:21:37,808-INFO- Measured Temperature [C]: 59.591690
2024-11-20 16:21:37,808-INFO- Estimated ClassA Temperature [C]: 47.835724
2024-11-20 16:21:37,818-INFO- Estimated ClassB Temperature [C]: 38.147030
2024-11-20 16:21:38,266-INFO- Set torque request detected
2024-11-20 16:21:38,266-INFO- Value to set: 2.7
