2025-02-04 09:07:33,757-INFO- RUNNING THE TEST
2025-02-04 09:07:40,777-INFO- File name for the acquisition: ./out/PyVisaAcquisition_20250204_090740.visaacq
2025-02-04 09:07:41,793-INFO- File name for the acquisition: ./out/MasterCommanderAcquisition_20250204_090741.mcacq
2025-02-04 09:07:43,517-INFO- Set torque request detected
2025-02-04 09:07:43,517-INFO- Value to set: 0
2025-02-04 09:07:47,578-WARNING- Read request error: Request error:  Too much empty characters received!
2025-02-04 09:07:47,578-WARNING- Discarding the packet
2025-02-04 09:07:47,811-INFO- Applying demagnetization algorithm
2025-02-04 09:07:48,089-INFO- Write request detected
2025-02-04 09:07:48,089-INFO- Symbol to write: BD_Target_Speed
2025-02-04 09:07:49,309-INFO- Write request detected
2025-02-04 09:07:49,309-INFO- Symbol to write: BD_Target_Accel
2025-02-04 09:07:52,346-INFO- Write request detected
2025-02-04 09:07:52,346-INFO- Symbol to write: BD_Update_Cmd
2025-02-04 09:07:56,438-INFO- Set torque request detected
2025-02-04 09:07:56,438-INFO- Value to set: 0.5
2025-02-04 09:08:00,998-INFO- Set torque request detected
2025-02-04 09:08:00,998-INFO- Value to set: 0
2025-02-04 09:08:01,403-INFO- Write request detected
2025-02-04 09:08:01,403-INFO- Symbol to write: BD_Target_Speed
2025-02-04 09:08:02,026-INFO- Write request detected
2025-02-04 09:08:02,026-INFO- Symbol to write: BD_Target_Accel
2025-02-04 09:08:03,875-WARNING- Read request error: Request error:  Checksum error
2025-02-04 09:08:03,875-WARNING- Discarding the packet
2025-02-04 09:08:04,968-INFO- Write request detected
2025-02-04 09:08:04,968-INFO- Symbol to write: BD_Update_Cmd
2025-02-04 09:08:06,204-WARNING- Read request error: Request error:  Checksum error
2025-02-04 09:08:06,204-WARNING- Discarding the packet
2025-02-04 09:08:07,970-INFO- STARTING STEP N.0/9
2025-02-04 09:08:07,970-INFO- TORQUE MIN: 0.23
2025-02-04 09:08:07,970-INFO- TORQUE MAX: 0.234
2025-02-04 09:08:07,971-INFO- TORQUE STEP: 0.001
2025-02-04 09:08:08,533-INFO- Write request detected
2025-02-04 09:08:08,533-INFO- Symbol to write: BD_Target_Speed
2025-02-04 09:08:09,153-INFO- Write request detected
2025-02-04 09:08:09,153-INFO- Symbol to write: BD_Target_Accel
2025-02-04 09:08:12,163-INFO- Write request detected
2025-02-04 09:08:12,163-INFO- Symbol to write: BD_Update_Cmd
2025-02-04 09:08:14,684-INFO- Set torque request detected
2025-02-04 09:08:14,684-INFO- Value to set: 0
2025-02-04 09:08:16,097-INFO- Target speed: 18000.000000
2025-02-04 09:08:16,336-INFO- Write request detected
2025-02-04 09:08:16,336-INFO- Symbol to write: BD_Target_Speed
2025-02-04 09:08:17,418-WARNING- DSP6000 Get Data error: VI_ERROR_TMO (-1073807339): Timeout expired before operation completed. with timeout = 1000
2025-02-04 09:08:17,418-WARNING- PyVISA request error: VI_ERROR_TMO (-1073807339): Timeout expired before operation completed.
2025-02-04 09:08:17,569-INFO- Write request detected
2025-02-04 09:08:17,569-INFO- Symbol to write: BD_Target_Accel
2025-02-04 09:08:20,603-INFO- Write request detected
2025-02-04 09:08:20,603-INFO- Symbol to write: BD_Update_Cmd
2025-02-04 09:08:20,697-WARNING- Read request error: Request error:  Checksum error
2025-02-04 09:08:20,697-WARNING- Discarding the packet
2025-02-04 09:08:21,272-WARNING- Read request error: Request error:  Checksum error
2025-02-04 09:08:21,272-WARNING- Discarding the packet
2025-02-04 09:08:22,151-INFO- Current speed: 0.014665
2025-02-04 09:08:22,151-INFO- Speed error: 17999.985335
2025-02-04 09:08:24,170-INFO- Current speed: 192.784603
2025-02-04 09:08:24,170-INFO- Speed error: 17807.215397
2025-02-04 09:08:26,180-INFO- Current speed: 1403.502533
2025-02-04 09:08:26,180-INFO- Speed error: 16596.497467
2025-02-04 09:08:28,198-INFO- Current speed: 2309.970560
2025-02-04 09:08:28,198-INFO- Speed error: 15690.029440
2025-02-04 09:08:30,204-INFO- Current speed: 3222.585394
2025-02-04 09:08:30,204-INFO- Speed error: 14777.414606
2025-02-04 09:08:32,221-INFO- Current speed: 4429.189491
2025-02-04 09:08:32,222-INFO- Speed error: 13570.810509
2025-02-04 09:08:34,232-INFO- Current speed: 5336.615421
2025-02-04 09:08:34,232-INFO- Speed error: 12663.384579
2025-02-04 09:08:36,246-INFO- Current speed: 6238.658506
2025-02-04 09:08:36,247-INFO- Speed error: 11761.341494
2025-02-04 09:08:38,265-INFO- Current speed: 7455.367932
2025-02-04 09:08:38,265-INFO- Speed error: 10544.632068
2025-02-04 09:08:40,282-INFO- Current speed: 8358.272459
2025-02-04 09:08:40,282-INFO- Speed error: 9641.727541
2025-02-04 09:08:42,290-INFO- Current speed: 9256.159875
2025-02-04 09:08:42,290-INFO- Speed error: 8743.840125
2025-02-04 09:08:44,299-INFO- Current speed: 10463.968126
2025-02-04 09:08:44,299-INFO- Speed error: 7536.031874
2025-02-04 09:08:46,306-INFO- Current speed: 11360.381532
2025-02-04 09:08:46,306-INFO- Speed error: 6639.618468
2025-02-04 09:08:48,323-INFO- Current speed: 12513.385656
2025-02-04 09:08:48,323-INFO- Speed error: 5486.614344
2025-02-04 09:08:50,333-INFO- Current speed: 13438.648616
2025-02-04 09:08:50,334-INFO- Speed error: 4561.351384
2025-02-04 09:08:52,341-INFO- Current speed: 14354.945122
2025-02-04 09:08:52,341-INFO- Speed error: 3645.054878
2025-02-04 09:08:54,364-INFO- Current speed: 15566.941098
2025-02-04 09:08:54,364-INFO- Speed error: 2433.058902
2025-02-04 09:08:56,385-INFO- Current speed: 16456.852310
2025-02-04 09:08:56,385-INFO- Speed error: 1543.147690
2025-02-04 09:08:58,403-INFO- Current speed: 17185.798658
2025-02-04 09:08:58,403-INFO- Speed error: 814.201342
2025-02-04 09:09:00,428-INFO- Applying torque value: 0.212000
2025-02-04 09:09:00,930-INFO- Set torque request detected
2025-02-04 09:09:00,930-INFO- Value to set: 0.212
2025-02-04 09:09:01,429-INFO- Read torque: -0.204000
2025-02-04 09:09:02,440-INFO- Applying torque value: 0.217500
2025-02-04 09:09:02,549-INFO- Set torque request detected
2025-02-04 09:09:02,549-INFO- Value to set: 0.2175
2025-02-04 09:09:03,638-INFO- Read torque: -0.202000
2025-02-04 09:09:04,651-INFO- Applying torque value: 0.223000
2025-02-04 09:09:04,870-INFO- Set torque request detected
2025-02-04 09:09:04,870-INFO- Value to set: 0.223
2025-02-04 09:09:05,665-INFO- Read torque: -0.210000
2025-02-04 09:09:06,674-INFO- Applying torque value: 0.228500
2025-02-04 09:09:07,220-INFO- Set torque request detected
2025-02-04 09:09:07,220-INFO- Value to set: 0.2285
2025-02-04 09:09:07,686-INFO- Read torque: -0.219000
2025-02-04 09:09:08,699-INFO- Applying torque value: 0.234000
2025-02-04 09:09:08,855-INFO- Set torque request detected
2025-02-04 09:09:08,855-INFO- Value to set: 0.234
2025-02-04 09:09:09,947-INFO- Read torque: -0.224000
2025-02-04 09:09:10,954-INFO- Final torque reached: -0.228000
2025-02-04 09:09:10,955-INFO- Starting the measures
2025-02-04 09:09:13,965-INFO- Applying torque value: 0.234000
2025-02-04 09:09:13,965-INFO- Elapsed Time [Secs]: 0.000014
2025-02-04 09:09:13,966-INFO- Measured Temperature [C]: 67.021522
2025-02-04 09:09:13,972-INFO- Estimated ClassA Temperature [C]: 81.791138
2025-02-04 09:09:13,980-INFO- Estimated ClassB Temperature [C]: 119.444580
2025-02-04 09:09:14,198-INFO- Set torque request detected
2025-02-04 09:09:14,198-INFO- Value to set: 0.234
2025-02-04 09:09:19,982-INFO- Applying torque value: 0.233000
2025-02-04 09:09:19,982-INFO- Elapsed Time [Secs]: 6.016203
2025-02-04 09:09:19,983-INFO- Measured Temperature [C]: 69.202784
2025-02-04 09:09:19,988-INFO- Estimated ClassA Temperature [C]: 84.616974
2025-02-04 09:09:19,993-INFO- Estimated ClassB Temperature [C]: 121.552094
2025-02-04 09:09:20,236-INFO- Set torque request detected
2025-02-04 09:09:20,237-INFO- Value to set: 0.233
2025-02-04 09:09:25,999-INFO- Applying torque value: 0.232000
2025-02-04 09:09:25,999-INFO- Elapsed Time [Secs]: 12.034073
2025-02-04 09:09:26,000-INFO- Measured Temperature [C]: 71.143592
2025-02-04 09:09:26,006-INFO- Estimated ClassA Temperature [C]: 86.907562
2025-02-04 09:09:26,014-INFO- Estimated ClassB Temperature [C]: 123.593620
2025-02-04 09:09:26,326-INFO- Set torque request detected
2025-02-04 09:09:26,326-INFO- Value to set: 0.232
2025-02-04 09:09:32,023-INFO- Applying torque value: 0.231000
2025-02-04 09:09:32,024-INFO- Elapsed Time [Secs]: 18.057875
2025-02-04 09:09:32,024-INFO- Measured Temperature [C]: 72.879109
2025-02-04 09:09:32,028-INFO- Estimated ClassA Temperature [C]: 88.769348
2025-02-04 09:09:32,034-INFO- Estimated ClassB Temperature [C]: 125.588898
2025-02-04 09:09:32,460-INFO- Set torque request detected
2025-02-04 09:09:32,460-INFO- Value to set: 0.231
2025-02-04 09:09:38,041-INFO- Applying torque value: 0.230000
2025-02-04 09:09:38,041-INFO- Elapsed Time [Secs]: 24.075683
2025-02-04 09:09:38,041-INFO- Measured Temperature [C]: 74.239908
2025-02-04 09:09:38,046-INFO- Estimated ClassA Temperature [C]: 90.286346
2025-02-04 09:09:38,051-INFO- Estimated ClassB Temperature [C]: 127.531487
2025-02-04 09:09:38,275-INFO- Set torque request detected
2025-02-04 09:09:38,275-INFO- Value to set: 0.23
2025-02-04 09:09:45,064-INFO- Set torque request detected
2025-02-04 09:09:45,065-INFO- Value to set: 0
2025-02-04 09:09:45,452-INFO- Write request detected
2025-02-04 09:09:45,452-INFO- Symbol to write: BD_Target_Speed
2025-02-04 09:09:46,652-INFO- Write request detected
2025-02-04 09:09:46,653-INFO- Symbol to write: BD_Target_Accel
2025-02-04 09:09:49,586-INFO- Write request detected
2025-02-04 09:09:49,586-INFO- Symbol to write: BD_Update_Cmd
2025-02-04 09:09:51,181-INFO- Current speed: 17375.074528
2025-02-04 09:09:51,181-INFO- Speed error: 17375.074528
2025-02-04 09:09:53,200-INFO- Current speed: 16488.035566
2025-02-04 09:09:53,200-INFO- Speed error: 16488.035566
2025-02-04 09:09:55,211-INFO- Current speed: 15270.166865
2025-02-04 09:09:55,211-INFO- Speed error: 15270.166865
2025-02-04 09:09:57,227-INFO- Current speed: 14355.490662
2025-02-04 09:09:57,228-INFO- Speed error: 14355.490662
2025-02-04 09:09:59,315-INFO- Current speed: 13154.636309
2025-02-04 09:09:59,315-INFO- Speed error: 13154.636309
2025-02-04 09:10:01,337-INFO- Current speed: 12238.386431
2025-02-04 09:10:01,337-INFO- Speed error: 12238.386431
2025-02-04 09:10:03,346-INFO- Current speed: 11321.922066
2025-02-04 09:10:03,346-INFO- Speed error: 11321.922066
2025-02-04 09:10:05,372-INFO- Current speed: 10102.857372
2025-02-04 09:10:05,373-INFO- Speed error: 10102.857372
2025-02-04 09:10:07,389-INFO- Current speed: 9181.949414
2025-02-04 09:10:07,389-INFO- Speed error: 9181.949414
2025-02-04 09:10:09,397-INFO- Current speed: 8280.857528
2025-02-04 09:10:09,397-INFO- Speed error: 8280.857528
2025-02-04 09:10:11,429-INFO- Current speed: 7080.516077
2025-02-04 09:10:11,429-INFO- Speed error: 7080.516077
2025-02-04 09:10:13,442-INFO- Current speed: 6173.282777
2025-02-04 09:10:13,442-INFO- Speed error: 6173.282777
2025-02-04 09:10:15,452-INFO- Current speed: 5329.644621
2025-02-04 09:10:15,452-INFO- Speed error: 5329.644621
2025-02-04 09:10:17,460-INFO- Current speed: 4065.777383
2025-02-04 09:10:17,460-INFO- Speed error: 4065.777383
2025-02-04 09:10:19,471-INFO- Current speed: 3204.727964
2025-02-04 09:10:19,471-INFO- Speed error: 3204.727964
2025-02-04 09:10:21,477-INFO- Current speed: 2284.131390
2025-02-04 09:10:21,477-INFO- Speed error: 2284.131390
2025-02-04 09:10:23,493-INFO- Current speed: 1105.337418
2025-02-04 09:10:23,493-INFO- Speed error: 1105.337418
2025-02-04 09:10:25,513-INFO- Current speed: 0.000000
2025-02-04 09:10:25,514-INFO- Speed error: 0.000000
2025-02-04 09:10:27,522-INFO- Stop Acquisition
2025-02-04 09:10:27,698-INFO- Termination Request
2025-02-04 09:10:28,272-INFO- Termination Request
2025-02-04 09:10:28,286-INFO- Calculated offset for syncing: 0.158522
2025-02-04 09:10:30,422-INFO- Extracting acquisition with marker value: 1
2025-02-04 09:10:30,425-WARNING- Sub-acquisition too short!
2025-02-04 09:10:30,427-INFO- Extracting acquisition with marker value: 2
2025-02-04 09:10:30,430-WARNING- Sub-acquisition too short!
2025-02-04 09:10:30,432-INFO- Extracting acquisition with marker value: 3
2025-02-04 09:10:30,435-WARNING- Sub-acquisition too short!
2025-02-04 09:10:30,437-INFO- Extracting acquisition with marker value: 4
2025-02-04 09:10:30,439-WARNING- Sub-acquisition too short!
2025-02-04 09:10:30,440-INFO- Extracting acquisition with marker value: 5
2025-02-04 09:10:30,442-WARNING- Sub-acquisition too short!
2025-02-04 09:10:30,443-INFO- STARTING STEP N.1/9
2025-02-04 09:10:30,443-INFO- TORQUE MIN: 0.23
2025-02-04 09:10:30,444-INFO- TORQUE MAX: 0.234
2025-02-04 09:10:30,444-INFO- TORQUE STEP: 0.001
2025-02-04 09:10:30,444-INFO- File name for the acquisition: ./out/PyVisaAcquisition_20250204_091030.visaacq
2025-02-04 09:10:31,453-INFO- File name for the acquisition: ./out/MasterCommanderAcquisition_20250204_091031.mcacq
2025-02-04 09:10:32,696-WARNING- DSP6000 Get Data error: VI_ERROR_TMO (-1073807339): Timeout expired before operation completed. with timeout = 1000
2025-02-04 09:10:32,696-WARNING- PyVISA request error: VI_ERROR_TMO (-1073807339): Timeout expired before operation completed.
2025-02-04 09:10:38,004-INFO- Write request detected
2025-02-04 09:10:38,004-INFO- Symbol to write: BD_Target_Speed
2025-02-04 09:10:38,625-INFO- Write request detected
2025-02-04 09:10:38,625-INFO- Symbol to write: BD_Target_Accel
2025-02-04 09:10:41,666-INFO- Write request detected
2025-02-04 09:10:41,666-INFO- Symbol to write: BD_Update_Cmd
2025-02-04 09:10:43,901-WARNING- DSP6000 Get Data error: VI_ERROR_TMO (-1073807339): Timeout expired before operation completed. with timeout = 1000
2025-02-04 09:10:43,901-WARNING- PyVISA request error: VI_ERROR_TMO (-1073807339): Timeout expired before operation completed.
2025-02-04 09:10:44,407-INFO- Set torque request detected
2025-02-04 09:10:44,407-INFO- Value to set: 0
2025-02-04 09:10:45,590-INFO- Target speed: 16000.000000
2025-02-04 09:10:45,918-INFO- Write request detected
2025-02-04 09:10:45,918-INFO- Symbol to write: BD_Target_Speed
2025-02-04 09:10:47,126-INFO- Write request detected
2025-02-04 09:10:47,126-INFO- Symbol to write: BD_Target_Accel
2025-02-04 09:10:50,128-INFO- Write request detected
2025-02-04 09:10:50,128-INFO- Symbol to write: BD_Update_Cmd
2025-02-04 09:10:50,767-WARNING- Read request error: Request error:  Checksum error
2025-02-04 09:10:50,767-WARNING- Discarding the packet
2025-02-04 09:10:51,650-INFO- Current speed: -0.031339
2025-02-04 09:10:51,650-INFO- Speed error: 16000.031339
2025-02-04 09:10:53,657-INFO- Current speed: 144.470385
2025-02-04 09:10:53,657-INFO- Speed error: 15855.529615
2025-02-04 09:10:55,541-WARNING- Read request error: Request error:  Checksum error
2025-02-04 09:10:55,542-WARNING- Discarding the packet
2025-02-04 09:10:55,665-INFO- Current speed: 1057.867421
2025-02-04 09:10:55,665-INFO- Speed error: 14942.132579
2025-02-04 09:10:57,680-INFO- Current speed: 2242.915952
2025-02-04 09:10:57,680-INFO- Speed error: 13757.084048
2025-02-04 09:10:59,696-INFO- Current speed: 3152.828726
2025-02-04 09:10:59,696-INFO- Speed error: 12847.171274
2025-02-04 09:11:01,707-INFO- Current speed: 4360.579567
2025-02-04 09:11:01,708-INFO- Speed error: 11639.420433
2025-02-04 09:11:03,717-INFO- Current speed: 4963.502185
2025-02-04 09:11:03,717-INFO- Speed error: 11036.497815
2025-02-04 09:11:05,759-INFO- Current speed: 6425.278362
2025-02-04 09:11:05,759-INFO- Speed error: 9574.721638
2025-02-04 09:11:07,772-INFO- Current speed: 7353.980677
2025-02-04 09:11:07,772-INFO- Speed error: 8646.019323
2025-02-04 09:11:09,791-INFO- Current speed: 8228.915743
2025-02-04 09:11:09,791-INFO- Speed error: 7771.084257
2025-02-04 09:11:11,802-INFO- Current speed: 9429.513063
2025-02-04 09:11:11,802-INFO- Speed error: 6570.486937
2025-02-04 09:11:13,822-INFO- Current speed: 10322.478371
2025-02-04 09:11:13,822-INFO- Speed error: 5677.521629
2025-02-04 09:11:15,838-INFO- Current speed: 11249.581948
2025-02-04 09:11:15,838-INFO- Speed error: 4750.418052
2025-02-04 09:11:17,846-INFO- Current speed: 12445.937921
2025-02-04 09:11:17,846-INFO- Speed error: 3554.062079
2025-02-04 09:11:19,853-INFO- Current speed: 13390.728446
2025-02-04 09:11:19,853-INFO- Speed error: 2609.271554
2025-02-04 09:11:21,871-INFO- Current speed: 14290.211102
2025-02-04 09:11:21,871-INFO- Speed error: 1709.788898
2025-02-04 09:11:23,892-INFO- Current speed: 15487.197711
2025-02-04 09:11:23,892-INFO- Speed error: 512.802289
2025-02-04 09:11:25,904-INFO- Applying torque value: 0.151000
2025-02-04 09:11:26,199-INFO- Set torque request detected
2025-02-04 09:11:26,199-INFO- Value to set: 0.151
2025-02-04 09:11:26,916-INFO- Read torque: -0.162000
2025-02-04 09:11:27,931-INFO- Applying torque value: 0.171750
2025-02-04 09:11:28,538-INFO- Set torque request detected
2025-02-04 09:11:28,538-INFO- Value to set: 0.17175
2025-02-04 09:11:28,942-INFO- Read torque: -0.162000
2025-02-04 09:11:29,960-INFO- Applying torque value: 0.192500
2025-02-04 09:11:30,194-INFO- Set torque request detected
2025-02-04 09:11:30,194-INFO- Value to set: 0.1925
2025-02-04 09:11:30,962-INFO- Read torque: -0.165000
2025-02-04 09:11:31,975-INFO- Applying torque value: 0.213250
2025-02-04 09:11:32,569-INFO- Set torque request detected
2025-02-04 09:11:32,569-INFO- Value to set: 0.21325
2025-02-04 09:11:32,988-INFO- Read torque: -0.180000
2025-02-04 09:11:34,006-INFO- Applying torque value: 0.234000
2025-02-04 09:11:34,190-INFO- Set torque request detected
2025-02-04 09:11:34,190-INFO- Value to set: 0.234
2025-02-04 09:11:35,017-INFO- Read torque: -0.204000
2025-02-04 09:11:36,030-INFO- Final torque reached: -0.220000
2025-02-04 09:11:36,030-INFO- Starting the measures
2025-02-04 09:11:39,046-INFO- Applying torque value: 0.234000
2025-02-04 09:11:39,046-INFO- Elapsed Time [Secs]: 0.000008
2025-02-04 09:11:39,046-INFO- Measured Temperature [C]: 72.316147
2025-02-04 09:11:39,053-INFO- Estimated ClassA Temperature [C]: 81.885651
2025-02-04 09:11:39,062-INFO- Estimated ClassB Temperature [C]: 115.983154
2025-02-04 09:11:39,529-INFO- Set torque request detected
2025-02-04 09:11:39,529-INFO- Value to set: 0.234
2025-02-04 09:11:45,072-INFO- Applying torque value: 0.233000
2025-02-04 09:11:45,072-INFO- Elapsed Time [Secs]: 6.025866
2025-02-04 09:11:45,101-INFO- Measured Temperature [C]: 74.164760
2025-02-04 09:11:45,108-INFO- Estimated ClassA Temperature [C]: 84.848419
2025-02-04 09:11:45,115-INFO- Estimated ClassB Temperature [C]: 117.327469
2025-02-04 09:11:45,616-INFO- Set torque request detected
2025-02-04 09:11:45,617-INFO- Value to set: 0.233
2025-02-04 09:11:51,120-INFO- Applying torque value: 0.232000
2025-02-04 09:11:51,120-INFO- Elapsed Time [Secs]: 12.073013
2025-02-04 09:11:51,120-INFO- Measured Temperature [C]: 75.833568
2025-02-04 09:11:51,125-INFO- Estimated ClassA Temperature [C]: 87.077728
2025-02-04 09:11:51,130-INFO- Estimated ClassB Temperature [C]: 118.621582
2025-02-04 09:11:51,464-INFO- Set torque request detected
2025-02-04 09:11:51,464-INFO- Value to set: 0.232
2025-02-04 09:11:57,137-INFO- Applying torque value: 0.231000
2025-02-04 09:11:57,137-INFO- Elapsed Time [Secs]: 18.090050
2025-02-04 09:11:57,138-INFO- Measured Temperature [C]: 77.380898
2025-02-04 09:11:57,144-INFO- Estimated ClassA Temperature [C]: 88.787659
2025-02-04 09:11:57,152-INFO- Estimated ClassB Temperature [C]: 119.862595
2025-02-04 09:11:57,528-INFO- Set torque request detected
2025-02-04 09:11:57,528-INFO- Value to set: 0.231
2025-02-04 09:12:03,168-INFO- Applying torque value: 0.230000
2025-02-04 09:12:03,168-INFO- Elapsed Time [Secs]: 24.120431
2025-02-04 09:12:03,169-INFO- Measured Temperature [C]: 78.711855
2025-02-04 09:12:03,175-INFO- Estimated ClassA Temperature [C]: 90.101868
2025-02-04 09:12:03,183-INFO- Estimated ClassB Temperature [C]: 121.038338
2025-02-04 09:12:03,571-INFO- Set torque request detected
2025-02-04 09:12:03,571-INFO- Value to set: 0.23
2025-02-04 09:12:10,462-INFO- Set torque request detected
2025-02-04 09:12:10,462-INFO- Value to set: 0
2025-02-04 09:12:10,679-INFO- Write request detected
2025-02-04 09:12:10,679-INFO- Symbol to write: BD_Target_Speed
2025-02-04 09:12:11,302-INFO- Write request detected
2025-02-04 09:12:11,302-INFO- Symbol to write: BD_Target_Accel
2025-02-04 09:12:14,350-INFO- Write request detected
2025-02-04 09:12:14,350-INFO- Symbol to write: BD_Update_Cmd
2025-02-04 09:12:16,279-INFO- Current speed: 15090.422806
2025-02-04 09:12:16,279-INFO- Speed error: 15090.422806
2025-02-04 09:12:18,296-INFO- Current speed: 14174.282502
2025-02-04 09:12:18,297-INFO- Speed error: 14174.282502
2025-02-04 09:12:20,304-INFO- Current speed: 13271.412363
2025-02-04 09:12:20,305-INFO- Speed error: 13271.412363
2025-02-04 09:12:22,317-INFO- Current speed: 12057.226063
2025-02-04 09:12:22,317-INFO- Speed error: 12057.226063
2025-02-04 09:12:24,333-INFO- Current speed: 11135.572066
2025-02-04 09:12:24,333-INFO- Speed error: 11135.572066
2025-02-04 09:12:26,347-INFO- Current speed: 10214.886754
2025-02-04 09:12:26,347-INFO- Speed error: 10214.886754
2025-02-04 09:12:28,360-INFO- Current speed: 9007.227711
2025-02-04 09:12:28,360-INFO- Speed error: 9007.227711
2025-02-04 09:12:30,372-INFO- Current speed: 8089.584838
2025-02-04 09:12:30,373-INFO- Speed error: 8089.584838
2025-02-04 09:12:32,381-INFO- Current speed: 7202.816898
2025-02-04 09:12:32,382-INFO- Speed error: 7202.816898
2025-02-04 09:12:34,415-INFO- Current speed: 6006.020879
2025-02-04 09:12:34,415-INFO- Speed error: 6006.020879
2025-02-04 09:12:36,428-INFO- Current speed: 5206.056883
2025-02-04 09:12:36,429-INFO- Speed error: 5206.056883
2025-02-04 09:12:38,440-INFO- Current speed: 4268.436199
2025-02-04 09:12:38,441-INFO- Speed error: 4268.436199
2025-02-04 09:12:40,458-INFO- Current speed: 3068.496909
2025-02-04 09:12:40,459-INFO- Speed error: 3068.496909
2025-02-04 09:12:42,477-INFO- Current speed: 2107.971522
2025-02-04 09:12:42,478-INFO- Speed error: 2107.971522
2025-02-04 09:12:44,491-INFO- Current speed: 1181.551547
2025-02-04 09:12:44,491-INFO- Speed error: 1181.551547
2025-02-04 09:12:46,502-INFO- Current speed: 0.000000
2025-02-04 09:12:46,502-INFO- Speed error: 0.000000
2025-02-04 09:12:48,510-INFO- Stop Acquisition
2025-02-04 09:12:48,717-INFO- Termination Request
2025-02-04 09:12:49,432-INFO- Termination Request
2025-02-04 09:12:49,442-INFO- Calculated offset for syncing: 0.443671
2025-02-04 09:12:51,574-INFO- Extracting acquisition with marker value: 1
2025-02-04 09:12:51,576-WARNING- Sub-acquisition too short!
2025-02-04 09:12:51,578-INFO- Extracting acquisition with marker value: 2
2025-02-04 09:12:51,580-WARNING- Sub-acquisition too short!
2025-02-04 09:12:51,581-INFO- Extracting acquisition with marker value: 3
2025-02-04 09:12:51,583-WARNING- Sub-acquisition too short!
2025-02-04 09:12:51,584-INFO- Extracting acquisition with marker value: 4
2025-02-04 09:12:51,586-WARNING- Sub-acquisition too short!
2025-02-04 09:12:51,587-INFO- Extracting acquisition with marker value: 5
2025-02-04 09:12:51,589-WARNING- Sub-acquisition too short!
2025-02-04 09:12:51,591-INFO- STARTING STEP N.2/9
2025-02-04 09:12:51,591-INFO- TORQUE MIN: 0.23
2025-02-04 09:12:51,591-INFO- TORQUE MAX: 0.234
2025-02-04 09:12:51,591-INFO- TORQUE STEP: 0.001
2025-02-04 09:12:51,591-INFO- File name for the acquisition: ./out/PyVisaAcquisition_20250204_091251.visaacq
2025-02-04 09:12:52,595-INFO- File name for the acquisition: ./out/MasterCommanderAcquisition_20250204_091252.mcacq
2025-02-04 09:12:55,333-WARNING- DSP6000 Get Data error: VI_ERROR_TMO (-1073807339): Timeout expired before operation completed. with timeout = 1000
2025-02-04 09:12:55,333-WARNING- PyVISA request error: VI_ERROR_TMO (-1073807339): Timeout expired before operation completed.
2025-02-04 09:12:59,153-INFO- Write request detected
2025-02-04 09:12:59,153-INFO- Symbol to write: BD_Target_Speed
2025-02-04 09:12:59,761-INFO- Write request detected
2025-02-04 09:12:59,761-INFO- Symbol to write: BD_Target_Accel
2025-02-04 09:13:02,808-INFO- Write request detected
2025-02-04 09:13:02,808-INFO- Symbol to write: BD_Update_Cmd
2025-02-04 09:13:04,701-WARNING- PyVISA request error: list index out of range
2025-02-04 09:13:05,208-INFO- Set torque request detected
2025-02-04 09:13:05,208-INFO- Value to set: 0
2025-02-04 09:13:06,744-INFO- Target speed: 14000.000000
2025-02-04 09:13:07,072-INFO- Write request detected
2025-02-04 09:13:07,072-INFO- Symbol to write: BD_Target_Speed
2025-02-04 09:13:08,272-INFO- Write request detected
2025-02-04 09:13:08,272-INFO- Symbol to write: BD_Target_Accel
2025-02-04 09:13:11,316-INFO- Write request detected
2025-02-04 09:13:11,316-INFO- Symbol to write: BD_Update_Cmd
2025-02-04 09:13:12,442-WARNING- DSP6000 Get Data error: VI_ERROR_TMO (-1073807339): Timeout expired before operation completed. with timeout = 1000
2025-02-04 09:13:12,442-WARNING- PyVISA request error: VI_ERROR_TMO (-1073807339): Timeout expired before operation completed.
2025-02-04 09:13:12,553-WARNING- Read request error: Request error:  Checksum error
2025-02-04 09:13:12,553-WARNING- Discarding the packet
2025-02-04 09:13:12,839-INFO- Current speed: -4.348169
2025-02-04 09:13:12,839-INFO- Speed error: 14004.348169
2025-02-04 09:13:14,858-INFO- Current speed: 169.410202
2025-02-04 09:13:14,859-INFO- Speed error: 13830.589798
2025-02-04 09:13:16,866-INFO- Current speed: 1408.223705
2025-02-04 09:13:16,866-INFO- Speed error: 12591.776295
2025-02-04 09:13:18,873-INFO- Current speed: 2316.826832
2025-02-04 09:13:18,873-INFO- Speed error: 11683.173168
2025-02-04 09:13:20,891-INFO- Current speed: 3223.902618
2025-02-04 09:13:20,891-INFO- Speed error: 10776.097382
2025-02-04 09:13:22,909-INFO- Current speed: 4428.001366
2025-02-04 09:13:22,909-INFO- Speed error: 9571.998634
2025-02-04 09:13:24,918-INFO- Current speed: 5298.686925
2025-02-04 09:13:24,918-INFO- Speed error: 8701.313075
2025-02-04 09:13:27,003-INFO- Current speed: 6500.131698
2025-02-04 09:13:27,004-INFO- Speed error: 7499.868302
2025-02-04 09:13:29,012-INFO- Current speed: 7418.329437
2025-02-04 09:13:29,012-INFO- Speed error: 6581.670563
2025-02-04 09:13:31,025-INFO- Current speed: 8296.786040
2025-02-04 09:13:31,025-INFO- Speed error: 5703.213960
2025-02-04 09:13:33,060-INFO- Current speed: 9533.431021
2025-02-04 09:13:33,060-INFO- Speed error: 4466.568979
2025-02-04 09:13:35,083-INFO- Current speed: 10436.195666
2025-02-04 09:13:35,083-INFO- Speed error: 3563.804334
2025-02-04 09:13:37,090-INFO- Current speed: 11329.882533
2025-02-04 09:13:37,090-INFO- Speed error: 2670.117467
2025-02-04 09:13:39,101-INFO- Current speed: 12544.432527
2025-02-04 09:13:39,102-INFO- Speed error: 1455.567473
2025-02-04 09:13:41,122-INFO- Current speed: 13460.376996
2025-02-04 09:13:41,123-INFO- Speed error: 539.623004
2025-02-04 09:13:43,128-INFO- Applying torque value: 0.111000
2025-02-04 09:13:43,454-INFO- Set torque request detected
2025-02-04 09:13:43,454-INFO- Value to set: 0.111
2025-02-04 09:13:44,139-INFO- Read torque: -0.120000
2025-02-04 09:13:45,160-INFO- Applying torque value: 0.141750
2025-02-04 09:13:45,783-INFO- Set torque request detected
2025-02-04 09:13:45,783-INFO- Value to set: 0.14175000000000001
2025-02-04 09:13:46,195-INFO- Read torque: -0.120000
2025-02-04 09:13:47,212-INFO- Applying torque value: 0.172500
2025-02-04 09:13:47,430-INFO- Set torque request detected
2025-02-04 09:13:47,431-INFO- Value to set: 0.17250000000000001
2025-02-04 09:13:48,225-INFO- Read torque: -0.138000
2025-02-04 09:13:49,238-INFO- Applying torque value: 0.203250
2025-02-04 09:13:49,781-INFO- Set torque request detected
2025-02-04 09:13:49,781-INFO- Value to set: 0.20325000000000001
2025-02-04 09:13:50,248-INFO- Read torque: -0.162000
2025-02-04 09:13:51,257-INFO- Applying torque value: 0.234000
2025-02-04 09:13:51,433-INFO- Set torque request detected
2025-02-04 09:13:51,433-INFO- Value to set: 0.234
2025-02-04 09:13:52,267-INFO- Read torque: -0.183000
2025-02-04 09:13:53,349-INFO- Final torque reached: -0.219000
2025-02-04 09:13:53,349-INFO- Starting the measures
2025-02-04 09:13:56,350-INFO- Applying torque value: 0.234000
2025-02-04 09:13:56,350-INFO- Elapsed Time [Secs]: 0.000009
2025-02-04 09:13:56,350-INFO- Measured Temperature [C]: 74.909203
2025-02-04 09:13:56,355-INFO- Estimated ClassA Temperature [C]: 75.236633
2025-02-04 09:13:56,360-INFO- Estimated ClassB Temperature [C]: 107.842140
2025-02-04 09:13:56,746-INFO- Set torque request detected
2025-02-04 09:13:56,746-INFO- Value to set: 0.234
2025-02-04 09:14:02,362-INFO- Applying torque value: 0.233000
2025-02-04 09:14:02,362-INFO- Elapsed Time [Secs]: 6.011885
2025-02-04 09:14:02,362-INFO- Measured Temperature [C]: 76.241420
2025-02-04 09:14:02,368-INFO- Estimated ClassA Temperature [C]: 77.672882
2025-02-04 09:14:02,377-INFO- Estimated ClassB Temperature [C]: 108.540886
2025-02-04 09:14:02,780-INFO- Set torque request detected
2025-02-04 09:14:02,780-INFO- Value to set: 0.233
2025-02-04 09:14:08,378-INFO- Applying torque value: 0.232000
2025-02-04 09:14:08,378-INFO- Elapsed Time [Secs]: 12.027399
2025-02-04 09:14:08,378-INFO- Measured Temperature [C]: 77.516798
2025-02-04 09:14:08,384-INFO- Estimated ClassA Temperature [C]: 79.491821
2025-02-04 09:14:08,391-INFO- Estimated ClassB Temperature [C]: 109.222908
2025-02-04 09:14:08,848-INFO- Set torque request detected
2025-02-04 09:14:08,849-INFO- Value to set: 0.232
2025-02-04 09:14:14,396-INFO- Applying torque value: 0.231000
2025-02-04 09:14:14,396-INFO- Elapsed Time [Secs]: 18.045414
2025-02-04 09:14:14,396-INFO- Measured Temperature [C]: 78.606868
2025-02-04 09:14:14,403-INFO- Estimated ClassA Temperature [C]: 80.858673
2025-02-04 09:14:14,411-INFO- Estimated ClassB Temperature [C]: 109.873314
2025-02-04 09:14:14,704-INFO- Set torque request detected
2025-02-04 09:14:14,704-INFO- Value to set: 0.231
2025-02-04 09:14:20,425-INFO- Applying torque value: 0.230000
2025-02-04 09:14:20,425-INFO- Elapsed Time [Secs]: 24.073409
2025-02-04 09:14:20,425-INFO- Measured Temperature [C]: 79.639646
2025-02-04 09:14:20,430-INFO- Estimated ClassA Temperature [C]: 81.887054
2025-02-04 09:14:20,436-INFO- Estimated ClassB Temperature [C]: 110.493919
2025-02-04 09:14:20,736-INFO- Set torque request detected
2025-02-04 09:14:20,736-INFO- Value to set: 0.23
2025-02-04 09:14:27,533-INFO- Set torque request detected
2025-02-04 09:14:27,533-INFO- Value to set: 0
2025-02-04 09:14:27,703-INFO- Write request detected
2025-02-04 09:14:27,703-INFO- Symbol to write: BD_Target_Speed
2025-02-04 09:14:28,924-INFO- Write request detected
2025-02-04 09:14:28,925-INFO- Symbol to write: BD_Target_Accel
2025-02-04 09:14:31,957-INFO- Write request detected
2025-02-04 09:14:31,957-INFO- Symbol to write: BD_Update_Cmd
2025-02-04 09:14:33,508-INFO- Current speed: 13385.728820
2025-02-04 09:14:33,508-INFO- Speed error: 13385.728820
2025-02-04 09:14:35,516-INFO- Current speed: 12477.733162
2025-02-04 09:14:35,516-INFO- Speed error: 12477.733162
2025-02-04 09:14:37,527-INFO- Current speed: 11255.980396
2025-02-04 09:14:37,527-INFO- Speed error: 11255.980396
2025-02-04 09:14:39,546-INFO- Current speed: 10346.384252
2025-02-04 09:14:39,547-INFO- Speed error: 10346.384252
2025-02-04 09:14:41,558-INFO- Current speed: 9444.151743
2025-02-04 09:14:41,558-INFO- Speed error: 9444.151743
2025-02-04 09:14:43,568-INFO- Current speed: 8213.248345
2025-02-04 09:14:43,568-INFO- Speed error: 8213.248345
2025-02-04 09:14:45,587-INFO- Current speed: 7316.359339
2025-02-04 09:14:45,587-INFO- Speed error: 7316.359339
2025-02-04 09:14:47,596-INFO- Current speed: 6444.892188
2025-02-04 09:14:47,596-INFO- Speed error: 6444.892188
2025-02-04 09:14:49,616-INFO- Current speed: 5308.233890
2025-02-04 09:14:49,616-INFO- Speed error: 5308.233890
2025-02-04 09:14:51,621-INFO- Current speed: 4486.601257
2025-02-04 09:14:51,622-INFO- Speed error: 4486.601257
2025-02-04 09:14:53,633-INFO- Current speed: 3473.749263
2025-02-04 09:14:53,633-INFO- Speed error: 3473.749263
2025-02-04 09:14:55,649-INFO- Current speed: 2227.695595
2025-02-04 09:14:55,649-INFO- Speed error: 2227.695595
2025-02-04 09:14:57,668-INFO- Current speed: 1329.548523
2025-02-04 09:14:57,668-INFO- Speed error: 1329.548523
2025-02-04 09:14:59,685-INFO- Current speed: 442.417070
2025-02-04 09:14:59,685-INFO- Speed error: 442.417070
2025-02-04 09:15:01,708-INFO- Current speed: 0.000000
2025-02-04 09:15:01,708-INFO- Speed error: 0.000000
2025-02-04 09:15:03,722-INFO- Stop Acquisition
2025-02-04 09:15:04,210-INFO- Termination Request
2025-02-04 09:15:04,613-INFO- Termination Request
2025-02-04 09:15:04,623-INFO- Calculated offset for syncing: 3.699131
2025-02-04 09:15:06,760-INFO- Extracting acquisition with marker value: 1
2025-02-04 09:15:06,763-WARNING- Sub-acquisition too short!
2025-02-04 09:15:06,765-INFO- Extracting acquisition with marker value: 2
2025-02-04 09:15:06,768-WARNING- Sub-acquisition too short!
2025-02-04 09:15:06,770-INFO- Extracting acquisition with marker value: 3
2025-02-04 09:15:06,772-WARNING- Sub-acquisition too short!
2025-02-04 09:15:06,774-INFO- Extracting acquisition with marker value: 4
2025-02-04 09:15:06,777-WARNING- Sub-acquisition too short!
2025-02-04 09:15:06,778-INFO- Extracting acquisition with marker value: 5
2025-02-04 09:15:06,780-WARNING- Sub-acquisition too short!
2025-02-04 09:15:06,782-INFO- STARTING STEP N.3/9
2025-02-04 09:15:06,782-INFO- TORQUE MIN: 0.23
2025-02-04 09:15:06,782-INFO- TORQUE MAX: 0.234
2025-02-04 09:15:06,782-INFO- TORQUE STEP: 0.001
2025-02-04 09:15:06,782-INFO- File name for the acquisition: ./out/PyVisaAcquisition_20250204_091506.visaacq
2025-02-04 09:15:07,787-INFO- File name for the acquisition: ./out/MasterCommanderAcquisition_20250204_091507.mcacq
2025-02-04 09:15:14,364-INFO- Write request detected
2025-02-04 09:15:14,364-INFO- Symbol to write: BD_Target_Speed
2025-02-04 09:15:14,974-INFO- Write request detected
2025-02-04 09:15:14,974-INFO- Symbol to write: BD_Target_Accel
2025-02-04 09:15:18,011-INFO- Write request detected
2025-02-04 09:15:18,011-INFO- Symbol to write: BD_Update_Cmd
2025-02-04 09:15:20,590-INFO- Set torque request detected
2025-02-04 09:15:20,590-INFO- Value to set: 0
2025-02-04 09:15:21,935-INFO- Target speed: 12000.000000
2025-02-04 09:15:22,245-INFO- Write request detected
2025-02-04 09:15:22,245-INFO- Symbol to write: BD_Target_Speed
2025-02-04 09:15:23,440-INFO- Write request detected
2025-02-04 09:15:23,440-INFO- Symbol to write: BD_Target_Accel
2025-02-04 09:15:26,476-INFO- Write request detected
2025-02-04 09:15:26,476-INFO- Symbol to write: BD_Update_Cmd
2025-02-04 09:15:28,001-INFO- Current speed: -0.257367
2025-02-04 09:15:28,001-INFO- Speed error: 12000.257367
2025-02-04 09:15:30,008-INFO- Current speed: 214.683228
2025-02-04 09:15:30,008-INFO- Speed error: 11785.316772
2025-02-04 09:15:32,021-INFO- Current speed: 1425.997205
2025-02-04 09:15:32,021-INFO- Speed error: 10574.002795
2025-02-04 09:15:34,031-INFO- Current speed: 2335.542060
2025-02-04 09:15:34,031-INFO- Speed error: 9664.457940
2025-02-04 09:15:36,042-INFO- Current speed: 3244.326596
2025-02-04 09:15:36,042-INFO- Speed error: 8755.673404
2025-02-04 09:15:38,074-INFO- Current speed: 4452.611030
2025-02-04 09:15:38,074-INFO- Speed error: 7547.388970
2025-02-04 09:15:40,086-INFO- Current speed: 5303.911528
2025-02-04 09:15:40,086-INFO- Speed error: 6696.088472
2025-02-04 09:15:42,094-INFO- Current speed: 6210.216360
2025-02-04 09:15:42,094-INFO- Speed error: 5789.783640
2025-02-04 09:15:44,102-INFO- Current speed: 7428.103129
2025-02-04 09:15:44,102-INFO- Speed error: 4571.896871
2025-02-04 09:15:46,113-INFO- Current speed: 8321.667599
2025-02-04 09:15:46,113-INFO- Speed error: 3678.332401
2025-02-04 09:15:48,121-INFO- Current speed: 9221.761658
2025-02-04 09:15:48,121-INFO- Speed error: 2778.238342
2025-02-04 09:15:50,131-INFO- Current speed: 10432.769716
2025-02-04 09:15:50,131-INFO- Speed error: 1567.230284
2025-02-04 09:15:52,140-INFO- Current speed: 11335.702802
2025-02-04 09:15:52,140-INFO- Speed error: 664.297198
2025-02-04 09:15:54,253-INFO- Current speed: 12001.991216
2025-02-04 09:15:54,253-INFO- Speed error: 1.991216
2025-02-04 09:15:56,448-INFO- Applying torque value: 0.106000
2025-02-04 09:15:56,955-INFO- Set torque request detected
2025-02-04 09:15:56,955-INFO- Value to set: 0.106
2025-02-04 09:15:57,459-INFO- Read torque: -0.106000
2025-02-04 09:15:58,467-INFO- Applying torque value: 0.138000
2025-02-04 09:15:58,545-INFO- Set torque request detected
2025-02-04 09:15:58,545-INFO- Value to set: 0.138
2025-02-04 09:15:59,643-INFO- Read torque: -0.109000
2025-02-04 09:16:00,683-INFO- Applying torque value: 0.170000
2025-02-04 09:16:00,885-INFO- Set torque request detected
2025-02-04 09:16:00,885-INFO- Value to set: 0.16999999999999998
2025-02-04 09:16:01,697-INFO- Read torque: -0.117000
2025-02-04 09:16:02,709-INFO- Applying torque value: 0.202000
2025-02-04 09:16:03,237-INFO- Set torque request detected
2025-02-04 09:16:03,237-INFO- Value to set: 0.202
2025-02-04 09:16:03,717-INFO- Read torque: -0.158000
2025-02-04 09:16:04,733-INFO- Applying torque value: 0.234000
2025-02-04 09:16:04,843-INFO- Set torque request detected
2025-02-04 09:16:04,843-INFO- Value to set: 0.234
2025-02-04 09:16:05,949-INFO- Read torque: -0.207000
2025-02-04 09:16:06,956-INFO- Final torque reached: -0.220000
2025-02-04 09:16:06,957-INFO- Starting the measures
2025-02-04 09:16:09,969-INFO- Applying torque value: 0.234000
2025-02-04 09:16:09,969-INFO- Elapsed Time [Secs]: 0.000014
2025-02-04 09:16:09,969-INFO- Measured Temperature [C]: 75.048453
2025-02-04 09:16:09,975-INFO- Estimated ClassA Temperature [C]: 78.339935
2025-02-04 09:16:09,983-INFO- Estimated ClassB Temperature [C]: 98.987671
2025-02-04 09:16:10,203-INFO- Set torque request detected
2025-02-04 09:16:10,203-INFO- Value to set: 0.234
2025-02-04 09:16:15,997-INFO- Applying torque value: 0.233000
2025-02-04 09:16:15,997-INFO- Elapsed Time [Secs]: 6.028047
2025-02-04 09:16:15,997-INFO- Measured Temperature [C]: 76.026283
2025-02-04 09:16:16,001-INFO- Estimated ClassA Temperature [C]: 80.164368
2025-02-04 09:16:16,007-INFO- Estimated ClassB Temperature [C]: 99.250511
2025-02-04 09:16:16,250-INFO- Set torque request detected
2025-02-04 09:16:16,250-INFO- Value to set: 0.233
2025-02-04 09:16:22,023-INFO- Applying torque value: 0.232000
2025-02-04 09:16:22,023-INFO- Elapsed Time [Secs]: 12.053906
2025-02-04 09:16:22,023-INFO- Measured Temperature [C]: 76.974487
2025-02-04 09:16:22,030-INFO- Estimated ClassA Temperature [C]: 81.482300
2025-02-04 09:16:22,038-INFO- Estimated ClassB Temperature [C]: 99.486908
2025-02-04 09:16:22,285-INFO- Set torque request detected
2025-02-04 09:16:22,285-INFO- Value to set: 0.232
2025-02-04 09:16:28,051-INFO- Applying torque value: 0.231000
2025-02-04 09:16:28,051-INFO- Elapsed Time [Secs]: 18.081219
2025-02-04 09:16:28,052-INFO- Measured Temperature [C]: 77.779194
2025-02-04 09:16:28,057-INFO- Estimated ClassA Temperature [C]: 82.319397
2025-02-04 09:16:28,063-INFO- Estimated ClassB Temperature [C]: 99.682243
2025-02-04 09:16:28,207-INFO- Set torque request detected
2025-02-04 09:16:28,207-INFO- Value to set: 0.231
2025-02-04 09:16:34,072-INFO- Applying torque value: 0.230000
2025-02-04 09:16:34,072-INFO- Elapsed Time [Secs]: 24.102182
2025-02-04 09:16:34,073-INFO- Measured Temperature [C]: 78.473125
2025-02-04 09:16:34,079-INFO- Estimated ClassA Temperature [C]: 82.972870
2025-02-04 09:16:34,087-INFO- Estimated ClassB Temperature [C]: 99.857491
2025-02-04 09:16:34,290-INFO- Set torque request detected
2025-02-04 09:16:34,290-INFO- Value to set: 0.23
2025-02-04 09:16:41,683-INFO- Write request detected
2025-02-04 09:16:41,683-INFO- Symbol to write: BD_Target_Speed
2025-02-04 09:16:41,842-INFO- Set torque request detected
2025-02-04 09:16:41,843-INFO- Value to set: 0
2025-02-04 09:16:42,307-INFO- Write request detected
2025-02-04 09:16:42,307-INFO- Symbol to write: BD_Target_Accel
2025-02-04 09:16:45,355-INFO- Write request detected
2025-02-04 09:16:45,355-INFO- Symbol to write: BD_Update_Cmd
2025-02-04 09:16:47,288-INFO- Current speed: 11098.794685
2025-02-04 09:16:47,288-INFO- Speed error: 11098.794685
2025-02-04 09:16:49,300-INFO- Current speed: 10174.843122
2025-02-04 09:16:49,301-INFO- Speed error: 10174.843122
2025-02-04 09:16:51,310-INFO- Current speed: 9278.805649
2025-02-04 09:16:51,310-INFO- Speed error: 9278.805649
2025-02-04 09:16:53,316-INFO- Current speed: 8073.874893
2025-02-04 09:16:53,316-INFO- Speed error: 8073.874893
2025-02-04 09:16:55,322-INFO- Current speed: 7173.407232
2025-02-04 09:16:55,322-INFO- Speed error: 7173.407232
2025-02-04 09:16:57,332-INFO- Current speed: 6275.120569
2025-02-04 09:16:57,332-INFO- Speed error: 6275.120569
2025-02-04 09:16:59,343-INFO- Current speed: 5126.530313
2025-02-04 09:16:59,343-INFO- Speed error: 5126.530313
2025-02-04 09:17:01,355-INFO- Current speed: 4327.796991
2025-02-04 09:17:01,355-INFO- Speed error: 4327.796991
2025-02-04 09:17:03,366-INFO- Current speed: 3275.916093
2025-02-04 09:17:03,366-INFO- Speed error: 3275.916093
2025-02-04 09:17:05,375-INFO- Current speed: 2076.461437
2025-02-04 09:17:05,376-INFO- Speed error: 2076.461437
2025-02-04 09:17:07,395-INFO- Current speed: 1146.920557
2025-02-04 09:17:07,395-INFO- Speed error: 1146.920557
2025-02-04 09:17:09,406-INFO- Current speed: 249.866297
2025-02-04 09:17:09,406-INFO- Speed error: 249.866297
2025-02-04 09:17:11,426-INFO- Current speed: 0.000000
2025-02-04 09:17:11,426-INFO- Speed error: 0.000000
2025-02-04 09:17:13,441-INFO- Stop Acquisition
2025-02-04 09:17:13,926-INFO- Termination Request
2025-02-04 09:17:14,377-INFO- Termination Request
2025-02-04 09:17:14,386-INFO- Calculated offset for syncing: 3.746226
2025-02-04 09:17:16,516-INFO- Extracting acquisition with marker value: 1
2025-02-04 09:17:16,518-WARNING- Sub-acquisition too short!
2025-02-04 09:17:16,519-INFO- Extracting acquisition with marker value: 2
2025-02-04 09:17:16,521-WARNING- Sub-acquisition too short!
2025-02-04 09:17:16,522-INFO- Extracting acquisition with marker value: 3
2025-02-04 09:17:16,524-WARNING- Sub-acquisition too short!
2025-02-04 09:17:16,526-INFO- Extracting acquisition with marker value: 4
2025-02-04 09:17:16,527-WARNING- Sub-acquisition too short!
2025-02-04 09:17:16,529-INFO- Extracting acquisition with marker value: 5
2025-02-04 09:17:16,530-WARNING- Sub-acquisition too short!
2025-02-04 09:17:16,532-INFO- STARTING STEP N.4/9
2025-02-04 09:17:16,532-INFO- TORQUE MIN: 0.23
2025-02-04 09:17:16,532-INFO- TORQUE MAX: 0.234
2025-02-04 09:17:16,532-INFO- TORQUE STEP: 0.001
2025-02-04 09:17:16,532-INFO- File name for the acquisition: ./out/PyVisaAcquisition_20250204_091716.visaacq
2025-02-04 09:17:17,538-INFO- File name for the acquisition: ./out/MasterCommanderAcquisition_20250204_091717.mcacq
2025-02-04 09:17:19,519-WARNING- DSP6000 Get Data error: VI_ERROR_TMO (-1073807339): Timeout expired before operation completed. with timeout = 1000
2025-02-04 09:17:19,520-WARNING- PyVISA request error: VI_ERROR_TMO (-1073807339): Timeout expired before operation completed.
2025-02-04 09:17:24,140-INFO- Write request detected
2025-02-04 09:17:24,140-INFO- Symbol to write: BD_Target_Speed
2025-02-04 09:17:24,762-INFO- Write request detected
2025-02-04 09:17:24,762-INFO- Symbol to write: BD_Target_Accel
2025-02-04 09:17:27,793-INFO- Write request detected
2025-02-04 09:17:27,793-INFO- Symbol to write: BD_Update_Cmd
2025-02-04 09:17:30,421-INFO- Set torque request detected
2025-02-04 09:17:30,422-INFO- Value to set: 0
2025-02-04 09:17:31,727-INFO- Target speed: 10000.000000
2025-02-04 09:17:32,041-INFO- Write request detected
2025-02-04 09:17:32,041-INFO- Symbol to write: BD_Target_Speed
2025-02-04 09:17:33,269-INFO- Write request detected
2025-02-04 09:17:33,269-INFO- Symbol to write: BD_Target_Accel
2025-02-04 09:17:36,304-INFO- Write request detected
2025-02-04 09:17:36,304-INFO- Symbol to write: BD_Update_Cmd
2025-02-04 09:17:36,369-WARNING- Read request error: Request error:  Checksum error
2025-02-04 09:17:36,370-WARNING- Discarding the packet
2025-02-04 09:17:37,836-INFO- Current speed: -0.165463
2025-02-04 09:17:37,837-INFO- Speed error: 10000.165463
2025-02-04 09:17:38,736-WARNING- Read request error: Request error:  Checksum error
2025-02-04 09:17:38,736-WARNING- Discarding the packet
2025-02-04 09:17:39,948-INFO- Current speed: 436.656289
2025-02-04 09:17:39,948-INFO- Speed error: 9563.343711
2025-02-04 09:17:41,966-INFO- Current speed: 1347.516110
2025-02-04 09:17:41,967-INFO- Speed error: 8652.483890
2025-02-04 09:17:43,977-INFO- Current speed: 2257.256799
2025-02-04 09:17:43,977-INFO- Speed error: 7742.743201
2025-02-04 09:17:45,989-INFO- Current speed: 3462.381205
2025-02-04 09:17:45,989-INFO- Speed error: 6537.618795
2025-02-04 09:17:48,005-INFO- Current speed: 4366.939257
2025-02-04 09:17:48,005-INFO- Speed error: 5633.060743
2025-02-04 09:17:50,026-INFO- Current speed: 4963.409513
2025-02-04 09:17:50,026-INFO- Speed error: 5036.590487
2025-02-04 09:17:52,036-INFO- Current speed: 6431.822521
2025-02-04 09:17:52,036-INFO- Speed error: 3568.177479
2025-02-04 09:17:54,056-INFO- Current speed: 7347.479648
2025-02-04 09:17:54,056-INFO- Speed error: 2652.520352
2025-02-04 09:17:56,072-INFO- Current speed: 8235.913937
2025-02-04 09:17:56,072-INFO- Speed error: 1764.086063
2025-02-04 09:17:58,077-INFO- Current speed: 9453.098963
2025-02-04 09:17:58,077-INFO- Speed error: 546.901037
2025-02-04 09:18:00,098-INFO- Current speed: 9993.312066
2025-02-04 09:18:00,098-INFO- Speed error: 6.687934
2025-02-04 09:18:02,111-INFO- Applying torque value: 0.079000
2025-02-04 09:18:02,469-INFO- Set torque request detected
2025-02-04 09:18:02,469-INFO- Value to set: 0.079
2025-02-04 09:18:03,121-INFO- Read torque: -0.079000
2025-02-04 09:18:04,130-INFO- Applying torque value: 0.117750
2025-02-04 09:18:04,845-INFO- Set torque request detected
2025-02-04 09:18:04,845-INFO- Value to set: 0.11775000000000001
2025-02-04 09:18:05,222-INFO- Read torque: -0.081000
2025-02-04 09:18:06,256-INFO- Applying torque value: 0.156500
2025-02-04 09:18:06,472-INFO- Set torque request detected
2025-02-04 09:18:06,472-INFO- Value to set: 0.15650000000000003
2025-02-04 09:18:07,264-INFO- Read torque: -0.098000
2025-02-04 09:18:08,276-INFO- Applying torque value: 0.195250
2025-02-04 09:18:08,822-INFO- Set torque request detected
2025-02-04 09:18:08,822-INFO- Value to set: 0.19525000000000003
2025-02-04 09:18:09,290-INFO- Read torque: -0.134000
2025-02-04 09:18:10,299-INFO- Applying torque value: 0.234000
2025-02-04 09:18:10,455-INFO- Set torque request detected
2025-02-04 09:18:10,455-INFO- Value to set: 0.234
2025-02-04 09:18:11,310-INFO- Read torque: -0.169000
2025-02-04 09:18:12,320-INFO- Final torque reached: -0.217000
2025-02-04 09:18:12,320-INFO- Starting the measures
2025-02-04 09:18:15,322-INFO- Applying torque value: 0.234000
2025-02-04 09:18:15,322-INFO- Elapsed Time [Secs]: 0.000024
2025-02-04 09:18:15,323-INFO- Measured Temperature [C]: 73.541480
2025-02-04 09:18:15,329-INFO- Estimated ClassA Temperature [C]: 76.637878
2025-02-04 09:18:15,338-INFO- Estimated ClassB Temperature [C]: 90.273880
2025-02-04 09:18:15,739-INFO- Set torque request detected
2025-02-04 09:18:15,739-INFO- Value to set: 0.234
2025-02-04 09:18:21,352-INFO- Applying torque value: 0.233000
2025-02-04 09:18:21,352-INFO- Elapsed Time [Secs]: 6.030414
2025-02-04 09:18:21,352-INFO- Measured Temperature [C]: 74.061495
2025-02-04 09:18:21,435-INFO- Estimated ClassA Temperature [C]: 77.805725
2025-02-04 09:18:21,441-INFO- Estimated ClassB Temperature [C]: 90.004753
2025-02-04 09:18:21,764-INFO- Set torque request detected
2025-02-04 09:18:21,764-INFO- Value to set: 0.233
2025-02-04 09:18:27,448-INFO- Applying torque value: 0.232000
2025-02-04 09:18:27,448-INFO- Elapsed Time [Secs]: 12.126281
2025-02-04 09:18:27,448-INFO- Measured Temperature [C]: 74.596779
2025-02-04 09:18:27,492-INFO- Estimated ClassA Temperature [C]: 78.610413
2025-02-04 09:18:27,501-INFO- Estimated ClassB Temperature [C]: 89.781448
2025-02-04 09:18:27,824-INFO- Set torque request detected
2025-02-04 09:18:27,824-INFO- Value to set: 0.232
2025-02-04 09:18:33,503-INFO- Applying torque value: 0.231000
2025-02-04 09:18:33,503-INFO- Elapsed Time [Secs]: 18.181347
2025-02-04 09:18:33,503-INFO- Measured Temperature [C]: 75.065033
2025-02-04 09:18:33,548-INFO- Estimated ClassA Temperature [C]: 79.165100
2025-02-04 09:18:33,558-INFO- Estimated ClassB Temperature [C]: 89.556259
2025-02-04 09:18:33,943-INFO- Set torque request detected
2025-02-04 09:18:33,943-INFO- Value to set: 0.231
2025-02-04 09:18:39,562-INFO- Applying torque value: 0.230000
2025-02-04 09:18:39,562-INFO- Elapsed Time [Secs]: 24.240389
2025-02-04 09:18:39,562-INFO- Measured Temperature [C]: 75.420327
2025-02-04 09:18:39,588-INFO- Estimated ClassA Temperature [C]: 79.576080
2025-02-04 09:18:39,595-INFO- Estimated ClassB Temperature [C]: 89.329720
2025-02-04 09:18:39,763-INFO- Set torque request detected
2025-02-04 09:18:39,763-INFO- Value to set: 0.23
2025-02-04 09:18:46,764-INFO- Write request detected
2025-02-04 09:18:46,764-INFO- Symbol to write: BD_Target_Speed
2025-02-04 09:18:47,326-INFO- Set torque request detected
2025-02-04 09:18:47,326-INFO- Value to set: 0
2025-02-04 09:18:47,963-INFO- Write request detected
2025-02-04 09:18:47,963-INFO- Symbol to write: BD_Target_Accel
2025-02-04 09:18:50,980-INFO- Write request detected
2025-02-04 09:18:50,980-INFO- Symbol to write: BD_Update_Cmd
2025-02-04 09:18:52,673-INFO- Current speed: 9443.798540
2025-02-04 09:18:52,673-INFO- Speed error: 9443.798540
2025-02-04 09:18:54,687-INFO- Current speed: 8239.246049
2025-02-04 09:18:54,687-INFO- Speed error: 8239.246049
2025-02-04 09:18:56,706-INFO- Current speed: 7339.873550
2025-02-04 09:18:56,707-INFO- Speed error: 7339.873550
2025-02-04 09:18:58,722-INFO- Current speed: 6450.052679
2025-02-04 09:18:58,722-INFO- Speed error: 6450.052679
2025-02-04 09:19:00,734-INFO- Current speed: 5294.548158
2025-02-04 09:19:00,734-INFO- Speed error: 5294.548158
2025-02-04 09:19:02,752-INFO- Current speed: 4522.856411
2025-02-04 09:19:02,752-INFO- Speed error: 4522.856411
2025-02-04 09:19:04,850-INFO- Current speed: 3185.705141
2025-02-04 09:19:04,850-INFO- Speed error: 3185.705141
2025-02-04 09:19:06,869-INFO- Current speed: 2283.890093
2025-02-04 09:19:06,869-INFO- Speed error: 2283.890093
2025-02-04 09:19:08,891-INFO- Current speed: 1316.500858
2025-02-04 09:19:08,891-INFO- Speed error: 1316.500858
2025-02-04 09:19:10,913-INFO- Current speed: 0.000000
2025-02-04 09:19:10,913-INFO- Speed error: 0.000000
2025-02-04 09:19:12,926-INFO- Stop Acquisition
2025-02-04 09:19:12,948-INFO- Termination Request
2025-02-04 09:19:13,329-INFO- Termination Request
2025-02-04 09:19:13,339-INFO- Calculated offset for syncing: 3.820848
2025-02-04 09:19:15,463-INFO- Extracting acquisition with marker value: 1
2025-02-04 09:19:15,466-WARNING- Sub-acquisition too short!
2025-02-04 09:19:15,468-INFO- Extracting acquisition with marker value: 2
2025-02-04 09:19:15,470-WARNING- Sub-acquisition too short!
2025-02-04 09:19:15,472-INFO- Extracting acquisition with marker value: 3
2025-02-04 09:19:15,475-WARNING- Sub-acquisition too short!
2025-02-04 09:19:15,477-INFO- Extracting acquisition with marker value: 4
2025-02-04 09:19:15,479-WARNING- Sub-acquisition too short!
2025-02-04 09:19:15,481-INFO- Extracting acquisition with marker value: 5
2025-02-04 09:19:15,482-WARNING- Sub-acquisition too short!
2025-02-04 09:19:15,484-INFO- STARTING STEP N.5/9
2025-02-04 09:19:15,484-INFO- TORQUE MIN: 0.23
2025-02-04 09:19:15,484-INFO- TORQUE MAX: 0.234
2025-02-04 09:19:15,484-INFO- TORQUE STEP: 0.001
2025-02-04 09:19:15,484-INFO- File name for the acquisition: ./out/PyVisaAcquisition_20250204_091915.visaacq
2025-02-04 09:19:16,493-INFO- File name for the acquisition: ./out/MasterCommanderAcquisition_20250204_091916.mcacq
2025-02-04 09:19:19,224-WARNING- DSP6000 Get Data error: VI_ERROR_TMO (-1073807339): Timeout expired before operation completed. with timeout = 1000
2025-02-04 09:19:19,224-WARNING- PyVISA request error: VI_ERROR_TMO (-1073807339): Timeout expired before operation completed.
2025-02-04 09:19:21,479-WARNING- DSP6000 Get Data error: VI_ERROR_TMO (-1073807339): Timeout expired before operation completed. with timeout = 1000
2025-02-04 09:19:21,480-WARNING- PyVISA request error: VI_ERROR_TMO (-1073807339): Timeout expired before operation completed.
2025-02-04 09:19:23,025-INFO- Write request detected
2025-02-04 09:19:23,025-INFO- Symbol to write: BD_Target_Speed
2025-02-04 09:19:23,645-INFO- Write request detected
2025-02-04 09:19:23,645-INFO- Symbol to write: BD_Target_Accel
2025-02-04 09:19:23,733-WARNING- DSP6000 Get Data error: VI_ERROR_TMO (-1073807339): Timeout expired before operation completed. with timeout = 1000
2025-02-04 09:19:23,733-WARNING- PyVISA request error: VI_ERROR_TMO (-1073807339): Timeout expired before operation completed.
2025-02-04 09:19:26,692-INFO- Write request detected
2025-02-04 09:19:26,692-INFO- Symbol to write: BD_Update_Cmd
2025-02-04 09:19:28,689-INFO- Set torque request detected
2025-02-04 09:19:28,689-INFO- Value to set: 0
2025-02-04 09:19:30,627-INFO- Target speed: 8000.000000
2025-02-04 09:19:30,925-INFO- Write request detected
2025-02-04 09:19:30,925-INFO- Symbol to write: BD_Target_Speed
2025-02-04 09:19:32,153-INFO- Write request detected
2025-02-04 09:19:32,153-INFO- Symbol to write: BD_Target_Accel
2025-02-04 09:19:35,179-INFO- Write request detected
2025-02-04 09:19:35,179-INFO- Symbol to write: BD_Update_Cmd
2025-02-04 09:19:35,243-WARNING- Read request error: Request error:  Checksum error
2025-02-04 09:19:35,244-WARNING- Discarding the packet
2025-02-04 09:19:35,850-WARNING- Read request error: Request error:  Checksum error
2025-02-04 09:19:35,850-WARNING- Discarding the packet
2025-02-04 09:19:36,715-INFO- Current speed: -0.099010
2025-02-04 09:19:36,715-INFO- Speed error: 8000.099010
2025-02-04 09:19:37,062-WARNING- Read request error: Request error:  Checksum error
2025-02-04 09:19:37,062-WARNING- Discarding the packet
2025-02-04 09:19:37,633-WARNING- Read request error: Request error:  Checksum error
2025-02-04 09:19:37,634-WARNING- Discarding the packet
2025-02-04 09:19:38,736-INFO- Current speed: 138.511756
2025-02-04 09:19:38,736-INFO- Speed error: 7861.488244
2025-02-04 09:19:40,744-INFO- Current speed: 1369.706975
2025-02-04 09:19:40,744-INFO- Speed error: 6630.293025
2025-02-04 09:19:42,764-INFO- Current speed: 2274.183283
2025-02-04 09:19:42,764-INFO- Speed error: 5725.816717
2025-02-04 09:19:44,775-INFO- Current speed: 3187.067827
2025-02-04 09:19:44,775-INFO- Speed error: 4812.932173
2025-02-04 09:19:46,786-INFO- Current speed: 4382.512816
2025-02-04 09:19:46,787-INFO- Speed error: 3617.487184
2025-02-04 09:19:48,801-INFO- Current speed: 5287.547051
2025-02-04 09:19:48,801-INFO- Speed error: 2712.452949
2025-02-04 09:19:50,845-INFO- Current speed: 6459.079748
2025-02-04 09:19:50,846-INFO- Speed error: 1540.920252
2025-02-04 09:19:52,863-INFO- Current speed: 7353.853617
2025-02-04 09:19:52,863-INFO- Speed error: 646.146383
2025-02-04 09:19:54,878-INFO- Current speed: 8013.008036
2025-02-04 09:19:54,878-INFO- Speed error: 13.008036
2025-02-04 09:19:56,936-INFO- Applying torque value: 0.057000
2025-02-04 09:19:57,447-INFO- Set torque request detected
2025-02-04 09:19:57,447-INFO- Value to set: 0.057
2025-02-04 09:19:57,936-INFO- Read torque: -0.058000
2025-02-04 09:19:58,958-INFO- Applying torque value: 0.101250
2025-02-04 09:19:59,532-INFO- Set torque request detected
2025-02-04 09:19:59,532-INFO- Value to set: 0.10125
2025-02-04 09:19:59,968-INFO- Read torque: -0.058000
2025-02-04 09:20:00,976-INFO- Applying torque value: 0.145500
2025-02-04 09:20:01,131-INFO- Set torque request detected
2025-02-04 09:20:01,131-INFO- Value to set: 0.14550000000000002
2025-02-04 09:20:01,984-INFO- Read torque: -0.072000
2025-02-04 09:20:03,005-INFO- Applying torque value: 0.189750
2025-02-04 09:20:03,486-INFO- Set torque request detected
2025-02-04 09:20:03,486-INFO- Value to set: 0.18975
2025-02-04 09:20:04,016-INFO- Read torque: -0.116000
2025-02-04 09:20:05,103-INFO- Applying torque value: 0.234000
2025-02-04 09:20:05,832-INFO- Set torque request detected
2025-02-04 09:20:05,832-INFO- Value to set: 0.234
2025-02-04 09:20:06,206-INFO- Read torque: -0.171000
2025-02-04 09:20:07,217-INFO- Final torque reached: -0.209000
2025-02-04 09:20:07,217-INFO- Starting the measures
2025-02-04 09:20:10,221-INFO- Applying torque value: 0.234000
2025-02-04 09:20:10,221-INFO- Elapsed Time [Secs]: 0.000011
2025-02-04 09:20:10,222-INFO- Measured Temperature [C]: 71.726967
2025-02-04 09:20:10,228-INFO- Estimated ClassA Temperature [C]: 66.393738
2025-02-04 09:20:10,236-INFO- Estimated ClassB Temperature [C]: 82.033188
2025-02-04 09:20:10,454-INFO- Set torque request detected
2025-02-04 09:20:10,454-INFO- Value to set: 0.234
2025-02-04 09:20:16,252-INFO- Applying torque value: 0.233000
2025-02-04 09:20:16,252-INFO- Elapsed Time [Secs]: 6.031013
2025-02-04 09:20:16,252-INFO- Measured Temperature [C]: 71.662819
2025-02-04 09:20:16,258-INFO- Estimated ClassA Temperature [C]: 66.807983
2025-02-04 09:20:16,266-INFO- Estimated ClassB Temperature [C]: 81.392899
2025-02-04 09:20:16,518-INFO- Set torque request detected
2025-02-04 09:20:16,518-INFO- Value to set: 0.233
2025-02-04 09:20:22,269-INFO- Applying torque value: 0.232000
2025-02-04 09:20:22,269-INFO- Elapsed Time [Secs]: 12.047890
2025-02-04 09:20:22,269-INFO- Measured Temperature [C]: 71.582410
2025-02-04 09:20:22,276-INFO- Estimated ClassA Temperature [C]: 67.056915
2025-02-04 09:20:22,284-INFO- Estimated ClassB Temperature [C]: 80.772522
2025-02-04 09:20:22,549-INFO- Set torque request detected
2025-02-04 09:20:22,549-INFO- Value to set: 0.232
2025-02-04 09:20:28,291-INFO- Applying torque value: 0.231000
2025-02-04 09:20:28,291-INFO- Elapsed Time [Secs]: 18.070437
2025-02-04 09:20:28,292-INFO- Measured Temperature [C]: 71.587970
2025-02-04 09:20:28,298-INFO- Estimated ClassA Temperature [C]: 67.211151
2025-02-04 09:20:28,307-INFO- Estimated ClassB Temperature [C]: 80.170616
2025-02-04 09:20:28,711-INFO- Set torque request detected
2025-02-04 09:20:28,711-INFO- Value to set: 0.231
2025-02-04 09:20:34,316-INFO- Applying torque value: 0.230000
2025-02-04 09:20:34,316-INFO- Elapsed Time [Secs]: 24.095906
2025-02-04 09:20:34,317-INFO- Measured Temperature [C]: 71.620691
2025-02-04 09:20:34,324-INFO- Estimated ClassA Temperature [C]: 67.298309
2025-02-04 09:20:34,333-INFO- Estimated ClassB Temperature [C]: 79.589500
2025-02-04 09:20:34,815-INFO- Set torque request detected
2025-02-04 09:20:34,816-INFO- Value to set: 0.23
2025-02-04 09:20:41,374-INFO- Write request detected
2025-02-04 09:20:41,374-INFO- Symbol to write: BD_Target_Speed
2025-02-04 09:20:41,469-INFO- Set torque request detected
2025-02-04 09:20:41,469-INFO- Value to set: 0
2025-02-04 09:20:42,572-INFO- Write request detected
2025-02-04 09:20:42,572-INFO- Symbol to write: BD_Target_Accel
2025-02-04 09:20:45,613-INFO- Write request detected
2025-02-04 09:20:45,613-INFO- Symbol to write: BD_Update_Cmd
2025-02-04 09:20:47,413-INFO- Current speed: 7395.090329
2025-02-04 09:20:47,413-INFO- Speed error: 7395.090329
2025-02-04 09:20:49,430-INFO- Current speed: 6179.822273
2025-02-04 09:20:49,431-INFO- Speed error: 6179.822273
2025-02-04 09:20:51,446-INFO- Current speed: 5591.712896
2025-02-04 09:20:51,446-INFO- Speed error: 5591.712896
2025-02-04 09:20:53,482-INFO- Current speed: 4358.708642
2025-02-04 09:20:53,482-INFO- Speed error: 4358.708642
2025-02-04 09:20:55,495-INFO- Current speed: 3514.087813
2025-02-04 09:20:55,495-INFO- Speed error: 3514.087813
2025-02-04 09:20:57,512-INFO- Current speed: 2321.106209
2025-02-04 09:20:57,512-INFO- Speed error: 2321.106209
2025-02-04 09:20:59,523-INFO- Current speed: 1111.907805
2025-02-04 09:20:59,523-INFO- Speed error: 1111.907805
2025-02-04 09:21:01,540-INFO- Current speed: 0.000000
2025-02-04 09:21:01,540-INFO- Speed error: 0.000000
2025-02-04 09:21:03,690-INFO- Stop Acquisition
2025-02-04 09:21:04,208-INFO- Termination Request
2025-02-04 09:21:04,405-INFO- Termination Request
2025-02-04 09:21:04,414-INFO- Calculated offset for syncing: 0.490634
2025-02-04 09:21:06,539-INFO- Extracting acquisition with marker value: 1
2025-02-04 09:21:06,542-WARNING- Sub-acquisition too short!
2025-02-04 09:21:06,543-INFO- Extracting acquisition with marker value: 2
2025-02-04 09:21:06,545-WARNING- Sub-acquisition too short!
2025-02-04 09:21:06,546-INFO- Extracting acquisition with marker value: 3
2025-02-04 09:21:06,548-WARNING- Sub-acquisition too short!
2025-02-04 09:21:06,549-INFO- Extracting acquisition with marker value: 4
2025-02-04 09:21:06,551-WARNING- Sub-acquisition too short!
2025-02-04 09:21:06,552-INFO- Extracting acquisition with marker value: 5
2025-02-04 09:21:06,553-WARNING- Sub-acquisition too short!
2025-02-04 09:21:06,555-INFO- STARTING STEP N.6/9
2025-02-04 09:21:06,555-INFO- TORQUE MIN: 0.23
2025-02-04 09:21:06,555-INFO- TORQUE MAX: 0.234
2025-02-04 09:21:06,555-INFO- TORQUE STEP: 0.001
2025-02-04 09:21:06,555-INFO- File name for the acquisition: ./out/PyVisaAcquisition_20250204_092106.visaacq
2025-02-04 09:21:07,565-INFO- File name for the acquisition: ./out/MasterCommanderAcquisition_20250204_092107.mcacq
2025-02-04 09:21:10,311-WARNING- DSP6000 Get Data error: VI_ERROR_TMO (-1073807339): Timeout expired before operation completed. with timeout = 1000
2025-02-04 09:21:10,311-WARNING- PyVISA request error: VI_ERROR_TMO (-1073807339): Timeout expired before operation completed.
2025-02-04 09:21:13,313-WARNING- DSP6000 Get Data error: VI_ERROR_TMO (-1073807339): Timeout expired before operation completed. with timeout = 1000
2025-02-04 09:21:13,313-WARNING- PyVISA request error: VI_ERROR_TMO (-1073807339): Timeout expired before operation completed.
2025-02-04 09:21:14,160-INFO- Write request detected
2025-02-04 09:21:14,161-INFO- Symbol to write: BD_Target_Speed
2025-02-04 09:21:14,770-INFO- Write request detected
2025-02-04 09:21:14,771-INFO- Symbol to write: BD_Target_Accel
2025-02-04 09:21:16,304-WARNING- DSP6000 Get Data error: VI_ERROR_TMO (-1073807339): Timeout expired before operation completed. with timeout = 1000
2025-02-04 09:21:16,305-WARNING- PyVISA request error: VI_ERROR_TMO (-1073807339): Timeout expired before operation completed.
2025-02-04 09:21:17,809-INFO- Write request detected
2025-02-04 09:21:17,809-INFO- Symbol to write: BD_Update_Cmd
2025-02-04 09:21:19,751-INFO- Set torque request detected
2025-02-04 09:21:19,751-INFO- Value to set: 0
2025-02-04 09:21:21,737-INFO- Target speed: 6000.000000
2025-02-04 09:21:22,052-INFO- Write request detected
2025-02-04 09:21:22,052-INFO- Symbol to write: BD_Target_Speed
2025-02-04 09:21:23,267-INFO- Write request detected
2025-02-04 09:21:23,267-INFO- Symbol to write: BD_Target_Accel
2025-02-04 09:21:26,301-INFO- Write request detected
2025-02-04 09:21:26,301-INFO- Symbol to write: BD_Update_Cmd
2025-02-04 09:21:27,819-INFO- Current speed: -0.144589
2025-02-04 09:21:27,819-INFO- Speed error: 6000.144589
2025-02-04 09:21:29,827-INFO- Current speed: 214.477721
2025-02-04 09:21:29,827-INFO- Speed error: 5785.522279
2025-02-04 09:21:30,053-WARNING- Read request error: Request error:  Checksum error
2025-02-04 09:21:30,053-WARNING- Discarding the packet
2025-02-04 09:21:31,854-INFO- Current speed: 1430.574270
2025-02-04 09:21:31,855-INFO- Speed error: 4569.425730
2025-02-04 09:21:33,864-INFO- Current speed: 2336.868610
2025-02-04 09:21:33,864-INFO- Speed error: 3663.131390
2025-02-04 09:21:35,882-INFO- Current speed: 3240.033959
2025-02-04 09:21:35,882-INFO- Speed error: 2759.966041
2025-02-04 09:21:37,897-INFO- Current speed: 4431.890385
2025-02-04 09:21:37,897-INFO- Speed error: 1568.109615
2025-02-04 09:21:39,907-INFO- Current speed: 5307.060045
2025-02-04 09:21:39,908-INFO- Speed error: 692.939955
2025-02-04 09:21:41,921-INFO- Current speed: 6010.291368
2025-02-04 09:21:41,921-INFO- Speed error: 10.291368
2025-02-04 09:21:43,939-INFO- Applying torque value: 0.048000
2025-02-04 09:21:44,450-INFO- Set torque request detected
2025-02-04 09:21:44,450-INFO- Value to set: 0.048
2025-02-04 09:21:44,950-INFO- Read torque: -0.050000
2025-02-04 09:21:46,039-INFO- Applying torque value: 0.094500
2025-02-04 09:21:46,070-INFO- Set torque request detected
2025-02-04 09:21:46,070-INFO- Value to set: 0.0945
2025-02-04 09:21:47,195-INFO- Read torque: -0.055000
2025-02-04 09:21:48,202-INFO- Applying torque value: 0.141000
2025-02-04 09:21:48,436-INFO- Set torque request detected
2025-02-04 09:21:48,436-INFO- Value to set: 0.14100000000000001
2025-02-04 09:21:49,217-INFO- Read torque: -0.070000
2025-02-04 09:21:50,274-INFO- Applying torque value: 0.187500
2025-02-04 09:21:50,570-INFO- Set torque request detected
2025-02-04 09:21:50,570-INFO- Value to set: 0.1875
2025-02-04 09:21:51,288-INFO- Read torque: -0.112000
2025-02-04 09:21:52,301-INFO- Applying torque value: 0.234000
2025-02-04 09:21:52,936-INFO- Set torque request detected
2025-02-04 09:21:52,936-INFO- Value to set: 0.234
2025-02-04 09:21:53,311-INFO- Read torque: -0.174000
2025-02-04 09:21:54,324-INFO- Final torque reached: -0.200000
2025-02-04 09:21:54,324-INFO- Starting the measures
2025-02-04 09:21:57,334-INFO- Applying torque value: 0.234000
2025-02-04 09:21:57,334-INFO- Elapsed Time [Secs]: 0.000008
2025-02-04 09:21:57,334-INFO- Measured Temperature [C]: 68.791761
2025-02-04 09:21:57,339-INFO- Estimated ClassA Temperature [C]: 66.289856
2025-02-04 09:21:57,346-INFO- Estimated ClassB Temperature [C]: 74.431549
2025-02-04 09:21:57,509-INFO- Set torque request detected
2025-02-04 09:21:57,509-INFO- Value to set: 0.234
2025-02-04 09:22:03,357-INFO- Applying torque value: 0.233000
2025-02-04 09:22:03,357-INFO- Elapsed Time [Secs]: 6.021930
2025-02-04 09:22:03,357-INFO- Measured Temperature [C]: 68.564742
2025-02-04 09:22:03,364-INFO- Estimated ClassA Temperature [C]: 66.266144
2025-02-04 09:22:03,372-INFO- Estimated ClassB Temperature [C]: 73.654739
2025-02-04 09:22:03,560-INFO- Set torque request detected
2025-02-04 09:22:03,560-INFO- Value to set: 0.233
2025-02-04 09:22:09,384-INFO- Applying torque value: 0.232000
2025-02-04 09:22:09,384-INFO- Elapsed Time [Secs]: 12.049539
2025-02-04 09:22:09,385-INFO- Measured Temperature [C]: 68.405171
2025-02-04 09:22:09,391-INFO- Estimated ClassA Temperature [C]: 66.227966
2025-02-04 09:22:09,399-INFO- Estimated ClassB Temperature [C]: 72.909676
2025-02-04 09:22:09,713-INFO- Set torque request detected
2025-02-04 09:22:09,713-INFO- Value to set: 0.232
2025-02-04 09:22:15,412-INFO- Applying torque value: 0.231000
2025-02-04 09:22:15,412-INFO- Elapsed Time [Secs]: 18.077200
2025-02-04 09:22:15,413-INFO- Measured Temperature [C]: 68.283634
2025-02-04 09:22:15,419-INFO- Estimated ClassA Temperature [C]: 66.169250
2025-02-04 09:22:15,427-INFO- Estimated ClassB Temperature [C]: 72.186478
2025-02-04 09:22:15,771-INFO- Set torque request detected
2025-02-04 09:22:15,771-INFO- Value to set: 0.231
2025-02-04 09:22:21,429-INFO- Applying torque value: 0.230000
2025-02-04 09:22:21,429-INFO- Elapsed Time [Secs]: 24.093851
2025-02-04 09:22:21,429-INFO- Measured Temperature [C]: 68.139261
2025-02-04 09:22:21,434-INFO- Estimated ClassA Temperature [C]: 66.105225
2025-02-04 09:22:21,439-INFO- Estimated ClassB Temperature [C]: 71.493126
2025-02-04 09:22:21,806-INFO- Set torque request detected
2025-02-04 09:22:21,806-INFO- Value to set: 0.23
2025-02-04 09:22:28,468-INFO- Set torque request detected
2025-02-04 09:22:28,469-INFO- Value to set: 0
2025-02-04 09:22:28,982-INFO- Write request detected
2025-02-04 09:22:28,982-INFO- Symbol to write: BD_Target_Speed
2025-02-04 09:22:29,601-INFO- Write request detected
2025-02-04 09:22:29,602-INFO- Symbol to write: BD_Target_Accel
2025-02-04 09:22:32,604-INFO- Write request detected
2025-02-04 09:22:32,604-INFO- Symbol to write: BD_Update_Cmd
2025-02-04 09:22:34,534-INFO- Current speed: 5248.458698
2025-02-04 09:22:34,534-INFO- Speed error: 5248.458698
2025-02-04 09:22:36,553-INFO- Current speed: 4459.914050
2025-02-04 09:22:36,553-INFO- Speed error: 4459.914050
2025-02-04 09:22:38,571-INFO- Current speed: 3471.081882
2025-02-04 09:22:38,571-INFO- Speed error: 3471.081882
2025-02-04 09:22:40,583-INFO- Current speed: 2388.351553
2025-02-04 09:22:40,584-INFO- Speed error: 2388.351553
2025-02-04 09:22:42,595-INFO- Current speed: 1236.712154
2025-02-04 09:22:42,595-INFO- Speed error: 1236.712154
2025-02-04 09:22:44,690-INFO- Current speed: 0.000000
2025-02-04 09:22:44,690-INFO- Speed error: 0.000000
2025-02-04 09:22:46,697-INFO- Stop Acquisition
2025-02-04 09:22:47,433-INFO- Termination Request
2025-02-04 09:22:47,740-INFO- Termination Request
2025-02-04 09:22:47,748-INFO- Calculated offset for syncing: 0.929773
2025-02-04 09:22:49,877-INFO- Extracting acquisition with marker value: 1
2025-02-04 09:22:49,880-WARNING- Sub-acquisition too short!
2025-02-04 09:22:49,882-INFO- Extracting acquisition with marker value: 2
2025-02-04 09:22:49,885-WARNING- Sub-acquisition too short!
2025-02-04 09:22:49,887-INFO- Extracting acquisition with marker value: 3
2025-02-04 09:22:49,889-WARNING- Sub-acquisition too short!
2025-02-04 09:22:49,891-INFO- Extracting acquisition with marker value: 4
2025-02-04 09:22:49,893-WARNING- Sub-acquisition too short!
2025-02-04 09:22:49,895-INFO- Extracting acquisition with marker value: 5
2025-02-04 09:22:49,897-WARNING- Sub-acquisition too short!
2025-02-04 09:22:49,898-INFO- STARTING STEP N.7/9
2025-02-04 09:22:49,898-INFO- TORQUE MIN: 0.23
2025-02-04 09:22:49,898-INFO- TORQUE MAX: 0.234
2025-02-04 09:22:49,898-INFO- TORQUE STEP: 0.001
2025-02-04 09:22:49,899-INFO- File name for the acquisition: ./out/PyVisaAcquisition_20250204_092249.visaacq
2025-02-04 09:22:50,901-INFO- File name for the acquisition: ./out/MasterCommanderAcquisition_20250204_092250.mcacq
2025-02-04 09:22:57,475-INFO- Write request detected
2025-02-04 09:22:57,475-INFO- Symbol to write: BD_Target_Speed
2025-02-04 09:22:58,085-INFO- Write request detected
2025-02-04 09:22:58,085-INFO- Symbol to write: BD_Target_Accel
2025-02-04 09:22:58,775-WARNING- DSP6000 Get Data error: VI_ERROR_TMO (-1073807339): Timeout expired before operation completed. with timeout = 1000
2025-02-04 09:22:58,775-WARNING- PyVISA request error: VI_ERROR_TMO (-1073807339): Timeout expired before operation completed.
2025-02-04 09:23:01,133-INFO- Write request detected
2025-02-04 09:23:01,133-INFO- Symbol to write: BD_Update_Cmd
2025-02-04 09:23:03,723-INFO- Set torque request detected
2025-02-04 09:23:03,723-INFO- Value to set: 0
2025-02-04 09:23:05,079-INFO- Target speed: 4000.000000
2025-02-04 09:23:05,390-INFO- Write request detected
2025-02-04 09:23:05,390-INFO- Symbol to write: BD_Target_Speed
2025-02-04 09:23:06,618-INFO- Write request detected
2025-02-04 09:23:06,618-INFO- Symbol to write: BD_Target_Accel
2025-02-04 09:23:09,668-INFO- Write request detected
2025-02-04 09:23:09,668-INFO- Symbol to write: BD_Update_Cmd
2025-02-04 09:23:11,188-INFO- Current speed: 0.249231
2025-02-04 09:23:11,189-INFO- Speed error: 3999.750769
2025-02-04 09:23:12,113-WARNING- Read request error: Request error:  Checksum error
2025-02-04 09:23:12,113-WARNING- Discarding the packet
2025-02-04 09:23:12,445-WARNING- DSP6000 Get Data error: VI_ERROR_TMO (-1073807339): Timeout expired before operation completed. with timeout = 1000
2025-02-04 09:23:12,445-WARNING- PyVISA request error: VI_ERROR_TMO (-1073807339): Timeout expired before operation completed.
2025-02-04 09:23:13,206-INFO- Current speed: 134.301964
2025-02-04 09:23:13,206-INFO- Speed error: 3865.698036
2025-02-04 09:23:15,218-INFO- Current speed: 1358.054490
2025-02-04 09:23:15,219-INFO- Speed error: 2641.945510
2025-02-04 09:23:17,236-INFO- Current speed: 2270.580586
2025-02-04 09:23:17,236-INFO- Speed error: 1729.419414
2025-02-04 09:23:19,256-INFO- Current speed: 3177.977811
2025-02-04 09:23:19,256-INFO- Speed error: 822.022189
2025-02-04 09:23:21,264-INFO- Current speed: 3992.553967
2025-02-04 09:23:21,264-INFO- Speed error: 7.446033
2025-02-04 09:23:23,275-INFO- Applying torque value: 0.043000
2025-02-04 09:23:23,444-INFO- Set torque request detected
2025-02-04 09:23:23,444-INFO- Value to set: 0.043
2025-02-04 09:23:24,284-INFO- Read torque: -0.042000
2025-02-04 09:23:25,297-INFO- Applying torque value: 0.090750
2025-02-04 09:23:25,781-INFO- Set torque request detected
2025-02-04 09:23:25,781-INFO- Value to set: 0.09075
2025-02-04 09:23:26,308-INFO- Read torque: -0.042000
2025-02-04 09:23:27,318-INFO- Applying torque value: 0.138500
2025-02-04 09:23:27,365-INFO- Set torque request detected
2025-02-04 09:23:27,365-INFO- Value to set: 0.1385
2025-02-04 09:23:28,451-INFO- Read torque: -0.063000
2025-02-04 09:23:29,466-INFO- Applying torque value: 0.186250
2025-02-04 09:23:29,698-INFO- Set torque request detected
2025-02-04 09:23:29,699-INFO- Value to set: 0.18624999999999997
2025-02-04 09:23:30,478-INFO- Read torque: -0.095000
2025-02-04 09:23:31,492-INFO- Applying torque value: 0.234000
2025-02-04 09:23:31,802-INFO- Set torque request detected
2025-02-04 09:23:31,802-INFO- Value to set: 0.234
2025-02-04 09:23:32,506-INFO- Read torque: -0.162000
2025-02-04 09:23:33,691-INFO- Final torque reached: -0.219000
2025-02-04 09:23:33,691-INFO- Starting the measures
2025-02-04 09:23:36,703-INFO- Applying torque value: 0.234000
2025-02-04 09:23:36,704-INFO- Elapsed Time [Secs]: 0.000010
2025-02-04 09:23:36,704-INFO- Measured Temperature [C]: 66.725608
2025-02-04 09:23:36,802-INFO- Estimated ClassA Temperature [C]: 66.544891
2025-02-04 09:23:36,811-INFO- Estimated ClassB Temperature [C]: 70.143715
2025-02-04 09:23:37,200-INFO- Set torque request detected
2025-02-04 09:23:37,200-INFO- Value to set: 0.234
2025-02-04 09:23:42,821-INFO- Applying torque value: 0.233000
2025-02-04 09:23:42,822-INFO- Elapsed Time [Secs]: 6.118176
2025-02-04 09:23:42,822-INFO- Measured Temperature [C]: 66.619455
2025-02-04 09:23:42,830-INFO- Estimated ClassA Temperature [C]: 66.592072
2025-02-04 09:23:42,839-INFO- Estimated ClassB Temperature [C]: 70.205399
2025-02-04 09:23:43,226-INFO- Set torque request detected
2025-02-04 09:23:43,226-INFO- Value to set: 0.233
2025-02-04 09:23:48,846-INFO- Applying torque value: 0.232000
2025-02-04 09:23:48,846-INFO- Elapsed Time [Secs]: 12.142973
2025-02-04 09:23:48,846-INFO- Measured Temperature [C]: 66.489972
2025-02-04 09:23:48,882-INFO- Estimated ClassA Temperature [C]: 66.608643
2025-02-04 09:23:48,888-INFO- Estimated ClassB Temperature [C]: 70.265411
2025-02-04 09:23:49,253-INFO- Set torque request detected
2025-02-04 09:23:49,254-INFO- Value to set: 0.232
2025-02-04 09:23:54,890-INFO- Applying torque value: 0.231000
2025-02-04 09:23:54,890-INFO- Elapsed Time [Secs]: 18.187607
2025-02-04 09:23:54,890-INFO- Measured Temperature [C]: 66.400395
2025-02-04 09:23:54,896-INFO- Estimated ClassA Temperature [C]: 66.609314
2025-02-04 09:23:54,902-INFO- Estimated ClassB Temperature [C]: 70.324287
2025-02-04 09:23:55,285-INFO- Set torque request detected
2025-02-04 09:23:55,285-INFO- Value to set: 0.231
2025-02-04 09:24:00,905-INFO- Applying torque value: 0.230000
2025-02-04 09:24:00,906-INFO- Elapsed Time [Secs]: 24.202088
2025-02-04 09:24:00,906-INFO- Measured Temperature [C]: 66.290292
2025-02-04 09:24:00,913-INFO- Estimated ClassA Temperature [C]: 66.601868
2025-02-04 09:24:00,920-INFO- Estimated ClassB Temperature [C]: 70.383377
2025-02-04 09:24:01,306-INFO- Set torque request detected
2025-02-04 09:24:01,306-INFO- Value to set: 0.23
2025-02-04 09:24:07,998-INFO- Write request detected
2025-02-04 09:24:07,998-INFO- Symbol to write: BD_Target_Speed
2025-02-04 09:24:08,201-INFO- Set torque request detected
2025-02-04 09:24:08,201-INFO- Value to set: 0
2025-02-04 09:24:09,194-INFO- Write request detected
2025-02-04 09:24:09,194-INFO- Symbol to write: BD_Target_Accel
2025-02-04 09:24:12,197-INFO- Write request detected
2025-02-04 09:24:12,197-INFO- Symbol to write: BD_Update_Cmd
2025-02-04 09:24:14,014-INFO- Current speed: 3493.444104
2025-02-04 09:24:14,014-INFO- Speed error: 3493.444104
2025-02-04 09:24:16,027-INFO- Current speed: 2192.504566
2025-02-04 09:24:16,028-INFO- Speed error: 2192.504566
2025-02-04 09:24:18,043-INFO- Current speed: 1291.756121
2025-02-04 09:24:18,043-INFO- Speed error: 1291.756121
2025-02-04 09:24:20,050-INFO- Current speed: 377.105855
2025-02-04 09:24:20,050-INFO- Speed error: 377.105855
2025-02-04 09:24:22,056-INFO- Current speed: 0.000000
2025-02-04 09:24:22,057-INFO- Speed error: 0.000000
2025-02-04 09:24:24,198-INFO- Stop Acquisition
2025-02-04 09:24:24,712-INFO- Termination Request
2025-02-04 09:24:24,910-INFO- Termination Request
2025-02-04 09:24:24,918-INFO- Calculated offset for syncing: 0.854254
2025-02-04 09:24:27,031-INFO- Extracting acquisition with marker value: 1
2025-02-04 09:24:27,033-WARNING- Sub-acquisition too short!
2025-02-04 09:24:27,034-INFO- Extracting acquisition with marker value: 2
2025-02-04 09:24:27,036-WARNING- Sub-acquisition too short!
2025-02-04 09:24:27,038-INFO- Extracting acquisition with marker value: 3
2025-02-04 09:24:27,039-WARNING- Sub-acquisition too short!
2025-02-04 09:24:27,041-INFO- Extracting acquisition with marker value: 4
2025-02-04 09:24:27,042-WARNING- Sub-acquisition too short!
2025-02-04 09:24:27,043-INFO- Extracting acquisition with marker value: 5
2025-02-04 09:24:27,045-WARNING- Sub-acquisition too short!
2025-02-04 09:24:27,046-INFO- STARTING STEP N.8/9
2025-02-04 09:24:27,047-INFO- TORQUE MIN: 0.23
2025-02-04 09:24:27,047-INFO- TORQUE MAX: 0.234
2025-02-04 09:24:27,047-INFO- TORQUE STEP: 0.001
2025-02-04 09:24:27,047-INFO- File name for the acquisition: ./out/PyVisaAcquisition_20250204_092427.visaacq
2025-02-04 09:24:28,057-INFO- File name for the acquisition: ./out/MasterCommanderAcquisition_20250204_092428.mcacq
2025-02-04 09:24:34,642-INFO- Write request detected
2025-02-04 09:24:34,642-INFO- Symbol to write: BD_Target_Speed
2025-02-04 09:24:35,266-INFO- Write request detected
2025-02-04 09:24:35,266-INFO- Symbol to write: BD_Target_Accel
2025-02-04 09:24:38,313-INFO- Write request detected
2025-02-04 09:24:38,313-INFO- Symbol to write: BD_Update_Cmd
2025-02-04 09:24:40,923-INFO- Set torque request detected
2025-02-04 09:24:40,923-INFO- Value to set: 0
2025-02-04 09:24:42,243-INFO- Target speed: 2000.000000
2025-02-04 09:24:42,557-INFO- Write request detected
2025-02-04 09:24:42,557-INFO- Symbol to write: BD_Target_Speed
2025-02-04 09:24:43,775-INFO- Write request detected
2025-02-04 09:24:43,775-INFO- Symbol to write: BD_Target_Accel
2025-02-04 09:24:46,792-INFO- Write request detected
2025-02-04 09:24:46,792-INFO- Symbol to write: BD_Update_Cmd
2025-02-04 09:24:48,103-WARNING- Read request error: Request error:  Checksum error
2025-02-04 09:24:48,104-WARNING- Discarding the packet
2025-02-04 09:24:48,325-INFO- Current speed: -0.494366
2025-02-04 09:24:48,325-INFO- Speed error: 2000.494366
2025-02-04 09:24:48,645-WARNING- Read request error: Request error:  Checksum error
2025-02-04 09:24:48,646-WARNING- Discarding the packet
2025-02-04 09:24:49,187-WARNING- Read request error: Request error:  Checksum error
2025-02-04 09:24:49,188-WARNING- Discarding the packet
2025-02-04 09:24:50,397-INFO- Current speed: 443.319384
2025-02-04 09:24:50,398-INFO- Speed error: 1556.680616
2025-02-04 09:24:50,969-WARNING- Read request error: Request error:  Checksum error
2025-02-04 09:24:50,970-WARNING- Discarding the packet
2025-02-04 09:24:52,406-INFO- Current speed: 1326.896151
2025-02-04 09:24:52,407-INFO- Speed error: 673.103849
2025-02-04 09:24:54,415-INFO- Current speed: 2006.934410
2025-02-04 09:24:54,415-INFO- Speed error: 6.934410
2025-02-04 09:24:56,429-INFO- Applying torque value: 0.019000
2025-02-04 09:24:56,728-INFO- Set torque request detected
2025-02-04 09:24:56,728-INFO- Value to set: 0.019
2025-02-04 09:24:57,436-INFO- Read torque: -0.019000
2025-02-04 09:24:58,444-INFO- Applying torque value: 0.072750
2025-02-04 09:24:59,081-INFO- Set torque request detected
2025-02-04 09:24:59,081-INFO- Value to set: 0.07275000000000001
2025-02-04 09:24:59,458-INFO- Read torque: -0.020000
2025-02-04 09:25:00,471-INFO- Applying torque value: 0.126500
2025-02-04 09:25:00,706-INFO- Set torque request detected
2025-02-04 09:25:00,706-INFO- Value to set: 0.1265
2025-02-04 09:25:01,485-INFO- Read torque: -0.041000
2025-02-04 09:25:02,497-INFO- Applying torque value: 0.180250
2025-02-04 09:25:03,089-INFO- Set torque request detected
2025-02-04 09:25:03,089-INFO- Value to set: 0.18025
2025-02-04 09:25:03,507-INFO- Read torque: -0.071000
2025-02-04 09:25:04,521-INFO- Applying torque value: 0.234000
2025-02-04 09:25:04,707-INFO- Set torque request detected
2025-02-04 09:25:04,707-INFO- Value to set: 0.234
2025-02-04 09:25:05,532-INFO- Read torque: -0.148000
2025-02-04 09:25:06,544-INFO- Final torque reached: -0.208000
2025-02-04 09:25:06,545-INFO- Starting the measures
2025-02-04 09:25:09,550-INFO- Applying torque value: 0.234000
2025-02-04 09:25:09,551-INFO- Elapsed Time [Secs]: 0.000013
2025-02-04 09:25:09,551-INFO- Measured Temperature [C]: 65.518528
2025-02-04 09:25:09,559-INFO- Estimated ClassA Temperature [C]: 60.458923
2025-02-04 09:25:09,567-INFO- Estimated ClassB Temperature [C]: 69.886276
2025-02-04 09:25:09,814-INFO- Set torque request detected
2025-02-04 09:25:09,814-INFO- Value to set: 0.234
2025-02-04 09:25:15,567-INFO- Applying torque value: 0.233000
2025-02-04 09:25:15,567-INFO- Elapsed Time [Secs]: 6.017020
2025-02-04 09:25:15,568-INFO- Measured Temperature [C]: 65.247549
2025-02-04 09:25:15,611-INFO- Estimated ClassA Temperature [C]: 60.467102
2025-02-04 09:25:15,620-INFO- Estimated ClassB Temperature [C]: 69.831703
2025-02-04 09:25:15,955-INFO- Set torque request detected
2025-02-04 09:25:15,955-INFO- Value to set: 0.233
2025-02-04 09:25:21,625-INFO- Applying torque value: 0.232000
2025-02-04 09:25:21,625-INFO- Elapsed Time [Secs]: 12.075127
2025-02-04 09:25:21,625-INFO- Measured Temperature [C]: 65.027726
2025-02-04 09:25:21,651-INFO- Estimated ClassA Temperature [C]: 60.461853
2025-02-04 09:25:21,656-INFO- Estimated ClassB Temperature [C]: 69.777367
2025-02-04 09:25:22,005-INFO- Set torque request detected
2025-02-04 09:25:22,005-INFO- Value to set: 0.232
2025-02-04 09:25:27,658-INFO- Applying torque value: 0.231000
2025-02-04 09:25:27,658-INFO- Elapsed Time [Secs]: 18.108405
2025-02-04 09:25:27,659-INFO- Measured Temperature [C]: 64.845267
2025-02-04 09:25:27,707-INFO- Estimated ClassA Temperature [C]: 60.446808
2025-02-04 09:25:27,716-INFO- Estimated ClassB Temperature [C]: 69.722336
2025-02-04 09:25:28,047-INFO- Set torque request detected
2025-02-04 09:25:28,047-INFO- Value to set: 0.231
2025-02-04 09:25:33,730-INFO- Applying torque value: 0.230000
2025-02-04 09:25:33,730-INFO- Elapsed Time [Secs]: 24.179655
2025-02-04 09:25:33,730-INFO- Measured Temperature [C]: 64.610124
2025-02-04 09:25:33,737-INFO- Estimated ClassA Temperature [C]: 60.427185
2025-02-04 09:25:33,746-INFO- Estimated ClassB Temperature [C]: 69.668098
2025-02-04 09:25:34,103-INFO- Set torque request detected
2025-02-04 09:25:34,103-INFO- Value to set: 0.23
2025-02-04 09:25:40,793-INFO- Write request detected
2025-02-04 09:25:40,793-INFO- Symbol to write: BD_Target_Speed
2025-02-04 09:25:40,934-INFO- Set torque request detected
2025-02-04 09:25:40,934-INFO- Value to set: 0
2025-02-04 09:25:42,021-INFO- Write request detected
2025-02-04 09:25:42,021-INFO- Symbol to write: BD_Target_Accel
2025-02-04 09:25:45,041-INFO- Write request detected
2025-02-04 09:25:45,042-INFO- Symbol to write: BD_Update_Cmd
2025-02-04 09:25:46,810-INFO- Current speed: 1390.025021
2025-02-04 09:25:46,810-INFO- Speed error: 1390.025021
2025-02-04 09:25:48,828-INFO- Current speed: 0.000000
2025-02-04 09:25:48,828-INFO- Speed error: 0.000000
2025-02-04 09:25:50,919-INFO- Stop Acquisition
2025-02-04 09:25:51,433-INFO- Termination Request
2025-02-04 09:25:51,817-INFO- Termination Request
2025-02-04 09:25:51,824-INFO- Calculated offset for syncing: 0.881814
2025-02-04 09:25:53,952-INFO- Extracting acquisition with marker value: 1
2025-02-04 09:25:53,954-WARNING- Sub-acquisition too short!
2025-02-04 09:25:53,956-INFO- Extracting acquisition with marker value: 2
2025-02-04 09:25:53,957-WARNING- Sub-acquisition too short!
2025-02-04 09:25:53,959-INFO- Extracting acquisition with marker value: 3
2025-02-04 09:25:53,960-WARNING- Sub-acquisition too short!
2025-02-04 09:25:53,962-INFO- Extracting acquisition with marker value: 4
2025-02-04 09:25:53,964-WARNING- Sub-acquisition too short!
2025-02-04 09:25:53,965-INFO- Extracting acquisition with marker value: 5
2025-02-04 09:25:53,967-WARNING- Sub-acquisition too short!
2025-02-04 09:25:53,968-INFO- STARTING STEP N.9/9
2025-02-04 09:25:53,969-INFO- TORQUE MIN: 0.23
2025-02-04 09:25:53,969-INFO- TORQUE MAX: 0.234
2025-02-04 09:25:53,969-INFO- TORQUE STEP: 0.001
2025-02-04 09:25:53,969-INFO- File name for the acquisition: ./out/PyVisaAcquisition_20250204_092553.visaacq
2025-02-04 09:25:54,980-INFO- File name for the acquisition: ./out/MasterCommanderAcquisition_20250204_092554.mcacq
2025-02-04 09:26:01,558-INFO- Write request detected
2025-02-04 09:26:01,558-INFO- Symbol to write: BD_Target_Speed
2025-02-04 09:26:02,167-INFO- Write request detected
2025-02-04 09:26:02,167-INFO- Symbol to write: BD_Target_Accel
2025-02-04 09:26:05,212-INFO- Write request detected
2025-02-04 09:26:05,212-INFO- Symbol to write: BD_Update_Cmd
2025-02-04 09:26:07,172-INFO- Set torque request detected
2025-02-04 09:26:07,173-INFO- Value to set: 0
2025-02-04 09:26:09,150-INFO- Target speed: 750.000000
2025-02-04 09:26:09,462-INFO- Write request detected
2025-02-04 09:26:09,462-INFO- Symbol to write: BD_Target_Speed
2025-02-04 09:26:10,676-INFO- Write request detected
2025-02-04 09:26:10,676-INFO- Symbol to write: BD_Target_Accel
2025-02-04 09:26:13,714-INFO- Write request detected
2025-02-04 09:26:13,714-INFO- Symbol to write: BD_Update_Cmd
2025-02-04 09:26:13,785-WARNING- Read request error: Request error:  Checksum error
2025-02-04 09:26:13,786-WARNING- Discarding the packet
2025-02-04 09:26:15,235-INFO- Current speed: -0.077041
2025-02-04 09:26:15,235-INFO- Speed error: 750.077041
2025-02-04 09:26:17,247-INFO- Current speed: 164.923824
2025-02-04 09:26:17,247-INFO- Speed error: 585.076176
2025-02-04 09:26:19,258-INFO- Current speed: 754.051063
2025-02-04 09:26:19,258-INFO- Speed error: 4.051063
2025-02-04 09:26:21,265-INFO- Applying torque value: 0.014000
2025-02-04 09:26:21,518-INFO- Set torque request detected
2025-02-04 09:26:21,518-INFO- Value to set: 0.014
2025-02-04 09:26:22,267-INFO- Read torque: -0.015000
2025-02-04 09:26:23,280-INFO- Applying torque value: 0.069000
2025-02-04 09:26:23,887-INFO- Set torque request detected
2025-02-04 09:26:23,887-INFO- Value to set: 0.069
2025-02-04 09:26:24,289-INFO- Read torque: -0.015000
2025-02-04 09:26:25,296-INFO- Applying torque value: 0.124000
2025-02-04 09:26:25,499-INFO- Set torque request detected
2025-02-04 09:26:25,499-INFO- Value to set: 0.124
2025-02-04 09:26:26,307-INFO- Read torque: -0.028000
2025-02-04 09:26:27,321-INFO- Applying torque value: 0.179000
2025-02-04 09:26:27,853-INFO- Set torque request detected
2025-02-04 09:26:27,853-INFO- Value to set: 0.17900000000000002
2025-02-04 09:26:28,137-WARNING- Read request error: Request error:  Checksum error
2025-02-04 09:26:28,137-WARNING- Discarding the packet
2025-02-04 09:26:28,334-INFO- Read torque: -0.063000
2025-02-04 09:26:29,346-INFO- Applying torque value: 0.234000
2025-02-04 09:26:29,487-INFO- Set torque request detected
2025-02-04 09:26:29,487-INFO- Value to set: 0.234
2025-02-04 09:26:30,349-INFO- Read torque: -0.138000
2025-02-04 09:26:31,118-WARNING- Read request error: Request error:  Checksum error
2025-02-04 09:26:31,118-WARNING- Discarding the packet
2025-02-04 09:26:31,368-INFO- Final torque reached: -0.210000
2025-02-04 09:26:31,369-INFO- Starting the measures
2025-02-04 09:26:34,369-INFO- Applying torque value: 0.234000
2025-02-04 09:26:34,369-INFO- Elapsed Time [Secs]: 0.000014
2025-02-04 09:26:34,370-INFO- Measured Temperature [C]: 62.119326
2025-02-04 09:26:34,376-INFO- Estimated ClassA Temperature [C]: 60.513824
2025-02-04 09:26:34,384-INFO- Estimated ClassB Temperature [C]: 68.627350
2025-02-04 09:26:34,634-INFO- Set torque request detected
2025-02-04 09:26:34,635-INFO- Value to set: 0.234
2025-02-04 09:26:40,400-INFO- Applying torque value: 0.233000
2025-02-04 09:26:40,400-INFO- Elapsed Time [Secs]: 6.030782
2025-02-04 09:26:40,401-INFO- Measured Temperature [C]: 61.969624
2025-02-04 09:26:40,407-INFO- Estimated ClassA Temperature [C]: 60.480011
2025-02-04 09:26:40,415-INFO- Estimated ClassB Temperature [C]: 68.519913
2025-02-04 09:26:40,711-INFO- Set torque request detected
2025-02-04 09:26:40,712-INFO- Value to set: 0.233
2025-02-04 09:26:46,430-INFO- Applying torque value: 0.232000
2025-02-04 09:26:46,430-INFO- Elapsed Time [Secs]: 12.061241
2025-02-04 09:26:46,430-INFO- Measured Temperature [C]: 61.807255
2025-02-04 09:26:46,434-INFO- Estimated ClassA Temperature [C]: 60.441132
2025-02-04 09:26:46,440-INFO- Estimated ClassB Temperature [C]: 68.414398
2025-02-04 09:26:46,727-INFO- Set torque request detected
2025-02-04 09:26:46,728-INFO- Value to set: 0.232
2025-02-04 09:26:52,456-INFO- Applying torque value: 0.231000
2025-02-04 09:26:52,456-INFO- Elapsed Time [Secs]: 18.086505
2025-02-04 09:26:52,457-INFO- Measured Temperature [C]: 61.676846
2025-02-04 09:26:52,462-INFO- Estimated ClassA Temperature [C]: 60.397430
2025-02-04 09:26:52,468-INFO- Estimated ClassB Temperature [C]: 68.292084
2025-02-04 09:26:52,784-INFO- Set torque request detected
2025-02-04 09:26:52,784-INFO- Value to set: 0.231
2025-02-04 09:26:58,482-INFO- Applying torque value: 0.230000
2025-02-04 09:26:58,482-INFO- Elapsed Time [Secs]: 24.112651
2025-02-04 09:26:58,482-INFO- Measured Temperature [C]: 61.540089
2025-02-04 09:26:58,488-INFO- Estimated ClassA Temperature [C]: 60.356567
2025-02-04 09:26:58,493-INFO- Estimated ClassB Temperature [C]: 68.205078
2025-02-04 09:26:58,936-INFO- Set torque request detected
2025-02-04 09:26:58,936-INFO- Value to set: 0.23
2025-02-04 09:27:05,736-INFO- Set torque request detected
2025-02-04 09:27:05,736-INFO- Value to set: 0
2025-02-04 09:27:05,940-INFO- Write request detected
2025-02-04 09:27:05,940-INFO- Symbol to write: BD_Target_Speed
2025-02-04 09:27:06,561-INFO- Write request detected
2025-02-04 09:27:06,561-INFO- Symbol to write: BD_Target_Accel
2025-02-04 09:27:09,598-INFO- Write request detected
2025-02-04 09:27:09,598-INFO- Symbol to write: BD_Update_Cmd
2025-02-04 09:27:15,591-INFO- Stop Acquisition
2025-02-04 09:27:16,199-INFO- Termination Request
2025-02-04 09:27:16,398-INFO- Termination Request
2025-02-04 09:27:16,405-INFO- Calculated offset for syncing: 1.006773
2025-02-04 09:27:18,532-INFO- Extracting acquisition with marker value: 1
2025-02-04 09:27:18,534-WARNING- Sub-acquisition too short!
2025-02-04 09:27:18,536-INFO- Extracting acquisition with marker value: 2
2025-02-04 09:27:18,537-WARNING- Sub-acquisition too short!
2025-02-04 09:27:18,539-INFO- Extracting acquisition with marker value: 3
2025-02-04 09:27:18,540-WARNING- Sub-acquisition too short!
2025-02-04 09:27:18,542-INFO- Extracting acquisition with marker value: 4
2025-02-04 09:27:18,543-WARNING- Sub-acquisition too short!
2025-02-04 09:27:18,545-INFO- Extracting acquisition with marker value: 5
2025-02-04 09:27:18,546-WARNING- Sub-acquisition too short!
