2024-11-05 13:46:54,798-INFO- RUNNING THE TEST
2024-11-05 13:47:01,806-INFO- File name for the acquisition: ./out/PyVisaAcquisition_20241105_134701.visaacq
2024-11-05 13:47:02,816-INFO- File name for the acquisition: ./out/MasterCommanderAcquisition_20241105_134702.mcacq
2024-11-05 13:47:08,844-INFO- Applying demagnetization algorithm
2024-11-05 13:47:08,923-INFO- Write request detected
2024-11-05 13:47:08,923-INFO- Symbol to write: BD_Target_Speed
2024-11-05 13:47:10,191-INFO- Write request detected
2024-11-05 13:47:10,191-INFO- Symbol to write: BD_Target_Accel
2024-11-05 13:47:13,293-INFO- Write request detected
2024-11-05 13:47:13,293-INFO- Symbol to write: BD_Update_Cmd
2024-11-05 13:47:14,896-INFO- Current speed: 0.246210
2024-11-05 13:47:14,897-INFO- Speed error: 999.753790
2024-11-05 13:47:15,892-WARNING- Read request error: Request error:  Checksum error
2024-11-05 13:47:15,893-WARNING- Discarding the packet
2024-11-05 13:47:16,906-INFO- Current speed: 231.026814
2024-11-05 13:47:16,906-INFO- Speed error: 768.973186
2024-11-05 13:47:18,984-INFO- Current speed: 1001.938044
2024-11-05 13:47:18,984-INFO- Speed error: 1.938044
2024-11-05 13:47:28,160-INFO- Write request detected
2024-11-05 13:47:28,160-INFO- Symbol to write: BD_Target_Speed
2024-11-05 13:47:29,420-INFO- Write request detected
2024-11-05 13:47:29,420-INFO- Symbol to write: BD_Target_Accel
2024-11-05 13:47:32,547-INFO- Write request detected
2024-11-05 13:47:32,548-INFO- Symbol to write: BD_Update_Cmd
2024-11-05 13:47:34,083-INFO- Current speed: 436.791217
2024-11-05 13:47:34,083-INFO- Speed error: 436.791217
2024-11-05 13:47:36,093-INFO- Current speed: 0.000000
2024-11-05 13:47:36,093-INFO- Speed error: 0.000000
2024-11-05 13:47:39,105-INFO- STARTING STEP N.0/4
2024-11-05 13:47:39,105-INFO- TORQUE MIN: 0.1
2024-11-05 13:47:39,105-INFO- TORQUE MAX: 2.9
2024-11-05 13:47:39,105-INFO- TORQUE STEP: 0.18
2024-11-05 13:47:39,262-INFO- Write request detected
2024-11-05 13:47:39,262-INFO- Symbol to write: BD_Target_Speed
2024-11-05 13:47:40,508-INFO- Write request detected
2024-11-05 13:47:40,508-INFO- Symbol to write: BD_Target_Accel
2024-11-05 13:47:43,634-INFO- Write request detected
2024-11-05 13:47:43,635-INFO- Symbol to write: BD_Update_Cmd
2024-11-05 13:47:45,506-INFO- Write request detected
2024-11-05 13:47:45,506-INFO- Symbol to write: My_Measured_Temp
2024-11-05 13:47:46,737-INFO- Write request detected
2024-11-05 13:47:46,738-INFO- Symbol to write: My_Measured_Temp
2024-11-05 13:47:49,411-INFO- Target speed: 500.000000
2024-11-05 13:47:49,862-INFO- Write request detected
2024-11-05 13:47:49,863-INFO- Symbol to write: BD_Target_Speed
2024-11-05 13:47:50,501-INFO- Write request detected
2024-11-05 13:47:50,501-INFO- Symbol to write: BD_Target_Accel
2024-11-05 13:47:53,628-INFO- Write request detected
2024-11-05 13:47:53,628-INFO- Symbol to write: BD_Update_Cmd
2024-11-05 13:47:55,467-INFO- Current speed: 444.903441
2024-11-05 13:47:55,467-INFO- Speed error: 55.096559
2024-11-05 13:47:57,476-INFO- Current speed: 493.597809
2024-11-05 13:47:57,476-INFO- Speed error: 6.402191
2024-11-05 13:47:59,491-INFO- Applying torque value: 0.030000
2024-11-05 13:48:00,637-INFO- Read torque: -0.033000
2024-11-05 13:48:01,644-INFO- Applying torque value: 0.747500
2024-11-05 13:48:02,656-INFO- Read torque: -0.039000
2024-11-05 13:48:03,669-INFO- Applying torque value: 1.465000
2024-11-05 13:48:04,680-INFO- Read torque: -0.953000
2024-11-05 13:48:05,697-INFO- Applying torque value: 2.182500
2024-11-05 13:48:06,942-INFO- Read torque: -2.160000
2024-11-05 13:48:07,957-INFO- Applying torque value: 2.900000
2024-11-05 13:48:08,972-INFO- Read torque: -2.318000
2024-11-05 13:48:10,051-INFO- Final torque reached: 0.040000
2024-11-05 13:48:10,051-INFO- Starting the measures
2024-11-05 13:48:13,060-INFO- Applying torque value: 2.900000
2024-11-05 13:48:13,060-INFO- Elapsed Time [Secs]: 0.000009
2024-11-05 13:48:13,060-INFO- Measured Temperature [C]: 34.663244
2024-11-05 13:48:13,066-INFO- Estimated ClassA Temperature [C]: 34.314819
