2025-03-04 15:32:45,354-INFO- RUNNING THE TEST
2025-03-04 15:32:52,361-INFO- File name for the acquisition: ./out/PyVisaAcquisition_20250304_153252.visaacq
2025-03-04 15:32:53,362-INFO- File name for the acquisition: ./out/MasterCommanderAcquisition_20250304_153253.mcacq
2025-03-04 15:32:54,380-INFO- Set torque request detected
2025-03-04 15:32:54,380-INFO- Value to set: 0
2025-03-04 15:32:59,372-INFO- Applying demagnetization algorithm
2025-03-04 15:32:59,825-INFO- Write request detected
2025-03-04 15:32:59,825-INFO- Symbol to write: BD_Target_Speed
2025-03-04 15:33:00,446-INFO- Write request detected
2025-03-04 15:33:00,446-INFO- Symbol to write: BD_Target_Accel
2025-03-04 15:33:03,435-INFO- Write request detected
2025-03-04 15:33:03,436-INFO- Symbol to write: BD_Update_Cmd
2025-03-04 15:33:05,394-INFO- Current speed: -0.109007
2025-03-04 15:33:05,394-INFO- Speed error: 1000.109007
2025-03-04 15:33:07,405-INFO- Current speed: 403.534789
2025-03-04 15:33:07,405-INFO- Speed error: 596.465211
2025-03-04 15:33:07,633-WARNING- DSP6000 Get Data error: VI_ERROR_TMO (-1073807339): Timeout expired before operation completed. with timeout = 1000
2025-03-04 15:33:07,633-WARNING- PyVISA request error: VI_ERROR_TMO (-1073807339): Timeout expired before operation completed.
2025-03-04 15:33:09,446-INFO- Current speed: 1001.715179
2025-03-04 15:33:09,446-INFO- Speed error: 1.715179
2025-03-04 15:33:11,186-WARNING- Read request error: Request error:  Checksum error
2025-03-04 15:33:11,186-WARNING- Discarding the packet
2025-03-04 15:33:14,149-INFO- Set torque request detected
2025-03-04 15:33:14,149-INFO- Value to set: 0.5
2025-03-04 15:33:18,683-INFO- Set torque request detected
2025-03-04 15:33:18,683-INFO- Value to set: 0
2025-03-04 15:33:18,796-INFO- Write request detected
2025-03-04 15:33:18,796-INFO- Symbol to write: BD_Target_Speed
2025-03-04 15:33:19,986-INFO- Write request detected
2025-03-04 15:33:19,986-INFO- Symbol to write: BD_Target_Accel
2025-03-04 15:33:22,944-INFO- Write request detected
2025-03-04 15:33:22,944-INFO- Symbol to write: BD_Update_Cmd
2025-03-04 15:33:24,496-INFO- Current speed: 717.284027
2025-03-04 15:33:24,496-INFO- Speed error: 717.284027
2025-03-04 15:33:26,540-INFO- Current speed: 0.000000
2025-03-04 15:33:26,540-INFO- Speed error: 0.000000
2025-03-04 15:33:29,551-INFO- STARTING STEP N.0/9
2025-03-04 15:33:29,551-INFO- TORQUE MIN: 0.23
2025-03-04 15:33:29,551-INFO- TORQUE MAX: 0.234
2025-03-04 15:33:29,551-INFO- TORQUE STEP: 0.001
2025-03-04 15:33:30,025-INFO- Write request detected
2025-03-04 15:33:30,025-INFO- Symbol to write: BD_Target_Speed
2025-03-04 15:33:30,632-INFO- Write request detected
2025-03-04 15:33:30,632-INFO- Symbol to write: BD_Target_Accel
2025-03-04 15:33:33,623-INFO- Write request detected
2025-03-04 15:33:33,623-INFO- Symbol to write: BD_Update_Cmd
2025-03-04 15:33:35,682-INFO- Set torque request detected
2025-03-04 15:33:35,682-INFO- Value to set: 0
2025-03-04 15:33:37,576-INFO- Target speed: 18000.000000
2025-03-04 15:33:37,844-INFO- Write request detected
2025-03-04 15:33:37,844-INFO- Symbol to write: BD_Target_Speed
2025-03-04 15:33:39,062-INFO- Write request detected
2025-03-04 15:33:39,062-INFO- Symbol to write: BD_Target_Accel
2025-03-04 15:33:42,045-INFO- Write request detected
2025-03-04 15:33:42,045-INFO- Symbol to write: BD_Update_Cmd
2025-03-04 15:33:43,623-INFO- Current speed: 482.102400
2025-03-04 15:33:43,623-INFO- Speed error: 17517.897600
2025-03-04 15:33:45,695-INFO- Current speed: 1669.520588
2025-03-04 15:33:45,695-INFO- Speed error: 16330.479412
2025-03-04 15:33:47,703-INFO- Current speed: 2553.056665
2025-03-04 15:33:47,703-INFO- Speed error: 15446.943335
2025-03-04 15:33:49,718-INFO- Current speed: 3453.547348
2025-03-04 15:33:49,718-INFO- Speed error: 14546.452652
2025-03-04 15:33:51,719-INFO- Current speed: 4650.030672
2025-03-04 15:33:51,719-INFO- Speed error: 13349.969328
2025-03-04 15:33:53,726-INFO- Current speed: 5528.403344
2025-03-04 15:33:53,726-INFO- Speed error: 12471.596656
2025-03-04 15:33:55,738-INFO- Current speed: 6678.348127
2025-03-04 15:33:55,738-INFO- Speed error: 11321.651873
2025-03-04 15:33:57,745-INFO- Current speed: 7574.559870
2025-03-04 15:33:57,745-INFO- Speed error: 10425.440130
2025-03-04 15:33:59,749-INFO- Current speed: 8471.273440
2025-03-04 15:33:59,749-INFO- Speed error: 9528.726560
2025-03-04 15:34:01,758-INFO- Current speed: 9652.615965
2025-03-04 15:34:01,758-INFO- Speed error: 8347.384035
2025-03-04 15:34:03,758-INFO- Current speed: 10552.205864
2025-03-04 15:34:03,758-INFO- Speed error: 7447.794136
2025-03-04 15:34:05,762-INFO- Current speed: 11453.775098
2025-03-04 15:34:05,762-INFO- Speed error: 6546.224902
2025-03-04 15:34:07,765-INFO- Current speed: 12641.703163
2025-03-04 15:34:07,765-INFO- Speed error: 5358.296837
2025-03-04 15:34:09,767-INFO- Current speed: 13560.173673
2025-03-04 15:34:09,767-INFO- Speed error: 4439.826327
2025-03-04 15:34:11,832-INFO- Current speed: 14758.244369
2025-03-04 15:34:11,832-INFO- Speed error: 3241.755631
2025-03-04 15:34:13,839-INFO- Current speed: 15649.093958
2025-03-04 15:34:13,839-INFO- Speed error: 2350.906042
2025-03-04 15:34:15,847-INFO- Current speed: 16566.253071
2025-03-04 15:34:15,847-INFO- Speed error: 1433.746929
2025-03-04 15:34:17,852-INFO- Current speed: 17713.533679
2025-03-04 15:34:17,852-INFO- Speed error: 286.466321
2025-03-04 15:34:19,860-INFO- Applying torque value: 0.184000
2025-03-04 15:34:20,353-INFO- Set torque request detected
2025-03-04 15:34:20,353-INFO- Value to set: 0.184
2025-03-04 15:34:20,874-INFO- Read torque: -0.193000
2025-03-04 15:34:21,874-INFO- Applying torque value: 0.196500
2025-03-04 15:34:21,934-INFO- Set torque request detected
2025-03-04 15:34:21,934-INFO- Value to set: 0.1965
2025-03-04 15:34:23,019-INFO- Read torque: -0.193000
2025-03-04 15:34:24,038-INFO- Applying torque value: 0.209000
2025-03-04 15:34:24,256-INFO- Set torque request detected
2025-03-04 15:34:24,256-INFO- Value to set: 0.20900000000000002
2025-03-04 15:34:25,047-INFO- Read torque: -0.195000
2025-03-04 15:34:26,050-INFO- Applying torque value: 0.221500
2025-03-04 15:34:26,632-INFO- Set torque request detected
2025-03-04 15:34:26,632-INFO- Value to set: 0.2215
2025-03-04 15:34:27,056-INFO- Read torque: -0.208000
2025-03-04 15:34:28,058-INFO- Applying torque value: 0.234000
2025-03-04 15:34:28,226-INFO- Set torque request detected
2025-03-04 15:34:28,226-INFO- Value to set: 0.234
2025-03-04 15:34:29,067-INFO- Read torque: -0.216000
2025-03-04 15:34:30,140-INFO- Final torque reached: -0.228000
2025-03-04 15:34:30,140-INFO- Starting the measures
2025-03-04 15:34:33,140-INFO- Applying torque value: 0.234000
2025-03-04 15:34:33,140-INFO- Elapsed Time [Secs]: 0.000010
2025-03-04 15:34:33,140-INFO- Measured Temperature [C]: 43.881272
2025-03-04 15:34:33,140-INFO- Estimated ClassA Temperature [C]: 45.336823
2025-03-04 15:34:33,150-INFO- Estimated ClassB Temperature [C]: 58.042118
2025-03-04 15:34:33,638-INFO- Set torque request detected
2025-03-04 15:34:33,638-INFO- Value to set: 0.234
2025-03-04 15:34:39,154-INFO- Applying torque value: 0.233000
2025-03-04 15:34:39,154-INFO- Elapsed Time [Secs]: 6.014156
2025-03-04 15:34:39,154-INFO- Measured Temperature [C]: 47.420504
2025-03-04 15:34:39,154-INFO- Estimated ClassA Temperature [C]: 47.080383
2025-03-04 15:34:39,164-INFO- Estimated ClassB Temperature [C]: 61.523556
2025-03-04 15:34:39,633-INFO- Set torque request detected
2025-03-04 15:34:39,633-INFO- Value to set: 0.233
2025-03-04 15:34:45,165-INFO- Applying torque value: 0.232000
2025-03-04 15:34:45,165-INFO- Elapsed Time [Secs]: 12.025227
2025-03-04 15:34:45,165-INFO- Measured Temperature [C]: 50.590306
2025-03-04 15:34:45,165-INFO- Estimated ClassA Temperature [C]: 48.600281
2025-03-04 15:34:45,175-INFO- Estimated ClassB Temperature [C]: 64.884583
2025-03-04 15:34:45,651-INFO- Set torque request detected
2025-03-04 15:34:45,651-INFO- Value to set: 0.232
2025-03-04 15:34:51,186-INFO- Applying torque value: 0.231000
2025-03-04 15:34:51,186-INFO- Elapsed Time [Secs]: 18.046619
2025-03-04 15:34:51,186-INFO- Measured Temperature [C]: 53.346453
2025-03-04 15:34:51,186-INFO- Estimated ClassA Temperature [C]: 49.991364
2025-03-04 15:34:51,196-INFO- Estimated ClassB Temperature [C]: 68.111076
2025-03-04 15:34:51,420-INFO- Set torque request detected
2025-03-04 15:34:51,420-INFO- Value to set: 0.231
2025-03-04 15:34:57,205-INFO- Applying torque value: 0.230000
2025-03-04 15:34:57,205-INFO- Elapsed Time [Secs]: 24.065109
2025-03-04 15:34:57,205-INFO- Measured Temperature [C]: 55.890797
2025-03-04 15:34:57,235-INFO- Estimated ClassA Temperature [C]: 51.446655
2025-03-04 15:34:57,245-INFO- Estimated ClassB Temperature [C]: 71.236839
2025-03-04 15:34:57,415-INFO- Set torque request detected
2025-03-04 15:34:57,415-INFO- Value to set: 0.23
2025-03-04 15:35:04,289-INFO- Write request detected
2025-03-04 15:35:04,289-INFO- Symbol to write: BD_Target_Speed
2025-03-04 15:35:04,882-INFO- Set torque request detected
2025-03-04 15:35:04,882-INFO- Value to set: 0
2025-03-04 15:35:05,500-INFO- Write request detected
2025-03-04 15:35:05,500-INFO- Symbol to write: BD_Target_Accel
2025-03-04 15:35:08,505-INFO- Write request detected
2025-03-04 15:35:08,506-INFO- Symbol to write: BD_Update_Cmd
2025-03-04 15:35:10,287-INFO- Current speed: 17379.216209
2025-03-04 15:35:10,287-INFO- Speed error: 17379.216209
2025-03-04 15:35:12,290-INFO- Current speed: 16168.882501
2025-03-04 15:35:12,290-INFO- Speed error: 16168.882501
2025-03-04 15:35:14,290-INFO- Current speed: 15258.005267
2025-03-04 15:35:14,290-INFO- Speed error: 15258.005267
2025-03-04 15:35:16,300-INFO- Current speed: 14373.983099
2025-03-04 15:35:16,300-INFO- Speed error: 14373.983099
2025-03-04 15:35:18,300-INFO- Current speed: 13168.961420
2025-03-04 15:35:18,300-INFO- Speed error: 13168.961420
2025-03-04 15:35:20,306-INFO- Current speed: 12259.758111
2025-03-04 15:35:20,306-INFO- Speed error: 12259.758111
2025-03-04 15:35:22,309-INFO- Current speed: 11330.381447
2025-03-04 15:35:22,309-INFO- Speed error: 11330.381447
2025-03-04 15:35:24,311-INFO- Current speed: 10152.261460
2025-03-04 15:35:24,311-INFO- Speed error: 10152.261460
2025-03-04 15:35:26,318-INFO- Current speed: 9547.223414
2025-03-04 15:35:26,318-INFO- Speed error: 9547.223414
2025-03-04 15:35:28,321-INFO- Current speed: 8108.549377
2025-03-04 15:35:28,321-INFO- Speed error: 8108.549377
2025-03-04 15:35:30,331-INFO- Current speed: 7219.556726
2025-03-04 15:35:30,331-INFO- Speed error: 7219.556726
2025-03-04 15:35:32,339-INFO- Current speed: 6322.582625
2025-03-04 15:35:32,339-INFO- Speed error: 6322.582625
2025-03-04 15:35:34,348-INFO- Current speed: 5143.859979
2025-03-04 15:35:34,348-INFO- Speed error: 5143.859979
2025-03-04 15:35:36,350-INFO- Current speed: 4312.301532
2025-03-04 15:35:36,350-INFO- Speed error: 4312.301532
2025-03-04 15:35:38,395-INFO- Current speed: 3132.123818
2025-03-04 15:35:38,395-INFO- Speed error: 3132.123818
2025-03-04 15:35:40,404-INFO- Current speed: 2174.626446
2025-03-04 15:35:40,404-INFO- Speed error: 2174.626446
2025-03-04 15:35:42,412-INFO- Current speed: 1270.038523
2025-03-04 15:35:42,412-INFO- Speed error: 1270.038523
2025-03-04 15:35:44,421-INFO- Current speed: 0.000000
2025-03-04 15:35:44,421-INFO- Speed error: 0.000000
2025-03-04 15:35:46,422-INFO- Stop Acquisition
2025-03-04 15:35:46,842-INFO- Termination Request
2025-03-04 15:35:47,357-INFO- Termination Request
2025-03-04 15:35:47,363-INFO- Calculated offset for syncing: 5.394704
2025-03-04 15:35:49,520-INFO- Extracting acquisition with marker value: 1
2025-03-04 15:35:49,520-WARNING- Sub-acquisition too short!
2025-03-04 15:35:49,520-INFO- Extracting acquisition with marker value: 2
2025-03-04 15:35:49,520-WARNING- Sub-acquisition too short!
2025-03-04 15:35:49,520-INFO- Extracting acquisition with marker value: 3
2025-03-04 15:35:49,530-WARNING- Sub-acquisition too short!
2025-03-04 15:35:49,530-INFO- Extracting acquisition with marker value: 4
2025-03-04 15:35:49,530-WARNING- Sub-acquisition too short!
2025-03-04 15:35:49,530-INFO- Extracting acquisition with marker value: 5
2025-03-04 15:35:49,530-WARNING- Sub-acquisition too short!
2025-03-04 15:35:49,540-INFO- STARTING STEP N.1/9
2025-03-04 15:35:49,540-INFO- TORQUE MIN: 0.23
2025-03-04 15:35:49,540-INFO- TORQUE MAX: 0.234
2025-03-04 15:35:49,540-INFO- TORQUE STEP: 0.001
2025-03-04 15:35:49,540-INFO- File name for the acquisition: ./out/PyVisaAcquisition_20250304_153549.visaacq
2025-03-04 15:35:50,550-INFO- File name for the acquisition: ./out/MasterCommanderAcquisition_20250304_153550.mcacq
2025-03-04 15:35:57,037-INFO- Write request detected
2025-03-04 15:35:57,037-INFO- Symbol to write: BD_Target_Speed
2025-03-04 15:35:57,654-INFO- Write request detected
2025-03-04 15:35:57,654-INFO- Symbol to write: BD_Target_Accel
2025-03-04 15:36:00,624-INFO- Write request detected
2025-03-04 15:36:00,624-INFO- Symbol to write: BD_Update_Cmd
2025-03-04 15:36:03,530-WARNING- DSP6000 Get Data error: VI_ERROR_TMO (-1073807339): Timeout expired before operation completed. with timeout = 1000
2025-03-04 15:36:03,530-WARNING- PyVISA request error: VI_ERROR_TMO (-1073807339): Timeout expired before operation completed.
2025-03-04 15:36:04,041-INFO- Set torque request detected
2025-03-04 15:36:04,041-INFO- Value to set: 0
2025-03-04 15:36:04,611-INFO- Target speed: 16000.000000
2025-03-04 15:36:04,799-INFO- Write request detected
2025-03-04 15:36:04,799-INFO- Symbol to write: BD_Target_Speed
2025-03-04 15:36:06,011-INFO- Write request detected
2025-03-04 15:36:06,011-INFO- Symbol to write: BD_Target_Accel
2025-03-04 15:36:07,487-WARNING- DSP6000 Get Data error: VI_ERROR_TMO (-1073807339): Timeout expired before operation completed. with timeout = 1000
2025-03-04 15:36:07,487-WARNING- PyVISA request error: VI_ERROR_TMO (-1073807339): Timeout expired before operation completed.
2025-03-04 15:36:09,039-INFO- Write request detected
2025-03-04 15:36:09,039-INFO- Symbol to write: BD_Update_Cmd
2025-03-04 15:36:09,737-WARNING- DSP6000 Get Data error: VI_ERROR_TMO (-1073807339): Timeout expired before operation completed. with timeout = 1000
2025-03-04 15:36:09,737-WARNING- PyVISA request error: VI_ERROR_TMO (-1073807339): Timeout expired before operation completed.
2025-03-04 15:36:10,641-INFO- Current speed: -0.119399
2025-03-04 15:36:10,641-INFO- Speed error: 16000.119399
2025-03-04 15:36:11,984-WARNING- Read request error: Request error:  Checksum error
2025-03-04 15:36:11,984-WARNING- Discarding the packet
2025-03-04 15:36:12,644-INFO- Current speed: 427.947160
2025-03-04 15:36:12,644-INFO- Speed error: 15572.052840
2025-03-04 15:36:13,717-WARNING- Read request error: Request error:  Checksum error
2025-03-04 15:36:13,717-WARNING- Discarding the packet
2025-03-04 15:36:14,652-INFO- Current speed: 1298.105756
2025-03-04 15:36:14,652-INFO- Speed error: 14701.894244
2025-03-04 15:36:16,707-INFO- Current speed: 2494.402862
2025-03-04 15:36:16,707-INFO- Speed error: 13505.597138
2025-03-04 15:36:18,717-INFO- Current speed: 3382.739524
2025-03-04 15:36:18,717-INFO- Speed error: 12617.260476
2025-03-04 15:36:20,718-INFO- Current speed: 4282.707979
2025-03-04 15:36:20,718-INFO- Speed error: 11717.292021
2025-03-04 15:36:22,718-INFO- Current speed: 5415.836581
2025-03-04 15:36:22,718-INFO- Speed error: 10584.163419
2025-03-04 15:36:24,718-INFO- Current speed: 6309.575905
2025-03-04 15:36:24,718-INFO- Speed error: 9690.424095
2025-03-04 15:36:26,747-INFO- Current speed: 7498.880645
2025-03-04 15:36:26,747-INFO- Speed error: 8501.119355
2025-03-04 15:36:28,753-INFO- Current speed: 8396.540752
2025-03-04 15:36:28,753-INFO- Speed error: 7603.459248
2025-03-04 15:36:30,755-INFO- Current speed: 9297.989920
2025-03-04 15:36:30,755-INFO- Speed error: 6702.010080
2025-03-04 15:36:32,759-INFO- Current speed: 10479.449596
2025-03-04 15:36:32,759-INFO- Speed error: 5520.550404
2025-03-04 15:36:34,769-INFO- Current speed: 11380.413839
2025-03-04 15:36:34,769-INFO- Speed error: 4619.586161
2025-03-04 15:36:36,778-INFO- Current speed: 12286.510596
2025-03-04 15:36:36,778-INFO- Speed error: 3713.489404
2025-03-04 15:36:38,786-INFO- Current speed: 13489.119306
2025-03-04 15:36:38,786-INFO- Speed error: 2510.880694
2025-03-04 15:36:40,790-INFO- Current speed: 14387.034115
2025-03-04 15:36:40,790-INFO- Speed error: 1612.965885
2025-03-04 15:36:42,862-INFO- Current speed: 15599.365809
2025-03-04 15:36:42,862-INFO- Speed error: 400.634191
2025-03-04 15:36:44,874-INFO- Applying torque value: 0.165000
2025-03-04 15:36:45,113-INFO- Set torque request detected
2025-03-04 15:36:45,113-INFO- Value to set: 0.165
2025-03-04 15:36:45,881-INFO- Read torque: -0.167000
2025-03-04 15:36:46,883-INFO- Applying torque value: 0.182250
2025-03-04 15:36:47,446-INFO- Set torque request detected
2025-03-04 15:36:47,446-INFO- Value to set: 0.18225000000000002
2025-03-04 15:36:47,889-INFO- Read torque: -0.169000
2025-03-04 15:36:48,890-INFO- Applying torque value: 0.199500
2025-03-04 15:36:49,048-INFO- Set torque request detected
2025-03-04 15:36:49,048-INFO- Value to set: 0.1995
2025-03-04 15:36:50,140-INFO- Read torque: -0.186000
2025-03-04 15:36:51,153-INFO- Applying torque value: 0.216750
2025-03-04 15:36:51,403-INFO- Set torque request detected
2025-03-04 15:36:51,403-INFO- Value to set: 0.21675
2025-03-04 15:36:52,154-INFO- Read torque: -0.195000
2025-03-04 15:36:53,163-INFO- Applying torque value: 0.234000
2025-03-04 15:36:53,706-INFO- Set torque request detected
2025-03-04 15:36:53,706-INFO- Value to set: 0.234
2025-03-04 15:36:54,165-INFO- Read torque: -0.212000
2025-03-04 15:36:55,173-INFO- Final torque reached: -0.219000
2025-03-04 15:36:55,173-INFO- Starting the measures
2025-03-04 15:36:58,173-INFO- Applying torque value: 0.234000
2025-03-04 15:36:58,173-INFO- Elapsed Time [Secs]: 0.000013
2025-03-04 15:36:58,173-INFO- Measured Temperature [C]: 60.515057
2025-03-04 15:36:58,228-INFO- Estimated ClassA Temperature [C]: 73.402893
2025-03-04 15:36:58,238-INFO- Estimated ClassB Temperature [C]: 84.452087
2025-03-04 15:36:58,258-INFO- Set torque request detected
2025-03-04 15:36:58,258-INFO- Value to set: 0.234
2025-03-04 15:37:04,246-INFO- Applying torque value: 0.233000
2025-03-04 15:37:04,246-INFO- Elapsed Time [Secs]: 6.072255
2025-03-04 15:37:04,246-INFO- Measured Temperature [C]: 63.165436
2025-03-04 15:37:04,246-INFO- Estimated ClassA Temperature [C]: 74.638763
2025-03-04 15:37:04,256-INFO- Estimated ClassB Temperature [C]: 86.295044
2025-03-04 15:37:04,362-INFO- Set torque request detected
2025-03-04 15:37:04,362-INFO- Value to set: 0.233
2025-03-04 15:37:10,265-INFO- Applying torque value: 0.232000
2025-03-04 15:37:10,265-INFO- Elapsed Time [Secs]: 12.091566
2025-03-04 15:37:10,265-INFO- Measured Temperature [C]: 65.441335
2025-03-04 15:37:10,270-INFO- Estimated ClassA Temperature [C]: 75.704224
2025-03-04 15:37:10,280-INFO- Estimated ClassB Temperature [C]: 88.071480
2025-03-04 15:37:10,380-INFO- Set torque request detected
2025-03-04 15:37:10,380-INFO- Value to set: 0.232
2025-03-04 15:37:16,287-INFO- Applying torque value: 0.231000
2025-03-04 15:37:16,287-INFO- Elapsed Time [Secs]: 18.113880
2025-03-04 15:37:16,337-INFO- Measured Temperature [C]: 67.624075
2025-03-04 15:37:16,345-INFO- Estimated ClassA Temperature [C]: 76.696289
2025-03-04 15:37:16,347-INFO- Estimated ClassB Temperature [C]: 89.781517
2025-03-04 15:37:16,840-INFO- Set torque request detected
2025-03-04 15:37:16,840-INFO- Value to set: 0.231
2025-03-04 15:37:22,347-INFO- Applying torque value: 0.230000
2025-03-04 15:37:22,347-INFO- Elapsed Time [Secs]: 24.173904
2025-03-04 15:37:22,374-INFO- Measured Temperature [C]: 69.498241
2025-03-04 15:37:22,382-INFO- Estimated ClassA Temperature [C]: 77.656525
2025-03-04 15:37:22,383-INFO- Estimated ClassB Temperature [C]: 91.428185
2025-03-04 15:37:22,883-INFO- Set torque request detected
2025-03-04 15:37:22,883-INFO- Value to set: 0.23
2025-03-04 15:37:29,633-INFO- Set torque request detected
2025-03-04 15:37:29,633-INFO- Value to set: 0
2025-03-04 15:37:29,693-INFO- Write request detected
2025-03-04 15:37:29,693-INFO- Symbol to write: BD_Target_Speed
2025-03-04 15:37:30,884-INFO- Write request detected
2025-03-04 15:37:30,884-INFO- Symbol to write: BD_Target_Accel
2025-03-04 15:37:33,888-INFO- Write request detected
2025-03-04 15:37:33,888-INFO- Symbol to write: BD_Update_Cmd
2025-03-04 15:37:35,436-INFO- Current speed: 15384.020545
2025-03-04 15:37:35,436-INFO- Speed error: 15384.020545
2025-03-04 15:37:37,451-INFO- Current speed: 14488.398640
2025-03-04 15:37:37,452-INFO- Speed error: 14488.398640
2025-03-04 15:37:39,456-INFO- Current speed: 13281.424437
2025-03-04 15:37:39,456-INFO- Speed error: 13281.424437
2025-03-04 15:37:41,457-INFO- Current speed: 12379.468195
2025-03-04 15:37:41,457-INFO- Speed error: 12379.468195
2025-03-04 15:37:43,466-INFO- Current speed: 11454.205236
2025-03-04 15:37:43,466-INFO- Speed error: 11454.205236
2025-03-04 15:37:45,467-INFO- Current speed: 10238.033773
2025-03-04 15:37:45,467-INFO- Speed error: 10238.033773
2025-03-04 15:37:47,468-INFO- Current speed: 9359.820800
2025-03-04 15:37:47,468-INFO- Speed error: 9359.820800
2025-03-04 15:37:49,469-INFO- Current speed: 8470.947631
2025-03-04 15:37:49,469-INFO- Speed error: 8470.947631
2025-03-04 15:37:51,476-INFO- Current speed: 7279.987034
2025-03-04 15:37:51,476-INFO- Speed error: 7279.987034
2025-03-04 15:37:53,486-INFO- Current speed: 6691.780905
2025-03-04 15:37:53,486-INFO- Speed error: 6691.780905
2025-03-04 15:37:55,488-INFO- Current speed: 5281.177162
2025-03-04 15:37:55,488-INFO- Speed error: 5281.177162
2025-03-04 15:37:57,502-INFO- Current speed: 4498.093751
2025-03-04 15:37:57,502-INFO- Speed error: 4498.093751
2025-03-04 15:37:59,577-INFO- Current speed: 3550.471484
2025-03-04 15:37:59,577-INFO- Speed error: 3550.471484
2025-03-04 15:38:01,580-INFO- Current speed: 2290.283879
2025-03-04 15:38:01,580-INFO- Speed error: 2290.283879
2025-03-04 15:38:03,582-INFO- Current speed: 1393.099663
2025-03-04 15:38:03,582-INFO- Speed error: 1393.099663
2025-03-04 15:38:05,591-INFO- Current speed: 0.000000
2025-03-04 15:38:05,591-INFO- Speed error: 0.000000
2025-03-04 15:38:07,594-INFO- Stop Acquisition
2025-03-04 15:38:07,851-INFO- Termination Request
2025-03-04 15:38:08,591-INFO- Termination Request
2025-03-04 15:38:08,598-INFO- Calculated offset for syncing: 3.246798
2025-03-04 15:38:10,739-INFO- Extracting acquisition with marker value: 1
2025-03-04 15:38:10,739-WARNING- Sub-acquisition too short!
2025-03-04 15:38:10,739-INFO- Extracting acquisition with marker value: 2
2025-03-04 15:38:10,739-WARNING- Sub-acquisition too short!
2025-03-04 15:38:10,739-INFO- Extracting acquisition with marker value: 3
2025-03-04 15:38:10,739-WARNING- Sub-acquisition too short!
2025-03-04 15:38:10,749-INFO- Extracting acquisition with marker value: 4
2025-03-04 15:38:10,749-WARNING- Sub-acquisition too short!
2025-03-04 15:38:10,749-INFO- Extracting acquisition with marker value: 5
2025-03-04 15:38:10,749-WARNING- Sub-acquisition too short!
2025-03-04 15:38:10,749-INFO- STARTING STEP N.2/9
2025-03-04 15:38:10,749-INFO- TORQUE MIN: 0.23
2025-03-04 15:38:10,749-INFO- TORQUE MAX: 0.234
2025-03-04 15:38:10,749-INFO- TORQUE STEP: 0.001
2025-03-04 15:38:10,749-INFO- File name for the acquisition: ./out/PyVisaAcquisition_20250304_153810.visaacq
2025-03-04 15:38:11,757-INFO- File name for the acquisition: ./out/MasterCommanderAcquisition_20250304_153811.mcacq
2025-03-04 15:38:18,256-INFO- Write request detected
2025-03-04 15:38:18,256-INFO- Symbol to write: BD_Target_Speed
2025-03-04 15:38:18,861-INFO- Write request detected
2025-03-04 15:38:18,861-INFO- Symbol to write: BD_Target_Accel
2025-03-04 15:38:21,854-INFO- Write request detected
2025-03-04 15:38:21,854-INFO- Symbol to write: BD_Update_Cmd
2025-03-04 15:38:24,375-INFO- Set torque request detected
2025-03-04 15:38:24,375-INFO- Value to set: 0
2025-03-04 15:38:25,822-INFO- Target speed: 14000.000000
2025-03-04 15:38:26,051-INFO- Write request detected
2025-03-04 15:38:26,051-INFO- Symbol to write: BD_Target_Speed
2025-03-04 15:38:27,279-INFO- Write request detected
2025-03-04 15:38:27,279-INFO- Symbol to write: BD_Target_Accel
2025-03-04 15:38:30,299-INFO- Write request detected
2025-03-04 15:38:30,299-INFO- Symbol to write: BD_Update_Cmd
2025-03-04 15:38:31,870-INFO- Current speed: -0.062642
2025-03-04 15:38:31,870-INFO- Speed error: 14000.062642
2025-03-04 15:38:33,880-INFO- Current speed: 402.479224
2025-03-04 15:38:33,880-INFO- Speed error: 13597.520776
2025-03-04 15:38:35,885-INFO- Current speed: 1297.127454
2025-03-04 15:38:35,885-INFO- Speed error: 12702.872546
2025-03-04 15:38:37,897-INFO- Current speed: 2192.757228
2025-03-04 15:38:37,897-INFO- Speed error: 11807.242772
2025-03-04 15:38:39,907-INFO- Current speed: 3381.698275
2025-03-04 15:38:39,907-INFO- Speed error: 10618.301725
2025-03-04 15:38:41,914-INFO- Current speed: 4270.526273
2025-03-04 15:38:41,914-INFO- Speed error: 9729.473727
2025-03-04 15:38:43,928-INFO- Current speed: 5407.589938
2025-03-04 15:38:43,928-INFO- Speed error: 8592.410062
2025-03-04 15:38:45,941-INFO- Current speed: 6312.592699
2025-03-04 15:38:45,941-INFO- Speed error: 7687.407301
2025-03-04 15:38:47,948-INFO- Current speed: 7200.388774
2025-03-04 15:38:47,948-INFO- Speed error: 6799.611226
2025-03-04 15:38:49,959-INFO- Current speed: 8394.708294
2025-03-04 15:38:49,959-INFO- Speed error: 5605.291706
2025-03-04 15:38:51,969-INFO- Current speed: 9295.850304
2025-03-04 15:38:51,969-INFO- Speed error: 4704.149696
2025-03-04 15:38:53,978-INFO- Current speed: 10201.004604
2025-03-04 15:38:53,978-INFO- Speed error: 3798.995396
2025-03-04 15:38:55,983-INFO- Current speed: 11394.474339
2025-03-04 15:38:55,983-INFO- Speed error: 2605.525661
2025-03-04 15:38:57,990-INFO- Current speed: 12322.285487
2025-03-04 15:38:57,990-INFO- Speed error: 1677.714513
2025-03-04 15:38:59,995-INFO- Current speed: 13228.439363
2025-03-04 15:38:59,995-INFO- Speed error: 771.560637
2025-03-04 15:39:02,005-INFO- Current speed: 14004.091236
2025-03-04 15:39:02,005-INFO- Speed error: 4.091236
2025-03-04 15:39:04,114-INFO- Applying torque value: 0.136000
2025-03-04 15:39:04,624-INFO- Set torque request detected
2025-03-04 15:39:04,624-INFO- Value to set: 0.136
2025-03-04 15:39:05,121-INFO- Read torque: -0.137000
2025-03-04 15:39:06,126-INFO- Applying torque value: 0.160500
2025-03-04 15:39:06,238-INFO- Set torque request detected
2025-03-04 15:39:06,238-INFO- Value to set: 0.1605
2025-03-04 15:39:07,127-INFO- Read torque: -0.135000
2025-03-04 15:39:08,130-INFO- Applying torque value: 0.185000
2025-03-04 15:39:08,625-INFO- Set torque request detected
2025-03-04 15:39:08,625-INFO- Value to set: 0.185
2025-03-04 15:39:09,137-INFO- Read torque: -0.155000
2025-03-04 15:39:10,144-INFO- Applying torque value: 0.209500
2025-03-04 15:39:10,237-INFO- Set torque request detected
2025-03-04 15:39:10,237-INFO- Value to set: 0.20950000000000002
2025-03-04 15:39:11,354-INFO- Read torque: -0.186000
2025-03-04 15:39:12,356-INFO- Applying torque value: 0.234000
2025-03-04 15:39:12,626-INFO- Set torque request detected
2025-03-04 15:39:12,626-INFO- Value to set: 0.234
2025-03-04 15:39:13,363-INFO- Read torque: -0.208000
2025-03-04 15:39:14,470-INFO- Final torque reached: -0.222000
2025-03-04 15:39:14,470-INFO- Starting the measures
2025-03-04 15:39:17,472-INFO- Applying torque value: 0.234000
2025-03-04 15:39:17,472-INFO- Elapsed Time [Secs]: 0.000013
2025-03-04 15:39:17,472-INFO- Measured Temperature [C]: 70.001619
2025-03-04 15:39:17,472-INFO- Estimated ClassA Temperature [C]: 88.043213
2025-03-04 15:39:17,482-INFO- Estimated ClassB Temperature [C]: 91.655991
2025-03-04 15:39:17,915-INFO- Set torque request detected
2025-03-04 15:39:17,915-INFO- Value to set: 0.234
2025-03-04 15:39:23,491-INFO- Applying torque value: 0.233000
2025-03-04 15:39:23,491-INFO- Elapsed Time [Secs]: 6.018965
2025-03-04 15:39:23,491-INFO- Measured Temperature [C]: 72.002507
2025-03-04 15:39:23,491-INFO- Estimated ClassA Temperature [C]: 88.989380
2025-03-04 15:39:23,501-INFO- Estimated ClassB Temperature [C]: 92.596733
2025-03-04 15:39:23,914-INFO- Set torque request detected
2025-03-04 15:39:23,914-INFO- Value to set: 0.233
2025-03-04 15:39:29,502-INFO- Applying torque value: 0.232000
2025-03-04 15:39:29,502-INFO- Elapsed Time [Secs]: 12.030177
2025-03-04 15:39:29,502-INFO- Measured Temperature [C]: 73.625448
2025-03-04 15:39:29,509-INFO- Estimated ClassA Temperature [C]: 89.750824
2025-03-04 15:39:29,509-INFO- Estimated ClassB Temperature [C]: 93.495262
2025-03-04 15:39:29,711-INFO- Set torque request detected
2025-03-04 15:39:29,711-INFO- Value to set: 0.232
2025-03-04 15:39:35,516-INFO- Applying torque value: 0.231000
2025-03-04 15:39:35,516-INFO- Elapsed Time [Secs]: 18.044281
2025-03-04 15:39:35,516-INFO- Measured Temperature [C]: 75.116471
2025-03-04 15:39:35,516-INFO- Estimated ClassA Temperature [C]: 90.453278
2025-03-04 15:39:35,526-INFO- Estimated ClassB Temperature [C]: 94.352867
2025-03-04 15:39:35,696-INFO- Set torque request detected
2025-03-04 15:39:35,696-INFO- Value to set: 0.231
2025-03-04 15:39:41,534-INFO- Applying torque value: 0.230000
2025-03-04 15:39:41,534-INFO- Elapsed Time [Secs]: 24.061792
2025-03-04 15:39:41,534-INFO- Measured Temperature [C]: 76.515211
2025-03-04 15:39:41,534-INFO- Estimated ClassA Temperature [C]: 91.113831
2025-03-04 15:39:41,544-INFO- Estimated ClassB Temperature [C]: 95.174393
2025-03-04 15:39:41,741-INFO- Set torque request detected
2025-03-04 15:39:41,741-INFO- Value to set: 0.23
2025-03-04 15:39:48,626-INFO- Set torque request detected
2025-03-04 15:39:48,626-INFO- Value to set: 0
2025-03-04 15:39:48,719-INFO- Write request detected
2025-03-04 15:39:48,719-INFO- Symbol to write: BD_Target_Speed
2025-03-04 15:39:49,936-INFO- Write request detected
2025-03-04 15:39:49,936-INFO- Symbol to write: BD_Target_Accel
2025-03-04 15:39:52,951-INFO- Write request detected
2025-03-04 15:39:52,951-INFO- Symbol to write: BD_Update_Cmd
2025-03-04 15:39:54,604-INFO- Current speed: 13402.268733
2025-03-04 15:39:54,604-INFO- Speed error: 13402.268733
2025-03-04 15:39:56,644-INFO- Current speed: 12191.508384
2025-03-04 15:39:56,644-INFO- Speed error: 12191.508384
2025-03-04 15:39:58,648-INFO- Current speed: 11296.714115
2025-03-04 15:39:58,648-INFO- Speed error: 11296.714115
2025-03-04 15:40:00,648-INFO- Current speed: 10380.141341
2025-03-04 15:40:00,648-INFO- Speed error: 10380.141341
2025-03-04 15:40:02,656-INFO- Current speed: 9185.004676
2025-03-04 15:40:02,656-INFO- Speed error: 9185.004676
2025-03-04 15:40:04,664-INFO- Current speed: 8301.761186
2025-03-04 15:40:04,664-INFO- Speed error: 8301.761186
2025-03-04 15:40:06,668-INFO- Current speed: 7394.124558
2025-03-04 15:40:06,668-INFO- Speed error: 7394.124558
2025-03-04 15:40:08,675-INFO- Current speed: 6209.476149
2025-03-04 15:40:08,675-INFO- Speed error: 6209.476149
2025-03-04 15:40:10,679-INFO- Current speed: 5357.242811
2025-03-04 15:40:10,679-INFO- Speed error: 5357.242811
2025-03-04 15:40:12,689-INFO- Current speed: 4541.671159
2025-03-04 15:40:12,689-INFO- Speed error: 4541.671159
2025-03-04 15:40:14,691-INFO- Current speed: 3639.658382
2025-03-04 15:40:14,691-INFO- Speed error: 3639.658382
2025-03-04 15:40:16,699-INFO- Current speed: 2479.092455
2025-03-04 15:40:16,699-INFO- Speed error: 2479.092455
2025-03-04 15:40:18,701-INFO- Current speed: 1194.556591
2025-03-04 15:40:18,701-INFO- Speed error: 1194.556591
2025-03-04 15:40:20,709-INFO- Current speed: 307.015838
2025-03-04 15:40:20,709-INFO- Speed error: 307.015838
2025-03-04 15:40:22,772-INFO- Current speed: 0.000000
2025-03-04 15:40:22,772-INFO- Speed error: 0.000000
2025-03-04 15:40:24,836-INFO- Stop Acquisition
2025-03-04 15:40:25,341-INFO- Termination Request
2025-03-04 15:40:25,816-INFO- Termination Request
2025-03-04 15:40:25,826-INFO- Calculated offset for syncing: 0.923247
2025-03-04 15:40:27,949-INFO- Extracting acquisition with marker value: 1
2025-03-04 15:40:27,949-WARNING- Sub-acquisition too short!
2025-03-04 15:40:27,949-INFO- Extracting acquisition with marker value: 2
2025-03-04 15:40:27,949-WARNING- Sub-acquisition too short!
2025-03-04 15:40:27,959-INFO- Extracting acquisition with marker value: 3
2025-03-04 15:40:27,959-WARNING- Sub-acquisition too short!
2025-03-04 15:40:27,959-INFO- Extracting acquisition with marker value: 4
2025-03-04 15:40:27,959-WARNING- Sub-acquisition too short!
2025-03-04 15:40:27,959-INFO- Extracting acquisition with marker value: 5
2025-03-04 15:40:27,969-WARNING- Sub-acquisition too short!
2025-03-04 15:40:27,969-INFO- STARTING STEP N.3/9
2025-03-04 15:40:27,969-INFO- TORQUE MIN: 0.23
2025-03-04 15:40:27,969-INFO- TORQUE MAX: 0.234
2025-03-04 15:40:27,969-INFO- TORQUE STEP: 0.001
2025-03-04 15:40:27,969-INFO- File name for the acquisition: ./out/PyVisaAcquisition_20250304_154027.visaacq
2025-03-04 15:40:28,973-INFO- File name for the acquisition: ./out/MasterCommanderAcquisition_20250304_154028.mcacq
2025-03-04 15:40:35,514-INFO- Write request detected
2025-03-04 15:40:35,514-INFO- Symbol to write: BD_Target_Speed
2025-03-04 15:40:36,129-INFO- Write request detected
2025-03-04 15:40:36,129-INFO- Symbol to write: BD_Target_Accel
2025-03-04 15:40:39,145-INFO- Write request detected
2025-03-04 15:40:39,145-INFO- Symbol to write: BD_Update_Cmd
2025-03-04 15:40:41,679-INFO- Set torque request detected
2025-03-04 15:40:41,679-INFO- Value to set: 0
2025-03-04 15:40:43,053-INFO- Target speed: 12000.000000
2025-03-04 15:40:43,345-INFO- Write request detected
2025-03-04 15:40:43,345-INFO- Symbol to write: BD_Target_Speed
2025-03-04 15:40:44,542-INFO- Write request detected
2025-03-04 15:40:44,542-INFO- Symbol to write: BD_Target_Accel
2025-03-04 15:40:47,546-INFO- Write request detected
2025-03-04 15:40:47,546-INFO- Symbol to write: BD_Update_Cmd
2025-03-04 15:40:49,073-INFO- Current speed: 0.258932
2025-03-04 15:40:49,073-INFO- Speed error: 11999.741068
2025-03-04 15:40:51,116-INFO- Current speed: 393.663144
2025-03-04 15:40:51,116-INFO- Speed error: 11606.336856
2025-03-04 15:40:53,118-INFO- Current speed: 1265.184609
2025-03-04 15:40:53,118-INFO- Speed error: 10734.815391
2025-03-04 15:40:55,127-INFO- Current speed: 2154.121016
2025-03-04 15:40:55,127-INFO- Speed error: 9845.878984
2025-03-04 15:40:57,128-INFO- Current speed: 3345.383962
2025-03-04 15:40:57,128-INFO- Speed error: 8654.616038
2025-03-04 15:40:59,130-INFO- Current speed: 4229.861331
2025-03-04 15:40:59,130-INFO- Speed error: 7770.138669
2025-03-04 15:41:01,136-INFO- Current speed: 5378.381937
2025-03-04 15:41:01,136-INFO- Speed error: 6621.618063
2025-03-04 15:41:03,139-INFO- Current speed: 6267.470175
2025-03-04 15:41:03,139-INFO- Speed error: 5732.529825
2025-03-04 15:41:05,146-INFO- Current speed: 7160.327074
2025-03-04 15:41:05,146-INFO- Speed error: 4839.672926
2025-03-04 15:41:07,156-INFO- Current speed: 8354.857583
2025-03-04 15:41:07,156-INFO- Speed error: 3645.142417
2025-03-04 15:41:09,158-INFO- Current speed: 9240.454592
2025-03-04 15:41:09,158-INFO- Speed error: 2759.545408
2025-03-04 15:41:11,161-INFO- Current speed: 10161.569459
2025-03-04 15:41:11,161-INFO- Speed error: 1838.430541
2025-03-04 15:41:13,166-INFO- Current speed: 11350.020918
2025-03-04 15:41:13,166-INFO- Speed error: 649.979082
2025-03-04 15:41:15,168-INFO- Current speed: 12008.588996
2025-03-04 15:41:15,168-INFO- Speed error: 8.588996
2025-03-04 15:41:17,174-INFO- Applying torque value: 0.110000
2025-03-04 15:41:17,354-INFO- Set torque request detected
2025-03-04 15:41:17,354-INFO- Value to set: 0.11
2025-03-04 15:41:18,178-INFO- Read torque: -0.110000
2025-03-04 15:41:19,181-INFO- Applying torque value: 0.141000
2025-03-04 15:41:19,670-INFO- Set torque request detected
2025-03-04 15:41:19,670-INFO- Value to set: 0.14100000000000001
2025-03-04 15:41:20,181-INFO- Read torque: -0.110000
2025-03-04 15:41:21,233-INFO- Applying torque value: 0.172000
2025-03-04 15:41:21,263-INFO- Set torque request detected
2025-03-04 15:41:21,263-INFO- Value to set: 0.17200000000000001
2025-03-04 15:41:22,353-INFO- Read torque: -0.144000
2025-03-04 15:41:23,365-INFO- Applying torque value: 0.203000
2025-03-04 15:41:23,629-INFO- Set torque request detected
2025-03-04 15:41:23,629-INFO- Value to set: 0.203
2025-03-04 15:41:24,367-INFO- Read torque: -0.163000
2025-03-04 15:41:25,453-INFO- Applying torque value: 0.234000
2025-03-04 15:41:25,953-INFO- Set torque request detected
2025-03-04 15:41:25,953-INFO- Value to set: 0.234
2025-03-04 15:41:26,456-INFO- Read torque: -0.205000
2025-03-04 15:41:27,462-INFO- Final torque reached: -0.220000
2025-03-04 15:41:27,462-INFO- Starting the measures
2025-03-04 15:41:30,463-INFO- Applying torque value: 0.234000
2025-03-04 15:41:30,463-INFO- Elapsed Time [Secs]: 0.000013
2025-03-04 15:41:30,463-INFO- Measured Temperature [C]: 73.277350
2025-03-04 15:41:30,463-INFO- Estimated ClassA Temperature [C]: 86.874817
2025-03-04 15:41:30,473-INFO- Estimated ClassB Temperature [C]: 90.189629
2025-03-04 15:41:30,524-INFO- Set torque request detected
2025-03-04 15:41:30,524-INFO- Value to set: 0.234
2025-03-04 15:41:36,473-INFO- Applying torque value: 0.233000
2025-03-04 15:41:36,473-INFO- Elapsed Time [Secs]: 6.010232
2025-03-04 15:41:36,473-INFO- Measured Temperature [C]: 74.906652
2025-03-04 15:41:36,473-INFO- Estimated ClassA Temperature [C]: 87.541168
2025-03-04 15:41:36,483-INFO- Estimated ClassB Temperature [C]: 90.551048
2025-03-04 15:41:36,631-INFO- Set torque request detected
2025-03-04 15:41:36,631-INFO- Value to set: 0.233
2025-03-04 15:41:42,493-INFO- Applying torque value: 0.232000
2025-03-04 15:41:42,493-INFO- Elapsed Time [Secs]: 12.029401
2025-03-04 15:41:42,493-INFO- Measured Temperature [C]: 76.306327
2025-03-04 15:41:42,493-INFO- Estimated ClassA Temperature [C]: 88.026520
2025-03-04 15:41:42,503-INFO- Estimated ClassB Temperature [C]: 90.884293
2025-03-04 15:41:42,640-INFO- Set torque request detected
2025-03-04 15:41:42,640-INFO- Value to set: 0.232
2025-03-04 15:41:48,506-INFO- Applying torque value: 0.231000
2025-03-04 15:41:48,506-INFO- Elapsed Time [Secs]: 18.042403
2025-03-04 15:41:48,683-INFO- Measured Temperature [C]: 77.619020
2025-03-04 15:41:48,693-INFO- Estimated ClassA Temperature [C]: 88.515076
2025-03-04 15:41:48,693-INFO- Estimated ClassB Temperature [C]: 91.194534
2025-03-04 15:41:49,193-INFO- Set torque request detected
2025-03-04 15:41:49,193-INFO- Value to set: 0.231
2025-03-04 15:41:54,703-INFO- Applying torque value: 0.230000
2025-03-04 15:41:54,703-INFO- Elapsed Time [Secs]: 24.239177
2025-03-04 15:41:54,703-INFO- Measured Temperature [C]: 78.701716
2025-03-04 15:41:54,703-INFO- Estimated ClassA Temperature [C]: 88.949646
2025-03-04 15:41:54,712-INFO- Estimated ClassB Temperature [C]: 91.513153
2025-03-04 15:41:55,163-INFO- Set torque request detected
2025-03-04 15:41:55,163-INFO- Value to set: 0.23
2025-03-04 15:42:01,786-INFO- Write request detected
2025-03-04 15:42:01,786-INFO- Symbol to write: BD_Target_Speed
2025-03-04 15:42:01,891-INFO- Set torque request detected
2025-03-04 15:42:01,891-INFO- Value to set: 0
2025-03-04 15:42:02,984-INFO- Write request detected
2025-03-04 15:42:02,984-INFO- Symbol to write: BD_Target_Accel
2025-03-04 15:42:05,975-INFO- Write request detected
2025-03-04 15:42:05,975-INFO- Symbol to write: BD_Update_Cmd
2025-03-04 15:42:07,860-INFO- Current speed: 11129.057049
2025-03-04 15:42:07,860-INFO- Speed error: 11129.057049
2025-03-04 15:42:09,870-INFO- Current speed: 10227.663834
2025-03-04 15:42:09,870-INFO- Speed error: 10227.663834
2025-03-04 15:42:11,881-INFO- Current speed: 9301.336021
2025-03-04 15:42:11,881-INFO- Speed error: 9301.336021
2025-03-04 15:42:13,890-INFO- Current speed: 8120.335042
2025-03-04 15:42:13,890-INFO- Speed error: 8120.335042
2025-03-04 15:42:15,894-INFO- Current speed: 7234.123133
2025-03-04 15:42:15,894-INFO- Speed error: 7234.123133
2025-03-04 15:42:17,898-INFO- Current speed: 6347.684499
2025-03-04 15:42:17,898-INFO- Speed error: 6347.684499
2025-03-04 15:42:19,902-INFO- Current speed: 5220.852931
2025-03-04 15:42:19,902-INFO- Speed error: 5220.852931
2025-03-04 15:42:21,909-INFO- Current speed: 4481.965616
2025-03-04 15:42:21,909-INFO- Speed error: 4481.965616
2025-03-04 15:42:23,972-INFO- Current speed: 3579.647430
2025-03-04 15:42:23,972-INFO- Speed error: 3579.647430
2025-03-04 15:42:25,975-INFO- Current speed: 2717.580950
2025-03-04 15:42:25,975-INFO- Speed error: 2717.580950
2025-03-04 15:42:27,983-INFO- Current speed: 1299.867107
2025-03-04 15:42:27,983-INFO- Speed error: 1299.867107
2025-03-04 15:42:29,986-INFO- Current speed: 0.000000
2025-03-04 15:42:29,986-INFO- Speed error: 0.000000
2025-03-04 15:42:31,986-INFO- Stop Acquisition
2025-03-04 15:42:32,362-INFO- Termination Request
2025-03-04 15:42:32,785-INFO- Termination Request
2025-03-04 15:42:32,795-INFO- Calculated offset for syncing: 0.884145
2025-03-04 15:42:34,921-INFO- Extracting acquisition with marker value: 1
2025-03-04 15:42:34,921-WARNING- Sub-acquisition too short!
2025-03-04 15:42:34,921-INFO- Extracting acquisition with marker value: 2
2025-03-04 15:42:34,921-WARNING- Sub-acquisition too short!
2025-03-04 15:42:34,931-INFO- Extracting acquisition with marker value: 3
2025-03-04 15:42:34,931-WARNING- Sub-acquisition too short!
2025-03-04 15:42:34,931-INFO- Extracting acquisition with marker value: 4
2025-03-04 15:42:34,931-WARNING- Sub-acquisition too short!
2025-03-04 15:42:34,931-INFO- Extracting acquisition with marker value: 5
2025-03-04 15:42:34,931-WARNING- Sub-acquisition too short!
2025-03-04 15:42:34,941-INFO- STARTING STEP N.4/9
2025-03-04 15:42:34,941-INFO- TORQUE MIN: 0.23
2025-03-04 15:42:34,941-INFO- TORQUE MAX: 0.234
2025-03-04 15:42:34,941-INFO- TORQUE STEP: 0.001
2025-03-04 15:42:34,941-INFO- File name for the acquisition: ./out/PyVisaAcquisition_20250304_154234.visaacq
2025-03-04 15:42:35,942-INFO- File name for the acquisition: ./out/MasterCommanderAcquisition_20250304_154235.mcacq
2025-03-04 15:42:42,433-INFO- Write request detected
2025-03-04 15:42:42,433-INFO- Symbol to write: BD_Target_Speed
2025-03-04 15:42:43,056-INFO- Write request detected
2025-03-04 15:42:43,056-INFO- Symbol to write: BD_Target_Accel
2025-03-04 15:42:46,036-INFO- Write request detected
2025-03-04 15:42:46,036-INFO- Symbol to write: BD_Update_Cmd
2025-03-04 15:42:48,668-INFO- Set torque request detected
2025-03-04 15:42:48,668-INFO- Value to set: 0
2025-03-04 15:42:50,016-INFO- Target speed: 10000.000000
2025-03-04 15:42:50,241-INFO- Write request detected
2025-03-04 15:42:50,241-INFO- Symbol to write: BD_Target_Speed
2025-03-04 15:42:51,454-INFO- Write request detected
2025-03-04 15:42:51,454-INFO- Symbol to write: BD_Target_Accel
2025-03-04 15:42:54,430-INFO- Write request detected
2025-03-04 15:42:54,430-INFO- Symbol to write: BD_Update_Cmd
2025-03-04 15:42:55,053-WARNING- Read request error: Request error:  Checksum error
2025-03-04 15:42:55,053-WARNING- Discarding the packet
2025-03-04 15:42:56,048-INFO- Current speed: -0.089915
2025-03-04 15:42:56,048-INFO- Speed error: 10000.089915
2025-03-04 15:42:58,048-INFO- Current speed: 400.687420
2025-03-04 15:42:58,048-INFO- Speed error: 9599.312580
2025-03-04 15:43:00,057-INFO- Current speed: 1276.687886
2025-03-04 15:43:00,057-INFO- Speed error: 8723.312114
2025-03-04 15:43:02,108-INFO- Current speed: 2460.591276
2025-03-04 15:43:02,108-INFO- Speed error: 7539.408724
2025-03-04 15:43:04,116-INFO- Current speed: 3357.766458
2025-03-04 15:43:04,116-INFO- Speed error: 6642.233542
2025-03-04 15:43:06,117-INFO- Current speed: 4246.518978
2025-03-04 15:43:06,117-INFO- Speed error: 5753.481022
2025-03-04 15:43:08,119-INFO- Current speed: 5413.970319
2025-03-04 15:43:08,119-INFO- Speed error: 4586.029681
2025-03-04 15:43:10,132-INFO- Current speed: 6314.408254
2025-03-04 15:43:10,132-INFO- Speed error: 3685.591746
2025-03-04 15:43:12,236-INFO- Current speed: 7511.179794
2025-03-04 15:43:12,236-INFO- Speed error: 2488.820206
2025-03-04 15:43:14,244-INFO- Current speed: 8408.101439
2025-03-04 15:43:14,244-INFO- Speed error: 1591.898561
2025-03-04 15:43:16,247-INFO- Current speed: 9296.327652
2025-03-04 15:43:16,247-INFO- Speed error: 703.672348
2025-03-04 15:43:18,257-INFO- Current speed: 10022.304999
2025-03-04 15:43:18,257-INFO- Speed error: 22.304999
2025-03-04 15:43:20,264-INFO- Applying torque value: 0.098000
2025-03-04 15:43:20,621-INFO- Set torque request detected
2025-03-04 15:43:20,621-INFO- Value to set: 0.098
2025-03-04 15:43:21,266-INFO- Read torque: -0.098000
2025-03-04 15:43:22,267-INFO- Applying torque value: 0.132000
2025-03-04 15:43:22,952-INFO- Set torque request detected
2025-03-04 15:43:22,952-INFO- Value to set: 0.132
2025-03-04 15:43:23,326-INFO- Read torque: -0.096000
2025-03-04 15:43:24,340-INFO- Applying torque value: 0.166000
2025-03-04 15:43:24,608-INFO- Set torque request detected
2025-03-04 15:43:24,608-INFO- Value to set: 0.166
2025-03-04 15:43:25,348-INFO- Read torque: -0.110000
2025-03-04 15:43:26,402-INFO- Applying torque value: 0.200000
2025-03-04 15:43:26,932-INFO- Set torque request detected
2025-03-04 15:43:26,932-INFO- Value to set: 0.2
2025-03-04 15:43:27,411-INFO- Read torque: -0.157000
2025-03-04 15:43:28,413-INFO- Applying torque value: 0.234000
2025-03-04 15:43:28,505-INFO- Set torque request detected
2025-03-04 15:43:28,505-INFO- Value to set: 0.234
2025-03-04 15:43:29,608-INFO- Read torque: -0.217000
2025-03-04 15:43:30,626-INFO- Final torque reached: -0.222000
2025-03-04 15:43:30,626-INFO- Starting the measures
2025-03-04 15:43:33,632-INFO- Applying torque value: 0.234000
2025-03-04 15:43:33,632-INFO- Elapsed Time [Secs]: 0.000008
2025-03-04 15:43:33,632-INFO- Measured Temperature [C]: 74.316749
2025-03-04 15:43:33,632-INFO- Estimated ClassA Temperature [C]: 91.340637
2025-03-04 15:43:33,642-INFO- Estimated ClassB Temperature [C]: 85.458313
2025-03-04 15:43:33,851-INFO- Set torque request detected
2025-03-04 15:43:33,851-INFO- Value to set: 0.234
2025-03-04 15:43:39,648-INFO- Applying torque value: 0.233000
2025-03-04 15:43:39,648-INFO- Elapsed Time [Secs]: 6.016118
2025-03-04 15:43:39,648-INFO- Measured Temperature [C]: 75.481291
2025-03-04 15:43:39,648-INFO- Estimated ClassA Temperature [C]: 91.843445
2025-03-04 15:43:39,658-INFO- Estimated ClassB Temperature [C]: 85.374214
2025-03-04 15:43:39,871-INFO- Set torque request detected
2025-03-04 15:43:39,871-INFO- Value to set: 0.233
2025-03-04 15:43:45,662-INFO- Applying torque value: 0.232000
2025-03-04 15:43:45,662-INFO- Elapsed Time [Secs]: 12.029854
2025-03-04 15:43:45,662-INFO- Measured Temperature [C]: 76.512666
2025-03-04 15:43:45,662-INFO- Estimated ClassA Temperature [C]: 92.158936
2025-03-04 15:43:45,672-INFO- Estimated ClassB Temperature [C]: 85.288483
2025-03-04 15:43:45,911-INFO- Set torque request detected
2025-03-04 15:43:45,911-INFO- Value to set: 0.232
2025-03-04 15:43:51,678-INFO- Applying torque value: 0.231000
2025-03-04 15:43:51,678-INFO- Elapsed Time [Secs]: 18.045786
2025-03-04 15:43:51,678-INFO- Measured Temperature [C]: 77.315476
2025-03-04 15:43:51,678-INFO- Estimated ClassA Temperature [C]: 92.459808
2025-03-04 15:43:51,688-INFO- Estimated ClassB Temperature [C]: 85.205170
2025-03-04 15:43:51,726-INFO- Set torque request detected
2025-03-04 15:43:51,726-INFO- Value to set: 0.231
2025-03-04 15:43:57,693-INFO- Applying torque value: 0.230000
2025-03-04 15:43:57,693-INFO- Elapsed Time [Secs]: 24.060820
2025-03-04 15:43:57,693-INFO- Measured Temperature [C]: 78.195822
2025-03-04 15:43:57,693-INFO- Estimated ClassA Temperature [C]: 92.724670
2025-03-04 15:43:57,703-INFO- Estimated ClassB Temperature [C]: 85.128189
2025-03-04 15:43:57,849-INFO- Set torque request detected
2025-03-04 15:43:57,849-INFO- Value to set: 0.23
2025-03-04 15:44:05,255-INFO- Write request detected
2025-03-04 15:44:05,255-INFO- Symbol to write: BD_Target_Speed
2025-03-04 15:44:05,348-INFO- Set torque request detected
2025-03-04 15:44:05,348-INFO- Value to set: 0
2025-03-04 15:44:05,858-INFO- Write request detected
2025-03-04 15:44:05,858-INFO- Symbol to write: BD_Target_Accel
2025-03-04 15:44:09,379-INFO- Write request detected
2025-03-04 15:44:09,379-INFO- Symbol to write: BD_Update_Cmd
2025-03-04 15:44:10,891-INFO- Current speed: 9394.498198
2025-03-04 15:44:10,891-INFO- Speed error: 9394.498198
2025-03-04 15:44:12,896-INFO- Current speed: 8516.430935
2025-03-04 15:44:12,903-INFO- Speed error: 8516.430935
2025-03-04 15:44:14,912-INFO- Current speed: 7336.443520
2025-03-04 15:44:14,912-INFO- Speed error: 7336.443520
2025-03-04 15:44:16,918-INFO- Current speed: 6450.458920
2025-03-04 15:44:16,918-INFO- Speed error: 6450.458920
2025-03-04 15:44:18,963-INFO- Current speed: 5359.627804
2025-03-04 15:44:18,963-INFO- Speed error: 5359.627804
2025-03-04 15:44:20,975-INFO- Current speed: 4646.881863
2025-03-04 15:44:20,975-INFO- Speed error: 4646.881863
2025-03-04 15:44:22,982-INFO- Current speed: 3981.498313
2025-03-04 15:44:22,982-INFO- Speed error: 3981.498313
2025-03-04 15:44:24,990-INFO- Current speed: 3037.568355
2025-03-04 15:44:24,990-INFO- Speed error: 3037.568355
2025-03-04 15:44:26,993-INFO- Current speed: 1666.649650
2025-03-04 15:44:26,993-INFO- Speed error: 1666.649650
2025-03-04 15:44:29,036-INFO- Current speed: 217.516481
2025-03-04 15:44:29,036-INFO- Speed error: 217.516481
2025-03-04 15:44:31,038-INFO- Current speed: 0.000000
2025-03-04 15:44:31,038-INFO- Speed error: 0.000000
2025-03-04 15:44:33,106-INFO- Stop Acquisition
2025-03-04 15:44:33,608-INFO- Termination Request
2025-03-04 15:44:33,851-INFO- Termination Request
2025-03-04 15:44:33,861-INFO- Calculated offset for syncing: 0.420267
2025-03-04 15:44:35,975-INFO- Extracting acquisition with marker value: 1
2025-03-04 15:44:35,975-WARNING- Sub-acquisition too short!
2025-03-04 15:44:35,975-INFO- Extracting acquisition with marker value: 2
2025-03-04 15:44:35,975-WARNING- Sub-acquisition too short!
2025-03-04 15:44:35,984-INFO- Extracting acquisition with marker value: 3
2025-03-04 15:44:35,984-WARNING- Sub-acquisition too short!
2025-03-04 15:44:35,984-INFO- Extracting acquisition with marker value: 4
2025-03-04 15:44:35,984-INFO- Extracting acquisition with marker value: 5
2025-03-04 15:44:35,994-WARNING- Sub-acquisition too short!
2025-03-04 15:44:35,994-INFO- STARTING STEP N.5/9
2025-03-04 15:44:35,994-INFO- TORQUE MIN: 0.23
2025-03-04 15:44:35,994-INFO- TORQUE MAX: 0.234
2025-03-04 15:44:35,994-INFO- TORQUE STEP: 0.001
2025-03-04 15:44:35,994-INFO- File name for the acquisition: ./out/PyVisaAcquisition_20250304_154435.visaacq
2025-03-04 15:44:36,995-INFO- File name for the acquisition: ./out/MasterCommanderAcquisition_20250304_154436.mcacq
2025-03-04 15:44:43,524-INFO- Write request detected
2025-03-04 15:44:43,524-INFO- Symbol to write: BD_Target_Speed
2025-03-04 15:44:44,141-INFO- Write request detected
2025-03-04 15:44:44,141-INFO- Symbol to write: BD_Target_Accel
2025-03-04 15:44:47,130-INFO- Write request detected
2025-03-04 15:44:47,130-INFO- Symbol to write: BD_Update_Cmd
2025-03-04 15:44:49,703-INFO- Set torque request detected
2025-03-04 15:44:49,703-INFO- Value to set: 0
2025-03-04 15:44:51,067-INFO- Target speed: 8000.000000
2025-03-04 15:44:51,326-INFO- Write request detected
2025-03-04 15:44:51,326-INFO- Symbol to write: BD_Target_Speed
2025-03-04 15:44:52,523-INFO- Write request detected
2025-03-04 15:44:52,524-INFO- Symbol to write: BD_Target_Accel
2025-03-04 15:44:55,506-INFO- Write request detected
2025-03-04 15:44:55,506-INFO- Symbol to write: BD_Update_Cmd
2025-03-04 15:44:55,578-WARNING- Read request error: Request error:  Checksum error
2025-03-04 15:44:55,578-WARNING- Discarding the packet
2025-03-04 15:44:57,096-INFO- Current speed: 0.795637
2025-03-04 15:44:57,096-INFO- Speed error: 7999.204363
2025-03-04 15:44:59,099-INFO- Current speed: 397.229122
2025-03-04 15:44:59,099-INFO- Speed error: 7602.770878
2025-03-04 15:45:01,101-INFO- Current speed: 1294.747562
2025-03-04 15:45:01,101-INFO- Speed error: 6705.252438
2025-03-04 15:45:03,108-INFO- Current speed: 2179.630151
2025-03-04 15:45:03,108-INFO- Speed error: 5820.369849
2025-03-04 15:45:05,111-INFO- Current speed: 3373.807166
2025-03-04 15:45:05,111-INFO- Speed error: 4626.192834
2025-03-04 15:45:07,121-INFO- Current speed: 4258.043820
2025-03-04 15:45:07,121-INFO- Speed error: 3741.956180
2025-03-04 15:45:09,132-INFO- Current speed: 5409.357701
2025-03-04 15:45:09,132-INFO- Speed error: 2590.642299
2025-03-04 15:45:11,142-INFO- Current speed: 6294.914494
2025-03-04 15:45:11,142-INFO- Speed error: 1705.085506
2025-03-04 15:45:13,151-INFO- Current speed: 7172.993997
2025-03-04 15:45:13,151-INFO- Speed error: 827.006003
2025-03-04 15:45:15,161-INFO- Current speed: 8010.420796
2025-03-04 15:45:15,161-INFO- Speed error: 10.420796
2025-03-04 15:45:17,335-INFO- Applying torque value: 0.066000
2025-03-04 15:45:17,838-INFO- Set torque request detected
2025-03-04 15:45:17,838-INFO- Value to set: 0.066
2025-03-04 15:45:18,338-INFO- Read torque: -0.066000
2025-03-04 15:45:19,347-INFO- Applying torque value: 0.108000
2025-03-04 15:45:19,407-INFO- Set torque request detected
2025-03-04 15:45:19,407-INFO- Value to set: 0.10800000000000001
2025-03-04 15:45:20,474-INFO- Read torque: -0.078000
2025-03-04 15:45:21,483-INFO- Applying torque value: 0.150000
2025-03-04 15:45:21,701-INFO- Set torque request detected
2025-03-04 15:45:21,701-INFO- Value to set: 0.15000000000000002
2025-03-04 15:45:22,485-INFO- Read torque: -0.096000
2025-03-04 15:45:23,495-INFO- Applying torque value: 0.192000
2025-03-04 15:45:24,013-INFO- Set torque request detected
2025-03-04 15:45:24,013-INFO- Value to set: 0.192
2025-03-04 15:45:24,496-INFO- Read torque: -0.135000
2025-03-04 15:45:25,504-INFO- Applying torque value: 0.234000
2025-03-04 15:45:25,620-INFO- Set torque request detected
2025-03-04 15:45:25,620-INFO- Value to set: 0.234
2025-03-04 15:45:26,694-INFO- Read torque: -0.213000
2025-03-04 15:45:27,711-INFO- Final torque reached: -0.221000
2025-03-04 15:45:27,711-INFO- Starting the measures
2025-03-04 15:45:29,392-WARNING- Read request error: Request error:  Checksum error
2025-03-04 15:45:29,392-WARNING- Discarding the packet
2025-03-04 15:45:30,726-INFO- Applying torque value: 0.234000
2025-03-04 15:45:30,726-INFO- Elapsed Time [Secs]: 0.000015
2025-03-04 15:45:30,726-INFO- Measured Temperature [C]: 73.220414
2025-03-04 15:45:30,726-INFO- Estimated ClassA Temperature [C]: 90.247620
2025-03-04 15:45:30,736-INFO- Estimated ClassB Temperature [C]: 78.941162
2025-03-04 15:45:30,863-INFO- Set torque request detected
2025-03-04 15:45:30,863-INFO- Value to set: 0.234
2025-03-04 15:45:36,736-INFO- Applying torque value: 0.233000
2025-03-04 15:45:36,736-INFO- Elapsed Time [Secs]: 6.009878
2025-03-04 15:45:36,736-INFO- Measured Temperature [C]: 73.782267
2025-03-04 15:45:36,736-INFO- Estimated ClassA Temperature [C]: 90.527618
2025-03-04 15:45:36,745-INFO- Estimated ClassB Temperature [C]: 78.491600
2025-03-04 15:45:36,846-INFO- Set torque request detected
2025-03-04 15:45:36,846-INFO- Value to set: 0.233
2025-03-04 15:45:42,752-INFO- Applying torque value: 0.232000
2025-03-04 15:45:42,752-INFO- Elapsed Time [Secs]: 12.026461
2025-03-04 15:45:42,752-INFO- Measured Temperature [C]: 74.351441
2025-03-04 15:45:42,752-INFO- Estimated ClassA Temperature [C]: 90.671844
2025-03-04 15:45:42,762-INFO- Estimated ClassB Temperature [C]: 78.055763
2025-03-04 15:45:42,882-INFO- Set torque request detected
2025-03-04 15:45:42,882-INFO- Value to set: 0.232
2025-03-04 15:45:48,766-INFO- Applying torque value: 0.231000
2025-03-04 15:45:48,766-INFO- Elapsed Time [Secs]: 18.040108
2025-03-04 15:45:48,766-INFO- Measured Temperature [C]: 74.790124
2025-03-04 15:45:48,766-INFO- Estimated ClassA Temperature [C]: 90.774750
2025-03-04 15:45:48,776-INFO- Estimated ClassB Temperature [C]: 77.630417
2025-03-04 15:45:48,926-INFO- Set torque request detected
2025-03-04 15:45:48,926-INFO- Value to set: 0.231
2025-03-04 15:45:54,777-INFO- Applying torque value: 0.230000
2025-03-04 15:45:54,777-INFO- Elapsed Time [Secs]: 24.051217
2025-03-04 15:45:54,943-INFO- Measured Temperature [C]: 75.207007
2025-03-04 15:45:54,993-INFO- Estimated ClassA Temperature [C]: 90.865814
2025-03-04 15:45:55,003-INFO- Estimated ClassB Temperature [C]: 77.153534
2025-03-04 15:45:55,454-INFO- Set torque request detected
2025-03-04 15:45:55,454-INFO- Value to set: 0.23
2025-03-04 15:46:02,350-INFO- Set torque request detected
2025-03-04 15:46:02,350-INFO- Value to set: 0
2025-03-04 15:46:02,599-INFO- Write request detected
2025-03-04 15:46:02,599-INFO- Symbol to write: BD_Target_Speed
2025-03-04 15:46:03,215-INFO- Write request detected
2025-03-04 15:46:03,215-INFO- Symbol to write: BD_Target_Accel
2025-03-04 15:46:06,212-INFO- Write request detected
2025-03-04 15:46:06,212-INFO- Symbol to write: BD_Update_Cmd
2025-03-04 15:46:08,151-INFO- Current speed: 7086.909862
2025-03-04 15:46:08,151-INFO- Speed error: 7086.909862
2025-03-04 15:46:10,163-INFO- Current speed: 6263.161218
2025-03-04 15:46:10,163-INFO- Speed error: 6263.161218
2025-03-04 15:46:12,193-INFO- Current speed: 5194.543989
2025-03-04 15:46:12,193-INFO- Speed error: 5194.543989
2025-03-04 15:46:12,775-WARNING- Read request error: Request error:  Checksum error
2025-03-04 15:46:12,775-WARNING- Discarding the packet
2025-03-04 15:46:14,195-INFO- Current speed: 4484.153025
2025-03-04 15:46:14,195-INFO- Speed error: 4484.153025
2025-03-04 15:46:16,207-INFO- Current speed: 3826.657086
2025-03-04 15:46:16,207-INFO- Speed error: 3826.657086
2025-03-04 15:46:18,212-INFO- Current speed: 2844.821947
2025-03-04 15:46:18,212-INFO- Speed error: 2844.821947
2025-03-04 15:46:20,214-INFO- Current speed: 1393.405510
2025-03-04 15:46:20,214-INFO- Speed error: 1393.405510
2025-03-04 15:46:22,307-INFO- Current speed: 0.000000
2025-03-04 15:46:22,307-INFO- Speed error: 0.000000
2025-03-04 15:46:24,329-INFO- Stop Acquisition
2025-03-04 15:46:24,829-INFO- Termination Request
2025-03-04 15:46:25,305-INFO- Termination Request
2025-03-04 15:46:25,305-INFO- Calculated offset for syncing: 0.921363
2025-03-04 15:46:27,442-INFO- Extracting acquisition with marker value: 1
2025-03-04 15:46:27,443-WARNING- Sub-acquisition too short!
2025-03-04 15:46:27,443-INFO- Extracting acquisition with marker value: 2
2025-03-04 15:46:27,443-WARNING- Sub-acquisition too short!
2025-03-04 15:46:27,443-INFO- Extracting acquisition with marker value: 3
2025-03-04 15:46:27,454-WARNING- Sub-acquisition too short!
2025-03-04 15:46:27,454-INFO- Extracting acquisition with marker value: 4
2025-03-04 15:46:27,454-WARNING- Sub-acquisition too short!
2025-03-04 15:46:27,454-INFO- Extracting acquisition with marker value: 5
2025-03-04 15:46:27,454-WARNING- Sub-acquisition too short!
2025-03-04 15:46:27,454-INFO- STARTING STEP N.6/9
2025-03-04 15:46:27,454-INFO- TORQUE MIN: 0.23
2025-03-04 15:46:27,454-INFO- TORQUE MAX: 0.234
2025-03-04 15:46:27,454-INFO- TORQUE STEP: 0.001
2025-03-04 15:46:27,454-INFO- File name for the acquisition: ./out/PyVisaAcquisition_20250304_154627.visaacq
2025-03-04 15:46:28,465-INFO- File name for the acquisition: ./out/MasterCommanderAcquisition_20250304_154628.mcacq
2025-03-04 15:46:34,976-INFO- Write request detected
2025-03-04 15:46:34,976-INFO- Symbol to write: BD_Target_Speed
2025-03-04 15:46:35,598-INFO- Write request detected
2025-03-04 15:46:35,598-INFO- Symbol to write: BD_Target_Accel
2025-03-04 15:46:38,601-INFO- Write request detected
2025-03-04 15:46:38,601-INFO- Symbol to write: BD_Update_Cmd
2025-03-04 15:46:41,194-INFO- Set torque request detected
2025-03-04 15:46:41,194-INFO- Value to set: 0
2025-03-04 15:46:42,560-INFO- Target speed: 6000.000000
2025-03-04 15:46:42,807-INFO- Write request detected
2025-03-04 15:46:42,807-INFO- Symbol to write: BD_Target_Speed
2025-03-04 15:46:44,007-INFO- Write request detected
2025-03-04 15:46:44,007-INFO- Symbol to write: BD_Target_Accel
2025-03-04 15:46:47,046-INFO- Write request detected
2025-03-04 15:46:47,046-INFO- Symbol to write: BD_Update_Cmd
2025-03-04 15:46:47,136-WARNING- Read request error: Request error:  Checksum error
2025-03-04 15:46:47,136-WARNING- Discarding the packet
2025-03-04 15:46:47,679-WARNING- Read request error: Request error:  Checksum error
2025-03-04 15:46:47,679-WARNING- Discarding the packet
2025-03-04 15:46:48,611-INFO- Current speed: 0.216800
2025-03-04 15:46:48,611-INFO- Speed error: 5999.783200
2025-03-04 15:46:49,972-WARNING- Read request error: Request error:  Checksum error
2025-03-04 15:46:49,972-WARNING- Discarding the packet
2025-03-04 15:46:50,611-INFO- Current speed: 395.939072
2025-03-04 15:46:50,611-INFO- Speed error: 5604.060928
2025-03-04 15:46:52,618-INFO- Current speed: 1284.405162
2025-03-04 15:46:52,618-INFO- Speed error: 4715.594838
2025-03-04 15:46:54,620-INFO- Current speed: 2179.379092
2025-03-04 15:46:54,620-INFO- Speed error: 3820.620908
2025-03-04 15:46:56,621-INFO- Current speed: 3378.076490
2025-03-04 15:46:56,621-INFO- Speed error: 2621.923510
2025-03-04 15:46:58,628-INFO- Current speed: 4273.040949
2025-03-04 15:46:58,628-INFO- Speed error: 1726.959051
2025-03-04 15:47:00,640-INFO- Current speed: 5161.282899
2025-03-04 15:47:00,640-INFO- Speed error: 838.717101
2025-03-04 15:47:02,641-INFO- Current speed: 6004.695494
2025-03-04 15:47:02,641-INFO- Speed error: 4.695494
2025-03-04 15:47:04,650-INFO- Applying torque value: 0.056000
2025-03-04 15:47:05,110-INFO- Set torque request detected
2025-03-04 15:47:05,110-INFO- Value to set: 0.056
2025-03-04 15:47:05,841-INFO- Read torque: -0.056000
2025-03-04 15:47:06,851-INFO- Applying torque value: 0.100500
2025-03-04 15:47:07,110-INFO- Set torque request detected
2025-03-04 15:47:07,110-INFO- Value to set: 0.1005
2025-03-04 15:47:07,858-INFO- Read torque: -0.056000
2025-03-04 15:47:08,860-INFO- Applying torque value: 0.145000
2025-03-04 15:47:09,439-INFO- Set torque request detected
2025-03-04 15:47:09,439-INFO- Value to set: 0.14500000000000002
2025-03-04 15:47:09,866-INFO- Read torque: -0.089000
2025-03-04 15:47:10,868-INFO- Applying torque value: 0.189500
2025-03-04 15:47:11,017-INFO- Set torque request detected
2025-03-04 15:47:11,017-INFO- Value to set: 0.1895
2025-03-04 15:47:12,122-INFO- Read torque: -0.156000
2025-03-04 15:47:13,131-INFO- Applying torque value: 0.234000
2025-03-04 15:47:13,371-INFO- Set torque request detected
2025-03-04 15:47:13,371-INFO- Value to set: 0.234
2025-03-04 15:47:14,138-INFO- Read torque: -0.180000
2025-03-04 15:47:15,201-INFO- Final torque reached: -0.228000
2025-03-04 15:47:15,201-INFO- Starting the measures
2025-03-04 15:47:18,202-INFO- Applying torque value: 0.234000
2025-03-04 15:47:18,202-INFO- Elapsed Time [Secs]: 0.000008
2025-03-04 15:47:18,202-INFO- Measured Temperature [C]: 70.034432
2025-03-04 15:47:18,202-INFO- Estimated ClassA Temperature [C]: 82.705719
2025-03-04 15:47:18,213-INFO- Estimated ClassB Temperature [C]: 72.027573
2025-03-04 15:47:18,644-INFO- Set torque request detected
2025-03-04 15:47:18,644-INFO- Value to set: 0.234
2025-03-04 15:47:24,226-INFO- Applying torque value: 0.233000
2025-03-04 15:47:24,226-INFO- Elapsed Time [Secs]: 6.023813
2025-03-04 15:47:24,226-INFO- Measured Temperature [C]: 70.035504
2025-03-04 15:47:24,226-INFO- Estimated ClassA Temperature [C]: 82.743561
2025-03-04 15:47:24,236-INFO- Estimated ClassB Temperature [C]: 71.242897
2025-03-04 15:47:24,632-INFO- Set torque request detected
2025-03-04 15:47:24,632-INFO- Value to set: 0.233
2025-03-04 15:47:30,244-INFO- Applying torque value: 0.232000
2025-03-04 15:47:30,244-INFO- Elapsed Time [Secs]: 12.042380
2025-03-04 15:47:30,244-INFO- Measured Temperature [C]: 70.031430
2025-03-04 15:47:30,244-INFO- Estimated ClassA Temperature [C]: 82.703308
2025-03-04 15:47:30,254-INFO- Estimated ClassB Temperature [C]: 70.488892
2025-03-04 15:47:30,497-WARNING- Read request error: Request error:  Checksum error
2025-03-04 15:47:30,507-WARNING- Discarding the packet
2025-03-04 15:47:30,638-INFO- Set torque request detected
2025-03-04 15:47:30,638-INFO- Value to set: 0.232
2025-03-04 15:47:36,255-INFO- Applying torque value: 0.231000
2025-03-04 15:47:36,255-INFO- Elapsed Time [Secs]: 18.052451
2025-03-04 15:47:36,255-INFO- Measured Temperature [C]: 70.038292
2025-03-04 15:47:36,258-INFO- Estimated ClassA Temperature [C]: 82.633850
2025-03-04 15:47:36,268-INFO- Estimated ClassB Temperature [C]: 69.759430
2025-03-04 15:47:36,629-INFO- Set torque request detected
2025-03-04 15:47:36,629-INFO- Value to set: 0.231
2025-03-04 15:47:42,273-INFO- Applying torque value: 0.230000
2025-03-04 15:47:42,273-INFO- Elapsed Time [Secs]: 24.071154
2025-03-04 15:47:42,273-INFO- Measured Temperature [C]: 70.081397
2025-03-04 15:47:42,273-INFO- Estimated ClassA Temperature [C]: 82.538727
2025-03-04 15:47:42,283-INFO- Estimated ClassB Temperature [C]: 69.050392
2025-03-04 15:47:42,630-INFO- Set torque request detected
2025-03-04 15:47:42,630-INFO- Value to set: 0.23
2025-03-04 15:47:49,454-INFO- Write request detected
2025-03-04 15:47:49,454-INFO- Symbol to write: BD_Target_Speed
2025-03-04 15:47:49,909-INFO- Set torque request detected
2025-03-04 15:47:49,909-INFO- Value to set: 0
2025-03-04 15:47:50,663-INFO- Write request detected
2025-03-04 15:47:50,663-INFO- Symbol to write: BD_Target_Accel
2025-03-04 15:47:53,663-INFO- Write request detected
2025-03-04 15:47:53,663-INFO- Symbol to write: BD_Update_Cmd
2025-03-04 15:47:55,317-INFO- Current speed: 5500.157616
2025-03-04 15:47:55,317-INFO- Speed error: 5500.157616
2025-03-04 15:47:57,338-INFO- Current speed: 4510.460801
2025-03-04 15:47:57,338-INFO- Speed error: 4510.460801
2025-03-04 15:47:59,347-INFO- Current speed: 3861.882066
2025-03-04 15:47:59,347-INFO- Speed error: 3861.882066
2025-03-04 15:48:01,349-INFO- Current speed: 3223.434013
2025-03-04 15:48:01,349-INFO- Speed error: 3223.434013
2025-03-04 15:48:03,357-INFO- Current speed: 1731.514226
2025-03-04 15:48:03,357-INFO- Speed error: 1731.514226
2025-03-04 15:48:05,359-INFO- Current speed: 400.427290
2025-03-04 15:48:05,359-INFO- Speed error: 400.427290
2025-03-04 15:48:07,368-INFO- Current speed: 0.000000
2025-03-04 15:48:07,368-INFO- Speed error: 0.000000
2025-03-04 15:48:09,798-WARNING- DSP6000 Get Data error: VI_ERROR_TMO (-1073807339): Timeout expired before operation completed. with timeout = 1000
2025-03-04 15:48:09,798-WARNING- PyVISA request error: VI_ERROR_TMO (-1073807339): Timeout expired before operation completed.
2025-03-04 15:48:09,798-INFO- Stop Acquisition
2025-03-04 15:48:10,305-INFO- Termination Request
2025-03-04 15:48:10,976-INFO- Termination Request
2025-03-04 15:48:10,976-INFO- Calculated offset for syncing: 0.362426
2025-03-04 15:48:13,109-INFO- Extracting acquisition with marker value: 1
2025-03-04 15:48:13,109-WARNING- Sub-acquisition too short!
2025-03-04 15:48:13,109-INFO- Extracting acquisition with marker value: 2
2025-03-04 15:48:13,109-WARNING- Sub-acquisition too short!
2025-03-04 15:48:13,118-INFO- Extracting acquisition with marker value: 3
2025-03-04 15:48:13,118-WARNING- Sub-acquisition too short!
2025-03-04 15:48:13,118-INFO- Extracting acquisition with marker value: 4
2025-03-04 15:48:13,118-WARNING- Sub-acquisition too short!
2025-03-04 15:48:13,118-INFO- Extracting acquisition with marker value: 5
2025-03-04 15:48:13,128-WARNING- Sub-acquisition too short!
2025-03-04 15:48:13,128-INFO- STARTING STEP N.7/9
2025-03-04 15:48:13,128-INFO- TORQUE MIN: 0.23
2025-03-04 15:48:13,128-INFO- TORQUE MAX: 0.234
2025-03-04 15:48:13,128-INFO- TORQUE STEP: 0.001
2025-03-04 15:48:13,128-INFO- File name for the acquisition: ./out/PyVisaAcquisition_20250304_154813.visaacq
2025-03-04 15:48:14,131-INFO- File name for the acquisition: ./out/MasterCommanderAcquisition_20250304_154814.mcacq
2025-03-04 15:48:20,637-INFO- Write request detected
2025-03-04 15:48:20,637-INFO- Symbol to write: BD_Target_Speed
2025-03-04 15:48:21,234-INFO- Write request detected
2025-03-04 15:48:21,234-INFO- Symbol to write: BD_Target_Accel
2025-03-04 15:48:24,235-INFO- Write request detected
2025-03-04 15:48:24,235-INFO- Symbol to write: BD_Update_Cmd
2025-03-04 15:48:26,257-INFO- Set torque request detected
2025-03-04 15:48:26,257-INFO- Value to set: 0
2025-03-04 15:48:28,225-INFO- Target speed: 4000.000000
2025-03-04 15:48:28,397-INFO- Write request detected
2025-03-04 15:48:28,397-INFO- Symbol to write: BD_Target_Speed
2025-03-04 15:48:29,590-INFO- Write request detected
2025-03-04 15:48:29,590-INFO- Symbol to write: BD_Target_Accel
2025-03-04 15:48:32,581-INFO- Write request detected
2025-03-04 15:48:32,581-INFO- Symbol to write: BD_Update_Cmd
2025-03-04 15:48:34,272-INFO- Current speed: 0.144064
2025-03-04 15:48:34,272-INFO- Speed error: 3999.855936
2025-03-04 15:48:36,278-INFO- Current speed: 398.179192
2025-03-04 15:48:36,278-INFO- Speed error: 3601.820808
2025-03-04 15:48:38,287-INFO- Current speed: 1289.395753
2025-03-04 15:48:38,287-INFO- Speed error: 2710.604247
2025-03-04 15:48:40,295-INFO- Current speed: 2469.519554
2025-03-04 15:48:40,295-INFO- Speed error: 1530.480446
2025-03-04 15:48:42,300-INFO- Current speed: 3374.192134
2025-03-04 15:48:42,300-INFO- Speed error: 625.807866
2025-03-04 15:48:44,312-INFO- Current speed: 4011.962049
2025-03-04 15:48:44,312-INFO- Speed error: 11.962049
2025-03-04 15:48:46,318-INFO- Applying torque value: 0.053000
2025-03-04 15:48:46,358-INFO- Set torque request detected
2025-03-04 15:48:46,358-INFO- Value to set: 0.053
2025-03-04 15:48:47,465-INFO- Read torque: -0.052000
2025-03-04 15:48:48,476-INFO- Applying torque value: 0.098250
2025-03-04 15:48:48,713-INFO- Set torque request detected
2025-03-04 15:48:48,713-INFO- Value to set: 0.09825
2025-03-04 15:48:49,485-INFO- Read torque: -0.052000
2025-03-04 15:48:50,494-INFO- Applying torque value: 0.143500
2025-03-04 15:48:51,109-INFO- Set torque request detected
2025-03-04 15:48:51,109-INFO- Value to set: 0.14350000000000002
2025-03-04 15:48:51,494-INFO- Read torque: -0.057000
2025-03-04 15:48:52,498-INFO- Applying torque value: 0.188750
2025-03-04 15:48:53,107-INFO- Set torque request detected
2025-03-04 15:48:53,107-INFO- Value to set: 0.18875
2025-03-04 15:48:53,501-INFO- Read torque: -0.113000
2025-03-04 15:48:54,504-INFO- Applying torque value: 0.234000
2025-03-04 15:48:54,685-INFO- Set torque request detected
2025-03-04 15:48:54,685-INFO- Value to set: 0.234
2025-03-04 15:48:55,511-INFO- Read torque: -0.169000
2025-03-04 15:48:56,524-INFO- Final torque reached: -0.220000
2025-03-04 15:48:56,524-INFO- Starting the measures
2025-03-04 15:48:59,525-INFO- Applying torque value: 0.234000
2025-03-04 15:48:59,525-INFO- Elapsed Time [Secs]: 0.000014
2025-03-04 15:48:59,525-INFO- Measured Temperature [C]: 66.628517
2025-03-04 15:48:59,525-INFO- Estimated ClassA Temperature [C]: 80.701630
2025-03-04 15:48:59,535-INFO- Estimated ClassB Temperature [C]: 67.031517
2025-03-04 15:48:59,955-INFO- Set torque request detected
2025-03-04 15:48:59,955-INFO- Value to set: 0.234
2025-03-04 15:49:05,553-INFO- Applying torque value: 0.233000
2025-03-04 15:49:05,553-INFO- Elapsed Time [Secs]: 6.027568
2025-03-04 15:49:05,553-INFO- Measured Temperature [C]: 66.273020
2025-03-04 15:49:05,553-INFO- Estimated ClassA Temperature [C]: 80.586212
2025-03-04 15:49:05,563-INFO- Estimated ClassB Temperature [C]: 66.951042
2025-03-04 15:49:05,958-INFO- Set torque request detected
2025-03-04 15:49:05,958-INFO- Value to set: 0.233
2025-03-04 15:49:11,571-INFO- Applying torque value: 0.232000
2025-03-04 15:49:11,571-INFO- Elapsed Time [Secs]: 12.045958
2025-03-04 15:49:11,571-INFO- Measured Temperature [C]: 65.840804
2025-03-04 15:49:11,571-INFO- Estimated ClassA Temperature [C]: 80.444733
2025-03-04 15:49:11,580-INFO- Estimated ClassB Temperature [C]: 66.870735
2025-03-04 15:49:11,961-INFO- Set torque request detected
2025-03-04 15:49:11,961-INFO- Value to set: 0.232
2025-03-04 15:49:17,581-INFO- Applying torque value: 0.231000
2025-03-04 15:49:17,581-INFO- Elapsed Time [Secs]: 18.055396
2025-03-04 15:49:17,581-INFO- Measured Temperature [C]: 65.561336
2025-03-04 15:49:17,581-INFO- Estimated ClassA Temperature [C]: 80.301453
2025-03-04 15:49:17,591-INFO- Estimated ClassB Temperature [C]: 66.791054
2025-03-04 15:49:17,971-INFO- Set torque request detected
2025-03-04 15:49:17,971-INFO- Value to set: 0.231
2025-03-04 15:49:23,595-INFO- Applying torque value: 0.230000
2025-03-04 15:49:23,595-INFO- Elapsed Time [Secs]: 24.069127
2025-03-04 15:49:23,595-INFO- Measured Temperature [C]: 65.390516
2025-03-04 15:49:23,595-INFO- Estimated ClassA Temperature [C]: 80.150635
2025-03-04 15:49:23,604-INFO- Estimated ClassB Temperature [C]: 66.711594
2025-03-04 15:49:23,925-INFO- Set torque request detected
2025-03-04 15:49:23,925-INFO- Value to set: 0.23
2025-03-04 15:49:30,754-INFO- Write request detected
2025-03-04 15:49:30,754-INFO- Symbol to write: BD_Target_Speed
2025-03-04 15:49:31,165-INFO- Set torque request detected
2025-03-04 15:49:31,165-INFO- Value to set: 0
2025-03-04 15:49:31,952-INFO- Write request detected
2025-03-04 15:49:31,952-INFO- Symbol to write: BD_Target_Accel
2025-03-04 15:49:34,949-INFO- Write request detected
2025-03-04 15:49:34,949-INFO- Symbol to write: BD_Update_Cmd
2025-03-04 15:49:36,656-INFO- Current speed: 3575.419779
2025-03-04 15:49:36,656-INFO- Speed error: 3575.419779
2025-03-04 15:49:38,664-INFO- Current speed: 2410.619936
2025-03-04 15:49:38,664-INFO- Speed error: 2410.619936
2025-03-04 15:49:40,665-INFO- Current speed: 1317.625745
2025-03-04 15:49:40,665-INFO- Speed error: 1317.625745
2025-03-04 15:49:42,669-INFO- Current speed: 428.389428
2025-03-04 15:49:42,669-INFO- Speed error: 428.389428
2025-03-04 15:49:44,677-INFO- Current speed: 0.000000
2025-03-04 15:49:44,677-INFO- Speed error: 0.000000
2025-03-04 15:49:45,097-WARNING- DSP6000 Get Data error: VI_ERROR_TMO (-1073807339): Timeout expired before operation completed. with timeout = 1000
2025-03-04 15:49:45,097-WARNING- PyVISA request error: VI_ERROR_TMO (-1073807339): Timeout expired before operation completed.
2025-03-04 15:49:46,685-INFO- Stop Acquisition
2025-03-04 15:49:47,061-INFO- Termination Request
2025-03-04 15:49:47,482-INFO- Termination Request
2025-03-04 15:49:47,482-INFO- Calculated offset for syncing: 1.123883
2025-03-04 15:49:49,611-INFO- Extracting acquisition with marker value: 1
2025-03-04 15:49:49,611-WARNING- Sub-acquisition too short!
2025-03-04 15:49:49,611-INFO- Extracting acquisition with marker value: 2
2025-03-04 15:49:49,611-WARNING- Sub-acquisition too short!
2025-03-04 15:49:49,621-INFO- Extracting acquisition with marker value: 3
2025-03-04 15:49:49,621-WARNING- Sub-acquisition too short!
2025-03-04 15:49:49,621-INFO- Extracting acquisition with marker value: 4
2025-03-04 15:49:49,621-WARNING- Sub-acquisition too short!
2025-03-04 15:49:49,621-INFO- Extracting acquisition with marker value: 5
2025-03-04 15:49:49,631-WARNING- Sub-acquisition too short!
2025-03-04 15:49:49,631-INFO- STARTING STEP N.8/9
2025-03-04 15:49:49,631-INFO- TORQUE MIN: 0.23
2025-03-04 15:49:49,631-INFO- TORQUE MAX: 0.234
2025-03-04 15:49:49,631-INFO- TORQUE STEP: 0.001
2025-03-04 15:49:49,631-INFO- File name for the acquisition: ./out/PyVisaAcquisition_20250304_154949.visaacq
2025-03-04 15:49:50,638-INFO- File name for the acquisition: ./out/MasterCommanderAcquisition_20250304_154950.mcacq
2025-03-04 15:49:57,171-INFO- Write request detected
2025-03-04 15:49:57,171-INFO- Symbol to write: BD_Target_Speed
2025-03-04 15:49:57,787-INFO- Write request detected
2025-03-04 15:49:57,787-INFO- Symbol to write: BD_Target_Accel
2025-03-04 15:50:00,800-INFO- Write request detected
2025-03-04 15:50:00,800-INFO- Symbol to write: BD_Update_Cmd
2025-03-04 15:50:03,329-INFO- Set torque request detected
2025-03-04 15:50:03,329-INFO- Value to set: 0
2025-03-04 15:50:04,725-INFO- Target speed: 2000.000000
2025-03-04 15:50:04,954-INFO- Write request detected
2025-03-04 15:50:04,954-INFO- Symbol to write: BD_Target_Speed
2025-03-04 15:50:06,153-INFO- Write request detected
2025-03-04 15:50:06,153-INFO- Symbol to write: BD_Target_Accel
2025-03-04 15:50:09,113-INFO- Write request detected
2025-03-04 15:50:09,113-INFO- Symbol to write: BD_Update_Cmd
2025-03-04 15:50:09,203-WARNING- Read request error: Request error:  Checksum error
2025-03-04 15:50:09,203-WARNING- Discarding the packet
2025-03-04 15:50:10,754-INFO- Current speed: 0.170923
2025-03-04 15:50:10,754-INFO- Speed error: 1999.829077
2025-03-04 15:50:12,714-WARNING- Read request error: Request error:  Checksum error
2025-03-04 15:50:12,714-WARNING- Discarding the packet
2025-03-04 15:50:12,754-INFO- Current speed: 89.551612
2025-03-04 15:50:12,754-INFO- Speed error: 1910.448388
2025-03-04 15:50:14,764-INFO- Current speed: 1295.641497
2025-03-04 15:50:14,764-INFO- Speed error: 704.358503
2025-03-04 15:50:16,773-INFO- Current speed: 2018.959477
2025-03-04 15:50:16,773-INFO- Speed error: 18.959477
2025-03-04 15:50:18,775-INFO- Applying torque value: 0.042000
2025-03-04 15:50:19,109-INFO- Set torque request detected
2025-03-04 15:50:19,109-INFO- Value to set: 0.042
2025-03-04 15:50:19,784-INFO- Read torque: -0.043000
2025-03-04 15:50:20,842-INFO- Applying torque value: 0.090000
2025-03-04 15:50:21,412-INFO- Set torque request detected
2025-03-04 15:50:21,412-INFO- Value to set: 0.09
2025-03-04 15:50:21,842-INFO- Read torque: -0.043000
2025-03-04 15:50:22,843-INFO- Applying torque value: 0.138000
2025-03-04 15:50:22,973-INFO- Set torque request detected
2025-03-04 15:50:22,973-INFO- Value to set: 0.138
2025-03-04 15:50:23,850-INFO- Read torque: -0.053000
2025-03-04 15:50:24,891-INFO- Applying torque value: 0.186000
2025-03-04 15:50:25,341-INFO- Set torque request detected
2025-03-04 15:50:25,341-INFO- Value to set: 0.18600000000000003
2025-03-04 15:50:25,893-INFO- Read torque: -0.107000
2025-03-04 15:50:26,899-INFO- Applying torque value: 0.234000
2025-03-04 15:50:26,929-INFO- Set torque request detected
2025-03-04 15:50:26,929-INFO- Value to set: 0.234
2025-03-04 15:50:27,906-INFO- Read torque: -0.162000
2025-03-04 15:50:28,914-INFO- Final torque reached: -0.219000
2025-03-04 15:50:28,914-INFO- Starting the measures
2025-03-04 15:50:31,915-INFO- Applying torque value: 0.234000
2025-03-04 15:50:31,915-INFO- Elapsed Time [Secs]: 0.000013
2025-03-04 15:50:31,915-INFO- Measured Temperature [C]: 65.190871
2025-03-04 15:50:31,915-INFO- Estimated ClassA Temperature [C]: 79.040619
2025-03-04 15:50:31,930-INFO- Estimated ClassB Temperature [C]: 66.053093
2025-03-04 15:50:31,987-INFO- Set torque request detected
2025-03-04 15:50:31,987-INFO- Value to set: 0.234
2025-03-04 15:50:37,934-INFO- Applying torque value: 0.233000
2025-03-04 15:50:37,934-INFO- Elapsed Time [Secs]: 6.019041
2025-03-04 15:50:37,934-INFO- Measured Temperature [C]: 64.821887
2025-03-04 15:50:37,934-INFO- Estimated ClassA Temperature [C]: 78.928314
2025-03-04 15:50:37,944-INFO- Estimated ClassB Temperature [C]: 65.939552
2025-03-04 15:50:38,114-INFO- Set torque request detected
2025-03-04 15:50:38,114-INFO- Value to set: 0.233
2025-03-04 15:50:43,950-INFO- Applying torque value: 0.232000
2025-03-04 15:50:43,950-INFO- Elapsed Time [Secs]: 12.035368
2025-03-04 15:50:43,950-INFO- Measured Temperature [C]: 64.569841
2025-03-04 15:50:43,950-INFO- Estimated ClassA Temperature [C]: 78.802460
2025-03-04 15:50:43,960-INFO- Estimated ClassB Temperature [C]: 65.827087
2025-03-04 15:50:44,110-INFO- Set torque request detected
2025-03-04 15:50:44,110-INFO- Value to set: 0.232
2025-03-04 15:50:49,961-INFO- Applying torque value: 0.231000
2025-03-04 15:50:49,961-INFO- Elapsed Time [Secs]: 18.046001
2025-03-04 15:50:49,961-INFO- Measured Temperature [C]: 64.242483
2025-03-04 15:50:49,961-INFO- Estimated ClassA Temperature [C]: 78.672546
2025-03-04 15:50:49,971-INFO- Estimated ClassB Temperature [C]: 65.715401
2025-03-04 15:50:50,121-INFO- Set torque request detected
2025-03-04 15:50:50,121-INFO- Value to set: 0.231
2025-03-04 15:50:55,975-INFO- Applying torque value: 0.230000
2025-03-04 15:50:55,975-INFO- Elapsed Time [Secs]: 24.060463
2025-03-04 15:50:55,975-INFO- Measured Temperature [C]: 64.066266
2025-03-04 15:50:55,975-INFO- Estimated ClassA Temperature [C]: 78.533112
2025-03-04 15:50:55,985-INFO- Estimated ClassB Temperature [C]: 65.586449
2025-03-04 15:50:56,106-INFO- Set torque request detected
2025-03-04 15:50:56,106-INFO- Value to set: 0.23
2025-03-04 15:51:03,571-INFO- Write request detected
2025-03-04 15:51:03,571-INFO- Symbol to write: BD_Target_Speed
2025-03-04 15:51:03,610-INFO- Set torque request detected
2025-03-04 15:51:03,610-INFO- Value to set: 0
2025-03-04 15:51:04,181-INFO- Write request detected
2025-03-04 15:51:04,181-INFO- Symbol to write: BD_Target_Accel
2025-03-04 15:51:07,183-INFO- Write request detected
2025-03-04 15:51:07,183-INFO- Symbol to write: BD_Update_Cmd
2025-03-04 15:51:09,103-INFO- Current speed: 1092.618550
2025-03-04 15:51:09,103-INFO- Speed error: 1092.618550
2025-03-04 15:51:11,111-INFO- Current speed: 0.000000
2025-03-04 15:51:11,111-INFO- Speed error: 0.000000
2025-03-04 15:51:13,116-INFO- Stop Acquisition
2025-03-04 15:51:13,356-INFO- Termination Request
2025-03-04 15:51:13,896-INFO- Termination Request
2025-03-04 15:51:13,896-INFO- Calculated offset for syncing: 0.907134
2025-03-04 15:51:16,017-INFO- Extracting acquisition with marker value: 1
2025-03-04 15:51:16,017-WARNING- Sub-acquisition too short!
2025-03-04 15:51:16,017-INFO- Extracting acquisition with marker value: 2
2025-03-04 15:51:16,025-WARNING- Sub-acquisition too short!
2025-03-04 15:51:16,025-INFO- Extracting acquisition with marker value: 3
2025-03-04 15:51:16,025-WARNING- Sub-acquisition too short!
2025-03-04 15:51:16,025-INFO- Extracting acquisition with marker value: 4
2025-03-04 15:51:16,025-WARNING- Sub-acquisition too short!
2025-03-04 15:51:16,035-INFO- Extracting acquisition with marker value: 5
2025-03-04 15:51:16,035-WARNING- Sub-acquisition too short!
2025-03-04 15:51:16,035-INFO- STARTING STEP N.9/9
2025-03-04 15:51:16,035-INFO- TORQUE MIN: 0.23
2025-03-04 15:51:16,035-INFO- TORQUE MAX: 0.234
2025-03-04 15:51:16,035-INFO- TORQUE STEP: 0.001
2025-03-04 15:51:16,035-INFO- File name for the acquisition: ./out/PyVisaAcquisition_20250304_155116.visaacq
2025-03-04 15:51:17,042-INFO- File name for the acquisition: ./out/MasterCommanderAcquisition_20250304_155117.mcacq
2025-03-04 15:51:23,524-INFO- Write request detected
2025-03-04 15:51:23,525-INFO- Symbol to write: BD_Target_Speed
2025-03-04 15:51:24,135-INFO- Write request detected
2025-03-04 15:51:24,135-INFO- Symbol to write: BD_Target_Accel
2025-03-04 15:51:27,113-INFO- Write request detected
2025-03-04 15:51:27,113-INFO- Symbol to write: BD_Update_Cmd
2025-03-04 15:51:29,725-INFO- Set torque request detected
2025-03-04 15:51:29,725-INFO- Value to set: 0
2025-03-04 15:51:31,112-INFO- Target speed: 750.000000
2025-03-04 15:51:31,343-INFO- Write request detected
2025-03-04 15:51:31,343-INFO- Symbol to write: BD_Target_Speed
2025-03-04 15:51:32,534-INFO- Write request detected
2025-03-04 15:51:32,534-INFO- Symbol to write: BD_Target_Accel
2025-03-04 15:51:35,543-INFO- Write request detected
2025-03-04 15:51:35,543-INFO- Symbol to write: BD_Update_Cmd
2025-03-04 15:51:37,142-INFO- Current speed: 0.114448
2025-03-04 15:51:37,142-INFO- Speed error: 749.885552
2025-03-04 15:51:39,153-INFO- Current speed: 425.927027
2025-03-04 15:51:39,153-INFO- Speed error: 324.072973
2025-03-04 15:51:41,164-INFO- Current speed: 773.561945
2025-03-04 15:51:41,164-INFO- Speed error: 23.561945
2025-03-04 15:51:43,172-INFO- Applying torque value: 0.034000
2025-03-04 15:51:43,182-INFO- Set torque request detected
2025-03-04 15:51:43,182-INFO- Value to set: 0.034
2025-03-04 15:51:44,266-INFO- Read torque: -0.033000
2025-03-04 15:51:45,270-INFO- Applying torque value: 0.084000
2025-03-04 15:51:45,513-INFO- Set torque request detected
2025-03-04 15:51:45,513-INFO- Value to set: 0.084
2025-03-04 15:51:46,276-INFO- Read torque: -0.035000
2025-03-04 15:51:47,305-INFO- Applying torque value: 0.134000
2025-03-04 15:51:47,871-INFO- Set torque request detected
2025-03-04 15:51:47,871-INFO- Value to set: 0.134
2025-03-04 15:51:48,306-INFO- Read torque: -0.049000
2025-03-04 15:51:49,194-WARNING- Read request error: Request error:  Checksum error
2025-03-04 15:51:49,194-WARNING- Discarding the packet
2025-03-04 15:51:49,314-INFO- Applying torque value: 0.184000
2025-03-04 15:51:49,475-INFO- Set torque request detected
2025-03-04 15:51:49,475-INFO- Value to set: 0.18400000000000002
2025-03-04 15:51:50,545-INFO- Read torque: -0.117000
2025-03-04 15:51:51,559-INFO- Applying torque value: 0.234000
2025-03-04 15:51:51,796-INFO- Set torque request detected
2025-03-04 15:51:51,796-INFO- Value to set: 0.234
2025-03-04 15:51:52,568-INFO- Read torque: -0.167000
2025-03-04 15:51:53,608-INFO- Final torque reached: -0.220000
2025-03-04 15:51:53,608-INFO- Starting the measures
2025-03-04 15:51:54,608-WARNING- PyVISA request error: list index out of range
2025-03-04 15:51:56,618-INFO- Applying torque value: 0.234000
2025-03-04 15:51:56,618-INFO- Elapsed Time [Secs]: 0.000005
2025-03-04 15:51:56,850-INFO- Measured Temperature [C]: 62.535360
2025-03-04 15:51:56,860-INFO- Estimated ClassA Temperature [C]: 73.825958
2025-03-04 15:51:56,860-INFO- Estimated ClassB Temperature [C]: 64.797928
2025-03-04 15:51:57,363-INFO- Set torque request detected
2025-03-04 15:51:57,363-INFO- Value to set: 0.234
2025-03-04 15:52:02,866-INFO- Applying torque value: 0.233000
2025-03-04 15:52:02,866-INFO- Elapsed Time [Secs]: 6.247752
2025-03-04 15:52:02,866-INFO- Measured Temperature [C]: 62.331189
2025-03-04 15:52:02,876-INFO- Estimated ClassA Temperature [C]: 73.715393
2025-03-04 15:52:02,886-INFO- Estimated ClassB Temperature [C]: 64.684761
2025-03-04 15:52:03,371-INFO- Set torque request detected
2025-03-04 15:52:03,371-INFO- Value to set: 0.233
2025-03-04 15:52:08,892-INFO- Applying torque value: 0.232000
2025-03-04 15:52:08,892-INFO- Elapsed Time [Secs]: 12.273725
2025-03-04 15:52:08,892-INFO- Measured Temperature [C]: 62.116933
2025-03-04 15:52:08,892-INFO- Estimated ClassA Temperature [C]: 73.600708
2025-03-04 15:52:08,902-INFO- Estimated ClassB Temperature [C]: 64.591171
2025-03-04 15:52:09,340-INFO- Set torque request detected
2025-03-04 15:52:09,340-INFO- Value to set: 0.232
2025-03-04 15:52:13,433-WARNING- Read request error: Request error:  Checksum error
2025-03-04 15:52:13,433-WARNING- Discarding the packet
2025-03-04 15:52:14,910-INFO- Applying torque value: 0.231000
2025-03-04 15:52:14,910-INFO- Elapsed Time [Secs]: 18.291499
2025-03-04 15:52:14,910-INFO- Measured Temperature [C]: 61.957002
2025-03-04 15:52:14,910-INFO- Estimated ClassA Temperature [C]: 73.486389
2025-03-04 15:52:14,919-INFO- Estimated ClassB Temperature [C]: 64.479271
2025-03-04 15:52:15,381-INFO- Set torque request detected
2025-03-04 15:52:15,381-INFO- Value to set: 0.231
2025-03-04 15:52:20,929-INFO- Applying torque value: 0.230000
2025-03-04 15:52:20,929-INFO- Elapsed Time [Secs]: 24.311108
2025-03-04 15:52:20,929-INFO- Measured Temperature [C]: 61.789187
2025-03-04 15:52:20,929-INFO- Estimated ClassA Temperature [C]: 73.374084
2025-03-04 15:52:20,939-INFO- Estimated ClassB Temperature [C]: 64.367851
2025-03-04 15:52:21,357-INFO- Set torque request detected
2025-03-04 15:52:21,357-INFO- Value to set: 0.23
2025-03-04 15:52:28,109-INFO- Set torque request detected
2025-03-04 15:52:28,109-INFO- Value to set: 0
2025-03-04 15:52:28,182-INFO- Write request detected
2025-03-04 15:52:28,182-INFO- Symbol to write: BD_Target_Speed
2025-03-04 15:52:29,382-INFO- Write request detected
2025-03-04 15:52:29,382-INFO- Symbol to write: BD_Target_Accel
2025-03-04 15:52:32,396-INFO- Write request detected
2025-03-04 15:52:32,396-INFO- Symbol to write: BD_Update_Cmd
2025-03-04 15:52:37,986-INFO- Stop Acquisition
2025-03-04 15:52:38,524-INFO- Termination Request
2025-03-04 15:52:39,107-INFO- Termination Request
2025-03-04 15:52:39,107-INFO- Calculated offset for syncing: 0.907528
2025-03-04 15:52:41,225-INFO- Extracting acquisition with marker value: 1
2025-03-04 15:52:41,225-WARNING- Sub-acquisition too short!
2025-03-04 15:52:41,225-INFO- Extracting acquisition with marker value: 2
2025-03-04 15:52:41,225-WARNING- Sub-acquisition too short!
2025-03-04 15:52:41,225-INFO- Extracting acquisition with marker value: 3
2025-03-04 15:52:41,235-WARNING- Sub-acquisition too short!
2025-03-04 15:52:41,235-INFO- Extracting acquisition with marker value: 4
2025-03-04 15:52:41,235-WARNING- Sub-acquisition too short!
2025-03-04 15:52:41,235-INFO- Extracting acquisition with marker value: 5
2025-03-04 15:52:41,235-WARNING- Sub-acquisition too short!
