2025-06-03 10:39:43,052-INFO- RUNNING THE TEST
2025-06-03 10:39:50,070-INFO- File name for the acquisition: ./out/PyVisaAcquisition_20250603_103950.visaacq
2025-06-03 10:39:51,082-INFO- File name for the acquisition: ./out/MasterCommanderAcquisition_20250603_103951.mcacq
2025-06-03 10:39:51,399-WARNING- NIDAQMX read error: The specified resource is reserved. The operation could not be completed as specified.
Task Name: _unnamedTask<0>

Status Code: -50103
2025-06-03 10:39:51,400-WARNING- PyVISA request error: The specified resource is reserved. The operation could not be completed as specified.
Task Name: _unnamedTask<0>

Status Code: -50103
2025-06-03 10:39:52,640-INFO- Set torque request detected
2025-06-03 10:39:52,640-INFO- Value to set: 0
2025-06-03 10:39:57,101-INFO- Applying demagnetization algorithm
2025-06-03 10:39:57,163-INFO- Write request detected
2025-06-03 10:39:57,163-INFO- Symbol to write: BD_Target_Speed
2025-06-03 10:39:57,332-WARNING- NIDAQMX read error: The specified resource is reserved. The operation could not be completed as specified.
Task Name: _unnamedTask<0>

Status Code: -50103
2025-06-03 10:39:57,332-WARNING- PyVISA request error: The specified resource is reserved. The operation could not be completed as specified.
Task Name: _unnamedTask<0>

Status Code: -50103
2025-06-03 10:39:58,424-INFO- Write request detected
2025-06-03 10:39:58,425-INFO- Symbol to write: BD_Target_Accel
2025-06-03 10:39:59,340-WARNING- NIDAQMX read error: The specified resource is reserved. The operation could not be completed as specified.
Task Name: _unnamedTask<0>

Status Code: -50103
2025-06-03 10:39:59,341-WARNING- PyVISA request error: The specified resource is reserved. The operation could not be completed as specified.
Task Name: _unnamedTask<0>

Status Code: -50103
2025-06-03 10:40:01,332-WARNING- NIDAQMX read error: The specified resource is reserved. The operation could not be completed as specified.
Task Name: _unnamedTask<0>

Status Code: -50103
2025-06-03 10:40:01,332-WARNING- PyVISA request error: The specified resource is reserved. The operation could not be completed as specified.
Task Name: _unnamedTask<0>

Status Code: -50103
2025-06-03 10:40:01,540-INFO- Write request detected
2025-06-03 10:40:01,540-INFO- Symbol to write: BD_Update_Cmd
2025-06-03 10:40:01,630-WARNING- Read request error: Request error:  Checksum error
2025-06-03 10:40:01,630-WARNING- Discarding the packet
2025-06-03 10:40:02,601-WARNING- NIDAQMX read error: The specified resource is reserved. The operation could not be completed as specified.
Task Name: _unnamedTask<0>

Status Code: -50103
2025-06-03 10:40:02,601-WARNING- PyVISA request error: The specified resource is reserved. The operation could not be completed as specified.
Task Name: _unnamedTask<0>

Status Code: -50103
2025-06-03 10:40:03,129-WARNING- NIDAQMX read error: The specified resource is reserved. The operation could not be completed as specified.
Task Name: _unnamedTask<0>

Status Code: -50103
2025-06-03 10:40:03,130-WARNING- PyVISA request error: The specified resource is reserved. The operation could not be completed as specified.
Task Name: _unnamedTask<0>

Status Code: -50103
2025-06-03 10:40:03,151-INFO- Current speed: -0.146368
2025-06-03 10:40:03,152-INFO- Speed error: 1000.146368
2025-06-03 10:40:04,395-WARNING- NIDAQMX read error: The specified resource is reserved. The operation could not be completed as specified.
Task Name: _unnamedTask<0>

Status Code: -50103
2025-06-03 10:40:04,395-WARNING- PyVISA request error: The specified resource is reserved. The operation could not be completed as specified.
Task Name: _unnamedTask<0>

Status Code: -50103
2025-06-03 10:40:05,168-INFO- Current speed: 180.889000
2025-06-03 10:40:05,168-INFO- Speed error: 819.111000
2025-06-03 10:40:06,382-WARNING- NIDAQMX read error: The specified resource is reserved. The operation could not be completed as specified.
Task Name: _unnamedTask<0>

Status Code: -50103
2025-06-03 10:40:06,382-WARNING- PyVISA request error: The specified resource is reserved. The operation could not be completed as specified.
Task Name: _unnamedTask<0>

Status Code: -50103
2025-06-03 10:40:07,186-INFO- Current speed: 1006.372458
2025-06-03 10:40:07,187-INFO- Speed error: 6.372458
2025-06-03 10:40:07,637-WARNING- NIDAQMX read error: The specified resource is reserved. The operation could not be completed as specified.
Task Name: _unnamedTask<0>

Status Code: -50103
2025-06-03 10:40:07,637-WARNING- PyVISA request error: The specified resource is reserved. The operation could not be completed as specified.
Task Name: _unnamedTask<0>

Status Code: -50103
2025-06-03 10:40:11,836-INFO- Set torque request detected
2025-06-03 10:40:11,836-INFO- Value to set: 0.8
2025-06-03 10:40:13,457-WARNING- NIDAQMX read error: The specified resource is reserved. The operation could not be completed as specified.
Task Name: _unnamedTask<0>

Status Code: -50103
2025-06-03 10:40:13,457-WARNING- PyVISA request error: The specified resource is reserved. The operation could not be completed as specified.
Task Name: _unnamedTask<0>

Status Code: -50103
2025-06-03 10:40:14,491-INFO- Write request detected
2025-06-03 10:40:14,491-INFO- Symbol to write: BD_Target_Speed
2025-06-03 10:40:14,708-INFO- Set torque request detected
2025-06-03 10:40:14,708-INFO- Value to set: 0
2025-06-03 10:40:15,719-INFO- Write request detected
2025-06-03 10:40:15,719-INFO- Symbol to write: BD_Target_Accel
2025-06-03 10:40:15,739-WARNING- NIDAQMX read error: The specified resource is reserved. The operation could not be completed as specified.
Task Name: _unnamedTask<0>

Status Code: -50103
2025-06-03 10:40:15,739-WARNING- PyVISA request error: The specified resource is reserved. The operation could not be completed as specified.
Task Name: _unnamedTask<0>

Status Code: -50103
2025-06-03 10:40:18,833-INFO- Write request detected
2025-06-03 10:40:18,833-INFO- Symbol to write: BD_Update_Cmd
2025-06-03 10:40:20,352-INFO- Current speed: 446.496788
2025-06-03 10:40:20,352-INFO- Speed error: 446.496788
2025-06-03 10:40:21,449-WARNING- NIDAQMX read error: The specified resource is reserved. The operation could not be completed as specified.
Task Name: _unnamedTask<0>

Status Code: -50103
2025-06-03 10:40:21,449-WARNING- PyVISA request error: The specified resource is reserved. The operation could not be completed as specified.
Task Name: _unnamedTask<0>

Status Code: -50103
2025-06-03 10:40:22,373-INFO- Current speed: 0.000000
2025-06-03 10:40:22,373-INFO- Speed error: 0.000000
2025-06-03 10:40:22,710-WARNING- NIDAQMX read error: The specified resource is reserved. The operation could not be completed as specified.
Task Name: _unnamedTask<0>

Status Code: -50103
2025-06-03 10:40:22,711-WARNING- PyVISA request error: The specified resource is reserved. The operation could not be completed as specified.
Task Name: _unnamedTask<0>

Status Code: -50103
2025-06-03 10:40:25,394-INFO- STARTING STEP N.0/0
2025-06-03 10:40:25,394-INFO- TORQUE MIN: 0.18
2025-06-03 10:40:25,394-INFO- TORQUE STEP: 0.017
2025-06-03 10:40:25,518-INFO- Write request detected
2025-06-03 10:40:25,518-INFO- Symbol to write: BD_Target_Speed
2025-06-03 10:40:26,769-INFO- Write request detected
2025-06-03 10:40:26,769-INFO- Symbol to write: BD_Target_Accel
2025-06-03 10:40:29,879-INFO- Write request detected
2025-06-03 10:40:29,879-INFO- Symbol to write: BD_Update_Cmd
2025-06-03 10:40:31,454-INFO- Speed Low Threshold is: 14670.0
2025-06-03 10:40:31,454-INFO- Applying motor heating algorithm
2025-06-03 10:40:31,551-INFO- Initial temperature: 37.534848
2025-06-03 10:40:31,761-INFO- Write request detected
2025-06-03 10:40:31,761-INFO- Symbol to write: BD_Target_Speed
2025-06-03 10:40:32,057-INFO- Set torque request detected
2025-06-03 10:40:32,057-INFO- Value to set: 0
2025-06-03 10:40:32,991-INFO- Write request detected
2025-06-03 10:40:32,991-INFO- Symbol to write: BD_Target_Accel
2025-06-03 10:40:33,814-WARNING- NIDAQMX read error: The specified resource is reserved. The operation could not be completed as specified.
Task Name: _unnamedTask<0>

Status Code: -50103
2025-06-03 10:40:33,814-WARNING- PyVISA request error: The specified resource is reserved. The operation could not be completed as specified.
Task Name: _unnamedTask<0>

Status Code: -50103
2025-06-03 10:40:36,100-INFO- Write request detected
2025-06-03 10:40:36,100-INFO- Symbol to write: BD_Update_Cmd
2025-06-03 10:40:37,608-INFO- Current speed: 256.738414
2025-06-03 10:40:37,608-INFO- Speed error: 568.261586
2025-06-03 10:40:39,624-INFO- Current speed: 709.466939
2025-06-03 10:40:39,624-INFO- Speed error: 115.533061
2025-06-03 10:40:41,631-INFO- Current speed: 820.252171
2025-06-03 10:40:41,631-INFO- Speed error: 4.747829
2025-06-03 10:40:44,577-WARNING- NIDAQMX read error: The specified resource is reserved. The operation could not be completed as specified.
Task Name: _unnamedTask<0>

Status Code: -50103
2025-06-03 10:40:44,577-WARNING- PyVISA request error: The specified resource is reserved. The operation could not be completed as specified.
Task Name: _unnamedTask<0>

Status Code: -50103
2025-06-03 10:40:44,652-INFO- Applying torque value: 0.000000
2025-06-03 10:40:44,652-INFO- Read torque: -0.049000
2025-06-03 10:40:44,652-INFO- Temperature: 37.263672
2025-06-03 10:40:45,087-INFO- Set torque request detected
2025-06-03 10:40:45,087-INFO- Value to set: 0.0
2025-06-03 10:40:46,661-INFO- Applying torque value: 0.050000
2025-06-03 10:40:46,661-INFO- Read torque: -0.049000
2025-06-03 10:40:46,662-INFO- Temperature: 37.208409
2025-06-03 10:40:46,800-INFO- Set torque request detected
2025-06-03 10:40:46,801-INFO- Value to set: 0.05
2025-06-03 10:40:46,922-WARNING- NIDAQMX read error: The specified resource is reserved. The operation could not be completed as specified.
Task Name: _unnamedTask<0>

Status Code: -50103
2025-06-03 10:40:46,923-WARNING- PyVISA request error: The specified resource is reserved. The operation could not be completed as specified.
Task Name: _unnamedTask<0>

Status Code: -50103
2025-06-03 10:40:48,664-INFO- Applying torque value: 0.100000
2025-06-03 10:40:48,664-INFO- Read torque: -0.051000
2025-06-03 10:40:48,665-INFO- Temperature: 37.193635
2025-06-03 10:40:48,913-INFO- Set torque request detected
2025-06-03 10:40:48,913-INFO- Value to set: 0.1
2025-06-03 10:40:50,671-INFO- Applying torque value: 0.150000
2025-06-03 10:40:50,792-INFO- Read torque: -0.054000
2025-06-03 10:40:50,792-INFO- Temperature: 37.135815
2025-06-03 10:40:51,306-INFO- Set torque request detected
2025-06-03 10:40:51,306-INFO- Value to set: 0.15000000000000002
2025-06-03 10:40:52,805-INFO- Applying torque value: 0.200000
2025-06-03 10:40:52,805-INFO- Read torque: -0.069000
2025-06-03 10:40:52,806-INFO- Temperature: 37.131073
2025-06-03 10:40:52,929-INFO- Set torque request detected
2025-06-03 10:40:52,929-INFO- Value to set: 0.2
2025-06-03 10:40:53,048-WARNING- NIDAQMX read error: The specified resource is reserved. The operation could not be completed as specified.
Task Name: _unnamedTask<0>

Status Code: -50103
2025-06-03 10:40:53,048-WARNING- PyVISA request error: The specified resource is reserved. The operation could not be completed as specified.
Task Name: _unnamedTask<0>

Status Code: -50103
2025-06-03 10:40:54,818-INFO- Applying torque value: 0.250000
2025-06-03 10:40:54,818-INFO- Read torque: -0.159000
2025-06-03 10:40:54,819-INFO- Temperature: 37.109914
2025-06-03 10:40:55,052-INFO- Set torque request detected
2025-06-03 10:40:55,052-INFO- Value to set: 0.25
2025-06-03 10:40:56,821-INFO- Applying torque value: 0.300000
2025-06-03 10:40:56,882-INFO- Read torque: -0.230000
2025-06-03 10:40:56,882-INFO- Temperature: 37.069236
2025-06-03 10:40:57,395-INFO- Set torque request detected
2025-06-03 10:40:57,395-INFO- Value to set: 0.30000000000000004
2025-06-03 10:40:58,895-INFO- Applying torque value: 0.350000
2025-06-03 10:40:58,896-INFO- Read torque: -0.276000
2025-06-03 10:40:58,896-INFO- Temperature: 37.071608
2025-06-03 10:40:58,989-INFO- Set torque request detected
2025-06-03 10:40:58,989-INFO- Value to set: 0.35000000000000003
2025-06-03 10:40:59,152-WARNING- NIDAQMX read error: The specified resource is reserved. The operation could not be completed as specified.
Task Name: _unnamedTask<0>

Status Code: -50103
2025-06-03 10:40:59,152-WARNING- PyVISA request error: The specified resource is reserved. The operation could not be completed as specified.
Task Name: _unnamedTask<0>

Status Code: -50103
2025-06-03 10:41:00,900-INFO- Applying torque value: 0.400000
2025-06-03 10:41:00,900-INFO- Read torque: -0.338000
2025-06-03 10:41:00,900-INFO- Temperature: 37.023085
2025-06-03 10:41:01,150-INFO- Set torque request detected
2025-06-03 10:41:01,150-INFO- Value to set: 0.4
2025-06-03 10:41:02,906-INFO- Applying torque value: 0.450000
2025-06-03 10:41:03,051-INFO- Read torque: -0.394000
2025-06-03 10:41:03,051-INFO- Temperature: 37.019072
2025-06-03 10:41:03,556-INFO- Set torque request detected
2025-06-03 10:41:03,556-INFO- Value to set: 0.45
2025-06-03 10:41:05,055-INFO- Applying torque value: 0.500000
2025-06-03 10:41:05,055-INFO- Read torque: -0.441000
2025-06-03 10:41:05,055-INFO- Temperature: 36.997546
2025-06-03 10:41:05,134-INFO- Set torque request detected
2025-06-03 10:41:05,134-INFO- Value to set: 0.5
2025-06-03 10:41:06,013-WARNING- NIDAQMX read error: The specified resource is reserved. The operation could not be completed as specified.
Task Name: _unnamedTask<0>

Status Code: -50103
2025-06-03 10:41:06,014-WARNING- PyVISA request error: The specified resource is reserved. The operation could not be completed as specified.
Task Name: _unnamedTask<0>

Status Code: -50103
2025-06-03 10:41:07,056-INFO- Applying torque value: 0.550000
2025-06-03 10:41:07,056-INFO- Read torque: -0.495000
2025-06-03 10:41:07,056-INFO- Temperature: 36.980763
2025-06-03 10:41:07,272-INFO- Set torque request detected
2025-06-03 10:41:07,272-INFO- Value to set: 0.55
2025-06-03 10:41:08,182-WARNING- NIDAQMX read error: The specified resource is reserved. The operation could not be completed as specified.
Task Name: _unnamedTask<0>

Status Code: -50103
2025-06-03 10:41:08,182-WARNING- PyVISA request error: The specified resource is reserved. The operation could not be completed as specified.
Task Name: _unnamedTask<0>

Status Code: -50103
2025-06-03 10:41:09,070-INFO- Applying torque value: 0.600000
2025-06-03 10:41:09,070-INFO- Read torque: -0.550000
2025-06-03 10:41:09,070-INFO- Temperature: 36.971095
2025-06-03 10:41:09,430-INFO- Set torque request detected
2025-06-03 10:41:09,430-INFO- Value to set: 0.6000000000000001
2025-06-03 10:41:11,077-INFO- Applying torque value: 0.650000
2025-06-03 10:41:11,276-INFO- Read torque: -0.600000
2025-06-03 10:41:11,277-INFO- Temperature: 36.996999
2025-06-03 10:41:11,789-INFO- Set torque request detected
2025-06-03 10:41:11,789-INFO- Value to set: 0.65
2025-06-03 10:41:13,283-INFO- Applying torque value: 0.700000
2025-06-03 10:41:13,283-INFO- Read torque: -0.647000
2025-06-03 10:41:13,284-INFO- Temperature: 37.016336
2025-06-03 10:41:13,375-INFO- Set torque request detected
2025-06-03 10:41:13,375-INFO- Value to set: 0.7000000000000001
2025-06-03 10:41:14,236-WARNING- NIDAQMX read error: The specified resource is reserved. The operation could not be completed as specified.
Task Name: _unnamedTask<0>

Status Code: -50103
2025-06-03 10:41:14,236-WARNING- PyVISA request error: The specified resource is reserved. The operation could not be completed as specified.
Task Name: _unnamedTask<0>

Status Code: -50103
2025-06-03 10:41:15,285-INFO- Applying torque value: 0.750000
2025-06-03 10:41:15,285-INFO- Read torque: -0.700000
2025-06-03 10:41:15,285-INFO- Temperature: 37.012323
2025-06-03 10:41:15,489-INFO- Set torque request detected
2025-06-03 10:41:15,489-INFO- Value to set: 0.75
2025-06-03 10:41:17,301-INFO- Applying torque value: 0.800000
2025-06-03 10:41:17,329-INFO- Read torque: -0.749000
2025-06-03 10:41:17,330-INFO- Temperature: 37.071973
2025-06-03 10:41:17,831-INFO- Set torque request detected
2025-06-03 10:41:17,831-INFO- Value to set: 0.8
2025-06-03 10:41:19,341-INFO- Applying torque value: 0.850000
2025-06-03 10:41:19,341-INFO- Read torque: -0.803000
2025-06-03 10:41:19,342-INFO- Temperature: 37.076715
2025-06-03 10:41:19,419-INFO- Set torque request detected
2025-06-03 10:41:19,419-INFO- Value to set: 0.8500000000000001
2025-06-03 10:41:19,951-WARNING- NIDAQMX read error: The specified resource is reserved. The operation could not be completed as specified.
Task Name: _unnamedTask<0>

Status Code: -50103
2025-06-03 10:41:19,951-WARNING- PyVISA request error: The specified resource is reserved. The operation could not be completed as specified.
Task Name: _unnamedTask<0>

Status Code: -50103
2025-06-03 10:41:21,222-WARNING- NIDAQMX read error: The specified resource is reserved. The operation could not be completed as specified.
Task Name: _unnamedTask<0>

Status Code: -50103
2025-06-03 10:41:21,223-WARNING- PyVISA request error: The specified resource is reserved. The operation could not be completed as specified.
Task Name: _unnamedTask<0>

Status Code: -50103
2025-06-03 10:41:21,355-INFO- Applying torque value: 0.900000
2025-06-03 10:41:21,356-INFO- Read torque: -0.851000
2025-06-03 10:41:21,356-INFO- Temperature: 37.086565
2025-06-03 10:41:21,730-INFO- Set torque request detected
2025-06-03 10:41:21,730-INFO- Value to set: 0.9
2025-06-03 10:41:23,367-INFO- Applying torque value: 0.950000
2025-06-03 10:41:23,539-INFO- Read torque: -0.903000
2025-06-03 10:41:23,539-INFO- Temperature: 37.177402
2025-06-03 10:41:24,054-INFO- Set torque request detected
2025-06-03 10:41:24,054-INFO- Value to set: 0.9500000000000001
2025-06-03 10:41:25,542-INFO- Applying torque value: 1.000000
2025-06-03 10:41:25,542-INFO- Read torque: -0.950000
2025-06-03 10:41:25,542-INFO- Temperature: 37.194730
2025-06-03 10:41:25,666-INFO- Set torque request detected
2025-06-03 10:41:25,666-INFO- Value to set: 1.0
2025-06-03 10:41:27,331-WARNING- NIDAQMX read error: The specified resource is reserved. The operation could not be completed as specified.
Task Name: _unnamedTask<0>

Status Code: -50103
2025-06-03 10:41:27,331-WARNING- PyVISA request error: The specified resource is reserved. The operation could not be completed as specified.
Task Name: _unnamedTask<0>

Status Code: -50103
2025-06-03 10:41:27,550-INFO- Applying torque value: 1.050000
2025-06-03 10:41:27,550-INFO- Read torque: -0.996000
2025-06-03 10:41:27,551-INFO- Temperature: 37.242151
2025-06-03 10:41:27,832-INFO- Set torque request detected
2025-06-03 10:41:27,832-INFO- Value to set: 1.05
2025-06-03 10:41:29,560-INFO- Applying torque value: 1.100000
2025-06-03 10:41:29,666-INFO- Read torque: -1.048000
2025-06-03 10:41:29,666-INFO- Temperature: 37.366350
2025-06-03 10:41:30,170-INFO- Set torque request detected
2025-06-03 10:41:30,170-INFO- Value to set: 1.1
2025-06-03 10:41:31,676-INFO- Applying torque value: 1.150000
2025-06-03 10:41:31,676-INFO- Read torque: -1.101000
2025-06-03 10:41:31,676-INFO- Temperature: 37.413218
2025-06-03 10:41:31,788-INFO- Set torque request detected
2025-06-03 10:41:31,788-INFO- Value to set: 1.1500000000000001
2025-06-03 10:41:33,385-WARNING- NIDAQMX read error: The specified resource is reserved. The operation could not be completed as specified.
Task Name: _unnamedTask<0>

Status Code: -50103
2025-06-03 10:41:33,385-WARNING- PyVISA request error: The specified resource is reserved. The operation could not be completed as specified.
Task Name: _unnamedTask<0>

Status Code: -50103
2025-06-03 10:41:33,679-INFO- Applying torque value: 1.200000
2025-06-03 10:41:33,679-INFO- Read torque: -1.149000
2025-06-03 10:41:33,679-INFO- Temperature: 37.503849
2025-06-03 10:41:33,896-INFO- Set torque request detected
2025-06-03 10:41:33,897-INFO- Value to set: 1.2000000000000002
2025-06-03 10:41:35,693-INFO- Applying torque value: 1.250000
2025-06-03 10:41:35,791-INFO- Read torque: -1.200000
2025-06-03 10:41:35,791-INFO- Temperature: 37.654095
2025-06-03 10:41:36,306-INFO- Set torque request detected
2025-06-03 10:41:36,306-INFO- Value to set: 1.25
2025-06-03 10:41:37,791-INFO- Applying torque value: 1.300000
2025-06-03 10:41:37,791-INFO- Read torque: -1.251000
2025-06-03 10:41:37,791-INFO- Temperature: 37.753095
2025-06-03 10:41:37,916-INFO- Set torque request detected
2025-06-03 10:41:37,916-INFO- Value to set: 1.3
2025-06-03 10:41:39,519-WARNING- NIDAQMX read error: The specified resource is reserved. The operation could not be completed as specified.
Task Name: _unnamedTask<0>

Status Code: -50103
2025-06-03 10:41:39,519-WARNING- PyVISA request error: The specified resource is reserved. The operation could not be completed as specified.
Task Name: _unnamedTask<0>

Status Code: -50103
2025-06-03 10:41:39,803-INFO- Applying torque value: 1.350000
2025-06-03 10:41:39,803-INFO- Read torque: -1.302000
2025-06-03 10:41:39,803-INFO- Temperature: 37.824924
2025-06-03 10:41:40,025-INFO- Set torque request detected
2025-06-03 10:41:40,025-INFO- Value to set: 1.35
2025-06-03 10:41:40,147-WARNING- NIDAQMX read error: The specified resource is reserved. The operation could not be completed as specified.
Task Name: _unnamedTask<0>

Status Code: -50103
2025-06-03 10:41:40,148-WARNING- PyVISA request error: The specified resource is reserved. The operation could not be completed as specified.
Task Name: _unnamedTask<0>

Status Code: -50103
2025-06-03 10:41:41,414-WARNING- NIDAQMX read error: The specified resource is reserved. The operation could not be completed as specified.
Task Name: _unnamedTask<0>

Status Code: -50103
2025-06-03 10:41:41,415-WARNING- PyVISA request error: The specified resource is reserved. The operation could not be completed as specified.
Task Name: _unnamedTask<0>

Status Code: -50103
2025-06-03 10:41:41,810-INFO- Applying torque value: 1.400000
2025-06-03 10:41:41,810-INFO- Read torque: -1.353000
2025-06-03 10:41:41,810-INFO- Temperature: 37.940134
2025-06-03 10:41:41,922-INFO- Set torque request detected
2025-06-03 10:41:41,922-INFO- Value to set: 1.4000000000000001
2025-06-03 10:41:43,825-INFO- Applying torque value: 1.450000
2025-06-03 10:41:43,825-INFO- Read torque: -1.401000
2025-06-03 10:41:43,825-INFO- Temperature: 38.188382
2025-06-03 10:41:44,303-INFO- Set torque request detected
2025-06-03 10:41:44,303-INFO- Value to set: 1.4500000000000002
2025-06-03 10:41:45,831-INFO- Applying torque value: 1.500000
2025-06-03 10:41:45,833-INFO- Read torque: -1.450000
2025-06-03 10:41:45,833-INFO- Temperature: 38.324151
2025-06-03 10:41:45,894-INFO- Set torque request detected
2025-06-03 10:41:45,894-INFO- Value to set: 1.5
2025-06-03 10:41:47,509-WARNING- NIDAQMX read error: The specified resource is reserved. The operation could not be completed as specified.
Task Name: _unnamedTask<0>

Status Code: -50103
2025-06-03 10:41:47,509-WARNING- PyVISA request error: The specified resource is reserved. The operation could not be completed as specified.
Task Name: _unnamedTask<0>

Status Code: -50103
2025-06-03 10:41:47,844-INFO- Target Torque value reached: -1.499000
2025-06-03 10:41:47,844-INFO- Temperature: 38.442777
2025-06-03 10:41:48,402-WARNING- Read request error: Request error:  b'@' is not a valid EnumPktBytes
2025-06-03 10:41:48,403-WARNING- Discarding the packet
2025-06-03 10:41:49,857-INFO- Elapsed time: 2.013368
2025-06-03 10:41:50,138-INFO- Write request detected
2025-06-03 10:41:50,138-INFO- Symbol to write: BD_Target_Speed
2025-06-03 10:41:51,386-INFO- Write request detected
2025-06-03 10:41:51,386-INFO- Symbol to write: BD_Target_Accel
2025-06-03 10:41:53,325-WARNING- NIDAQMX read error: The specified resource is reserved. The operation could not be completed as specified.
Task Name: _unnamedTask<0>

Status Code: -50103
2025-06-03 10:41:53,326-WARNING- PyVISA request error: The specified resource is reserved. The operation could not be completed as specified.
Task Name: _unnamedTask<0>

Status Code: -50103
2025-06-03 10:41:54,508-INFO- Write request detected
2025-06-03 10:41:54,508-INFO- Symbol to write: BD_Update_Cmd
2025-06-03 10:41:54,591-WARNING- NIDAQMX read error: The specified resource is reserved. The operation could not be completed as specified.
Task Name: _unnamedTask<0>

Status Code: -50103
2025-06-03 10:41:54,591-WARNING- PyVISA request error: The specified resource is reserved. The operation could not be completed as specified.
Task Name: _unnamedTask<0>

Status Code: -50103
2025-06-03 10:41:56,070-INFO- Temperature: 39.270301
2025-06-03 10:41:58,071-INFO- Elapsed time: 10.226874
2025-06-03 10:41:58,244-INFO- Write request detected
2025-06-03 10:41:58,244-INFO- Symbol to write: BD_Target_Speed
2025-06-03 10:41:59,385-INFO- Write request detected
2025-06-03 10:41:59,386-INFO- Symbol to write: BD_Target_Accel
2025-06-03 10:42:00,330-WARNING- NIDAQMX read error: The specified resource is reserved. The operation could not be completed as specified.
Task Name: _unnamedTask<0>

Status Code: -50103
2025-06-03 10:42:00,331-WARNING- PyVISA request error: The specified resource is reserved. The operation could not be completed as specified.
Task Name: _unnamedTask<0>

Status Code: -50103
2025-06-03 10:42:01,592-WARNING- NIDAQMX read error: The specified resource is reserved. The operation could not be completed as specified.
Task Name: _unnamedTask<0>

Status Code: -50103
2025-06-03 10:42:01,592-WARNING- PyVISA request error: The specified resource is reserved. The operation could not be completed as specified.
Task Name: _unnamedTask<0>

Status Code: -50103
2025-06-03 10:42:02,496-INFO- Write request detected
2025-06-03 10:42:02,497-INFO- Symbol to write: BD_Update_Cmd
2025-06-03 10:42:04,108-INFO- Temperature: 39.937137
2025-06-03 10:42:06,115-INFO- Elapsed time: 18.270964
2025-06-03 10:42:06,224-INFO- Write request detected
2025-06-03 10:42:06,224-INFO- Symbol to write: BD_Target_Speed
2025-06-03 10:42:07,475-INFO- Write request detected
2025-06-03 10:42:07,475-INFO- Symbol to write: BD_Target_Accel
2025-06-03 10:42:08,574-WARNING- NIDAQMX read error: The specified resource is reserved. The operation could not be completed as specified.
Task Name: _unnamedTask<0>

Status Code: -50103
2025-06-03 10:42:08,574-WARNING- PyVISA request error: The specified resource is reserved. The operation could not be completed as specified.
Task Name: _unnamedTask<0>

Status Code: -50103
2025-06-03 10:42:09,848-WARNING- NIDAQMX read error: The specified resource is reserved. The operation could not be completed as specified.
Task Name: _unnamedTask<0>

Status Code: -50103
2025-06-03 10:42:09,848-WARNING- PyVISA request error: The specified resource is reserved. The operation could not be completed as specified.
Task Name: _unnamedTask<0>

Status Code: -50103
2025-06-03 10:42:10,581-INFO- Write request detected
2025-06-03 10:42:10,581-INFO- Symbol to write: BD_Update_Cmd
2025-06-03 10:42:12,171-INFO- Temperature: 40.568155
2025-06-03 10:42:12,171-INFO- Target temperature reached
2025-06-03 10:42:12,586-INFO- Set torque request detected
2025-06-03 10:42:12,586-INFO- Value to set: 1.5
2025-06-03 10:42:13,444-INFO- Set torque request detected
2025-06-03 10:42:13,444-INFO- Value to set: 1.125
2025-06-03 10:42:14,302-INFO- Set torque request detected
2025-06-03 10:42:14,302-INFO- Value to set: 0.75
2025-06-03 10:42:15,881-INFO- Set torque request detected
2025-06-03 10:42:15,881-INFO- Value to set: 0.375
2025-06-03 10:42:16,220-WARNING- Read request error: Request error:  Checksum error
2025-06-03 10:42:16,221-WARNING- Discarding the packet
2025-06-03 10:42:16,740-INFO- Set torque request detected
2025-06-03 10:42:16,740-INFO- Value to set: 0.0
2025-06-03 10:42:17,336-INFO- Write request detected
2025-06-03 10:42:17,336-INFO- Symbol to write: BD_Target_Speed
2025-06-03 10:42:17,746-WARNING- NIDAQMX read error: The specified resource is reserved. The operation could not be completed as specified.
Task Name: _unnamedTask<0>

Status Code: -50103
2025-06-03 10:42:17,746-WARNING- PyVISA request error: The specified resource is reserved. The operation could not be completed as specified.
Task Name: _unnamedTask<0>

Status Code: -50103
2025-06-03 10:42:18,590-INFO- Write request detected
2025-06-03 10:42:18,590-INFO- Symbol to write: BD_Target_Accel
2025-06-03 10:42:21,682-INFO- Write request detected
2025-06-03 10:42:21,682-INFO- Symbol to write: BD_Update_Cmd
2025-06-03 10:42:23,244-INFO- Current speed: 514.723165
2025-06-03 10:42:23,245-INFO- Speed error: 514.723165
2025-06-03 10:42:23,574-WARNING- NIDAQMX read error: The specified resource is reserved. The operation could not be completed as specified.
Task Name: _unnamedTask<0>

Status Code: -50103
2025-06-03 10:42:23,574-WARNING- PyVISA request error: The specified resource is reserved. The operation could not be completed as specified.
Task Name: _unnamedTask<0>

Status Code: -50103
2025-06-03 10:42:24,839-WARNING- NIDAQMX read error: The specified resource is reserved. The operation could not be completed as specified.
Task Name: _unnamedTask<0>

Status Code: -50103
2025-06-03 10:42:24,839-WARNING- PyVISA request error: The specified resource is reserved. The operation could not be completed as specified.
Task Name: _unnamedTask<0>

Status Code: -50103
2025-06-03 10:42:25,262-INFO- Current speed: 0.000000
2025-06-03 10:42:25,262-INFO- Speed error: 0.000000
2025-06-03 10:42:27,101-WARNING- DSP6000 Get Data error: VI_ERROR_TMO (-1073807339): Timeout expired before operation completed. with timeout = 1000
2025-06-03 10:42:27,102-WARNING- PyVISA request error: VI_ERROR_TMO (-1073807339): Timeout expired before operation completed.
2025-06-03 10:42:29,270-INFO- Target speed: 16300.000000
2025-06-03 10:42:29,727-INFO- Write request detected
2025-06-03 10:42:29,727-INFO- Symbol to write: BD_Target_Speed
2025-06-03 10:42:30,362-INFO- Write request detected
2025-06-03 10:42:30,362-INFO- Symbol to write: BD_Target_Accel
2025-06-03 10:42:30,901-WARNING- Read request error: Request error:  b'\x10' is not a valid EnumPktBytes
2025-06-03 10:42:30,901-WARNING- Discarding the packet
2025-06-03 10:42:33,893-INFO- Write request detected
2025-06-03 10:42:33,893-INFO- Symbol to write: BD_Update_Cmd
2025-06-03 10:42:33,981-WARNING- Read request error: Request error:  Checksum error
2025-06-03 10:42:33,981-WARNING- Discarding the packet
2025-06-03 10:42:35,421-INFO- Current speed: 0.056743
2025-06-03 10:42:35,421-INFO- Speed error: 16299.943257
2025-06-03 10:42:35,814-WARNING- NIDAQMX read error: The specified resource is reserved. The operation could not be completed as specified.
Task Name: _unnamedTask<0>

Status Code: -50103
2025-06-03 10:42:35,814-WARNING- PyVISA request error: The specified resource is reserved. The operation could not be completed as specified.
Task Name: _unnamedTask<0>

Status Code: -50103
2025-06-03 10:42:36,418-WARNING- Read request error: Request error:  Checksum error
2025-06-03 10:42:36,418-WARNING- Discarding the packet
2025-06-03 10:42:37,078-WARNING- NIDAQMX read error: The specified resource is reserved. The operation could not be completed as specified.
Task Name: _unnamedTask<0>

Status Code: -50103
2025-06-03 10:42:37,078-WARNING- PyVISA request error: The specified resource is reserved. The operation could not be completed as specified.
Task Name: _unnamedTask<0>

Status Code: -50103
2025-06-03 10:42:37,430-INFO- Current speed: 210.532767
2025-06-03 10:42:37,430-INFO- Speed error: 16089.467233
2025-06-03 10:42:39,508-INFO- Current speed: 1466.290877
2025-06-03 10:42:39,509-INFO- Speed error: 14833.709123
2025-06-03 10:42:41,527-INFO- Current speed: 2389.244759
2025-06-03 10:42:41,527-INFO- Speed error: 13910.755241
2025-06-03 10:42:42,835-WARNING- NIDAQMX read error: The specified resource is reserved. The operation could not be completed as specified.
Task Name: _unnamedTask<0>

Status Code: -50103
2025-06-03 10:42:42,836-WARNING- PyVISA request error: The specified resource is reserved. The operation could not be completed as specified.
Task Name: _unnamedTask<0>

Status Code: -50103
2025-06-03 10:42:43,543-INFO- Current speed: 3311.146027
2025-06-03 10:42:43,543-INFO- Speed error: 12988.853973
2025-06-03 10:42:44,111-WARNING- NIDAQMX read error: The specified resource is reserved. The operation could not be completed as specified.
Task Name: _unnamedTask<0>

Status Code: -50103
2025-06-03 10:42:44,111-WARNING- PyVISA request error: The specified resource is reserved. The operation could not be completed as specified.
Task Name: _unnamedTask<0>

Status Code: -50103
2025-06-03 10:42:45,552-INFO- Current speed: 4236.581800
2025-06-03 10:42:45,552-INFO- Speed error: 12063.418200
2025-06-03 10:42:45,597-WARNING- Read request error: Request error:  b'>' is not a valid EnumPktBytes
2025-06-03 10:42:45,598-WARNING- Discarding the packet
2025-06-03 10:42:47,564-INFO- Current speed: 5421.613719
2025-06-03 10:42:47,564-INFO- Speed error: 10878.386281
2025-06-03 10:42:49,576-INFO- Current speed: 6363.808262
2025-06-03 10:42:49,576-INFO- Speed error: 9936.191738
2025-06-03 10:42:51,076-WARNING- NIDAQMX read error: The specified resource is reserved. The operation could not be completed as specified.
Task Name: _unnamedTask<0>

Status Code: -50103
2025-06-03 10:42:51,076-WARNING- PyVISA request error: The specified resource is reserved. The operation could not be completed as specified.
Task Name: _unnamedTask<0>

Status Code: -50103
2025-06-03 10:42:51,592-INFO- Current speed: 7290.456057
2025-06-03 10:42:51,592-INFO- Speed error: 9009.543943
2025-06-03 10:42:53,659-INFO- Current speed: 8515.747260
2025-06-03 10:42:53,659-INFO- Speed error: 7784.252740
2025-06-03 10:42:55,679-INFO- Current speed: 9445.904934
2025-06-03 10:42:55,680-INFO- Speed error: 6854.095066
2025-06-03 10:42:57,696-INFO- Current speed: 10387.639031
2025-06-03 10:42:57,697-INFO- Speed error: 5912.360969
2025-06-03 10:42:59,709-INFO- Current speed: 11302.864272
2025-06-03 10:42:59,709-INFO- Speed error: 4997.135728
2025-06-03 10:43:01,725-INFO- Current speed: 12567.391871
2025-06-03 10:43:01,725-INFO- Speed error: 3732.608129
2025-06-03 10:43:02,071-WARNING- NIDAQMX read error: The specified resource is reserved. The operation could not be completed as specified.
Task Name: _unnamedTask<0>

Status Code: -50103
2025-06-03 10:43:02,072-WARNING- PyVISA request error: The specified resource is reserved. The operation could not be completed as specified.
Task Name: _unnamedTask<0>

Status Code: -50103
2025-06-03 10:43:03,338-WARNING- NIDAQMX read error: The specified resource is reserved. The operation could not be completed as specified.
Task Name: _unnamedTask<0>

Status Code: -50103
2025-06-03 10:43:03,338-WARNING- PyVISA request error: The specified resource is reserved. The operation could not be completed as specified.
Task Name: _unnamedTask<0>

Status Code: -50103
2025-06-03 10:43:03,733-INFO- Current speed: 13497.220821
2025-06-03 10:43:03,734-INFO- Speed error: 2802.779179
2025-06-03 10:43:05,741-INFO- Current speed: 14385.341540
2025-06-03 10:43:05,741-INFO- Speed error: 1914.658460
2025-06-03 10:43:07,795-INFO- Current speed: 15617.416451
2025-06-03 10:43:07,795-INFO- Speed error: 682.583549
2025-06-03 10:43:09,068-WARNING- NIDAQMX read error: The specified resource is reserved. The operation could not be completed as specified.
Task Name: _unnamedTask<0>

Status Code: -50103
2025-06-03 10:43:09,069-WARNING- PyVISA request error: The specified resource is reserved. The operation could not be completed as specified.
Task Name: _unnamedTask<0>

Status Code: -50103
2025-06-03 10:43:09,808-INFO- Starting the measures
2025-06-03 10:43:10,328-WARNING- NIDAQMX read error: The specified resource is reserved. The operation could not be completed as specified.
Task Name: _unnamedTask<0>

Status Code: -50103
2025-06-03 10:43:10,328-WARNING- PyVISA request error: The specified resource is reserved. The operation could not be completed as specified.
Task Name: _unnamedTask<0>

Status Code: -50103
2025-06-03 10:43:12,826-INFO- Applying torque value: 0.180000
2025-06-03 10:43:12,826-INFO- Elapsed Time [Secs]: 0.000001
2025-06-03 10:43:12,827-INFO- Measured Temperature [C]: 40.573976
2025-06-03 10:43:12,833-INFO- Estimated ClassA Temperature [C]: 71.460266
2025-06-03 10:43:12,839-INFO- Estimated ClassB Temperature [C]: 42.410477
2025-06-03 10:43:13,066-INFO- Set torque request detected
2025-06-03 10:43:13,066-INFO- Value to set: 0.18
2025-06-03 10:43:16,166-WARNING- NIDAQMX read error: The specified resource is reserved. The operation could not be completed as specified.
Task Name: _unnamedTask<0>

Status Code: -50103
2025-06-03 10:43:16,166-WARNING- PyVISA request error: The specified resource is reserved. The operation could not be completed as specified.
Task Name: _unnamedTask<0>

Status Code: -50103
2025-06-03 10:43:17,445-WARNING- NIDAQMX read error: The specified resource is reserved. The operation could not be completed as specified.
Task Name: _unnamedTask<0>

Status Code: -50103
2025-06-03 10:43:17,445-WARNING- PyVISA request error: The specified resource is reserved. The operation could not be completed as specified.
Task Name: _unnamedTask<0>

Status Code: -50103
2025-06-03 10:43:18,940-INFO- Motor Shaft Power [W]: 307.152488
2025-06-03 10:43:18,941-INFO- Read speed is: 16294.945571741338
2025-06-03 10:43:18,941-INFO- Applying torque value: 0.197000
2025-06-03 10:43:18,941-INFO- Elapsed Time [Secs]: 6.114924
2025-06-03 10:43:18,942-INFO- Measured Temperature [C]: 41.018848
2025-06-03 10:43:18,948-INFO- Estimated ClassA Temperature [C]: 71.867157
2025-06-03 10:43:18,955-INFO- Estimated ClassB Temperature [C]: 42.853176
2025-06-03 10:43:19,447-INFO- Set torque request detected
2025-06-03 10:43:19,448-INFO- Value to set: 0.197
2025-06-03 10:43:23,328-WARNING- NIDAQMX read error: The specified resource is reserved. The operation could not be completed as specified.
Task Name: _unnamedTask<0>

Status Code: -50103
2025-06-03 10:43:23,330-WARNING- PyVISA request error: The specified resource is reserved. The operation could not be completed as specified.
Task Name: _unnamedTask<0>

Status Code: -50103
2025-06-03 10:43:24,592-WARNING- NIDAQMX read error: The specified resource is reserved. The operation could not be completed as specified.
Task Name: _unnamedTask<0>

Status Code: -50103
2025-06-03 10:43:24,592-WARNING- PyVISA request error: The specified resource is reserved. The operation could not be completed as specified.
Task Name: _unnamedTask<0>

Status Code: -50103
2025-06-03 10:43:24,969-INFO- Motor Shaft Power [W]: 336.417011
2025-06-03 10:43:24,969-INFO- Read speed is: 16307.339141235627
2025-06-03 10:43:24,969-INFO- Applying torque value: 0.214000
2025-06-03 10:43:24,969-INFO- Elapsed Time [Secs]: 12.143126
2025-06-03 10:43:24,969-INFO- Measured Temperature [C]: 41.317768
2025-06-03 10:43:24,975-INFO- Estimated ClassA Temperature [C]: 72.177338
2025-06-03 10:43:24,983-INFO- Estimated ClassB Temperature [C]: 43.298309
2025-06-03 10:43:25,103-INFO- Set torque request detected
2025-06-03 10:43:25,103-INFO- Value to set: 0.21400000000000002
2025-06-03 10:43:25,233-WARNING- NIDAQMX read error: The specified resource is reserved. The operation could not be completed as specified.
Task Name: _unnamedTask<0>

Status Code: -50103
2025-06-03 10:43:25,233-WARNING- PyVISA request error: The specified resource is reserved. The operation could not be completed as specified.
Task Name: _unnamedTask<0>

Status Code: -50103
2025-06-03 10:43:26,501-WARNING- NIDAQMX read error: The specified resource is reserved. The operation could not be completed as specified.
Task Name: _unnamedTask<0>

Status Code: -50103
2025-06-03 10:43:26,501-WARNING- PyVISA request error: The specified resource is reserved. The operation could not be completed as specified.
Task Name: _unnamedTask<0>

Status Code: -50103
2025-06-03 10:43:31,001-INFO- Motor Shaft Power [W]: 365.320727
2025-06-03 10:43:31,001-INFO- Read speed is: 16301.663417959884
2025-06-03 10:43:31,002-INFO- Applying torque value: 0.231000
2025-06-03 10:43:31,002-INFO- Elapsed Time [Secs]: 18.175278
2025-06-03 10:43:31,047-INFO- Measured Temperature [C]: 41.781103
2025-06-03 10:43:31,055-INFO- Estimated ClassA Temperature [C]: 72.485565
2025-06-03 10:43:31,061-INFO- Estimated ClassB Temperature [C]: 43.741150
2025-06-03 10:43:31,558-INFO- Set torque request detected
2025-06-03 10:43:31,558-INFO- Value to set: 0.23100000000000004
2025-06-03 10:43:32,444-WARNING- NIDAQMX read error: The specified resource is reserved. The operation could not be completed as specified.
Task Name: _unnamedTask<0>

Status Code: -50103
2025-06-03 10:43:32,444-WARNING- PyVISA request error: The specified resource is reserved. The operation could not be completed as specified.
Task Name: _unnamedTask<0>

Status Code: -50103
2025-06-03 10:43:33,703-WARNING- NIDAQMX read error: The specified resource is reserved. The operation could not be completed as specified.
Task Name: _unnamedTask<0>

Status Code: -50103
2025-06-03 10:43:33,704-WARNING- PyVISA request error: The specified resource is reserved. The operation could not be completed as specified.
Task Name: _unnamedTask<0>

Status Code: -50103
2025-06-03 10:43:37,073-INFO- Motor Shaft Power [W]: 394.446881
2025-06-03 10:43:37,074-INFO- Read speed is: 16306.018419430036
2025-06-03 10:43:37,074-INFO- Applying torque value: 0.248000
2025-06-03 10:43:37,074-INFO- Elapsed Time [Secs]: 24.247379
2025-06-03 10:43:37,168-INFO- Measured Temperature [C]: 42.201034
2025-06-03 10:43:37,175-INFO- Estimated ClassA Temperature [C]: 72.786224
2025-06-03 10:43:37,183-INFO- Estimated ClassB Temperature [C]: 44.185513
2025-06-03 10:43:37,676-INFO- Set torque request detected
2025-06-03 10:43:37,677-INFO- Value to set: 0.24800000000000005
2025-06-03 10:43:39,327-WARNING- NIDAQMX read error: The specified resource is reserved. The operation could not be completed as specified.
Task Name: _unnamedTask<0>

Status Code: -50103
2025-06-03 10:43:39,327-WARNING- PyVISA request error: The specified resource is reserved. The operation could not be completed as specified.
Task Name: _unnamedTask<0>

Status Code: -50103
2025-06-03 10:43:40,590-WARNING- NIDAQMX read error: The specified resource is reserved. The operation could not be completed as specified.
Task Name: _unnamedTask<0>

Status Code: -50103
2025-06-03 10:43:40,591-WARNING- PyVISA request error: The specified resource is reserved. The operation could not be completed as specified.
Task Name: _unnamedTask<0>

Status Code: -50103
2025-06-03 10:43:43,198-INFO- Motor Shaft Power [W]: 423.532868
2025-06-03 10:43:43,198-INFO- Read speed is: 16308.229725048044
2025-06-03 10:43:43,198-INFO- Applying torque value: 0.265000
2025-06-03 10:43:43,198-INFO- Elapsed Time [Secs]: 30.372272
2025-06-03 10:43:43,198-INFO- Measured Temperature [C]: 42.561801
2025-06-03 10:43:43,203-INFO- Estimated ClassA Temperature [C]: 73.097321
2025-06-03 10:43:43,208-INFO- Estimated ClassB Temperature [C]: 44.631168
2025-06-03 10:43:43,318-INFO- Set torque request detected
2025-06-03 10:43:43,318-INFO- Value to set: 0.26500000000000007
2025-06-03 10:43:46,427-WARNING- NIDAQMX read error: The specified resource is reserved. The operation could not be completed as specified.
Task Name: _unnamedTask<0>

Status Code: -50103
2025-06-03 10:43:46,427-WARNING- PyVISA request error: The specified resource is reserved. The operation could not be completed as specified.
Task Name: _unnamedTask<0>

Status Code: -50103
2025-06-03 10:43:47,694-WARNING- NIDAQMX read error: The specified resource is reserved. The operation could not be completed as specified.
Task Name: _unnamedTask<0>

Status Code: -50103
2025-06-03 10:43:47,694-WARNING- PyVISA request error: The specified resource is reserved. The operation could not be completed as specified.
Task Name: _unnamedTask<0>

Status Code: -50103
2025-06-03 10:43:49,226-INFO- Motor Shaft Power [W]: 452.441500
2025-06-03 10:43:49,227-INFO- Read speed is: 16303.766314815386
2025-06-03 10:43:49,227-INFO- Applying torque value: 0.282000
2025-06-03 10:43:49,227-INFO- Elapsed Time [Secs]: 36.401179
2025-06-03 10:43:49,227-INFO- Measured Temperature [C]: 42.955879
2025-06-03 10:43:49,233-INFO- Estimated ClassA Temperature [C]: 73.408234
2025-06-03 10:43:49,240-INFO- Estimated ClassB Temperature [C]: 45.076355
2025-06-03 10:43:49,688-INFO- Set torque request detected
2025-06-03 10:43:49,688-INFO- Value to set: 0.2820000000000001
2025-06-03 10:43:53,572-WARNING- NIDAQMX read error: The specified resource is reserved. The operation could not be completed as specified.
Task Name: _unnamedTask<0>

Status Code: -50103
2025-06-03 10:43:53,573-WARNING- PyVISA request error: The specified resource is reserved. The operation could not be completed as specified.
Task Name: _unnamedTask<0>

Status Code: -50103
2025-06-03 10:43:54,857-WARNING- NIDAQMX read error: The specified resource is reserved. The operation could not be completed as specified.
Task Name: _unnamedTask<0>

Status Code: -50103
2025-06-03 10:43:54,857-WARNING- PyVISA request error: The specified resource is reserved. The operation could not be completed as specified.
Task Name: _unnamedTask<0>

Status Code: -50103
2025-06-03 10:43:55,249-INFO- Motor Shaft Power [W]: 481.081088
2025-06-03 10:43:55,249-INFO- Read speed is: 16290.730452545391
2025-06-03 10:43:55,250-INFO- Applying torque value: 0.299000
2025-06-03 10:43:55,250-INFO- Elapsed Time [Secs]: 42.423886
2025-06-03 10:43:55,250-INFO- Measured Temperature [C]: 43.282311
2025-06-03 10:43:55,256-INFO- Estimated ClassA Temperature [C]: 73.701843
2025-06-03 10:43:55,262-INFO- Estimated ClassB Temperature [C]: 45.524132
2025-06-03 10:43:55,365-INFO- Set torque request detected
2025-06-03 10:43:55,365-INFO- Value to set: 0.2990000000000001
2025-06-03 10:43:55,521-WARNING- NIDAQMX read error: The specified resource is reserved. The operation could not be completed as specified.
Task Name: _unnamedTask<0>

Status Code: -50103
2025-06-03 10:43:55,522-WARNING- PyVISA request error: The specified resource is reserved. The operation could not be completed as specified.
Task Name: _unnamedTask<0>

Status Code: -50103
2025-06-03 10:43:56,834-WARNING- NIDAQMX read error: The specified resource is reserved. The operation could not be completed as specified.
Task Name: _unnamedTask<0>

Status Code: -50103
2025-06-03 10:43:56,834-WARNING- PyVISA request error: The specified resource is reserved. The operation could not be completed as specified.
Task Name: _unnamedTask<0>

Status Code: -50103
2025-06-03 10:44:01,269-INFO- Motor Shaft Power [W]: 510.409863
2025-06-03 10:44:01,269-INFO- Read speed is: 16301.187818227598
2025-06-03 10:44:01,270-INFO- Applying torque value: 0.316000
2025-06-03 10:44:01,270-INFO- Elapsed Time [Secs]: 48.443236
2025-06-03 10:44:01,294-INFO- Measured Temperature [C]: 43.747127
2025-06-03 10:44:01,299-INFO- Estimated ClassA Temperature [C]: 74.034851
2025-06-03 10:44:01,305-INFO- Estimated ClassB Temperature [C]: 45.973415
2025-06-03 10:44:01,795-INFO- Set torque request detected
2025-06-03 10:44:01,795-INFO- Value to set: 0.3160000000000001
2025-06-03 10:44:02,661-WARNING- NIDAQMX read error: The specified resource is reserved. The operation could not be completed as specified.
Task Name: _unnamedTask<0>

Status Code: -50103
2025-06-03 10:44:02,661-WARNING- PyVISA request error: The specified resource is reserved. The operation could not be completed as specified.
Task Name: _unnamedTask<0>

Status Code: -50103
2025-06-03 10:44:03,938-WARNING- NIDAQMX read error: The specified resource is reserved. The operation could not be completed as specified.
Task Name: _unnamedTask<0>

Status Code: -50103
2025-06-03 10:44:03,938-WARNING- PyVISA request error: The specified resource is reserved. The operation could not be completed as specified.
Task Name: _unnamedTask<0>

Status Code: -50103
2025-06-03 10:44:07,321-INFO- Motor Shaft Power [W]: 539.295313
2025-06-03 10:44:07,322-INFO- Read speed is: 16297.123072476417
2025-06-03 10:44:07,322-INFO- Applying torque value: 0.333000
2025-06-03 10:44:07,322-INFO- Elapsed Time [Secs]: 54.495441
2025-06-03 10:44:07,322-INFO- Measured Temperature [C]: 44.108558
2025-06-03 10:44:07,326-INFO- Estimated ClassA Temperature [C]: 74.355316
2025-06-03 10:44:07,332-INFO- Estimated ClassB Temperature [C]: 46.422169
2025-06-03 10:44:07,412-INFO- Set torque request detected
2025-06-03 10:44:07,412-INFO- Value to set: 0.33300000000000013
2025-06-03 10:44:09,834-WARNING- NIDAQMX read error: The specified resource is reserved. The operation could not be completed as specified.
Task Name: _unnamedTask<0>

Status Code: -50103
2025-06-03 10:44:09,834-WARNING- PyVISA request error: The specified resource is reserved. The operation could not be completed as specified.
Task Name: _unnamedTask<0>

Status Code: -50103
2025-06-03 10:44:11,835-WARNING- NIDAQMX read error: The specified resource is reserved. The operation could not be completed as specified.
Task Name: _unnamedTask<0>

Status Code: -50103
2025-06-03 10:44:11,836-WARNING- PyVISA request error: The specified resource is reserved. The operation could not be completed as specified.
Task Name: _unnamedTask<0>

Status Code: -50103
2025-06-03 10:44:13,103-WARNING- NIDAQMX read error: The specified resource is reserved. The operation could not be completed as specified.
Task Name: _unnamedTask<0>

Status Code: -50103
2025-06-03 10:44:13,103-WARNING- PyVISA request error: The specified resource is reserved. The operation could not be completed as specified.
Task Name: _unnamedTask<0>

Status Code: -50103
2025-06-03 10:44:13,338-INFO- Motor Shaft Power [W]: 568.318117
2025-06-03 10:44:13,338-INFO- Read speed is: 16297.412162509765
2025-06-03 10:44:13,339-INFO- Applying torque value: 0.350000
2025-06-03 10:44:13,339-INFO- Elapsed Time [Secs]: 60.512435
2025-06-03 10:44:13,339-INFO- Measured Temperature [C]: 44.491110
2025-06-03 10:44:13,345-INFO- Estimated ClassA Temperature [C]: 74.761810
2025-06-03 10:44:13,351-INFO- Estimated ClassB Temperature [C]: 46.949818
2025-06-03 10:44:13,614-INFO- Set torque request detected
2025-06-03 10:44:13,614-INFO- Value to set: 0.35000000000000014
2025-06-03 10:44:13,745-WARNING- NIDAQMX read error: The specified resource is reserved. The operation could not be completed as specified.
Task Name: _unnamedTask<0>

Status Code: -50103
2025-06-03 10:44:13,745-WARNING- PyVISA request error: The specified resource is reserved. The operation could not be completed as specified.
Task Name: _unnamedTask<0>

Status Code: -50103
2025-06-03 10:44:15,057-WARNING- NIDAQMX read error: The specified resource is reserved. The operation could not be completed as specified.
Task Name: _unnamedTask<0>

Status Code: -50103
2025-06-03 10:44:15,057-WARNING- PyVISA request error: The specified resource is reserved. The operation could not be completed as specified.
Task Name: _unnamedTask<0>

Status Code: -50103
2025-06-03 10:44:19,462-INFO- Motor Shaft Power [W]: 597.625299
2025-06-03 10:44:19,462-INFO- Read speed is: 16305.432079564005
2025-06-03 10:44:19,462-INFO- Applying torque value: 0.367000
2025-06-03 10:44:19,463-INFO- Elapsed Time [Secs]: 66.636724
2025-06-03 10:44:19,542-INFO- Measured Temperature [C]: 44.999557
2025-06-03 10:44:19,548-INFO- Estimated ClassA Temperature [C]: 75.150177
2025-06-03 10:44:19,557-INFO- Estimated ClassB Temperature [C]: 47.407082
2025-06-03 10:44:20,045-INFO- Set torque request detected
2025-06-03 10:44:20,045-INFO- Value to set: 0.36700000000000016
2025-06-03 10:44:20,945-WARNING- NIDAQMX read error: The specified resource is reserved. The operation could not be completed as specified.
Task Name: _unnamedTask<0>

Status Code: -50103
2025-06-03 10:44:20,946-WARNING- PyVISA request error: The specified resource is reserved. The operation could not be completed as specified.
Task Name: _unnamedTask<0>

Status Code: -50103
2025-06-03 10:44:22,736-WARNING- NIDAQMX read error: The specified resource is reserved. The operation could not be completed as specified.
Task Name: _unnamedTask<0>

Status Code: -50103
2025-06-03 10:44:22,736-WARNING- PyVISA request error: The specified resource is reserved. The operation could not be completed as specified.
Task Name: _unnamedTask<0>

Status Code: -50103
2025-06-03 10:44:24,010-WARNING- NIDAQMX read error: The specified resource is reserved. The operation could not be completed as specified.
Task Name: _unnamedTask<0>

Status Code: -50103
2025-06-03 10:44:24,011-WARNING- PyVISA request error: The specified resource is reserved. The operation could not be completed as specified.
Task Name: _unnamedTask<0>

Status Code: -50103
2025-06-03 10:44:25,663-INFO- Motor Shaft Power [W]: 626.703034
2025-06-03 10:44:25,663-INFO- Read speed is: 16306.738813142176
2025-06-03 10:44:25,663-INFO- Applying torque value: 0.384000
2025-06-03 10:44:25,664-INFO- Elapsed Time [Secs]: 72.837839
2025-06-03 10:44:25,664-INFO- Measured Temperature [C]: 45.449816
2025-06-03 10:44:25,670-INFO- Estimated ClassA Temperature [C]: 75.577545
2025-06-03 10:44:25,677-INFO- Estimated ClassB Temperature [C]: 47.865551
2025-06-03 10:44:26,039-INFO- Set torque request detected
2025-06-03 10:44:26,039-INFO- Value to set: 0.3840000000000002
2025-06-03 10:44:29,897-WARNING- NIDAQMX read error: The specified resource is reserved. The operation could not be completed as specified.
Task Name: _unnamedTask<0>

Status Code: -50103
2025-06-03 10:44:29,898-WARNING- PyVISA request error: The specified resource is reserved. The operation could not be completed as specified.
Task Name: _unnamedTask<0>

Status Code: -50103
2025-06-03 10:44:31,150-WARNING- NIDAQMX read error: The specified resource is reserved. The operation could not be completed as specified.
Task Name: _unnamedTask<0>

Status Code: -50103
2025-06-03 10:44:31,150-WARNING- PyVISA request error: The specified resource is reserved. The operation could not be completed as specified.
Task Name: _unnamedTask<0>

Status Code: -50103
2025-06-03 10:44:31,697-INFO- Motor Shaft Power [W]: 655.212328
2025-06-03 10:44:31,697-INFO- Read speed is: 16293.793874350413
2025-06-03 10:44:31,698-INFO- Applying torque value: 0.401000
2025-06-03 10:44:31,698-INFO- Elapsed Time [Secs]: 78.871955
2025-06-03 10:44:31,894-INFO- Measured Temperature [C]: 45.900287
2025-06-03 10:44:31,902-INFO- Estimated ClassA Temperature [C]: 76.040375
2025-06-03 10:44:31,910-INFO- Estimated ClassB Temperature [C]: 48.331661
2025-06-03 10:44:32,395-INFO- Set torque request detected
2025-06-03 10:44:32,395-INFO- Value to set: 0.4010000000000002
2025-06-03 10:44:36,984-WARNING- NIDAQMX read error: The specified resource is reserved. The operation could not be completed as specified.
Task Name: _unnamedTask<0>

Status Code: -50103
2025-06-03 10:44:36,985-WARNING- PyVISA request error: The specified resource is reserved. The operation could not be completed as specified.
Task Name: _unnamedTask<0>

Status Code: -50103
2025-06-03 10:44:37,917-INFO- Motor Shaft Power [W]: 684.836239
2025-06-03 10:44:37,917-INFO- Read speed is: 16308.489672940937
2025-06-03 10:44:37,918-INFO- Applying torque value: 0.418000
2025-06-03 10:44:37,918-INFO- Elapsed Time [Secs]: 85.091326
2025-06-03 10:44:37,918-INFO- Measured Temperature [C]: 46.335755
2025-06-03 10:44:37,924-INFO- Estimated ClassA Temperature [C]: 76.478271
2025-06-03 10:44:37,930-INFO- Estimated ClassB Temperature [C]: 48.806705
2025-06-03 10:44:38,238-INFO- Set torque request detected
2025-06-03 10:44:38,238-INFO- Value to set: 0.4180000000000002
2025-06-03 10:44:39,113-WARNING- NIDAQMX read error: The specified resource is reserved. The operation could not be completed as specified.
Task Name: _unnamedTask<0>

Status Code: -50103
2025-06-03 10:44:39,113-WARNING- PyVISA request error: The specified resource is reserved. The operation could not be completed as specified.
Task Name: _unnamedTask<0>

Status Code: -50103
2025-06-03 10:44:41,126-WARNING- NIDAQMX read error: The specified resource is reserved. The operation could not be completed as specified.
Task Name: _unnamedTask<0>

Status Code: -50103
2025-06-03 10:44:41,127-WARNING- PyVISA request error: The specified resource is reserved. The operation could not be completed as specified.
Task Name: _unnamedTask<0>

Status Code: -50103
2025-06-03 10:44:43,139-WARNING- NIDAQMX read error: The specified resource is reserved. The operation could not be completed as specified.
Task Name: _unnamedTask<0>

Status Code: -50103
2025-06-03 10:44:43,139-WARNING- PyVISA request error: The specified resource is reserved. The operation could not be completed as specified.
Task Name: _unnamedTask<0>

Status Code: -50103
2025-06-03 10:44:43,946-INFO- Motor Shaft Power [W]: 713.844654
2025-06-03 10:44:43,946-INFO- Read speed is: 16307.928978158508
2025-06-03 10:44:43,946-INFO- Applying torque value: 0.435000
2025-06-03 10:44:43,946-INFO- Elapsed Time [Secs]: 91.120399
2025-06-03 10:44:43,946-INFO- Measured Temperature [C]: 46.878262
2025-06-03 10:44:43,950-INFO- Estimated ClassA Temperature [C]: 77.047821
2025-06-03 10:44:43,957-INFO- Estimated ClassB Temperature [C]: 49.294640
2025-06-03 10:44:44,383-INFO- Set torque request detected
2025-06-03 10:44:44,383-INFO- Value to set: 0.4350000000000002
2025-06-03 10:44:45,258-WARNING- NIDAQMX read error: The specified resource is reserved. The operation could not be completed as specified.
Task Name: _unnamedTask<0>

Status Code: -50103
2025-06-03 10:44:45,259-WARNING- PyVISA request error: The specified resource is reserved. The operation could not be completed as specified.
Task Name: _unnamedTask<0>

Status Code: -50103
2025-06-03 10:44:49,965-INFO- Motor Shaft Power [W]: 742.376406
2025-06-03 10:44:49,966-INFO- Read speed is: 16296.948219633661
2025-06-03 10:44:49,966-INFO- Applying torque value: 0.452000
2025-06-03 10:44:49,966-INFO- Elapsed Time [Secs]: 97.139331
2025-06-03 10:44:49,966-INFO- Measured Temperature [C]: 47.502890
2025-06-03 10:44:49,972-INFO- Estimated ClassA Temperature [C]: 77.948517
2025-06-03 10:44:49,978-INFO- Estimated ClassB Temperature [C]: 49.813030
2025-06-03 10:44:50,286-INFO- Set torque request detected
2025-06-03 10:44:50,286-INFO- Value to set: 0.45200000000000023
2025-06-03 10:44:51,150-WARNING- NIDAQMX read error: The specified resource is reserved. The operation could not be completed as specified.
Task Name: _unnamedTask<0>

Status Code: -50103
2025-06-03 10:44:51,151-WARNING- PyVISA request error: The specified resource is reserved. The operation could not be completed as specified.
Task Name: _unnamedTask<0>

Status Code: -50103
2025-06-03 10:44:52,412-WARNING- NIDAQMX read error: The specified resource is reserved. The operation could not be completed as specified.
Task Name: _unnamedTask<0>

Status Code: -50103
2025-06-03 10:44:52,412-WARNING- PyVISA request error: The specified resource is reserved. The operation could not be completed as specified.
Task Name: _unnamedTask<0>

Status Code: -50103
2025-06-03 10:44:55,991-INFO- Motor Shaft Power [W]: 771.067418
2025-06-03 10:44:55,991-INFO- Read speed is: 16290.158100906781
2025-06-03 10:44:55,991-INFO- Applying torque value: 0.469000
2025-06-03 10:44:55,991-INFO- Elapsed Time [Secs]: 103.165076
2025-06-03 10:44:56,094-INFO- Measured Temperature [C]: 48.263423
2025-06-03 10:44:56,100-INFO- Estimated ClassA Temperature [C]: 78.808380
2025-06-03 10:44:56,109-INFO- Estimated ClassB Temperature [C]: 50.354107
2025-06-03 10:44:56,595-INFO- Set torque request detected
2025-06-03 10:44:56,595-INFO- Value to set: 0.46900000000000025
2025-06-03 10:44:58,223-WARNING- NIDAQMX read error: The specified resource is reserved. The operation could not be completed as specified.
Task Name: _unnamedTask<0>

Status Code: -50103
2025-06-03 10:44:58,223-WARNING- PyVISA request error: The specified resource is reserved. The operation could not be completed as specified.
Task Name: _unnamedTask<0>

Status Code: -50103
2025-06-03 10:44:59,478-WARNING- NIDAQMX read error: The specified resource is reserved. The operation could not be completed as specified.
Task Name: _unnamedTask<0>

Status Code: -50103
2025-06-03 10:44:59,478-WARNING- PyVISA request error: The specified resource is reserved. The operation could not be completed as specified.
Task Name: _unnamedTask<0>

Status Code: -50103
2025-06-03 10:45:02,120-INFO- Motor Shaft Power [W]: 787.932309
2025-06-03 10:45:02,120-INFO- Read speed is: 16043.068886070996
2025-06-03 10:45:02,120-INFO- Applying torque value: 0.486000
2025-06-03 10:45:02,120-INFO- Elapsed Time [Secs]: 109.293339
2025-06-03 10:45:02,120-INFO- Measured Temperature [C]: 48.895190
2025-06-03 10:45:02,124-INFO- Estimated ClassA Temperature [C]: 79.635559
2025-06-03 10:45:02,130-INFO- Estimated ClassB Temperature [C]: 50.906811
2025-06-03 10:45:02,210-INFO- Set torque request detected
2025-06-03 10:45:02,210-INFO- Value to set: 0.48600000000000027
2025-06-03 10:45:05,320-WARNING- NIDAQMX read error: The specified resource is reserved. The operation could not be completed as specified.
Task Name: _unnamedTask<0>

Status Code: -50103
2025-06-03 10:45:05,321-WARNING- PyVISA request error: The specified resource is reserved. The operation could not be completed as specified.
Task Name: _unnamedTask<0>

Status Code: -50103
2025-06-03 10:45:06,587-WARNING- NIDAQMX read error: The specified resource is reserved. The operation could not be completed as specified.
Task Name: _unnamedTask<0>

Status Code: -50103
2025-06-03 10:45:06,587-WARNING- PyVISA request error: The specified resource is reserved. The operation could not be completed as specified.
Task Name: _unnamedTask<0>

Status Code: -50103
2025-06-03 10:45:08,234-INFO- Motor Shaft Power [W]: 787.446068
2025-06-03 10:45:08,234-INFO- Read speed is: 15472.337550471217
2025-06-03 10:45:08,235-INFO- Applying torque value: 0.503000
2025-06-03 10:45:08,235-INFO- Elapsed Time [Secs]: 115.407676
2025-06-03 10:45:08,235-INFO- Measured Temperature [C]: 49.689821
2025-06-03 10:45:08,239-INFO- Estimated ClassA Temperature [C]: 80.350586
2025-06-03 10:45:08,245-INFO- Estimated ClassB Temperature [C]: 51.541782
2025-06-03 10:45:08,585-INFO- Set torque request detected
2025-06-03 10:45:08,585-INFO- Value to set: 0.5030000000000002
2025-06-03 10:45:14,324-INFO- Motor Shaft Power [W]: 783.582880
2025-06-03 10:45:14,325-INFO- Read speed is: 14876.074202772747
2025-06-03 10:45:14,325-INFO- Applying torque value: 0.520000
2025-06-03 10:45:14,325-INFO- Elapsed Time [Secs]: 121.498521
2025-06-03 10:45:14,533-INFO- Measured Temperature [C]: 50.470633
2025-06-03 10:45:14,540-INFO- Estimated ClassA Temperature [C]: 80.956390
2025-06-03 10:45:14,546-INFO- Estimated ClassB Temperature [C]: 52.065693
2025-06-03 10:45:15,040-INFO- Set torque request detected
2025-06-03 10:45:15,040-INFO- Value to set: 0.5200000000000002
2025-06-03 10:45:17,416-WARNING- NIDAQMX read error: The specified resource is reserved. The operation could not be completed as specified.
Task Name: _unnamedTask<0>

Status Code: -50103
2025-06-03 10:45:17,416-WARNING- PyVISA request error: The specified resource is reserved. The operation could not be completed as specified.
Task Name: _unnamedTask<0>

Status Code: -50103
2025-06-03 10:45:18,688-WARNING- NIDAQMX read error: The specified resource is reserved. The operation could not be completed as specified.
Task Name: _unnamedTask<0>

Status Code: -50103
2025-06-03 10:45:18,688-WARNING- PyVISA request error: The specified resource is reserved. The operation could not be completed as specified.
Task Name: _unnamedTask<0>

Status Code: -50103
2025-06-03 10:45:20,556-INFO- Motor Shaft Power [W]: 781.524263
2025-06-03 10:45:20,556-INFO- Read speed is: 14351.936487023992
2025-06-03 10:45:20,663-INFO- Set torque request detected
2025-06-03 10:45:20,663-INFO- Value to set: 0.5370000000000003
2025-06-03 10:45:23,050-INFO- Set torque request detected
2025-06-03 10:45:23,050-INFO- Value to set: 0.40275000000000016
2025-06-03 10:45:24,650-INFO- Set torque request detected
2025-06-03 10:45:24,650-INFO- Value to set: 0.2685000000000001
2025-06-03 10:45:25,561-WARNING- NIDAQMX read error: The specified resource is reserved. The operation could not be completed as specified.
Task Name: _unnamedTask<0>

Status Code: -50103
2025-06-03 10:45:25,561-WARNING- PyVISA request error: The specified resource is reserved. The operation could not be completed as specified.
Task Name: _unnamedTask<0>

Status Code: -50103
2025-06-03 10:45:26,818-INFO- Set torque request detected
2025-06-03 10:45:26,818-INFO- Value to set: 0.1342500000000001
2025-06-03 10:45:27,682-WARNING- NIDAQMX read error: The specified resource is reserved. The operation could not be completed as specified.
Task Name: _unnamedTask<0>

Status Code: -50103
2025-06-03 10:45:27,682-WARNING- PyVISA request error: The specified resource is reserved. The operation could not be completed as specified.
Task Name: _unnamedTask<0>

Status Code: -50103
2025-06-03 10:45:28,915-INFO- Set torque request detected
2025-06-03 10:45:28,915-INFO- Value to set: 0.0
2025-06-03 10:45:30,885-INFO- Write request detected
2025-06-03 10:45:30,885-INFO- Symbol to write: BD_Target_Speed
2025-06-03 10:45:32,136-INFO- Write request detected
2025-06-03 10:45:32,136-INFO- Symbol to write: BD_Target_Accel
2025-06-03 10:45:33,653-WARNING- NIDAQMX read error: The specified resource is reserved. The operation could not be completed as specified.
Task Name: _unnamedTask<0>

Status Code: -50103
2025-06-03 10:45:33,653-WARNING- PyVISA request error: The specified resource is reserved. The operation could not be completed as specified.
Task Name: _unnamedTask<0>

Status Code: -50103
2025-06-03 10:45:34,634-INFO- Write request detected
2025-06-03 10:45:34,634-INFO- Symbol to write: BD_Update_Cmd
2025-06-03 10:45:34,919-WARNING- NIDAQMX read error: The specified resource is reserved. The operation could not be completed as specified.
Task Name: _unnamedTask<0>

Status Code: -50103
2025-06-03 10:45:34,919-WARNING- PyVISA request error: The specified resource is reserved. The operation could not be completed as specified.
Task Name: _unnamedTask<0>

Status Code: -50103
2025-06-03 10:45:36,659-INFO- Current speed: 15349.843809
2025-06-03 10:45:36,659-INFO- Speed error: 15349.843809
2025-06-03 10:45:38,671-INFO- Current speed: 14413.229403
2025-06-03 10:45:38,671-INFO- Speed error: 14413.229403
2025-06-03 10:45:40,600-WARNING- NIDAQMX read error: The specified resource is reserved. The operation could not be completed as specified.
Task Name: _unnamedTask<0>

Status Code: -50103
2025-06-03 10:45:40,600-WARNING- PyVISA request error: The specified resource is reserved. The operation could not be completed as specified.
Task Name: _unnamedTask<0>

Status Code: -50103
2025-06-03 10:45:40,682-INFO- Current speed: 13484.496197
2025-06-03 10:45:40,682-INFO- Speed error: 13484.496197
2025-06-03 10:45:41,858-WARNING- NIDAQMX read error: The specified resource is reserved. The operation could not be completed as specified.
Task Name: _unnamedTask<0>

Status Code: -50103
2025-06-03 10:45:41,858-WARNING- PyVISA request error: The specified resource is reserved. The operation could not be completed as specified.
Task Name: _unnamedTask<0>

Status Code: -50103
2025-06-03 10:45:42,705-INFO- Current speed: 12290.919219
2025-06-03 10:45:42,705-INFO- Speed error: 12290.919219
2025-06-03 10:45:44,715-INFO- Current speed: 11355.062508
2025-06-03 10:45:44,716-INFO- Speed error: 11355.062508
2025-06-03 10:45:46,733-INFO- Current speed: 10421.574471
2025-06-03 10:45:46,733-INFO- Speed error: 10421.574471
2025-06-03 10:45:47,575-WARNING- NIDAQMX read error: The specified resource is reserved. The operation could not be completed as specified.
Task Name: _unnamedTask<0>

Status Code: -50103
2025-06-03 10:45:47,576-WARNING- PyVISA request error: The specified resource is reserved. The operation could not be completed as specified.
Task Name: _unnamedTask<0>

Status Code: -50103
2025-06-03 10:45:48,742-INFO- Current speed: 9498.402169
2025-06-03 10:45:48,742-INFO- Speed error: 9498.402169
2025-06-03 10:45:48,853-WARNING- NIDAQMX read error: The specified resource is reserved. The operation could not be completed as specified.
Task Name: _unnamedTask<0>

Status Code: -50103
2025-06-03 10:45:48,854-WARNING- PyVISA request error: The specified resource is reserved. The operation could not be completed as specified.
Task Name: _unnamedTask<0>

Status Code: -50103
2025-06-03 10:45:50,763-INFO- Current speed: 8276.348074
2025-06-03 10:45:50,763-INFO- Speed error: 8276.348074
2025-06-03 10:45:52,780-INFO- Current speed: 7449.746413
2025-06-03 10:45:52,780-INFO- Speed error: 7449.746413
2025-06-03 10:45:54,796-INFO- Current speed: 6649.319641
2025-06-03 10:45:54,796-INFO- Speed error: 6649.319641
2025-06-03 10:45:55,074-WARNING- NIDAQMX read error: The specified resource is reserved. The operation could not be completed as specified.
Task Name: _unnamedTask<0>

Status Code: -50103
2025-06-03 10:45:55,074-WARNING- PyVISA request error: The specified resource is reserved. The operation could not be completed as specified.
Task Name: _unnamedTask<0>

Status Code: -50103
2025-06-03 10:45:56,808-INFO- Current speed: 5915.709968
2025-06-03 10:45:56,809-INFO- Speed error: 5915.709968
2025-06-03 10:45:58,827-INFO- Current speed: 5070.185733
2025-06-03 10:45:58,828-INFO- Speed error: 5070.185733
2025-06-03 10:46:00,833-WARNING- NIDAQMX read error: The specified resource is reserved. The operation could not be completed as specified.
Task Name: _unnamedTask<0>

Status Code: -50103
2025-06-03 10:46:00,833-WARNING- PyVISA request error: The specified resource is reserved. The operation could not be completed as specified.
Task Name: _unnamedTask<0>

Status Code: -50103
2025-06-03 10:46:00,849-INFO- Current speed: 4477.830929
2025-06-03 10:46:00,849-INFO- Speed error: 4477.830929
2025-06-03 10:46:02,101-WARNING- NIDAQMX read error: The specified resource is reserved. The operation could not be completed as specified.
Task Name: _unnamedTask<0>

Status Code: -50103
2025-06-03 10:46:02,101-WARNING- PyVISA request error: The specified resource is reserved. The operation could not be completed as specified.
Task Name: _unnamedTask<0>

Status Code: -50103
2025-06-03 10:46:02,869-INFO- Current speed: 3962.113252
2025-06-03 10:46:02,869-INFO- Speed error: 3962.113252
2025-06-03 10:46:04,982-INFO- Current speed: 3262.887808
2025-06-03 10:46:04,982-INFO- Speed error: 3262.887808
2025-06-03 10:46:07,001-INFO- Current speed: 2831.739748
2025-06-03 10:46:07,001-INFO- Speed error: 2831.739748
2025-06-03 10:46:07,833-WARNING- NIDAQMX read error: The specified resource is reserved. The operation could not be completed as specified.
Task Name: _unnamedTask<0>

Status Code: -50103
2025-06-03 10:46:07,833-WARNING- PyVISA request error: The specified resource is reserved. The operation could not be completed as specified.
Task Name: _unnamedTask<0>

Status Code: -50103
2025-06-03 10:46:09,013-INFO- Current speed: 2356.729125
2025-06-03 10:46:09,013-INFO- Speed error: 2356.729125
2025-06-03 10:46:09,101-WARNING- NIDAQMX read error: The specified resource is reserved. The operation could not be completed as specified.
Task Name: _unnamedTask<0>

Status Code: -50103
2025-06-03 10:46:09,101-WARNING- PyVISA request error: The specified resource is reserved. The operation could not be completed as specified.
Task Name: _unnamedTask<0>

Status Code: -50103
2025-06-03 10:46:11,033-INFO- Current speed: 1130.696107
2025-06-03 10:46:11,034-INFO- Speed error: 1130.696107
2025-06-03 10:46:13,047-INFO- Current speed: 0.000000
2025-06-03 10:46:13,047-INFO- Speed error: 0.000000
2025-06-03 10:46:15,054-INFO- Stop Acquisition
2025-06-03 10:46:15,542-INFO- Termination Request
2025-06-03 10:46:16,080-INFO- Termination Request
2025-06-03 10:46:16,101-INFO- Calculated offset for syncing: 0.839269
2025-06-03 10:46:18,321-INFO- Extracting acquisition with marker value: 1
2025-06-03 10:46:18,323-WARNING- Sub-acquisition too short!
2025-06-03 10:46:18,325-INFO- Extracting acquisition with marker value: 2
2025-06-03 10:46:18,327-WARNING- Sub-acquisition too short!
2025-06-03 10:46:18,328-INFO- Extracting acquisition with marker value: 3
2025-06-03 10:46:18,332-INFO- Extracting acquisition with marker value: 4
2025-06-03 10:46:18,334-WARNING- Sub-acquisition too short!
2025-06-03 10:46:18,336-INFO- Extracting acquisition with marker value: 5
2025-06-03 10:46:18,338-WARNING- Sub-acquisition too short!
2025-06-03 10:46:18,339-INFO- Extracting acquisition with marker value: 6
2025-06-03 10:46:18,341-WARNING- Sub-acquisition too short!
2025-06-03 10:46:18,343-INFO- Extracting acquisition with marker value: 7
2025-06-03 10:46:18,345-WARNING- Sub-acquisition too short!
2025-06-03 10:46:18,346-INFO- Extracting acquisition with marker value: 8
2025-06-03 10:46:18,350-INFO- Extracting acquisition with marker value: 9
2025-06-03 10:46:18,352-WARNING- Sub-acquisition too short!
2025-06-03 10:46:18,353-INFO- Extracting acquisition with marker value: 10
2025-06-03 10:46:18,355-WARNING- Sub-acquisition too short!
2025-06-03 10:46:18,357-INFO- Extracting acquisition with marker value: 11
2025-06-03 10:46:18,360-INFO- Extracting acquisition with marker value: 12
2025-06-03 10:46:18,363-WARNING- Sub-acquisition too short!
2025-06-03 10:46:18,364-INFO- Extracting acquisition with marker value: 13
2025-06-03 10:46:18,366-WARNING- Sub-acquisition too short!
2025-06-03 10:46:18,368-INFO- Extracting acquisition with marker value: 14
2025-06-03 10:46:18,370-WARNING- Sub-acquisition too short!
2025-06-03 10:46:18,372-INFO- Extracting acquisition with marker value: 15
2025-06-03 10:46:18,374-WARNING- Sub-acquisition too short!
2025-06-03 10:46:18,375-INFO- Extracting acquisition with marker value: 16
2025-06-03 10:46:18,377-WARNING- Sub-acquisition too short!
2025-06-03 10:46:18,379-INFO- Extracting acquisition with marker value: 17
2025-06-03 10:46:18,382-INFO- Extracting acquisition with marker value: 18
2025-06-03 10:46:18,384-WARNING- Sub-acquisition too short!
2025-06-03 10:46:18,387-INFO- Extracting acquisition with marker value: 19
2025-06-03 10:46:18,388-WARNING- Sub-acquisition too short!
2025-06-03 10:46:18,390-INFO- Extracting acquisition with marker value: 20
2025-06-03 10:46:18,393-WARNING- Sub-acquisition too short!
