2025-03-04 16:53:28,161-INFO- RUNNING THE TEST
2025-03-04 16:53:35,180-INFO- File name for the acquisition: ./out/PyVisaAcquisition_20250304_165335.visaacq
2025-03-04 16:53:36,195-INFO- File name for the acquisition: ./out/MasterCommanderAcquisition_20250304_165336.mcacq
2025-03-04 16:53:37,914-INFO- Set torque request detected
2025-03-04 16:53:37,915-INFO- Value to set: 0
2025-03-04 16:53:42,219-INFO- Applying demagnetization algorithm
2025-03-04 16:53:42,749-INFO- Write request detected
2025-03-04 16:53:42,749-INFO- Symbol to write: BD_Target_Speed
2025-03-04 16:53:43,372-INFO- Write request detected
2025-03-04 16:53:43,372-INFO- Symbol to write: BD_Target_Accel
2025-03-04 16:53:46,411-INFO- Write request detected
2025-03-04 16:53:46,411-INFO- Symbol to write: BD_Update_Cmd
2025-03-04 16:53:48,278-INFO- Current speed: -0.005852
2025-03-04 16:53:48,278-INFO- Speed error: 1000.005852
2025-03-04 16:53:50,283-INFO- Current speed: 425.793993
2025-03-04 16:53:50,283-INFO- Speed error: 574.206007
2025-03-04 16:53:52,291-INFO- Current speed: 1003.836363
2025-03-04 16:53:52,292-INFO- Speed error: 3.836363
2025-03-04 16:53:56,649-INFO- Set torque request detected
2025-03-04 16:53:56,649-INFO- Value to set: 0.5
2025-03-04 16:54:01,888-INFO- Write request detected
2025-03-04 16:54:01,888-INFO- Symbol to write: BD_Target_Speed
2025-03-04 16:54:01,919-INFO- Set torque request detected
2025-03-04 16:54:01,919-INFO- Value to set: 0
2025-03-04 16:54:02,507-INFO- Write request detected
2025-03-04 16:54:02,507-INFO- Symbol to write: BD_Target_Accel
2025-03-04 16:54:05,488-INFO- Write request detected
2025-03-04 16:54:05,488-INFO- Symbol to write: BD_Update_Cmd
2025-03-04 16:54:07,441-INFO- Current speed: 209.205671
2025-03-04 16:54:07,442-INFO- Speed error: 209.205671
2025-03-04 16:54:09,449-INFO- Current speed: 0.000000
2025-03-04 16:54:09,450-INFO- Speed error: 0.000000
2025-03-04 16:54:12,476-INFO- STARTING STEP N.0/9
2025-03-04 16:54:12,476-INFO- TORQUE MIN: 0.23
2025-03-04 16:54:12,476-INFO- TORQUE MAX: 0.234
2025-03-04 16:54:12,476-INFO- TORQUE STEP: 0.001
2025-03-04 16:54:12,633-INFO- Write request detected
2025-03-04 16:54:12,633-INFO- Symbol to write: BD_Target_Speed
2025-03-04 16:54:13,861-INFO- Write request detected
2025-03-04 16:54:13,861-INFO- Symbol to write: BD_Target_Accel
2025-03-04 16:54:13,963-WARNING- Read request error: Request error:  Checksum error
2025-03-04 16:54:13,963-WARNING- Discarding the packet
2025-03-04 16:54:16,866-INFO- Write request detected
2025-03-04 16:54:16,866-INFO- Symbol to write: BD_Update_Cmd
2025-03-04 16:54:19,044-INFO- Set torque request detected
2025-03-04 16:54:19,044-INFO- Value to set: 0
2025-03-04 16:54:20,544-INFO- Target speed: 18000.000000
2025-03-04 16:54:21,075-INFO- Write request detected
2025-03-04 16:54:21,075-INFO- Symbol to write: BD_Target_Speed
2025-03-04 16:54:21,683-INFO- Write request detected
2025-03-04 16:54:21,684-INFO- Symbol to write: BD_Target_Accel
2025-03-04 16:54:24,730-INFO- Write request detected
2025-03-04 16:54:24,730-INFO- Symbol to write: BD_Update_Cmd
2025-03-04 16:54:26,620-INFO- Current speed: -0.022329
2025-03-04 16:54:26,620-INFO- Speed error: 18000.022329
2025-03-04 16:54:28,629-INFO- Current speed: 487.399676
2025-03-04 16:54:28,629-INFO- Speed error: 17512.600324
2025-03-04 16:54:30,643-INFO- Current speed: 1386.793158
2025-03-04 16:54:30,643-INFO- Speed error: 16613.206842
2025-03-04 16:54:32,656-INFO- Current speed: 2584.946618
2025-03-04 16:54:32,656-INFO- Speed error: 15415.053382
2025-03-04 16:54:34,664-INFO- Current speed: 3496.133049
2025-03-04 16:54:34,664-INFO- Speed error: 14503.866951
2025-03-04 16:54:36,671-INFO- Current speed: 4403.014021
2025-03-04 16:54:36,672-INFO- Speed error: 13596.985979
2025-03-04 16:54:38,684-INFO- Current speed: 5561.631796
2025-03-04 16:54:38,684-INFO- Speed error: 12438.368204
2025-03-04 16:54:40,691-INFO- Current speed: 6465.470037
2025-03-04 16:54:40,691-INFO- Speed error: 11534.529963
2025-03-04 16:54:42,789-INFO- Current speed: 7684.629734
2025-03-04 16:54:42,789-INFO- Speed error: 10315.370266
2025-03-04 16:54:44,809-INFO- Current speed: 8581.209251
2025-03-04 16:54:44,810-INFO- Speed error: 9418.790749
2025-03-04 16:54:46,830-INFO- Current speed: 9483.934844
2025-03-04 16:54:46,831-INFO- Speed error: 8516.065156
2025-03-04 16:54:48,849-INFO- Current speed: 10704.776626
2025-03-04 16:54:48,849-INFO- Speed error: 7295.223374
2025-03-04 16:54:50,861-INFO- Current speed: 11614.215404
2025-03-04 16:54:50,861-INFO- Speed error: 6385.784596
2025-03-04 16:54:52,879-INFO- Current speed: 12530.071280
2025-03-04 16:54:52,879-INFO- Speed error: 5469.928720
2025-03-04 16:54:54,891-INFO- Current speed: 13744.798458
2025-03-04 16:54:54,891-INFO- Speed error: 4255.201542
2025-03-04 16:54:56,911-INFO- Current speed: 14662.739746
2025-03-04 16:54:56,911-INFO- Speed error: 3337.260254
2025-03-04 16:54:58,926-INFO- Current speed: 15576.651259
2025-03-04 16:54:58,927-INFO- Speed error: 2423.348741
2025-03-04 16:55:00,939-INFO- Current speed: 16781.501583
2025-03-04 16:55:00,939-INFO- Speed error: 1218.498417
2025-03-04 16:55:02,957-INFO- Current speed: 17664.107443
2025-03-04 16:55:02,957-INFO- Speed error: 335.892557
2025-03-04 16:55:04,973-INFO- Applying torque value: 0.179000
2025-03-04 16:55:05,330-INFO- Set torque request detected
2025-03-04 16:55:05,331-INFO- Value to set: 0.179
2025-03-04 16:55:05,983-INFO- Read torque: -0.186000
2025-03-04 16:55:06,995-INFO- Applying torque value: 0.192750
2025-03-04 16:55:07,681-INFO- Set torque request detected
2025-03-04 16:55:07,681-INFO- Value to set: 0.19275
2025-03-04 16:55:08,023-INFO- Read torque: -0.184000
2025-03-04 16:55:09,032-INFO- Applying torque value: 0.206500
2025-03-04 16:55:09,280-INFO- Set torque request detected
2025-03-04 16:55:09,280-INFO- Value to set: 0.20650000000000002
2025-03-04 16:55:10,040-INFO- Read torque: -0.191000
2025-03-04 16:55:11,054-INFO- Applying torque value: 0.220250
2025-03-04 16:55:11,640-INFO- Set torque request detected
2025-03-04 16:55:11,640-INFO- Value to set: 0.22025
2025-03-04 16:55:12,060-INFO- Read torque: -0.207000
2025-03-04 16:55:13,073-INFO- Applying torque value: 0.234000
2025-03-04 16:55:13,258-INFO- Set torque request detected
2025-03-04 16:55:13,258-INFO- Value to set: 0.234
2025-03-04 16:55:14,087-INFO- Read torque: -0.214000
2025-03-04 16:55:15,124-INFO- Final torque reached: -0.226000
2025-03-04 16:55:15,124-INFO- Starting the measures
2025-03-04 16:55:18,136-INFO- Applying torque value: 0.234000
2025-03-04 16:55:18,136-INFO- Elapsed Time [Secs]: 0.000017
2025-03-04 16:55:18,136-INFO- Measured Temperature [C]: 49.430846
2025-03-04 16:55:18,142-INFO- Estimated ClassA Temperature [C]: 58.285187
2025-03-04 16:55:18,150-INFO- Estimated ClassB Temperature [C]: 58.777824
2025-03-04 16:55:18,604-INFO- Set torque request detected
2025-03-04 16:55:18,604-INFO- Value to set: 0.234
2025-03-04 16:55:24,164-INFO- Applying torque value: 0.233000
2025-03-04 16:55:24,164-INFO- Elapsed Time [Secs]: 6.028636
2025-03-04 16:55:24,165-INFO- Measured Temperature [C]: 52.823573
2025-03-04 16:55:24,171-INFO- Estimated ClassA Temperature [C]: 60.074158
2025-03-04 16:55:24,179-INFO- Estimated ClassB Temperature [C]: 62.525326
2025-03-04 16:55:24,661-INFO- Set torque request detected
2025-03-04 16:55:24,661-INFO- Value to set: 0.233
2025-03-04 16:55:30,185-INFO- Applying torque value: 0.232000
2025-03-04 16:55:30,185-INFO- Elapsed Time [Secs]: 12.049638
2025-03-04 16:55:30,186-INFO- Measured Temperature [C]: 55.525081
2025-03-04 16:55:30,192-INFO- Estimated ClassA Temperature [C]: 61.579376
2025-03-04 16:55:30,200-INFO- Estimated ClassB Temperature [C]: 65.645500
2025-03-04 16:55:30,464-INFO- Set torque request detected
2025-03-04 16:55:30,464-INFO- Value to set: 0.232
2025-03-04 16:55:36,204-INFO- Applying torque value: 0.231000
2025-03-04 16:55:36,204-INFO- Elapsed Time [Secs]: 18.068299
2025-03-04 16:55:36,205-INFO- Measured Temperature [C]: 58.582428
2025-03-04 16:55:36,210-INFO- Estimated ClassA Temperature [C]: 62.967804
2025-03-04 16:55:36,216-INFO- Estimated ClassB Temperature [C]: 68.677261
2025-03-04 16:55:36,591-INFO- Set torque request detected
2025-03-04 16:55:36,591-INFO- Value to set: 0.231
2025-03-04 16:55:42,219-INFO- Applying torque value: 0.230000
2025-03-04 16:55:42,219-INFO- Elapsed Time [Secs]: 24.083602
2025-03-04 16:55:42,219-INFO- Measured Temperature [C]: 61.055501
2025-03-04 16:55:42,227-INFO- Estimated ClassA Temperature [C]: 64.252197
2025-03-04 16:55:42,235-INFO- Estimated ClassB Temperature [C]: 71.581146
2025-03-04 16:55:42,641-INFO- Set torque request detected
2025-03-04 16:55:42,641-INFO- Value to set: 0.23
2025-03-04 16:55:49,449-INFO- Set torque request detected
2025-03-04 16:55:49,449-INFO- Value to set: 0
2025-03-04 16:55:49,512-INFO- Write request detected
2025-03-04 16:55:49,513-INFO- Symbol to write: BD_Target_Speed
2025-03-04 16:55:50,720-INFO- Write request detected
2025-03-04 16:55:50,720-INFO- Symbol to write: BD_Target_Accel
2025-03-04 16:55:53,740-INFO- Write request detected
2025-03-04 16:55:53,740-INFO- Symbol to write: BD_Update_Cmd
2025-03-04 16:55:55,322-INFO- Current speed: 17376.776429
2025-03-04 16:55:55,322-INFO- Speed error: 17376.776429
2025-03-04 16:55:57,330-INFO- Current speed: 16474.252499
2025-03-04 16:55:57,330-INFO- Speed error: 16474.252499
2025-03-04 16:55:59,341-INFO- Current speed: 15253.422957
2025-03-04 16:55:59,341-INFO- Speed error: 15253.422957
2025-03-04 16:56:01,361-INFO- Current speed: 14332.538313
2025-03-04 16:56:01,361-INFO- Speed error: 14332.538313
2025-03-04 16:56:03,378-INFO- Current speed: 13434.026672
2025-03-04 16:56:03,378-INFO- Speed error: 13434.026672
2025-03-04 16:56:05,396-INFO- Current speed: 12227.655129
2025-03-04 16:56:05,397-INFO- Speed error: 12227.655129
2025-03-04 16:56:07,414-INFO- Current speed: 11321.706414
2025-03-04 16:56:07,414-INFO- Speed error: 11321.706414
2025-03-04 16:56:09,435-INFO- Current speed: 10373.042316
2025-03-04 16:56:09,435-INFO- Speed error: 10373.042316
2025-03-04 16:56:11,443-INFO- Current speed: 9232.390379
2025-03-04 16:56:11,444-INFO- Speed error: 9232.390379
2025-03-04 16:56:13,455-INFO- Current speed: 8331.450033
2025-03-04 16:56:13,455-INFO- Speed error: 8331.450033
2025-03-04 16:56:15,467-INFO- Current speed: 7128.907767
2025-03-04 16:56:15,468-INFO- Speed error: 7128.907767
2025-03-04 16:56:17,485-INFO- Current speed: 6235.408574
2025-03-04 16:56:17,485-INFO- Speed error: 6235.408574
2025-03-04 16:56:19,496-INFO- Current speed: 5376.777953
2025-03-04 16:56:19,496-INFO- Speed error: 5376.777953
2025-03-04 16:56:21,508-INFO- Current speed: 4353.498027
2025-03-04 16:56:21,508-INFO- Speed error: 4353.498027
2025-03-04 16:56:23,527-INFO- Current speed: 3611.602078
2025-03-04 16:56:23,528-INFO- Speed error: 3611.602078
2025-03-04 16:56:25,537-INFO- Current speed: 2649.575725
2025-03-04 16:56:25,537-INFO- Speed error: 2649.575725
2025-03-04 16:56:27,549-INFO- Current speed: 1147.109689
2025-03-04 16:56:27,549-INFO- Speed error: 1147.109689
2025-03-04 16:56:29,568-INFO- Current speed: 257.314299
2025-03-04 16:56:29,568-INFO- Speed error: 257.314299
2025-03-04 16:56:31,607-INFO- Current speed: 0.000000
2025-03-04 16:56:31,607-INFO- Speed error: 0.000000
2025-03-04 16:56:33,757-INFO- Stop Acquisition
2025-03-04 16:56:34,275-INFO- Termination Request
2025-03-04 16:56:34,657-INFO- Termination Request
2025-03-04 16:56:34,666-INFO- Calculated offset for syncing: 1.186976
2025-03-04 16:56:36,818-INFO- Extracting acquisition with marker value: 1
2025-03-04 16:56:36,822-WARNING- Sub-acquisition too short!
2025-03-04 16:56:36,824-INFO- Extracting acquisition with marker value: 2
2025-03-04 16:56:36,827-WARNING- Sub-acquisition too short!
2025-03-04 16:56:36,829-INFO- Extracting acquisition with marker value: 3
2025-03-04 16:56:36,832-INFO- Extracting acquisition with marker value: 4
2025-03-04 16:56:36,834-WARNING- Sub-acquisition too short!
2025-03-04 16:56:36,836-INFO- Extracting acquisition with marker value: 5
2025-03-04 16:56:36,837-WARNING- Sub-acquisition too short!
2025-03-04 16:56:36,839-INFO- STARTING STEP N.1/9
2025-03-04 16:56:36,839-INFO- TORQUE MIN: 0.23
2025-03-04 16:56:36,839-INFO- TORQUE MAX: 0.234
2025-03-04 16:56:36,839-INFO- TORQUE STEP: 0.001
2025-03-04 16:56:36,839-INFO- File name for the acquisition: ./out/PyVisaAcquisition_20250304_165636.visaacq
2025-03-04 16:56:37,857-INFO- File name for the acquisition: ./out/MasterCommanderAcquisition_20250304_165637.mcacq
2025-03-04 16:56:44,446-INFO- Write request detected
2025-03-04 16:56:44,446-INFO- Symbol to write: BD_Target_Speed
2025-03-04 16:56:45,068-INFO- Write request detected
2025-03-04 16:56:45,069-INFO- Symbol to write: BD_Target_Accel
2025-03-04 16:56:48,122-INFO- Write request detected
2025-03-04 16:56:48,122-INFO- Symbol to write: BD_Update_Cmd
2025-03-04 16:56:50,069-INFO- Set torque request detected
2025-03-04 16:56:50,069-INFO- Value to set: 0
2025-03-04 16:56:52,056-INFO- Target speed: 16000.000000
2025-03-04 16:56:52,352-INFO- Write request detected
2025-03-04 16:56:52,353-INFO- Symbol to write: BD_Target_Speed
2025-03-04 16:56:53,581-INFO- Write request detected
2025-03-04 16:56:53,581-INFO- Symbol to write: BD_Target_Accel
2025-03-04 16:56:56,620-INFO- Write request detected
2025-03-04 16:56:56,620-INFO- Symbol to write: BD_Update_Cmd
2025-03-04 16:56:56,719-WARNING- Read request error: Request error:  Checksum error
2025-03-04 16:56:56,719-WARNING- Discarding the packet
2025-03-04 16:56:58,155-INFO- Current speed: -0.020175
2025-03-04 16:56:58,155-INFO- Speed error: 16000.020175
2025-03-04 16:57:00,231-INFO- Current speed: 425.605625
2025-03-04 16:57:00,231-INFO- Speed error: 15574.394375
2025-03-04 16:57:02,238-INFO- Current speed: 1332.909049
2025-03-04 16:57:02,239-INFO- Speed error: 14667.090951
2025-03-04 16:57:04,251-INFO- Current speed: 2227.308296
2025-03-04 16:57:04,251-INFO- Speed error: 13772.691704
2025-03-04 16:57:06,267-INFO- Current speed: 3430.174186
2025-03-04 16:57:06,268-INFO- Speed error: 12569.825814
2025-03-04 16:57:08,274-INFO- Current speed: 4328.829788
2025-03-04 16:57:08,274-INFO- Speed error: 11671.170212
2025-03-04 16:57:10,354-INFO- Current speed: 5478.496846
2025-03-04 16:57:10,354-INFO- Speed error: 10521.503154
2025-03-04 16:57:12,375-INFO- Current speed: 6394.734485
2025-03-04 16:57:12,375-INFO- Speed error: 9605.265515
2025-03-04 16:57:14,395-INFO- Current speed: 7290.438571
2025-03-04 16:57:14,395-INFO- Speed error: 8709.561429
2025-03-04 16:57:16,405-INFO- Current speed: 8492.625303
2025-03-04 16:57:16,406-INFO- Speed error: 7507.374697
2025-03-04 16:57:18,425-INFO- Current speed: 9394.293620
2025-03-04 16:57:18,425-INFO- Speed error: 6605.706380
2025-03-04 16:57:20,441-INFO- Current speed: 10299.475897
2025-03-04 16:57:20,441-INFO- Speed error: 5700.524103
2025-03-04 16:57:22,454-INFO- Current speed: 11533.389094
2025-03-04 16:57:22,454-INFO- Speed error: 4466.610906
2025-03-04 16:57:24,469-INFO- Current speed: 12435.323187
2025-03-04 16:57:24,469-INFO- Speed error: 3564.676813
2025-03-04 16:57:26,475-INFO- Current speed: 13346.582766
2025-03-04 16:57:26,475-INFO- Speed error: 2653.417234
2025-03-04 16:57:28,483-INFO- Current speed: 14563.652972
2025-03-04 16:57:28,484-INFO- Speed error: 1436.347028
2025-03-04 16:57:30,501-INFO- Current speed: 15473.042790
2025-03-04 16:57:30,501-INFO- Speed error: 526.957210
2025-03-04 16:57:32,514-INFO- Applying torque value: 0.163000
2025-03-04 16:57:32,591-INFO- Set torque request detected
2025-03-04 16:57:32,592-INFO- Value to set: 0.163
2025-03-04 16:57:33,691-INFO- Read torque: -0.167000
2025-03-04 16:57:34,698-INFO- Applying torque value: 0.180750
2025-03-04 16:57:34,946-INFO- Set torque request detected
2025-03-04 16:57:34,946-INFO- Value to set: 0.18075000000000002
2025-03-04 16:57:35,702-INFO- Read torque: -0.166000
2025-03-04 16:57:36,740-INFO- Applying torque value: 0.198500
2025-03-04 16:57:37,330-INFO- Set torque request detected
2025-03-04 16:57:37,330-INFO- Value to set: 0.1985
2025-03-04 16:57:37,748-INFO- Read torque: -0.174000
2025-03-04 16:57:38,761-INFO- Applying torque value: 0.216250
2025-03-04 16:57:38,956-INFO- Set torque request detected
2025-03-04 16:57:38,956-INFO- Value to set: 0.21625
2025-03-04 16:57:39,765-INFO- Read torque: -0.194000
2025-03-04 16:57:40,784-INFO- Applying torque value: 0.234000
2025-03-04 16:57:41,326-INFO- Set torque request detected
2025-03-04 16:57:41,326-INFO- Value to set: 0.234
2025-03-04 16:57:41,793-INFO- Read torque: -0.213000
2025-03-04 16:57:42,806-INFO- Final torque reached: -0.219000
2025-03-04 16:57:42,807-INFO- Starting the measures
2025-03-04 16:57:45,821-INFO- Applying torque value: 0.234000
2025-03-04 16:57:45,821-INFO- Elapsed Time [Secs]: 0.000011
2025-03-04 16:57:45,822-INFO- Measured Temperature [C]: 64.439224
2025-03-04 16:57:45,827-INFO- Estimated ClassA Temperature [C]: 81.409637
2025-03-04 16:57:45,836-INFO- Estimated ClassB Temperature [C]: 82.669395
2025-03-04 16:57:45,867-INFO- Set torque request detected
2025-03-04 16:57:45,868-INFO- Value to set: 0.234
2025-03-04 16:57:51,841-INFO- Applying torque value: 0.233000
2025-03-04 16:57:51,841-INFO- Elapsed Time [Secs]: 6.019111
2025-03-04 16:57:51,841-INFO- Measured Temperature [C]: 66.855251
2025-03-04 16:57:51,847-INFO- Estimated ClassA Temperature [C]: 82.645813
2025-03-04 16:57:51,855-INFO- Estimated ClassB Temperature [C]: 84.403183
2025-03-04 16:57:51,888-INFO- Set torque request detected
2025-03-04 16:57:51,890-INFO- Value to set: 0.233
2025-03-04 16:57:57,857-INFO- Applying torque value: 0.232000
2025-03-04 16:57:57,857-INFO- Elapsed Time [Secs]: 12.035265
2025-03-04 16:57:57,968-INFO- Measured Temperature [C]: 69.284609
2025-03-04 16:57:57,986-INFO- Estimated ClassA Temperature [C]: 83.778809
2025-03-04 16:57:57,995-INFO- Estimated ClassB Temperature [C]: 86.354034
2025-03-04 16:57:58,477-INFO- Set torque request detected
2025-03-04 16:57:58,477-INFO- Value to set: 0.232
2025-03-04 16:58:03,998-INFO- Applying torque value: 0.231000
2025-03-04 16:58:03,998-INFO- Elapsed Time [Secs]: 18.176096
2025-03-04 16:58:04,081-INFO- Measured Temperature [C]: 71.297677
2025-03-04 16:58:04,089-INFO- Estimated ClassA Temperature [C]: 84.733490
2025-03-04 16:58:04,097-INFO- Estimated ClassB Temperature [C]: 87.951271
2025-03-04 16:58:04,591-INFO- Set torque request detected
2025-03-04 16:58:04,591-INFO- Value to set: 0.231
2025-03-04 16:58:10,101-INFO- Applying torque value: 0.230000
2025-03-04 16:58:10,101-INFO- Elapsed Time [Secs]: 24.279375
2025-03-04 16:58:10,131-INFO- Measured Temperature [C]: 73.037842
2025-03-04 16:58:10,137-INFO- Estimated ClassA Temperature [C]: 85.647552
2025-03-04 16:58:10,143-INFO- Estimated ClassB Temperature [C]: 89.487610
2025-03-04 16:58:10,632-INFO- Set torque request detected
2025-03-04 16:58:10,632-INFO- Value to set: 0.23
2025-03-04 16:58:17,493-INFO- Set torque request detected
2025-03-04 16:58:17,494-INFO- Value to set: 0
2025-03-04 16:58:17,758-INFO- Write request detected
2025-03-04 16:58:17,758-INFO- Symbol to write: BD_Target_Speed
2025-03-04 16:58:18,386-INFO- Write request detected
2025-03-04 16:58:18,386-INFO- Symbol to write: BD_Target_Accel
2025-03-04 16:58:21,392-INFO- Write request detected
2025-03-04 16:58:21,392-INFO- Symbol to write: BD_Update_Cmd
2025-03-04 16:58:23,330-INFO- Current speed: 15077.667874
2025-03-04 16:58:23,330-INFO- Speed error: 15077.667874
2025-03-04 16:58:25,345-INFO- Current speed: 14158.140087
2025-03-04 16:58:25,345-INFO- Speed error: 14158.140087
2025-03-04 16:58:27,367-INFO- Current speed: 13263.589447
2025-03-04 16:58:27,367-INFO- Speed error: 13263.589447
2025-03-04 16:58:29,380-INFO- Current speed: 12058.010569
2025-03-04 16:58:29,380-INFO- Speed error: 12058.010569
2025-03-04 16:58:31,388-INFO- Current speed: 11118.619500
2025-03-04 16:58:31,388-INFO- Speed error: 11118.619500
2025-03-04 16:58:33,397-INFO- Current speed: 10205.852690
2025-03-04 16:58:33,397-INFO- Speed error: 10205.852690
2025-03-04 16:58:35,407-INFO- Current speed: 9004.488350
2025-03-04 16:58:35,407-INFO- Speed error: 9004.488350
2025-03-04 16:58:37,423-INFO- Current speed: 8113.451668
2025-03-04 16:58:37,423-INFO- Speed error: 8113.451668
2025-03-04 16:58:39,433-INFO- Current speed: 7208.134755
2025-03-04 16:58:39,433-INFO- Speed error: 7208.134755
2025-03-04 16:58:41,450-INFO- Current speed: 6323.822914
2025-03-04 16:58:41,450-INFO- Speed error: 6323.822914
2025-03-04 16:58:43,457-INFO- Current speed: 5223.132429
2025-03-04 16:58:43,457-INFO- Speed error: 5223.132429
2025-03-04 16:58:45,524-INFO- Current speed: 4229.043602
2025-03-04 16:58:45,525-INFO- Speed error: 4229.043602
2025-03-04 16:58:47,537-INFO- Current speed: 3530.585179
2025-03-04 16:58:47,538-INFO- Speed error: 3530.585179
2025-03-04 16:58:49,551-INFO- Current speed: 2542.714119
2025-03-04 16:58:49,551-INFO- Speed error: 2542.714119
2025-03-04 16:58:51,563-INFO- Current speed: 948.913774
2025-03-04 16:58:51,563-INFO- Speed error: 948.913774
2025-03-04 16:58:53,576-INFO- Current speed: 0.000000
2025-03-04 16:58:53,577-INFO- Speed error: 0.000000
2025-03-04 16:58:55,806-INFO- Stop Acquisition
2025-03-04 16:58:56,320-INFO- Termination Request
2025-03-04 16:58:57,015-INFO- Termination Request
2025-03-04 16:58:57,026-INFO- Calculated offset for syncing: 0.988700
2025-03-04 16:58:59,169-INFO- Extracting acquisition with marker value: 1
2025-03-04 16:58:59,172-WARNING- Sub-acquisition too short!
2025-03-04 16:58:59,174-INFO- Extracting acquisition with marker value: 2
2025-03-04 16:58:59,176-WARNING- Sub-acquisition too short!
2025-03-04 16:58:59,177-INFO- Extracting acquisition with marker value: 3
2025-03-04 16:58:59,178-WARNING- Sub-acquisition too short!
2025-03-04 16:58:59,180-INFO- Extracting acquisition with marker value: 4
2025-03-04 16:58:59,181-WARNING- Sub-acquisition too short!
2025-03-04 16:58:59,183-INFO- Extracting acquisition with marker value: 5
2025-03-04 16:58:59,184-WARNING- Sub-acquisition too short!
2025-03-04 16:58:59,187-INFO- STARTING STEP N.2/9
2025-03-04 16:58:59,187-INFO- TORQUE MIN: 0.23
2025-03-04 16:58:59,187-INFO- TORQUE MAX: 0.234
2025-03-04 16:58:59,187-INFO- TORQUE STEP: 0.001
2025-03-04 16:58:59,187-INFO- File name for the acquisition: ./out/PyVisaAcquisition_20250304_165859.visaacq
2025-03-04 16:59:00,194-INFO- File name for the acquisition: ./out/MasterCommanderAcquisition_20250304_165900.mcacq
2025-03-04 16:59:06,794-INFO- Write request detected
2025-03-04 16:59:06,794-INFO- Symbol to write: BD_Target_Speed
2025-03-04 16:59:07,423-INFO- Write request detected
2025-03-04 16:59:07,423-INFO- Symbol to write: BD_Target_Accel
2025-03-04 16:59:10,453-INFO- Write request detected
2025-03-04 16:59:10,453-INFO- Symbol to write: BD_Update_Cmd
2025-03-04 16:59:12,997-INFO- Set torque request detected
2025-03-04 16:59:12,997-INFO- Value to set: 0
2025-03-04 16:59:14,379-INFO- Target speed: 14000.000000
2025-03-04 16:59:14,690-INFO- Write request detected
2025-03-04 16:59:14,690-INFO- Symbol to write: BD_Target_Speed
2025-03-04 16:59:15,889-INFO- Write request detected
2025-03-04 16:59:15,889-INFO- Symbol to write: BD_Target_Accel
2025-03-04 16:59:18,923-INFO- Write request detected
2025-03-04 16:59:18,923-INFO- Symbol to write: BD_Update_Cmd
2025-03-04 16:59:19,401-WARNING- DSP6000 Get Data error: VI_ERROR_TMO (-1073807339): Timeout expired before operation completed. with timeout = 1000
2025-03-04 16:59:19,401-WARNING- PyVISA request error: VI_ERROR_TMO (-1073807339): Timeout expired before operation completed.
2025-03-04 16:59:20,434-INFO- Current speed: -0.167297
2025-03-04 16:59:20,435-INFO- Speed error: 14000.167297
2025-03-04 16:59:22,446-INFO- Current speed: 149.697566
2025-03-04 16:59:22,446-INFO- Speed error: 13850.302434
2025-03-04 16:59:24,467-INFO- Current speed: 1381.985142
2025-03-04 16:59:24,467-INFO- Speed error: 12618.014858
2025-03-04 16:59:26,473-INFO- Current speed: 2283.612077
2025-03-04 16:59:26,473-INFO- Speed error: 11716.387923
2025-03-04 16:59:28,485-INFO- Current speed: 3184.122140
2025-03-04 16:59:28,485-INFO- Speed error: 10815.877860
2025-03-04 16:59:30,493-INFO- Current speed: 4387.254243
2025-03-04 16:59:30,493-INFO- Speed error: 9612.745757
2025-03-04 16:59:32,506-INFO- Current speed: 5244.289040
2025-03-04 16:59:32,507-INFO- Speed error: 8755.710960
2025-03-04 16:59:34,529-INFO- Current speed: 6441.490718
2025-03-04 16:59:34,529-INFO- Speed error: 7558.509282
2025-03-04 16:59:36,545-INFO- Current speed: 7345.113307
2025-03-04 16:59:36,545-INFO- Speed error: 6654.886693
2025-03-04 16:59:38,562-INFO- Current speed: 8245.619435
2025-03-04 16:59:38,562-INFO- Speed error: 5754.380565
2025-03-04 16:59:40,578-INFO- Current speed: 9448.250876
2025-03-04 16:59:40,578-INFO- Speed error: 4551.749124
2025-03-04 16:59:42,599-INFO- Current speed: 10357.825456
2025-03-04 16:59:42,599-INFO- Speed error: 3642.174544
2025-03-04 16:59:44,611-INFO- Current speed: 11264.034118
2025-03-04 16:59:44,611-INFO- Speed error: 2735.965882
2025-03-04 16:59:46,627-INFO- Current speed: 12469.116414
2025-03-04 16:59:46,627-INFO- Speed error: 1530.883586
2025-03-04 16:59:48,636-INFO- Current speed: 13390.158425
2025-03-04 16:59:48,636-INFO- Speed error: 609.841575
2025-03-04 16:59:50,642-INFO- Applying torque value: 0.120000
2025-03-04 16:59:51,079-INFO- Set torque request detected
2025-03-04 16:59:51,079-INFO- Value to set: 0.12
2025-03-04 16:59:51,657-INFO- Read torque: -0.130000
2025-03-04 16:59:52,675-INFO- Applying torque value: 0.148500
2025-03-04 16:59:53,421-INFO- Set torque request detected
2025-03-04 16:59:53,421-INFO- Value to set: 0.1485
2025-03-04 16:59:53,770-INFO- Read torque: -0.134000
2025-03-04 16:59:54,874-INFO- Applying torque value: 0.177000
2025-03-04 16:59:55,030-INFO- Set torque request detected
2025-03-04 16:59:55,030-INFO- Value to set: 0.177
2025-03-04 16:59:55,875-INFO- Read torque: -0.143000
2025-03-04 16:59:56,889-INFO- Applying torque value: 0.205500
2025-03-04 16:59:57,390-INFO- Set torque request detected
2025-03-04 16:59:57,390-INFO- Value to set: 0.20550000000000002
2025-03-04 16:59:57,901-INFO- Read torque: -0.165000
2025-03-04 16:59:58,910-INFO- Applying torque value: 0.234000
2025-03-04 16:59:59,004-INFO- Set torque request detected
2025-03-04 16:59:59,004-INFO- Value to set: 0.234
2025-03-04 17:00:00,086-INFO- Read torque: -0.219000
2025-03-04 17:00:01,100-INFO- Final torque reached: -0.220000
2025-03-04 17:00:01,100-INFO- Starting the measures
2025-03-04 17:00:04,114-INFO- Applying torque value: 0.234000
2025-03-04 17:00:04,114-INFO- Elapsed Time [Secs]: 0.000010
2025-03-04 17:00:04,114-INFO- Measured Temperature [C]: 70.554898
2025-03-04 17:00:04,119-INFO- Estimated ClassA Temperature [C]: 89.353210
2025-03-04 17:00:04,125-INFO- Estimated ClassB Temperature [C]: 89.069763
2025-03-04 17:00:04,314-INFO- Set torque request detected
2025-03-04 17:00:04,314-INFO- Value to set: 0.234
2025-03-04 17:00:10,140-INFO- Applying torque value: 0.233000
2025-03-04 17:00:10,140-INFO- Elapsed Time [Secs]: 6.026434
2025-03-04 17:00:10,140-INFO- Measured Temperature [C]: 72.717771
2025-03-04 17:00:10,146-INFO- Estimated ClassA Temperature [C]: 90.274139
2025-03-04 17:00:10,155-INFO- Estimated ClassB Temperature [C]: 89.961243
2025-03-04 17:00:10,374-INFO- Set torque request detected
2025-03-04 17:00:10,374-INFO- Value to set: 0.233
2025-03-04 17:00:16,161-INFO- Applying torque value: 0.232000
2025-03-04 17:00:16,161-INFO- Elapsed Time [Secs]: 12.047285
2025-03-04 17:00:16,162-INFO- Measured Temperature [C]: 74.674635
2025-03-04 17:00:16,166-INFO- Estimated ClassA Temperature [C]: 91.010986
2025-03-04 17:00:16,172-INFO- Estimated ClassB Temperature [C]: 90.816307
2025-03-04 17:00:16,468-INFO- Set torque request detected
2025-03-04 17:00:16,469-INFO- Value to set: 0.232
2025-03-04 17:00:22,183-INFO- Applying torque value: 0.231000
2025-03-04 17:00:22,183-INFO- Elapsed Time [Secs]: 18.069544
2025-03-04 17:00:22,183-INFO- Measured Temperature [C]: 76.148289
2025-03-04 17:00:22,190-INFO- Estimated ClassA Temperature [C]: 91.674469
2025-03-04 17:00:22,198-INFO- Estimated ClassB Temperature [C]: 91.628304
2025-03-04 17:00:22,338-INFO- Set torque request detected
2025-03-04 17:00:22,338-INFO- Value to set: 0.231
2025-03-04 17:00:28,203-INFO- Applying torque value: 0.230000
2025-03-04 17:00:28,205-INFO- Elapsed Time [Secs]: 24.090325
2025-03-04 17:00:28,205-INFO- Measured Temperature [C]: 77.516163
2025-03-04 17:00:28,211-INFO- Estimated ClassA Temperature [C]: 92.291321
2025-03-04 17:00:28,216-INFO- Estimated ClassB Temperature [C]: 92.407715
2025-03-04 17:00:28,391-INFO- Set torque request detected
2025-03-04 17:00:28,391-INFO- Value to set: 0.23
2025-03-04 17:00:35,742-INFO- Write request detected
2025-03-04 17:00:35,742-INFO- Symbol to write: BD_Target_Speed
2025-03-04 17:00:35,895-INFO- Set torque request detected
2025-03-04 17:00:35,895-INFO- Value to set: 0
2025-03-04 17:00:36,359-INFO- Write request detected
2025-03-04 17:00:36,359-INFO- Symbol to write: BD_Target_Accel
2025-03-04 17:00:39,402-INFO- Write request detected
2025-03-04 17:00:39,402-INFO- Symbol to write: BD_Update_Cmd
2025-03-04 17:00:41,323-INFO- Current speed: 13081.487205
2025-03-04 17:00:41,323-INFO- Speed error: 13081.487205
2025-03-04 17:00:43,333-INFO- Current speed: 12191.748515
2025-03-04 17:00:43,333-INFO- Speed error: 12191.748515
2025-03-04 17:00:45,343-INFO- Current speed: 11307.183137
2025-03-04 17:00:45,344-INFO- Speed error: 11307.183137
2025-03-04 17:00:47,351-INFO- Current speed: 10054.504733
2025-03-04 17:00:47,352-INFO- Speed error: 10054.504733
2025-03-04 17:00:49,359-INFO- Current speed: 9178.911054
2025-03-04 17:00:49,359-INFO- Speed error: 9178.911054
2025-03-04 17:00:51,372-INFO- Current speed: 8264.014537
2025-03-04 17:00:51,373-INFO- Speed error: 8264.014537
2025-03-04 17:00:53,380-INFO- Current speed: 7065.355170
2025-03-04 17:00:53,381-INFO- Speed error: 7065.355170
2025-03-04 17:00:55,401-INFO- Current speed: 6171.776711
2025-03-04 17:00:55,401-INFO- Speed error: 6171.776711
2025-03-04 17:00:57,409-INFO- Current speed: 5351.836361
2025-03-04 17:00:57,410-INFO- Speed error: 5351.836361
2025-03-04 17:00:59,423-INFO- Current speed: 4361.307538
2025-03-04 17:00:59,423-INFO- Speed error: 4361.307538
2025-03-04 17:01:01,444-INFO- Current speed: 3711.798877
2025-03-04 17:01:01,444-INFO- Speed error: 3711.798877
2025-03-04 17:01:03,526-INFO- Current speed: 2656.190409
2025-03-04 17:01:03,527-INFO- Speed error: 2656.190409
2025-03-04 17:01:05,536-INFO- Current speed: 1071.951599
2025-03-04 17:01:05,537-INFO- Speed error: 1071.951599
2025-03-04 17:01:07,545-INFO- Current speed: 0.000000
2025-03-04 17:01:07,545-INFO- Speed error: 0.000000
2025-03-04 17:01:09,546-INFO- Stop Acquisition
2025-03-04 17:01:09,595-INFO- Termination Request
2025-03-04 17:01:10,155-INFO- Termination Request
2025-03-04 17:01:10,165-INFO- Calculated offset for syncing: 3.818171
2025-03-04 17:01:12,310-INFO- Extracting acquisition with marker value: 1
2025-03-04 17:01:12,313-WARNING- Sub-acquisition too short!
2025-03-04 17:01:12,315-INFO- Extracting acquisition with marker value: 2
2025-03-04 17:01:12,317-WARNING- Sub-acquisition too short!
2025-03-04 17:01:12,319-INFO- Extracting acquisition with marker value: 3
2025-03-04 17:01:12,322-WARNING- Sub-acquisition too short!
2025-03-04 17:01:12,324-INFO- Extracting acquisition with marker value: 4
2025-03-04 17:01:12,327-WARNING- Sub-acquisition too short!
2025-03-04 17:01:12,329-INFO- Extracting acquisition with marker value: 5
2025-03-04 17:01:12,331-WARNING- Sub-acquisition too short!
2025-03-04 17:01:12,332-INFO- STARTING STEP N.3/9
2025-03-04 17:01:12,333-INFO- TORQUE MIN: 0.23
2025-03-04 17:01:12,333-INFO- TORQUE MAX: 0.234
2025-03-04 17:01:12,333-INFO- TORQUE STEP: 0.001
2025-03-04 17:01:12,333-INFO- File name for the acquisition: ./out/PyVisaAcquisition_20250304_170112.visaacq
2025-03-04 17:01:13,338-INFO- File name for the acquisition: ./out/MasterCommanderAcquisition_20250304_170113.mcacq
2025-03-04 17:01:19,921-INFO- Write request detected
2025-03-04 17:01:19,921-INFO- Symbol to write: BD_Target_Speed
2025-03-04 17:01:20,543-INFO- Write request detected
2025-03-04 17:01:20,543-INFO- Symbol to write: BD_Target_Accel
2025-03-04 17:01:23,562-INFO- Write request detected
2025-03-04 17:01:23,562-INFO- Symbol to write: BD_Update_Cmd
2025-03-04 17:01:25,563-INFO- Set torque request detected
2025-03-04 17:01:25,563-INFO- Value to set: 0
2025-03-04 17:01:27,494-INFO- Target speed: 12000.000000
2025-03-04 17:01:27,806-INFO- Write request detected
2025-03-04 17:01:27,806-INFO- Symbol to write: BD_Target_Speed
2025-03-04 17:01:29,031-INFO- Write request detected
2025-03-04 17:01:29,031-INFO- Symbol to write: BD_Target_Accel
2025-03-04 17:01:32,051-INFO- Write request detected
2025-03-04 17:01:32,051-INFO- Symbol to write: BD_Update_Cmd
2025-03-04 17:01:33,581-INFO- Current speed: -0.154170
2025-03-04 17:01:33,581-INFO- Speed error: 12000.154170
2025-03-04 17:01:35,669-INFO- Current speed: 422.593822
2025-03-04 17:01:35,669-INFO- Speed error: 11577.406178
2025-03-04 17:01:37,681-INFO- Current speed: 1308.698633
2025-03-04 17:01:37,681-INFO- Speed error: 10691.301367
2025-03-04 17:01:39,693-INFO- Current speed: 2225.912970
2025-03-04 17:01:39,693-INFO- Speed error: 9774.087030
2025-03-04 17:01:41,734-INFO- Current speed: 3440.519645
2025-03-04 17:01:41,735-INFO- Speed error: 8559.480355
2025-03-04 17:01:43,743-INFO- Current speed: 4340.535603
2025-03-04 17:01:43,743-INFO- Speed error: 7659.464397
2025-03-04 17:01:45,750-INFO- Current speed: 5195.203184
2025-03-04 17:01:45,750-INFO- Speed error: 6804.796816
2025-03-04 17:01:47,756-INFO- Current speed: 6400.680647
2025-03-04 17:01:47,756-INFO- Speed error: 5599.319353
2025-03-04 17:01:49,763-INFO- Current speed: 7309.166476
2025-03-04 17:01:49,763-INFO- Speed error: 4690.833524
2025-03-04 17:01:51,782-INFO- Current speed: 8208.645053
2025-03-04 17:01:51,783-INFO- Speed error: 3791.354947
2025-03-04 17:01:53,803-INFO- Current speed: 9416.262131
2025-03-04 17:01:53,803-INFO- Speed error: 2583.737869
2025-03-04 17:01:55,821-INFO- Current speed: 10323.810750
2025-03-04 17:01:55,822-INFO- Speed error: 1676.189250
2025-03-04 17:01:57,833-INFO- Current speed: 11223.394821
2025-03-04 17:01:57,835-INFO- Speed error: 776.605179
2025-03-04 17:01:59,852-INFO- Current speed: 11990.618787
2025-03-04 17:01:59,852-INFO- Speed error: 9.381213
2025-03-04 17:02:01,856-INFO- Applying torque value: 0.110000
2025-03-04 17:02:02,323-INFO- Set torque request detected
2025-03-04 17:02:02,323-INFO- Value to set: 0.11
2025-03-04 17:02:02,864-INFO- Read torque: -0.110000
2025-03-04 17:02:03,871-INFO- Applying torque value: 0.141000
2025-03-04 17:02:03,949-INFO- Set torque request detected
2025-03-04 17:02:03,949-INFO- Value to set: 0.14100000000000001
2025-03-04 17:02:05,081-INFO- Read torque: -0.116000
2025-03-04 17:02:06,186-INFO- Applying torque value: 0.172000
2025-03-04 17:02:06,326-INFO- Set torque request detected
2025-03-04 17:02:06,326-INFO- Value to set: 0.17200000000000001
2025-03-04 17:02:07,408-INFO- Read torque: -0.154000
2025-03-04 17:02:08,424-INFO- Applying torque value: 0.203000
2025-03-04 17:02:08,656-INFO- Set torque request detected
2025-03-04 17:02:08,656-INFO- Value to set: 0.203
2025-03-04 17:02:09,435-INFO- Read torque: -0.165000
2025-03-04 17:02:10,448-INFO- Applying torque value: 0.234000
2025-03-04 17:02:11,006-INFO- Set torque request detected
2025-03-04 17:02:11,006-INFO- Value to set: 0.234
2025-03-04 17:02:11,455-INFO- Read torque: -0.199000
2025-03-04 17:02:12,470-INFO- Final torque reached: -0.218000
2025-03-04 17:02:12,471-INFO- Starting the measures
2025-03-04 17:02:15,482-INFO- Applying torque value: 0.234000
2025-03-04 17:02:15,482-INFO- Elapsed Time [Secs]: 0.000009
2025-03-04 17:02:15,483-INFO- Measured Temperature [C]: 74.988505
2025-03-04 17:02:15,487-INFO- Estimated ClassA Temperature [C]: 96.152954
2025-03-04 17:02:15,493-INFO- Estimated ClassB Temperature [C]: 87.867752
2025-03-04 17:02:15,590-INFO- Set torque request detected
2025-03-04 17:02:15,591-INFO- Value to set: 0.234
2025-03-04 17:02:21,508-INFO- Applying torque value: 0.233000
2025-03-04 17:02:21,508-INFO- Elapsed Time [Secs]: 6.026079
2025-03-04 17:02:21,509-INFO- Measured Temperature [C]: 76.495068
2025-03-04 17:02:21,514-INFO- Estimated ClassA Temperature [C]: 96.776459
2025-03-04 17:02:21,523-INFO- Estimated ClassB Temperature [C]: 88.202675
2025-03-04 17:02:21,619-INFO- Set torque request detected
2025-03-04 17:02:21,619-INFO- Value to set: 0.233
2025-03-04 17:02:27,535-INFO- Applying torque value: 0.232000
2025-03-04 17:02:27,536-INFO- Elapsed Time [Secs]: 12.052910
2025-03-04 17:02:27,536-INFO- Measured Temperature [C]: 77.757192
2025-03-04 17:02:27,542-INFO- Estimated ClassA Temperature [C]: 97.309723
2025-03-04 17:02:27,550-INFO- Estimated ClassB Temperature [C]: 88.534210
2025-03-04 17:02:27,674-INFO- Set torque request detected
2025-03-04 17:02:27,674-INFO- Value to set: 0.232
2025-03-04 17:02:33,555-INFO- Applying torque value: 0.231000
2025-03-04 17:02:33,555-INFO- Elapsed Time [Secs]: 18.072616
2025-03-04 17:02:33,555-INFO- Measured Temperature [C]: 78.930851
2025-03-04 17:02:33,560-INFO- Estimated ClassA Temperature [C]: 97.757690
2025-03-04 17:02:33,565-INFO- Estimated ClassB Temperature [C]: 88.851700
2025-03-04 17:02:33,586-INFO- Set torque request detected
2025-03-04 17:02:33,587-INFO- Value to set: 0.231
2025-03-04 17:02:39,571-INFO- Applying torque value: 0.230000
2025-03-04 17:02:39,571-INFO- Elapsed Time [Secs]: 24.088293
2025-03-04 17:02:39,572-INFO- Measured Temperature [C]: 80.014059
2025-03-04 17:02:39,578-INFO- Estimated ClassA Temperature [C]: 98.170868
2025-03-04 17:02:39,585-INFO- Estimated ClassB Temperature [C]: 89.151993
2025-03-04 17:02:39,648-INFO- Set torque request detected
2025-03-04 17:02:39,648-INFO- Value to set: 0.23
2025-03-04 17:02:47,064-INFO- Write request detected
2025-03-04 17:02:47,064-INFO- Symbol to write: BD_Target_Speed
2025-03-04 17:02:47,187-INFO- Set torque request detected
2025-03-04 17:02:47,187-INFO- Value to set: 0
2025-03-04 17:02:47,686-INFO- Write request detected
2025-03-04 17:02:47,686-INFO- Symbol to write: BD_Target_Accel
2025-03-04 17:02:50,687-INFO- Write request detected
2025-03-04 17:02:50,687-INFO- Symbol to write: BD_Update_Cmd
2025-03-04 17:02:52,683-INFO- Current speed: 11070.763443
2025-03-04 17:02:52,683-INFO- Speed error: 11070.763443
2025-03-04 17:02:54,702-INFO- Current speed: 10177.268913
2025-03-04 17:02:54,702-INFO- Speed error: 10177.268913
2025-03-04 17:02:56,711-INFO- Current speed: 9246.004421
2025-03-04 17:02:56,711-INFO- Speed error: 9246.004421
2025-03-04 17:02:58,719-INFO- Current speed: 8039.803068
2025-03-04 17:02:58,719-INFO- Speed error: 8039.803068
2025-03-04 17:03:00,730-INFO- Current speed: 7143.577337
2025-03-04 17:03:00,730-INFO- Speed error: 7143.577337
2025-03-04 17:03:02,743-INFO- Current speed: 6258.542188
2025-03-04 17:03:02,744-INFO- Speed error: 6258.542188
2025-03-04 17:03:04,753-INFO- Current speed: 5201.603381
2025-03-04 17:03:04,755-INFO- Speed error: 5201.603381
2025-03-04 17:03:06,764-INFO- Current speed: 4482.997831
2025-03-04 17:03:06,764-INFO- Speed error: 4482.997831
2025-03-04 17:03:08,780-INFO- Current speed: 3841.402135
2025-03-04 17:03:08,780-INFO- Speed error: 3841.402135
2025-03-04 17:03:10,786-INFO- Current speed: 2955.643387
2025-03-04 17:03:10,786-INFO- Speed error: 2955.643387
2025-03-04 17:03:12,804-INFO- Current speed: 1563.321819
2025-03-04 17:03:12,804-INFO- Speed error: 1563.321819
2025-03-04 17:03:14,914-INFO- Current speed: 0.000000
2025-03-04 17:03:14,914-INFO- Speed error: 0.000000
2025-03-04 17:03:16,916-INFO- Stop Acquisition
2025-03-04 17:03:17,089-INFO- Termination Request
2025-03-04 17:03:17,275-INFO- Termination Request
2025-03-04 17:03:17,284-INFO- Calculated offset for syncing: 3.372903
2025-03-04 17:03:19,418-INFO- Extracting acquisition with marker value: 1
2025-03-04 17:03:19,421-WARNING- Sub-acquisition too short!
2025-03-04 17:03:19,423-INFO- Extracting acquisition with marker value: 2
2025-03-04 17:03:19,426-WARNING- Sub-acquisition too short!
2025-03-04 17:03:19,428-INFO- Extracting acquisition with marker value: 3
2025-03-04 17:03:19,431-WARNING- Sub-acquisition too short!
2025-03-04 17:03:19,433-INFO- Extracting acquisition with marker value: 4
2025-03-04 17:03:19,435-WARNING- Sub-acquisition too short!
2025-03-04 17:03:19,436-INFO- Extracting acquisition with marker value: 5
2025-03-04 17:03:19,438-WARNING- Sub-acquisition too short!
2025-03-04 17:03:19,440-INFO- STARTING STEP N.4/9
2025-03-04 17:03:19,440-INFO- TORQUE MIN: 0.23
2025-03-04 17:03:19,440-INFO- TORQUE MAX: 0.234
2025-03-04 17:03:19,440-INFO- TORQUE STEP: 0.001
2025-03-04 17:03:19,440-INFO- File name for the acquisition: ./out/PyVisaAcquisition_20250304_170319.visaacq
2025-03-04 17:03:20,448-INFO- File name for the acquisition: ./out/MasterCommanderAcquisition_20250304_170320.mcacq
2025-03-04 17:03:21,018-WARNING- Read request error: Request error:  Checksum error
2025-03-04 17:03:21,019-WARNING- Discarding the packet
2025-03-04 17:03:26,937-INFO- Write request detected
2025-03-04 17:03:26,937-INFO- Symbol to write: BD_Target_Speed
2025-03-04 17:03:27,559-INFO- Write request detected
2025-03-04 17:03:27,559-INFO- Symbol to write: BD_Target_Accel
2025-03-04 17:03:28,330-WARNING- DSP6000 Get Data error: VI_ERROR_TMO (-1073807339): Timeout expired before operation completed. with timeout = 1000
2025-03-04 17:03:28,331-WARNING- PyVISA request error: VI_ERROR_TMO (-1073807339): Timeout expired before operation completed.
2025-03-04 17:03:30,583-INFO- Write request detected
2025-03-04 17:03:30,583-INFO- Symbol to write: BD_Update_Cmd
2025-03-04 17:03:33,271-INFO- Set torque request detected
2025-03-04 17:03:33,272-INFO- Value to set: 0
2025-03-04 17:03:34,556-INFO- Target speed: 10000.000000
2025-03-04 17:03:34,773-INFO- Write request detected
2025-03-04 17:03:34,773-INFO- Symbol to write: BD_Target_Speed
2025-03-04 17:03:35,981-INFO- Write request detected
2025-03-04 17:03:35,981-INFO- Symbol to write: BD_Target_Accel
2025-03-04 17:03:39,016-INFO- Write request detected
2025-03-04 17:03:39,016-INFO- Symbol to write: BD_Update_Cmd
2025-03-04 17:03:40,589-INFO- Current speed: -0.074844
2025-03-04 17:03:40,589-INFO- Speed error: 10000.074844
2025-03-04 17:03:42,630-INFO- Current speed: 412.635551
2025-03-04 17:03:42,630-INFO- Speed error: 9587.364449
2025-03-04 17:03:44,647-INFO- Current speed: 1299.105477
2025-03-04 17:03:44,648-INFO- Speed error: 8700.894523
2025-03-04 17:03:46,656-INFO- Current speed: 2195.236787
2025-03-04 17:03:46,657-INFO- Speed error: 7804.763213
2025-03-04 17:03:48,667-INFO- Current speed: 3391.617968
2025-03-04 17:03:48,667-INFO- Speed error: 6608.382032
2025-03-04 17:03:50,673-INFO- Current speed: 4293.743817
2025-03-04 17:03:50,674-INFO- Speed error: 5706.256183
2025-03-04 17:03:52,767-INFO- Current speed: 5458.998423
2025-03-04 17:03:52,767-INFO- Speed error: 4541.001577
2025-03-04 17:03:54,774-INFO- Current speed: 6364.220915
2025-03-04 17:03:54,774-INFO- Speed error: 3635.779085
2025-03-04 17:03:56,782-INFO- Current speed: 7264.066683
2025-03-04 17:03:56,783-INFO- Speed error: 2735.933317
2025-03-04 17:03:58,799-INFO- Current speed: 8466.547168
2025-03-04 17:03:58,799-INFO- Speed error: 1533.452832
2025-03-04 17:04:00,814-INFO- Current speed: 9371.005553
2025-03-04 17:04:00,814-INFO- Speed error: 628.994447
2025-03-04 17:04:02,834-INFO- Current speed: 9997.657742
2025-03-04 17:04:02,834-INFO- Speed error: 2.342258
2025-03-04 17:04:04,848-INFO- Applying torque value: 0.097000
2025-03-04 17:04:05,331-INFO- Set torque request detected
2025-03-04 17:04:05,332-INFO- Value to set: 0.097
2025-03-04 17:04:05,864-INFO- Read torque: -0.098000
2025-03-04 17:04:06,881-INFO- Applying torque value: 0.131250
2025-03-04 17:04:06,943-INFO- Set torque request detected
2025-03-04 17:04:06,943-INFO- Value to set: 0.13125
2025-03-04 17:04:08,015-INFO- Read torque: -0.105000
2025-03-04 17:04:09,031-INFO- Applying torque value: 0.165500
2025-03-04 17:04:09,249-INFO- Set torque request detected
2025-03-04 17:04:09,249-INFO- Value to set: 0.1655
2025-03-04 17:04:10,042-INFO- Read torque: -0.111000
2025-03-04 17:04:11,056-INFO- Applying torque value: 0.199750
2025-03-04 17:04:11,633-INFO- Set torque request detected
2025-03-04 17:04:11,633-INFO- Value to set: 0.19975
2025-03-04 17:04:12,067-INFO- Read torque: -0.158000
2025-03-04 17:04:13,092-INFO- Applying torque value: 0.234000
2025-03-04 17:04:13,218-INFO- Set torque request detected
2025-03-04 17:04:13,219-INFO- Value to set: 0.234
2025-03-04 17:04:14,316-INFO- Read torque: -0.219000
2025-03-04 17:04:15,330-INFO- Final torque reached: -0.221000
2025-03-04 17:04:15,330-INFO- Starting the measures
2025-03-04 17:04:18,341-INFO- Applying torque value: 0.234000
2025-03-04 17:04:18,341-INFO- Elapsed Time [Secs]: 0.000012
2025-03-04 17:04:18,341-INFO- Measured Temperature [C]: 75.303266
2025-03-04 17:04:18,347-INFO- Estimated ClassA Temperature [C]: 92.945953
2025-03-04 17:04:18,356-INFO- Estimated ClassB Temperature [C]: 83.483147
2025-03-04 17:04:18,591-INFO- Set torque request detected
2025-03-04 17:04:18,592-INFO- Value to set: 0.234
2025-03-04 17:04:18,668-WARNING- Read request error: Request error:  Checksum error
2025-03-04 17:04:18,668-WARNING- Discarding the packet
2025-03-04 17:04:24,363-INFO- Applying torque value: 0.233000
2025-03-04 17:04:24,363-INFO- Elapsed Time [Secs]: 6.021537
2025-03-04 17:04:24,363-INFO- Measured Temperature [C]: 76.425941
2025-03-04 17:04:24,369-INFO- Estimated ClassA Temperature [C]: 93.377808
2025-03-04 17:04:24,378-INFO- Estimated ClassB Temperature [C]: 83.389740
2025-03-04 17:04:24,626-INFO- Set torque request detected
2025-03-04 17:04:24,626-INFO- Value to set: 0.233
2025-03-04 17:04:30,389-INFO- Applying torque value: 0.232000
2025-03-04 17:04:30,389-INFO- Elapsed Time [Secs]: 12.047118
2025-03-04 17:04:30,389-INFO- Measured Temperature [C]: 77.445253
2025-03-04 17:04:30,395-INFO- Estimated ClassA Temperature [C]: 93.664459
2025-03-04 17:04:30,403-INFO- Estimated ClassB Temperature [C]: 83.302597
2025-03-04 17:04:30,670-INFO- Set torque request detected
2025-03-04 17:04:30,670-INFO- Value to set: 0.232
2025-03-04 17:04:36,413-INFO- Applying torque value: 0.231000
2025-03-04 17:04:36,413-INFO- Elapsed Time [Secs]: 18.071077
2025-03-04 17:04:36,413-INFO- Measured Temperature [C]: 78.249729
2025-03-04 17:04:36,418-INFO- Estimated ClassA Temperature [C]: 93.922638
2025-03-04 17:04:36,423-INFO- Estimated ClassB Temperature [C]: 83.222816
2025-03-04 17:04:36,722-INFO- Set torque request detected
2025-03-04 17:04:36,722-INFO- Value to set: 0.231
2025-03-04 17:04:42,433-INFO- Applying torque value: 0.230000
2025-03-04 17:04:42,433-INFO- Elapsed Time [Secs]: 24.091146
2025-03-04 17:04:42,433-INFO- Measured Temperature [C]: 78.965477
2025-03-04 17:04:42,440-INFO- Estimated ClassA Temperature [C]: 94.167297
2025-03-04 17:04:42,448-INFO- Estimated ClassB Temperature [C]: 83.140671
2025-03-04 17:04:42,589-INFO- Set torque request detected
2025-03-04 17:04:42,589-INFO- Value to set: 0.23
2025-03-04 17:04:49,934-INFO- Write request detected
2025-03-04 17:04:49,934-INFO- Symbol to write: BD_Target_Speed
2025-03-04 17:04:50,121-INFO- Set torque request detected
2025-03-04 17:04:50,121-INFO- Value to set: 0
2025-03-04 17:04:50,555-INFO- Write request detected
2025-03-04 17:04:50,555-INFO- Symbol to write: BD_Target_Accel
2025-03-04 17:04:53,575-INFO- Write request detected
2025-03-04 17:04:53,575-INFO- Symbol to write: BD_Update_Cmd
2025-03-04 17:04:55,517-INFO- Current speed: 9138.046779
2025-03-04 17:04:55,517-INFO- Speed error: 9138.046779
2025-03-04 17:04:57,535-INFO- Current speed: 8246.186541
2025-03-04 17:04:57,536-INFO- Speed error: 8246.186541
2025-03-04 17:04:59,618-INFO- Current speed: 7036.869310
2025-03-04 17:04:59,619-INFO- Speed error: 7036.869310
2025-03-04 17:05:01,631-INFO- Current speed: 6169.876060
2025-03-04 17:05:01,631-INFO- Speed error: 6169.876060
2025-03-04 17:05:03,641-INFO- Current speed: 5364.042255
2025-03-04 17:05:03,642-INFO- Speed error: 5364.042255
2025-03-04 17:05:05,650-INFO- Current speed: 4453.590497
2025-03-04 17:05:05,651-INFO- Speed error: 4453.590497
2025-03-04 17:05:07,657-INFO- Current speed: 3801.604463
2025-03-04 17:05:07,658-INFO- Speed error: 3801.604463
2025-03-04 17:05:09,668-INFO- Current speed: 3217.307461
2025-03-04 17:05:09,668-INFO- Speed error: 3217.307461
2025-03-04 17:05:11,704-INFO- Current speed: 1649.935612
2025-03-04 17:05:11,704-INFO- Speed error: 1649.935612
2025-03-04 17:05:13,715-INFO- Current speed: 0.000000
2025-03-04 17:05:13,715-INFO- Speed error: 0.000000
2025-03-04 17:05:15,717-INFO- Stop Acquisition
2025-03-04 17:05:15,803-INFO- Termination Request
2025-03-04 17:05:15,938-INFO- Termination Request
2025-03-04 17:05:15,947-INFO- Calculated offset for syncing: 1.009093
2025-03-04 17:05:18,084-INFO- Extracting acquisition with marker value: 1
2025-03-04 17:05:18,087-WARNING- Sub-acquisition too short!
2025-03-04 17:05:18,089-INFO- Extracting acquisition with marker value: 2
2025-03-04 17:05:18,092-WARNING- Sub-acquisition too short!
2025-03-04 17:05:18,094-INFO- Extracting acquisition with marker value: 3
2025-03-04 17:05:18,097-WARNING- Sub-acquisition too short!
2025-03-04 17:05:18,099-INFO- Extracting acquisition with marker value: 4
2025-03-04 17:05:18,101-WARNING- Sub-acquisition too short!
2025-03-04 17:05:18,102-INFO- Extracting acquisition with marker value: 5
2025-03-04 17:05:18,104-WARNING- Sub-acquisition too short!
2025-03-04 17:05:18,107-INFO- STARTING STEP N.5/9
2025-03-04 17:05:18,107-INFO- TORQUE MIN: 0.23
2025-03-04 17:05:18,107-INFO- TORQUE MAX: 0.234
2025-03-04 17:05:18,107-INFO- TORQUE STEP: 0.001
2025-03-04 17:05:18,107-INFO- File name for the acquisition: ./out/PyVisaAcquisition_20250304_170518.visaacq
2025-03-04 17:05:19,111-INFO- File name for the acquisition: ./out/MasterCommanderAcquisition_20250304_170519.mcacq
2025-03-04 17:05:21,851-WARNING- DSP6000 Get Data error: VI_ERROR_TMO (-1073807339): Timeout expired before operation completed. with timeout = 1000
2025-03-04 17:05:21,851-WARNING- PyVISA request error: VI_ERROR_TMO (-1073807339): Timeout expired before operation completed.
2025-03-04 17:05:25,649-INFO- Write request detected
2025-03-04 17:05:25,649-INFO- Symbol to write: BD_Target_Speed
2025-03-04 17:05:26,271-INFO- Write request detected
2025-03-04 17:05:26,271-INFO- Symbol to write: BD_Target_Accel
2025-03-04 17:05:29,309-INFO- Write request detected
2025-03-04 17:05:29,309-INFO- Symbol to write: BD_Update_Cmd
2025-03-04 17:05:31,313-INFO- Set torque request detected
2025-03-04 17:05:31,313-INFO- Value to set: 0
2025-03-04 17:05:33,221-INFO- Target speed: 8000.000000
2025-03-04 17:05:33,527-INFO- Write request detected
2025-03-04 17:05:33,527-INFO- Symbol to write: BD_Target_Speed
2025-03-04 17:05:34,748-INFO- Write request detected
2025-03-04 17:05:34,748-INFO- Symbol to write: BD_Target_Accel
2025-03-04 17:05:37,792-INFO- Write request detected
2025-03-04 17:05:37,792-INFO- Symbol to write: BD_Update_Cmd
2025-03-04 17:05:39,315-INFO- Current speed: -0.276433
2025-03-04 17:05:39,315-INFO- Speed error: 8000.276433
2025-03-04 17:05:41,322-INFO- Current speed: 135.160064
2025-03-04 17:05:41,322-INFO- Speed error: 7864.839936
2025-03-04 17:05:43,340-INFO- Current speed: 1363.435732
2025-03-04 17:05:43,341-INFO- Speed error: 6636.564268
2025-03-04 17:05:45,352-INFO- Current speed: 2261.200168
2025-03-04 17:05:45,352-INFO- Speed error: 5738.799832
2025-03-04 17:05:47,439-INFO- Current speed: 3455.997036
2025-03-04 17:05:47,439-INFO- Speed error: 4544.002964
2025-03-04 17:05:49,446-INFO- Current speed: 4355.405672
2025-03-04 17:05:49,446-INFO- Speed error: 3644.594328
2025-03-04 17:05:51,463-INFO- Current speed: 5212.201795
2025-03-04 17:05:51,463-INFO- Speed error: 2787.798205
2025-03-04 17:05:53,483-INFO- Current speed: 6415.630565
2025-03-04 17:05:53,483-INFO- Speed error: 1584.369435
2025-03-04 17:05:55,496-INFO- Current speed: 7319.967719
2025-03-04 17:05:55,496-INFO- Speed error: 680.032281
2025-03-04 17:05:57,514-INFO- Current speed: 8034.745741
2025-03-04 17:05:57,516-INFO- Speed error: 34.745741
2025-03-04 17:05:59,518-INFO- Applying torque value: 0.069000
2025-03-04 17:05:59,597-INFO- Set torque request detected
2025-03-04 17:05:59,597-INFO- Value to set: 0.069
2025-03-04 17:06:00,699-INFO- Read torque: -0.069000
2025-03-04 17:06:01,720-INFO- Applying torque value: 0.110250
2025-03-04 17:06:01,951-INFO- Set torque request detected
2025-03-04 17:06:01,951-INFO- Value to set: 0.11025000000000001
2025-03-04 17:06:02,733-INFO- Read torque: -0.069000
2025-03-04 17:06:03,743-INFO- Applying torque value: 0.151500
2025-03-04 17:06:04,331-INFO- Set torque request detected
2025-03-04 17:06:04,332-INFO- Value to set: 0.15150000000000002
2025-03-04 17:06:04,745-INFO- Read torque: -0.097000
2025-03-04 17:06:05,756-INFO- Applying torque value: 0.192750
2025-03-04 17:06:05,957-INFO- Set torque request detected
2025-03-04 17:06:05,957-INFO- Value to set: 0.19275
2025-03-04 17:06:06,766-INFO- Read torque: -0.121000
2025-03-04 17:06:07,776-INFO- Applying torque value: 0.234000
2025-03-04 17:06:08,329-INFO- Set torque request detected
2025-03-04 17:06:08,329-INFO- Value to set: 0.234
2025-03-04 17:06:08,790-INFO- Read torque: -0.184000
2025-03-04 17:06:09,809-INFO- Final torque reached: -0.218000
2025-03-04 17:06:09,809-INFO- Starting the measures
2025-03-04 17:06:12,820-INFO- Applying torque value: 0.234000
2025-03-04 17:06:12,820-INFO- Elapsed Time [Secs]: 0.000023
2025-03-04 17:06:12,820-INFO- Measured Temperature [C]: 73.625661
2025-03-04 17:06:12,827-INFO- Estimated ClassA Temperature [C]: 92.656372
2025-03-04 17:06:12,835-INFO- Estimated ClassB Temperature [C]: 77.381912
2025-03-04 17:06:12,882-INFO- Set torque request detected
2025-03-04 17:06:12,882-INFO- Value to set: 0.234
2025-03-04 17:06:18,844-INFO- Applying torque value: 0.233000
2025-03-04 17:06:18,844-INFO- Elapsed Time [Secs]: 6.023928
2025-03-04 17:06:18,845-INFO- Measured Temperature [C]: 74.173489
2025-03-04 17:06:18,850-INFO- Estimated ClassA Temperature [C]: 92.933350
2025-03-04 17:06:18,859-INFO- Estimated ClassB Temperature [C]: 76.944092
2025-03-04 17:06:18,965-INFO- Set torque request detected
2025-03-04 17:06:18,965-INFO- Value to set: 0.233
2025-03-04 17:06:24,874-INFO- Applying torque value: 0.232000
2025-03-04 17:06:24,874-INFO- Elapsed Time [Secs]: 12.053545
2025-03-04 17:06:24,874-INFO- Measured Temperature [C]: 74.766092
2025-03-04 17:06:24,878-INFO- Estimated ClassA Temperature [C]: 93.054291
2025-03-04 17:06:24,884-INFO- Estimated ClassB Temperature [C]: 76.512695
2025-03-04 17:06:25,091-INFO- Set torque request detected
2025-03-04 17:06:25,091-INFO- Value to set: 0.232
2025-03-04 17:06:30,896-INFO- Applying torque value: 0.231000
2025-03-04 17:06:30,896-INFO- Elapsed Time [Secs]: 18.075057
2025-03-04 17:06:30,896-INFO- Measured Temperature [C]: 75.230807
2025-03-04 17:06:30,902-INFO- Estimated ClassA Temperature [C]: 93.141693
2025-03-04 17:06:30,911-INFO- Estimated ClassB Temperature [C]: 76.094627
2025-03-04 17:06:31,129-INFO- Set torque request detected
2025-03-04 17:06:31,129-INFO- Value to set: 0.231
2025-03-04 17:06:36,923-INFO- Applying torque value: 0.230000
2025-03-04 17:06:36,923-INFO- Elapsed Time [Secs]: 24.102101
2025-03-04 17:06:36,923-INFO- Measured Temperature [C]: 75.545010
2025-03-04 17:06:36,928-INFO- Estimated ClassA Temperature [C]: 93.218750
2025-03-04 17:06:36,933-INFO- Estimated ClassB Temperature [C]: 75.690544
2025-03-04 17:06:36,954-INFO- Set torque request detected
2025-03-04 17:06:36,954-INFO- Value to set: 0.23
2025-03-04 17:06:44,525-INFO- Write request detected
2025-03-04 17:06:44,526-INFO- Symbol to write: BD_Target_Speed
2025-03-04 17:06:44,587-INFO- Set torque request detected
2025-03-04 17:06:44,587-INFO- Value to set: 0
2025-03-04 17:06:45,147-INFO- Write request detected
2025-03-04 17:06:45,147-INFO- Symbol to write: BD_Target_Accel
2025-03-04 17:06:48,153-INFO- Write request detected
2025-03-04 17:06:48,153-INFO- Symbol to write: BD_Update_Cmd
2025-03-04 17:06:50,093-INFO- Current speed: 7092.488834
2025-03-04 17:06:50,094-INFO- Speed error: 7092.488834
2025-03-04 17:06:52,115-INFO- Current speed: 6264.871278
2025-03-04 17:06:52,115-INFO- Speed error: 6264.871278
2025-03-04 17:06:54,124-INFO- Current speed: 5482.242194
2025-03-04 17:06:54,124-INFO- Speed error: 5482.242194
2025-03-04 17:06:56,142-INFO- Current speed: 4550.347649
2025-03-04 17:06:56,143-INFO- Speed error: 4550.347649
2025-03-04 17:06:58,151-INFO- Current speed: 3896.568499
2025-03-04 17:06:58,151-INFO- Speed error: 3896.568499
2025-03-04 17:07:00,255-INFO- Current speed: 3142.077316
2025-03-04 17:07:00,256-INFO- Speed error: 3142.077316
2025-03-04 17:07:02,271-INFO- Current speed: 2146.673159
2025-03-04 17:07:02,271-INFO- Speed error: 2146.673159
2025-03-04 17:07:04,289-INFO- Current speed: 215.362604
2025-03-04 17:07:04,289-INFO- Speed error: 215.362604
2025-03-04 17:07:06,310-INFO- Current speed: 0.000000
2025-03-04 17:07:06,310-INFO- Speed error: 0.000000
2025-03-04 17:07:08,323-INFO- Stop Acquisition
2025-03-04 17:07:08,837-INFO- Termination Request
2025-03-04 17:07:09,295-INFO- Termination Request
2025-03-04 17:07:09,301-INFO- Calculated offset for syncing: 0.948961
2025-03-04 17:07:11,447-INFO- Extracting acquisition with marker value: 1
2025-03-04 17:07:11,450-WARNING- Sub-acquisition too short!
2025-03-04 17:07:11,452-INFO- Extracting acquisition with marker value: 2
2025-03-04 17:07:11,455-WARNING- Sub-acquisition too short!
2025-03-04 17:07:11,457-INFO- Extracting acquisition with marker value: 3
2025-03-04 17:07:11,459-WARNING- Sub-acquisition too short!
2025-03-04 17:07:11,461-INFO- Extracting acquisition with marker value: 4
2025-03-04 17:07:11,465-WARNING- Sub-acquisition too short!
2025-03-04 17:07:11,466-INFO- Extracting acquisition with marker value: 5
2025-03-04 17:07:11,468-WARNING- Sub-acquisition too short!
2025-03-04 17:07:11,470-INFO- STARTING STEP N.6/9
2025-03-04 17:07:11,470-INFO- TORQUE MIN: 0.23
2025-03-04 17:07:11,470-INFO- TORQUE MAX: 0.234
2025-03-04 17:07:11,470-INFO- TORQUE STEP: 0.001
2025-03-04 17:07:11,470-INFO- File name for the acquisition: ./out/PyVisaAcquisition_20250304_170711.visaacq
2025-03-04 17:07:12,472-INFO- File name for the acquisition: ./out/MasterCommanderAcquisition_20250304_170712.mcacq
2025-03-04 17:07:19,070-INFO- Write request detected
2025-03-04 17:07:19,070-INFO- Symbol to write: BD_Target_Speed
2025-03-04 17:07:19,692-INFO- Write request detected
2025-03-04 17:07:19,693-INFO- Symbol to write: BD_Target_Accel
2025-03-04 17:07:22,726-INFO- Write request detected
2025-03-04 17:07:22,726-INFO- Symbol to write: BD_Update_Cmd
2025-03-04 17:07:25,312-INFO- Set torque request detected
2025-03-04 17:07:25,312-INFO- Value to set: 0
2025-03-04 17:07:26,666-INFO- Target speed: 6000.000000
2025-03-04 17:07:26,980-INFO- Write request detected
2025-03-04 17:07:26,980-INFO- Symbol to write: BD_Target_Speed
2025-03-04 17:07:28,197-INFO- Write request detected
2025-03-04 17:07:28,197-INFO- Symbol to write: BD_Target_Accel
2025-03-04 17:07:31,222-INFO- Write request detected
2025-03-04 17:07:31,222-INFO- Symbol to write: BD_Update_Cmd
2025-03-04 17:07:31,317-WARNING- Read request error: Request error:  Checksum error
2025-03-04 17:07:31,317-WARNING- Discarding the packet
2025-03-04 17:07:32,746-INFO- Current speed: -0.021891
2025-03-04 17:07:32,746-INFO- Speed error: 6000.021891
2025-03-04 17:07:34,758-INFO- Current speed: 113.024167
2025-03-04 17:07:34,759-INFO- Speed error: 5886.975833
2025-03-04 17:07:36,768-INFO- Current speed: 1337.663443
2025-03-04 17:07:36,768-INFO- Speed error: 4662.336557
2025-03-04 17:07:38,782-INFO- Current speed: 2252.942451
2025-03-04 17:07:38,782-INFO- Speed error: 3747.057549
2025-03-04 17:07:40,868-INFO- Current speed: 3447.465675
2025-03-04 17:07:40,868-INFO- Speed error: 2552.534325
2025-03-04 17:07:42,878-INFO- Current speed: 4341.400542
2025-03-04 17:07:42,878-INFO- Speed error: 1658.599458
2025-03-04 17:07:44,889-INFO- Current speed: 5195.835569
2025-03-04 17:07:44,889-INFO- Speed error: 804.164431
2025-03-04 17:07:46,900-INFO- Current speed: 6003.777517
2025-03-04 17:07:46,900-INFO- Speed error: 3.777517
2025-03-04 17:07:48,901-INFO- Applying torque value: 0.056000
2025-03-04 17:07:49,333-INFO- Set torque request detected
2025-03-04 17:07:49,333-INFO- Value to set: 0.056
2025-03-04 17:07:50,086-INFO- Read torque: -0.056000
2025-03-04 17:07:51,105-INFO- Applying torque value: 0.100500
2025-03-04 17:07:51,325-INFO- Set torque request detected
2025-03-04 17:07:51,325-INFO- Value to set: 0.1005
2025-03-04 17:07:52,107-INFO- Read torque: -0.056000
2025-03-04 17:07:53,121-INFO- Applying torque value: 0.145000
2025-03-04 17:07:53,666-INFO- Set torque request detected
2025-03-04 17:07:53,666-INFO- Value to set: 0.14500000000000002
2025-03-04 17:07:54,133-INFO- Read torque: -0.087000
2025-03-04 17:07:55,148-INFO- Applying torque value: 0.189500
2025-03-04 17:07:55,256-INFO- Set torque request detected
2025-03-04 17:07:55,256-INFO- Value to set: 0.1895
2025-03-04 17:07:56,341-INFO- Read torque: -0.155000
2025-03-04 17:07:57,353-INFO- Applying torque value: 0.234000
2025-03-04 17:07:57,588-INFO- Set torque request detected
2025-03-04 17:07:57,588-INFO- Value to set: 0.234
2025-03-04 17:07:58,367-INFO- Read torque: -0.182000
2025-03-04 17:07:59,438-INFO- Final torque reached: -0.225000
2025-03-04 17:07:59,438-INFO- Starting the measures
2025-03-04 17:08:02,454-INFO- Applying torque value: 0.234000
2025-03-04 17:08:02,454-INFO- Elapsed Time [Secs]: 0.000008
2025-03-04 17:08:02,454-INFO- Measured Temperature [C]: 70.436828
2025-03-04 17:08:02,460-INFO- Estimated ClassA Temperature [C]: 90.817780
2025-03-04 17:08:02,469-INFO- Estimated ClassB Temperature [C]: 70.615906
2025-03-04 17:08:02,925-INFO- Set torque request detected
2025-03-04 17:08:02,925-INFO- Value to set: 0.234
2025-03-04 17:08:08,478-INFO- Applying torque value: 0.233000
2025-03-04 17:08:08,478-INFO- Elapsed Time [Secs]: 6.024379
2025-03-04 17:08:08,572-INFO- Measured Temperature [C]: 70.442186
2025-03-04 17:08:08,583-INFO- Estimated ClassA Temperature [C]: 90.840668
2025-03-04 17:08:08,590-INFO- Estimated ClassB Temperature [C]: 69.860382
2025-03-04 17:08:09,078-INFO- Set torque request detected
2025-03-04 17:08:09,078-INFO- Value to set: 0.233
2025-03-04 17:08:09,125-WARNING- Read request error: Request error:  Checksum error
2025-03-04 17:08:09,125-WARNING- Discarding the packet
2025-03-04 17:08:14,606-INFO- Applying torque value: 0.232000
2025-03-04 17:08:14,607-INFO- Elapsed Time [Secs]: 12.151824
2025-03-04 17:08:14,635-INFO- Measured Temperature [C]: 70.428042
2025-03-04 17:08:14,641-INFO- Estimated ClassA Temperature [C]: 90.789246
2025-03-04 17:08:14,649-INFO- Estimated ClassB Temperature [C]: 69.128044
2025-03-04 17:08:15,137-INFO- Set torque request detected
2025-03-04 17:08:15,137-INFO- Value to set: 0.232
2025-03-04 17:08:20,664-INFO- Applying torque value: 0.231000
2025-03-04 17:08:20,664-INFO- Elapsed Time [Secs]: 18.209454
2025-03-04 17:08:20,672-INFO- Measured Temperature [C]: 70.323020
2025-03-04 17:08:20,677-INFO- Estimated ClassA Temperature [C]: 90.691071
2025-03-04 17:08:20,682-INFO- Estimated ClassB Temperature [C]: 68.416084
2025-03-04 17:08:21,179-INFO- Set torque request detected
2025-03-04 17:08:21,179-INFO- Value to set: 0.231
2025-03-04 17:08:26,683-INFO- Applying torque value: 0.230000
2025-03-04 17:08:26,683-INFO- Elapsed Time [Secs]: 24.228556
2025-03-04 17:08:26,826-INFO- Measured Temperature [C]: 70.251423
2025-03-04 17:08:26,833-INFO- Estimated ClassA Temperature [C]: 90.616028
2025-03-04 17:08:26,842-INFO- Estimated ClassB Temperature [C]: 67.732262
2025-03-04 17:08:27,337-INFO- Set torque request detected
2025-03-04 17:08:27,337-INFO- Value to set: 0.23
2025-03-04 17:08:34,172-INFO- Write request detected
2025-03-04 17:08:34,172-INFO- Symbol to write: BD_Target_Speed
2025-03-04 17:08:34,589-INFO- Set torque request detected
2025-03-04 17:08:34,589-INFO- Value to set: 0
2025-03-04 17:08:35,381-INFO- Write request detected
2025-03-04 17:08:35,381-INFO- Symbol to write: BD_Target_Accel
2025-03-04 17:08:38,394-INFO- Write request detected
2025-03-04 17:08:38,394-INFO- Symbol to write: BD_Update_Cmd
2025-03-04 17:08:39,930-INFO- Current speed: 5521.304319
2025-03-04 17:08:39,930-INFO- Speed error: 5521.304319
2025-03-04 17:08:41,938-INFO- Current speed: 4794.282518
2025-03-04 17:08:41,938-INFO- Speed error: 4794.282518
2025-03-04 17:08:43,952-INFO- Current speed: 3902.480856
2025-03-04 17:08:43,952-INFO- Speed error: 3902.480856
2025-03-04 17:08:45,966-INFO- Current speed: 3500.352248
2025-03-04 17:08:45,967-INFO- Speed error: 3500.352248
2025-03-04 17:08:48,033-INFO- Current speed: 1770.788943
2025-03-04 17:08:48,033-INFO- Speed error: 1770.788943
2025-03-04 17:08:50,045-INFO- Current speed: 348.018938
2025-03-04 17:08:50,045-INFO- Speed error: 348.018938
2025-03-04 17:08:52,065-INFO- Current speed: 0.000000
2025-03-04 17:08:52,065-INFO- Speed error: 0.000000
2025-03-04 17:08:54,070-INFO- Stop Acquisition
2025-03-04 17:08:54,338-INFO- Termination Request
2025-03-04 17:08:54,673-INFO- Termination Request
2025-03-04 17:08:54,681-INFO- Calculated offset for syncing: 0.865104
2025-03-04 17:08:56,820-INFO- Extracting acquisition with marker value: 1
2025-03-04 17:08:56,823-WARNING- Sub-acquisition too short!
2025-03-04 17:08:56,825-INFO- Extracting acquisition with marker value: 2
2025-03-04 17:08:56,828-WARNING- Sub-acquisition too short!
2025-03-04 17:08:56,830-INFO- Extracting acquisition with marker value: 3
2025-03-04 17:08:56,832-WARNING- Sub-acquisition too short!
2025-03-04 17:08:56,834-INFO- Extracting acquisition with marker value: 4
2025-03-04 17:08:56,837-WARNING- Sub-acquisition too short!
2025-03-04 17:08:56,838-INFO- Extracting acquisition with marker value: 5
2025-03-04 17:08:56,840-WARNING- Sub-acquisition too short!
2025-03-04 17:08:56,842-INFO- STARTING STEP N.7/9
2025-03-04 17:08:56,842-INFO- TORQUE MIN: 0.23
2025-03-04 17:08:56,842-INFO- TORQUE MAX: 0.234
2025-03-04 17:08:56,842-INFO- TORQUE STEP: 0.001
2025-03-04 17:08:56,842-INFO- File name for the acquisition: ./out/PyVisaAcquisition_20250304_170856.visaacq
2025-03-04 17:08:57,845-INFO- File name for the acquisition: ./out/MasterCommanderAcquisition_20250304_170857.mcacq
2025-03-04 17:08:59,097-WARNING- DSP6000 Get Data error: VI_ERROR_TMO (-1073807339): Timeout expired before operation completed. with timeout = 1000
2025-03-04 17:08:59,097-WARNING- PyVISA request error: VI_ERROR_TMO (-1073807339): Timeout expired before operation completed.
2025-03-04 17:09:04,420-INFO- Write request detected
2025-03-04 17:09:04,420-INFO- Symbol to write: BD_Target_Speed
2025-03-04 17:09:05,040-INFO- Write request detected
2025-03-04 17:09:05,040-INFO- Symbol to write: BD_Target_Accel
2025-03-04 17:09:06,540-WARNING- DSP6000 Get Data error: VI_ERROR_TMO (-1073807339): Timeout expired before operation completed. with timeout = 1000
2025-03-04 17:09:06,540-WARNING- PyVISA request error: VI_ERROR_TMO (-1073807339): Timeout expired before operation completed.
2025-03-04 17:09:08,085-INFO- Write request detected
2025-03-04 17:09:08,085-INFO- Symbol to write: BD_Update_Cmd
2025-03-04 17:09:10,723-INFO- Set torque request detected
2025-03-04 17:09:10,723-INFO- Value to set: 0
2025-03-04 17:09:11,996-INFO- Target speed: 4000.000000
2025-03-04 17:09:12,307-INFO- Write request detected
2025-03-04 17:09:12,307-INFO- Symbol to write: BD_Target_Speed
2025-03-04 17:09:13,544-INFO- Write request detected
2025-03-04 17:09:13,544-INFO- Symbol to write: BD_Target_Accel
2025-03-04 17:09:16,572-INFO- Write request detected
2025-03-04 17:09:16,572-INFO- Symbol to write: BD_Update_Cmd
2025-03-04 17:09:18,082-INFO- Current speed: 0.209359
2025-03-04 17:09:18,082-INFO- Speed error: 3999.790641
2025-03-04 17:09:20,091-INFO- Current speed: 95.220806
2025-03-04 17:09:20,091-INFO- Speed error: 3904.779194
2025-03-04 17:09:22,108-INFO- Current speed: 1328.155528
2025-03-04 17:09:22,108-INFO- Speed error: 2671.844472
2025-03-04 17:09:24,126-INFO- Current speed: 2220.091682
2025-03-04 17:09:24,126-INFO- Speed error: 1779.908318
2025-03-04 17:09:26,133-INFO- Current speed: 3128.364774
2025-03-04 17:09:26,133-INFO- Speed error: 871.635226
2025-03-04 17:09:28,141-INFO- Current speed: 3998.070574
2025-03-04 17:09:28,142-INFO- Speed error: 1.929426
2025-03-04 17:09:30,143-INFO- Applying torque value: 0.055000
2025-03-04 17:09:30,330-INFO- Set torque request detected
2025-03-04 17:09:30,330-INFO- Value to set: 0.055
2025-03-04 17:09:31,152-INFO- Read torque: -0.055000
2025-03-04 17:09:32,170-INFO- Applying torque value: 0.099750
2025-03-04 17:09:32,682-INFO- Set torque request detected
2025-03-04 17:09:32,682-INFO- Value to set: 0.09975
2025-03-04 17:09:33,180-INFO- Read torque: -0.054000
2025-03-04 17:09:34,199-INFO- Applying torque value: 0.144500
2025-03-04 17:09:34,261-INFO- Set torque request detected
2025-03-04 17:09:34,261-INFO- Value to set: 0.14450000000000002
2025-03-04 17:09:35,339-INFO- Read torque: -0.089000
2025-03-04 17:09:36,349-INFO- Applying torque value: 0.189250
2025-03-04 17:09:36,583-INFO- Set torque request detected
2025-03-04 17:09:36,583-INFO- Value to set: 0.18925
2025-03-04 17:09:37,355-INFO- Read torque: -0.116000
2025-03-04 17:09:38,364-INFO- Applying torque value: 0.234000
2025-03-04 17:09:38,676-INFO- Set torque request detected
2025-03-04 17:09:38,676-INFO- Value to set: 0.234
2025-03-04 17:09:39,367-INFO- Read torque: -0.175000
2025-03-04 17:09:40,495-INFO- Final torque reached: -0.219000
2025-03-04 17:09:40,495-INFO- Starting the measures
2025-03-04 17:09:43,504-INFO- Applying torque value: 0.234000
2025-03-04 17:09:43,504-INFO- Elapsed Time [Secs]: 0.000011
2025-03-04 17:09:43,505-INFO- Measured Temperature [C]: 67.430192
2025-03-04 17:09:43,511-INFO- Estimated ClassA Temperature [C]: 82.421936
2025-03-04 17:09:43,519-INFO- Estimated ClassB Temperature [C]: 65.781067
2025-03-04 17:09:43,987-INFO- Set torque request detected
2025-03-04 17:09:43,987-INFO- Value to set: 0.234
2025-03-04 17:09:49,525-INFO- Applying torque value: 0.233000
2025-03-04 17:09:49,525-INFO- Elapsed Time [Secs]: 6.020351
2025-03-04 17:09:49,577-INFO- Measured Temperature [C]: 67.166832
2025-03-04 17:09:49,582-INFO- Estimated ClassA Temperature [C]: 82.305908
2025-03-04 17:09:49,588-INFO- Estimated ClassB Temperature [C]: 65.716614
2025-03-04 17:09:50,084-INFO- Set torque request detected
2025-03-04 17:09:50,084-INFO- Value to set: 0.233
2025-03-04 17:09:55,591-INFO- Applying torque value: 0.232000
2025-03-04 17:09:55,591-INFO- Elapsed Time [Secs]: 12.086657
2025-03-04 17:09:55,626-INFO- Measured Temperature [C]: 66.892133
2025-03-04 17:09:55,634-INFO- Estimated ClassA Temperature [C]: 82.167633
2025-03-04 17:09:55,641-INFO- Estimated ClassB Temperature [C]: 65.652809
2025-03-04 17:09:56,139-INFO- Set torque request detected
2025-03-04 17:09:56,139-INFO- Value to set: 0.232
2025-03-04 17:10:01,654-INFO- Applying torque value: 0.231000
2025-03-04 17:10:01,654-INFO- Elapsed Time [Secs]: 18.149253
2025-03-04 17:10:01,670-INFO- Measured Temperature [C]: 66.651389
2025-03-04 17:10:01,694-INFO- Estimated ClassA Temperature [C]: 82.009583
2025-03-04 17:10:01,700-INFO- Estimated ClassB Temperature [C]: 65.589638
2025-03-04 17:10:02,181-INFO- Set torque request detected
2025-03-04 17:10:02,181-INFO- Value to set: 0.231
2025-03-04 17:10:07,713-INFO- Applying torque value: 0.230000
2025-03-04 17:10:07,713-INFO- Elapsed Time [Secs]: 24.208481
2025-03-04 17:10:07,823-INFO- Measured Temperature [C]: 66.457380
2025-03-04 17:10:07,828-INFO- Estimated ClassA Temperature [C]: 81.858856
2025-03-04 17:10:07,834-INFO- Estimated ClassB Temperature [C]: 65.526421
2025-03-04 17:10:08,331-INFO- Set torque request detected
2025-03-04 17:10:08,331-INFO- Value to set: 0.23
2025-03-04 17:10:15,114-INFO- Set torque request detected
2025-03-04 17:10:15,115-INFO- Value to set: 0
2025-03-04 17:10:15,439-INFO- Write request detected
2025-03-04 17:10:15,439-INFO- Symbol to write: BD_Target_Speed
2025-03-04 17:10:16,063-INFO- Write request detected
2025-03-04 17:10:16,063-INFO- Symbol to write: BD_Target_Accel
2025-03-04 17:10:19,105-INFO- Write request detected
2025-03-04 17:10:19,105-INFO- Symbol to write: BD_Update_Cmd
2025-03-04 17:10:20,997-INFO- Current speed: 3394.005584
2025-03-04 17:10:20,997-INFO- Speed error: 3394.005584
2025-03-04 17:10:23,007-INFO- Current speed: 2697.802762
2025-03-04 17:10:23,007-INFO- Speed error: 2697.802762
2025-03-04 17:10:25,019-INFO- Current speed: 1315.985771
2025-03-04 17:10:25,019-INFO- Speed error: 1315.985771
2025-03-04 17:10:27,028-INFO- Current speed: 0.000000
2025-03-04 17:10:27,028-INFO- Speed error: 0.000000
2025-03-04 17:10:29,033-INFO- Stop Acquisition
2025-03-04 17:10:29,304-INFO- Termination Request
2025-03-04 17:10:29,474-INFO- Termination Request
2025-03-04 17:10:29,481-INFO- Calculated offset for syncing: 0.940871
2025-03-04 17:10:31,614-INFO- Extracting acquisition with marker value: 1
2025-03-04 17:10:31,616-WARNING- Sub-acquisition too short!
2025-03-04 17:10:31,619-INFO- Extracting acquisition with marker value: 2
2025-03-04 17:10:31,621-WARNING- Sub-acquisition too short!
2025-03-04 17:10:31,623-INFO- Extracting acquisition with marker value: 3
2025-03-04 17:10:31,626-WARNING- Sub-acquisition too short!
2025-03-04 17:10:31,628-INFO- Extracting acquisition with marker value: 4
2025-03-04 17:10:31,630-WARNING- Sub-acquisition too short!
2025-03-04 17:10:31,631-INFO- Extracting acquisition with marker value: 5
2025-03-04 17:10:31,633-WARNING- Sub-acquisition too short!
2025-03-04 17:10:31,635-INFO- STARTING STEP N.8/9
2025-03-04 17:10:31,635-INFO- TORQUE MIN: 0.23
2025-03-04 17:10:31,635-INFO- TORQUE MAX: 0.234
2025-03-04 17:10:31,635-INFO- TORQUE STEP: 0.001
2025-03-04 17:10:31,635-INFO- File name for the acquisition: ./out/PyVisaAcquisition_20250304_171031.visaacq
2025-03-04 17:10:32,642-INFO- File name for the acquisition: ./out/MasterCommanderAcquisition_20250304_171032.mcacq
2025-03-04 17:10:36,092-WARNING- DSP6000 Get Data error: VI_ERROR_TMO (-1073807339): Timeout expired before operation completed. with timeout = 1000
2025-03-04 17:10:36,093-WARNING- PyVISA request error: VI_ERROR_TMO (-1073807339): Timeout expired before operation completed.
2025-03-04 17:10:38,353-WARNING- DSP6000 Get Data error: VI_ERROR_TMO (-1073807339): Timeout expired before operation completed. with timeout = 1000
2025-03-04 17:10:38,354-WARNING- PyVISA request error: VI_ERROR_TMO (-1073807339): Timeout expired before operation completed.
2025-03-04 17:10:39,214-INFO- Write request detected
2025-03-04 17:10:39,214-INFO- Symbol to write: BD_Target_Speed
2025-03-04 17:10:39,822-INFO- Write request detected
2025-03-04 17:10:39,822-INFO- Symbol to write: BD_Target_Accel
2025-03-04 17:10:42,836-INFO- Write request detected
2025-03-04 17:10:42,836-INFO- Symbol to write: BD_Update_Cmd
2025-03-04 17:10:44,799-INFO- Set torque request detected
2025-03-04 17:10:44,799-INFO- Value to set: 0
2025-03-04 17:10:46,769-INFO- Target speed: 2000.000000
2025-03-04 17:10:47,080-INFO- Write request detected
2025-03-04 17:10:47,080-INFO- Symbol to write: BD_Target_Speed
2025-03-04 17:10:48,301-INFO- Write request detected
2025-03-04 17:10:48,301-INFO- Symbol to write: BD_Target_Accel
2025-03-04 17:10:51,340-INFO- Write request detected
2025-03-04 17:10:51,341-INFO- Symbol to write: BD_Update_Cmd
2025-03-04 17:10:51,430-WARNING- Read request error: Request error:  Checksum error
2025-03-04 17:10:51,430-WARNING- Discarding the packet
2025-03-04 17:10:52,857-INFO- Current speed: 0.103995
2025-03-04 17:10:52,858-INFO- Speed error: 1999.896005
2025-03-04 17:10:54,876-INFO- Current speed: 132.172712
2025-03-04 17:10:54,876-INFO- Speed error: 1867.827288
2025-03-04 17:10:56,886-INFO- Current speed: 1352.058204
2025-03-04 17:10:56,886-INFO- Speed error: 647.941796
2025-03-04 17:10:58,898-INFO- Current speed: 2019.326376
2025-03-04 17:10:58,898-INFO- Speed error: 19.326376
2025-03-04 17:11:00,905-INFO- Applying torque value: 0.045000
2025-03-04 17:11:01,330-INFO- Set torque request detected
2025-03-04 17:11:01,330-INFO- Value to set: 0.045
2025-03-04 17:11:01,919-INFO- Read torque: -0.045000
2025-03-04 17:11:02,927-INFO- Applying torque value: 0.092250
2025-03-04 17:11:02,942-INFO- Set torque request detected
2025-03-04 17:11:02,942-INFO- Value to set: 0.09225
2025-03-04 17:11:04,026-INFO- Read torque: -0.048000
2025-03-04 17:11:05,032-INFO- Applying torque value: 0.139500
2025-03-04 17:11:05,280-INFO- Set torque request detected
2025-03-04 17:11:05,280-INFO- Value to set: 0.1395
2025-03-04 17:11:06,044-INFO- Read torque: -0.055000
2025-03-04 17:11:07,061-INFO- Applying torque value: 0.186750
2025-03-04 17:11:07,606-INFO- Set torque request detected
2025-03-04 17:11:07,607-INFO- Value to set: 0.18674999999999997
2025-03-04 17:11:08,073-INFO- Read torque: -0.110000
2025-03-04 17:11:09,094-INFO- Applying torque value: 0.234000
2025-03-04 17:11:09,232-INFO- Set torque request detected
2025-03-04 17:11:09,232-INFO- Value to set: 0.234
2025-03-04 17:11:10,317-INFO- Read torque: -0.209000
2025-03-04 17:11:11,338-INFO- Final torque reached: -0.220000
2025-03-04 17:11:11,338-INFO- Starting the measures
2025-03-04 17:11:14,348-INFO- Applying torque value: 0.234000
2025-03-04 17:11:14,348-INFO- Elapsed Time [Secs]: 0.000008
2025-03-04 17:11:14,572-INFO- Measured Temperature [C]: 65.459715
2025-03-04 17:11:14,579-INFO- Estimated ClassA Temperature [C]: 80.262665
2025-03-04 17:11:14,586-INFO- Estimated ClassB Temperature [C]: 64.997040
2025-03-04 17:11:15,081-INFO- Set torque request detected
2025-03-04 17:11:15,082-INFO- Value to set: 0.234
2025-03-04 17:11:20,593-INFO- Applying torque value: 0.233000
2025-03-04 17:11:20,593-INFO- Elapsed Time [Secs]: 6.244448
2025-03-04 17:11:20,625-INFO- Measured Temperature [C]: 65.204716
2025-03-04 17:11:20,631-INFO- Estimated ClassA Temperature [C]: 80.151947
2025-03-04 17:11:20,640-INFO- Estimated ClassB Temperature [C]: 64.896156
2025-03-04 17:11:21,136-INFO- Set torque request detected
2025-03-04 17:11:21,136-INFO- Value to set: 0.233
2025-03-04 17:11:26,643-INFO- Applying torque value: 0.232000
2025-03-04 17:11:26,643-INFO- Elapsed Time [Secs]: 12.294015
2025-03-04 17:11:26,694-INFO- Measured Temperature [C]: 64.997429
2025-03-04 17:11:26,782-INFO- Estimated ClassA Temperature [C]: 80.015076
2025-03-04 17:11:26,791-INFO- Estimated ClassB Temperature [C]: 64.795975
2025-03-04 17:11:27,208-INFO- Set torque request detected
2025-03-04 17:11:27,208-INFO- Value to set: 0.232
2025-03-04 17:11:32,802-INFO- Applying torque value: 0.231000
2025-03-04 17:11:32,803-INFO- Elapsed Time [Secs]: 18.453789
2025-03-04 17:11:32,831-INFO- Measured Temperature [C]: 64.846566
2025-03-04 17:11:32,837-INFO- Estimated ClassA Temperature [C]: 79.885681
2025-03-04 17:11:32,845-INFO- Estimated ClassB Temperature [C]: 64.696449
2025-03-04 17:11:33,333-INFO- Set torque request detected
2025-03-04 17:11:33,333-INFO- Value to set: 0.231
2025-03-04 17:11:38,850-INFO- Applying torque value: 0.230000
2025-03-04 17:11:38,850-INFO- Elapsed Time [Secs]: 24.500986
2025-03-04 17:11:38,850-INFO- Measured Temperature [C]: 64.651054
2025-03-04 17:11:38,855-INFO- Estimated ClassA Temperature [C]: 79.760559
2025-03-04 17:11:38,860-INFO- Estimated ClassB Temperature [C]: 64.597679
2025-03-04 17:11:39,350-INFO- Set torque request detected
2025-03-04 17:11:39,351-INFO- Value to set: 0.23
2025-03-04 17:11:46,139-INFO- Set torque request detected
2025-03-04 17:11:46,139-INFO- Value to set: 0
2025-03-04 17:11:46,466-INFO- Write request detected
2025-03-04 17:11:46,466-INFO- Symbol to write: BD_Target_Speed
2025-03-04 17:11:47,089-INFO- Write request detected
2025-03-04 17:11:47,090-INFO- Symbol to write: BD_Target_Accel
2025-03-04 17:11:50,102-INFO- Write request detected
2025-03-04 17:11:50,102-INFO- Symbol to write: BD_Update_Cmd
2025-03-04 17:11:52,030-INFO- Current speed: 1089.653774
2025-03-04 17:11:52,031-INFO- Speed error: 1089.653774
2025-03-04 17:11:54,039-INFO- Current speed: 0.000000
2025-03-04 17:11:54,039-INFO- Speed error: 0.000000
2025-03-04 17:11:56,082-INFO- Stop Acquisition
2025-03-04 17:11:56,590-INFO- Termination Request
2025-03-04 17:11:56,869-INFO- Termination Request
2025-03-04 17:11:56,876-INFO- Calculated offset for syncing: 3.876121
2025-03-04 17:11:59,009-INFO- Extracting acquisition with marker value: 1
2025-03-04 17:11:59,012-WARNING- Sub-acquisition too short!
2025-03-04 17:11:59,014-INFO- Extracting acquisition with marker value: 2
2025-03-04 17:11:59,016-WARNING- Sub-acquisition too short!
2025-03-04 17:11:59,018-INFO- Extracting acquisition with marker value: 3
2025-03-04 17:11:59,020-WARNING- Sub-acquisition too short!
2025-03-04 17:11:59,022-INFO- Extracting acquisition with marker value: 4
2025-03-04 17:11:59,024-WARNING- Sub-acquisition too short!
2025-03-04 17:11:59,026-INFO- Extracting acquisition with marker value: 5
2025-03-04 17:11:59,027-WARNING- Sub-acquisition too short!
2025-03-04 17:11:59,029-INFO- STARTING STEP N.9/9
2025-03-04 17:11:59,029-INFO- TORQUE MIN: 0.23
2025-03-04 17:11:59,029-INFO- TORQUE MAX: 0.234
2025-03-04 17:11:59,029-INFO- TORQUE STEP: 0.001
2025-03-04 17:11:59,029-INFO- File name for the acquisition: ./out/PyVisaAcquisition_20250304_171159.visaacq
2025-03-04 17:12:00,039-INFO- File name for the acquisition: ./out/MasterCommanderAcquisition_20250304_171200.mcacq
2025-03-04 17:12:06,629-INFO- Write request detected
2025-03-04 17:12:06,629-INFO- Symbol to write: BD_Target_Speed
2025-03-04 17:12:07,247-INFO- Write request detected
2025-03-04 17:12:07,247-INFO- Symbol to write: BD_Target_Accel
2025-03-04 17:12:10,272-INFO- Write request detected
2025-03-04 17:12:10,272-INFO- Symbol to write: BD_Update_Cmd
2025-03-04 17:12:12,844-INFO- Set torque request detected
2025-03-04 17:12:12,844-INFO- Value to set: 0
2025-03-04 17:12:14,187-INFO- Target speed: 750.000000
2025-03-04 17:12:14,501-INFO- Write request detected
2025-03-04 17:12:14,501-INFO- Symbol to write: BD_Target_Speed
2025-03-04 17:12:15,731-INFO- Write request detected
2025-03-04 17:12:15,731-INFO- Symbol to write: BD_Target_Accel
2025-03-04 17:12:18,765-INFO- Write request detected
2025-03-04 17:12:18,765-INFO- Symbol to write: BD_Update_Cmd
2025-03-04 17:12:18,843-WARNING- Read request error: Request error:  Checksum error
2025-03-04 17:12:18,843-WARNING- Discarding the packet
2025-03-04 17:12:20,292-INFO- Current speed: 0.006659
2025-03-04 17:12:20,293-INFO- Speed error: 749.993341
2025-03-04 17:12:20,713-WARNING- DSP6000 Get Data error: VI_ERROR_TMO (-1073807339): Timeout expired before operation completed. with timeout = 1000
2025-03-04 17:12:20,714-WARNING- PyVISA request error: VI_ERROR_TMO (-1073807339): Timeout expired before operation completed.
2025-03-04 17:12:22,374-INFO- Current speed: 421.583719
2025-03-04 17:12:22,374-INFO- Speed error: 328.416281
2025-03-04 17:12:24,396-INFO- Current speed: 760.542548
2025-03-04 17:12:24,396-INFO- Speed error: 10.542548
2025-03-04 17:12:26,409-INFO- Applying torque value: 0.034000
2025-03-04 17:12:26,441-INFO- Set torque request detected
2025-03-04 17:12:26,441-INFO- Value to set: 0.034
2025-03-04 17:12:27,577-INFO- Read torque: -0.033000
2025-03-04 17:12:28,591-INFO- Applying torque value: 0.084000
2025-03-04 17:12:28,811-INFO- Set torque request detected
2025-03-04 17:12:28,811-INFO- Value to set: 0.084
2025-03-04 17:12:29,605-INFO- Read torque: -0.031000
2025-03-04 17:12:30,626-INFO- Applying torque value: 0.134000
2025-03-04 17:12:31,141-INFO- Set torque request detected
2025-03-04 17:12:31,141-INFO- Value to set: 0.134
2025-03-04 17:12:31,639-INFO- Read torque: -0.049000
2025-03-04 17:12:32,653-INFO- Applying torque value: 0.184000
2025-03-04 17:12:32,747-INFO- Set torque request detected
2025-03-04 17:12:32,747-INFO- Value to set: 0.18400000000000002
2025-03-04 17:12:33,825-INFO- Read torque: -0.117000
2025-03-04 17:12:34,833-INFO- Applying torque value: 0.234000
2025-03-04 17:12:35,080-INFO- Set torque request detected
2025-03-04 17:12:35,080-INFO- Value to set: 0.234
2025-03-04 17:12:35,841-INFO- Read torque: -0.166000
2025-03-04 17:12:36,924-INFO- Final torque reached: -0.219000
2025-03-04 17:12:36,924-INFO- Starting the measures
2025-03-04 17:12:39,925-INFO- Applying torque value: 0.234000
2025-03-04 17:12:39,925-INFO- Elapsed Time [Secs]: 0.000009
2025-03-04 17:12:39,926-INFO- Measured Temperature [C]: 64.388962
2025-03-04 17:12:39,932-INFO- Estimated ClassA Temperature [C]: 80.512878
2025-03-04 17:12:39,940-INFO- Estimated ClassB Temperature [C]: 63.882271
2025-03-04 17:12:40,174-INFO- Set torque request detected
2025-03-04 17:12:40,174-INFO- Value to set: 0.234
2025-03-04 17:12:45,951-INFO- Applying torque value: 0.233000
2025-03-04 17:12:45,951-INFO- Elapsed Time [Secs]: 6.025662
2025-03-04 17:12:45,951-INFO- Measured Temperature [C]: 64.039601
2025-03-04 17:12:45,957-INFO- Estimated ClassA Temperature [C]: 80.403015
2025-03-04 17:12:45,966-INFO- Estimated ClassB Temperature [C]: 63.777870
2025-03-04 17:12:46,215-INFO- Set torque request detected
2025-03-04 17:12:46,216-INFO- Value to set: 0.233
2025-03-04 17:12:51,982-INFO- Applying torque value: 0.232000
2025-03-04 17:12:51,982-INFO- Elapsed Time [Secs]: 12.056116
2025-03-04 17:12:51,982-INFO- Measured Temperature [C]: 63.784374
2025-03-04 17:12:51,988-INFO- Estimated ClassA Temperature [C]: 80.288422
2025-03-04 17:12:51,996-INFO- Estimated ClassB Temperature [C]: 63.674545
2025-03-04 17:12:52,337-INFO- Set torque request detected
2025-03-04 17:12:52,337-INFO- Value to set: 0.232
2025-03-04 17:12:57,998-INFO- Applying torque value: 0.231000
2025-03-04 17:12:57,998-INFO- Elapsed Time [Secs]: 18.072786
2025-03-04 17:12:57,999-INFO- Measured Temperature [C]: 63.453507
2025-03-04 17:12:58,005-INFO- Estimated ClassA Temperature [C]: 80.171875
2025-03-04 17:12:58,014-INFO- Estimated ClassB Temperature [C]: 63.571552
2025-03-04 17:12:58,372-INFO- Set torque request detected
2025-03-04 17:12:58,372-INFO- Value to set: 0.231
2025-03-04 17:13:04,025-INFO- Applying torque value: 0.230000
2025-03-04 17:13:04,026-INFO- Elapsed Time [Secs]: 24.099625
2025-03-04 17:13:04,026-INFO- Measured Temperature [C]: 63.193012
2025-03-04 17:13:04,076-INFO- Estimated ClassA Temperature [C]: 80.046722
2025-03-04 17:13:04,085-INFO- Estimated ClassB Temperature [C]: 63.451984
2025-03-04 17:13:04,431-INFO- Set torque request detected
2025-03-04 17:13:04,431-INFO- Value to set: 0.23
2025-03-04 17:13:11,181-INFO- Write request detected
2025-03-04 17:13:11,181-INFO- Symbol to write: BD_Target_Speed
2025-03-04 17:13:11,322-INFO- Set torque request detected
2025-03-04 17:13:11,322-INFO- Value to set: 0
2025-03-04 17:13:12,391-INFO- Write request detected
2025-03-04 17:13:12,391-INFO- Symbol to write: BD_Target_Accel
2025-03-04 17:13:15,417-INFO- Write request detected
2025-03-04 17:13:15,417-INFO- Symbol to write: BD_Update_Cmd
2025-03-04 17:13:20,464-WARNING- DSP6000 Get Data error: VI_ERROR_TMO (-1073807339): Timeout expired before operation completed. with timeout = 1000
2025-03-04 17:13:20,464-WARNING- PyVISA request error: VI_ERROR_TMO (-1073807339): Timeout expired before operation completed.
2025-03-04 17:13:21,154-INFO- Stop Acquisition
2025-03-04 17:13:21,714-INFO- Termination Request
2025-03-04 17:13:22,182-INFO- Termination Request
2025-03-04 17:13:22,189-INFO- Calculated offset for syncing: 3.816375
2025-03-04 17:13:24,318-INFO- Extracting acquisition with marker value: 1
2025-03-04 17:13:24,322-WARNING- Sub-acquisition too short!
2025-03-04 17:13:24,324-INFO- Extracting acquisition with marker value: 2
2025-03-04 17:13:24,326-WARNING- Sub-acquisition too short!
2025-03-04 17:13:24,328-INFO- Extracting acquisition with marker value: 3
2025-03-04 17:13:24,330-WARNING- Sub-acquisition too short!
2025-03-04 17:13:24,333-INFO- Extracting acquisition with marker value: 4
2025-03-04 17:13:24,335-WARNING- Sub-acquisition too short!
2025-03-04 17:13:24,337-INFO- Extracting acquisition with marker value: 5
2025-03-04 17:13:24,339-WARNING- Sub-acquisition too short!
