2025-06-03 16:14:26,893-INFO- RUNNING THE TEST
2025-06-03 16:14:33,913-INFO- File name for the acquisition: ./out/PyVisaAcquisition_20250603_161433.visaacq
2025-06-03 16:14:34,920-INFO- File name for the acquisition: ./out/MasterCommanderAcquisition_20250603_161434.mcacq
2025-06-03 16:14:36,668-INFO- Set torque request detected
2025-06-03 16:14:36,668-INFO- Value to set: 0
2025-06-03 16:14:40,946-INFO- Applying demagnetization algorithm
2025-06-03 16:14:41,009-INFO- Write request detected
2025-06-03 16:14:41,009-INFO- Symbol to write: BD_Target_Speed
2025-06-03 16:14:42,265-INFO- Write request detected
2025-06-03 16:14:42,265-INFO- Symbol to write: BD_Target_Accel
2025-06-03 16:14:45,369-INFO- Write request detected
2025-06-03 16:14:45,369-INFO- Symbol to write: BD_Update_Cmd
2025-06-03 16:14:45,455-WARNING- Read request error: Request error:  Checksum error
2025-06-03 16:14:45,455-WARNING- Discarding the packet
2025-06-03 16:14:46,999-INFO- Current speed: -0.239593
2025-06-03 16:14:46,999-INFO- Speed error: 1000.239593
2025-06-03 16:14:47,216-WARNING- Read request error: Request error:  Checksum error
2025-06-03 16:14:47,216-WARNING- Discarding the packet
2025-06-03 16:14:49,056-INFO- Current speed: 446.027927
2025-06-03 16:14:49,056-INFO- Speed error: 553.972073
2025-06-03 16:14:51,069-INFO- Current speed: 998.259869
2025-06-03 16:14:51,069-INFO- Speed error: 1.740131
2025-06-03 16:14:55,664-INFO- Set torque request detected
2025-06-03 16:14:55,664-INFO- Value to set: 0.8
2025-06-03 16:14:58,220-INFO- Write request detected
2025-06-03 16:14:58,221-INFO- Symbol to write: BD_Target_Speed
2025-06-03 16:14:58,765-INFO- Set torque request detected
2025-06-03 16:14:58,765-INFO- Value to set: 0
2025-06-03 16:14:59,450-INFO- Write request detected
2025-06-03 16:14:59,450-INFO- Symbol to write: BD_Target_Accel
2025-06-03 16:15:02,561-INFO- Write request detected
2025-06-03 16:15:02,561-INFO- Symbol to write: BD_Update_Cmd
2025-06-03 16:15:04,164-INFO- Current speed: 435.231165
2025-06-03 16:15:04,165-INFO- Speed error: 435.231165
2025-06-03 16:15:06,179-INFO- Current speed: 0.000000
2025-06-03 16:15:06,179-INFO- Speed error: 0.000000
2025-06-03 16:15:06,758-WARNING- DSP6000 Get Data error: VI_ERROR_TMO (-1073807339): Timeout expired before operation completed. with timeout = 1000
2025-06-03 16:15:06,758-WARNING- PyVISA request error: VI_ERROR_TMO (-1073807339): Timeout expired before operation completed.
2025-06-03 16:15:09,188-INFO- STARTING STEP N.0/0
2025-06-03 16:15:09,188-INFO- TORQUE MIN: 0.18
2025-06-03 16:15:09,189-INFO- TORQUE STEP: 0.017
2025-06-03 16:15:09,266-INFO- Write request detected
2025-06-03 16:15:09,266-INFO- Symbol to write: BD_Target_Speed
2025-06-03 16:15:10,526-INFO- Write request detected
2025-06-03 16:15:10,527-INFO- Symbol to write: BD_Target_Accel
2025-06-03 16:15:12,743-WARNING- DSP6000 Get Data error: VI_ERROR_TMO (-1073807339): Timeout expired before operation completed. with timeout = 1000
2025-06-03 16:15:12,743-WARNING- PyVISA request error: VI_ERROR_TMO (-1073807339): Timeout expired before operation completed.
2025-06-03 16:15:13,647-INFO- Write request detected
2025-06-03 16:15:13,647-INFO- Symbol to write: BD_Update_Cmd
2025-06-03 16:15:15,220-INFO- Speed Low Threshold is: 14670.0
2025-06-03 16:15:15,221-INFO- Applying motor heating algorithm
2025-06-03 16:15:15,221-INFO- Initial temperature: 25.896470
2025-06-03 16:15:15,467-INFO- Set torque request detected
2025-06-03 16:15:15,467-INFO- Value to set: 0
2025-06-03 16:15:15,499-INFO- Write request detected
2025-06-03 16:15:15,499-INFO- Symbol to write: BD_Target_Speed
2025-06-03 16:15:16,751-INFO- Write request detected
2025-06-03 16:15:16,751-INFO- Symbol to write: BD_Target_Accel
2025-06-03 16:15:19,842-INFO- Write request detected
2025-06-03 16:15:19,842-INFO- Symbol to write: BD_Update_Cmd
2025-06-03 16:15:20,533-WARNING- Read request error: Request error:  Checksum error
2025-06-03 16:15:20,533-WARNING- Discarding the packet
2025-06-03 16:15:21,354-INFO- Current speed: 0.012349
2025-06-03 16:15:21,354-INFO- Speed error: 824.987651
2025-06-03 16:15:22,103-WARNING- Read request error: Request error:  Too much empty characters received!
2025-06-03 16:15:22,103-WARNING- Discarding the packet
2025-06-03 16:15:23,367-INFO- Current speed: 188.026128
2025-06-03 16:15:23,367-INFO- Speed error: 636.973872
2025-06-03 16:15:25,378-INFO- Current speed: 662.007361
2025-06-03 16:15:25,378-INFO- Speed error: 162.992639
2025-06-03 16:15:27,397-INFO- Current speed: 826.663514
2025-06-03 16:15:27,397-INFO- Speed error: 1.663514
2025-06-03 16:15:30,413-INFO- Applying torque value: 0.000000
2025-06-03 16:15:30,414-INFO- Read torque: -0.052000
2025-06-03 16:15:30,414-INFO- Temperature: 26.606390
2025-06-03 16:15:30,924-INFO- Set torque request detected
2025-06-03 16:15:30,924-INFO- Value to set: 0.0
2025-06-03 16:15:32,415-INFO- Applying torque value: 0.050000
2025-06-03 16:15:32,415-INFO- Read torque: -0.052000
2025-06-03 16:15:32,415-INFO- Temperature: 26.587990
2025-06-03 16:15:32,661-INFO- Set torque request detected
2025-06-03 16:15:32,661-INFO- Value to set: 0.05
2025-06-03 16:15:34,423-INFO- Applying torque value: 0.100000
2025-06-03 16:15:34,506-INFO- Read torque: -0.053000
2025-06-03 16:15:34,506-INFO- Temperature: 26.523770
2025-06-03 16:15:35,016-INFO- Set torque request detected
2025-06-03 16:15:35,016-INFO- Value to set: 0.1
2025-06-03 16:15:36,512-INFO- Applying torque value: 0.150000
2025-06-03 16:15:36,512-INFO- Read torque: -0.054000
2025-06-03 16:15:36,512-INFO- Temperature: 26.542355
2025-06-03 16:15:36,652-INFO- Set torque request detected
2025-06-03 16:15:36,652-INFO- Value to set: 0.15000000000000002
2025-06-03 16:15:38,516-INFO- Applying torque value: 0.200000
2025-06-03 16:15:38,519-INFO- Read torque: -0.091000
2025-06-03 16:15:38,519-INFO- Temperature: 26.521194
2025-06-03 16:15:39,034-INFO- Set torque request detected
2025-06-03 16:15:39,034-INFO- Value to set: 0.2
2025-06-03 16:15:40,531-INFO- Applying torque value: 0.250000
2025-06-03 16:15:40,531-INFO- Read torque: -0.152000
2025-06-03 16:15:40,531-INFO- Temperature: 26.521194
2025-06-03 16:15:40,655-INFO- Set torque request detected
2025-06-03 16:15:40,655-INFO- Value to set: 0.25
2025-06-03 16:15:42,535-INFO- Applying torque value: 0.300000
2025-06-03 16:15:42,535-INFO- Read torque: -0.229000
2025-06-03 16:15:42,536-INFO- Temperature: 26.456602
2025-06-03 16:15:43,018-INFO- Set torque request detected
2025-06-03 16:15:43,018-INFO- Value to set: 0.30000000000000004
2025-06-03 16:15:44,548-INFO- Applying torque value: 0.350000
2025-06-03 16:15:44,548-INFO- Read torque: -0.278000
2025-06-03 16:15:44,548-INFO- Temperature: 26.428077
2025-06-03 16:15:44,643-INFO- Set torque request detected
2025-06-03 16:15:44,643-INFO- Value to set: 0.35000000000000003
2025-06-03 16:15:46,561-INFO- Applying torque value: 0.400000
2025-06-03 16:15:46,561-INFO- Read torque: -0.341000
2025-06-03 16:15:46,561-INFO- Temperature: 26.410962
2025-06-03 16:15:46,968-INFO- Set torque request detected
2025-06-03 16:15:46,968-INFO- Value to set: 0.4
2025-06-03 16:15:48,566-INFO- Applying torque value: 0.450000
2025-06-03 16:15:48,787-INFO- Read torque: -0.395000
2025-06-03 16:15:48,787-INFO- Temperature: 26.360903
2025-06-03 16:15:49,300-INFO- Set torque request detected
2025-06-03 16:15:49,300-INFO- Value to set: 0.45
2025-06-03 16:15:50,802-INFO- Applying torque value: 0.500000
2025-06-03 16:15:50,802-INFO- Read torque: -0.440000
2025-06-03 16:15:50,803-INFO- Temperature: 26.409858
2025-06-03 16:15:50,925-INFO- Set torque request detected
2025-06-03 16:15:50,925-INFO- Value to set: 0.5
2025-06-03 16:15:52,812-INFO- Applying torque value: 0.550000
2025-06-03 16:15:52,812-INFO- Read torque: -0.496000
2025-06-03 16:15:52,813-INFO- Temperature: 26.393846
2025-06-03 16:15:53,250-INFO- Set torque request detected
2025-06-03 16:15:53,250-INFO- Value to set: 0.55
2025-06-03 16:15:54,821-INFO- Applying torque value: 0.600000
2025-06-03 16:15:54,822-INFO- Read torque: -0.548000
2025-06-03 16:15:54,822-INFO- Temperature: 26.393110
2025-06-03 16:15:54,912-INFO- Set torque request detected
2025-06-03 16:15:54,912-INFO- Value to set: 0.6000000000000001
2025-06-03 16:15:56,830-INFO- Applying torque value: 0.650000
2025-06-03 16:15:56,830-INFO- Read torque: -0.598000
2025-06-03 16:15:56,830-INFO- Temperature: 26.387589
2025-06-03 16:15:56,907-INFO- Set torque request detected
2025-06-03 16:15:56,908-INFO- Value to set: 0.65
2025-06-03 16:15:58,846-INFO- Applying torque value: 0.700000
2025-06-03 16:15:58,846-INFO- Read torque: -0.648000
2025-06-03 16:15:58,846-INFO- Temperature: 26.398447
2025-06-03 16:15:59,251-INFO- Set torque request detected
2025-06-03 16:15:59,251-INFO- Value to set: 0.7000000000000001
2025-06-03 16:16:00,860-INFO- Applying torque value: 0.750000
2025-06-03 16:16:00,860-INFO- Read torque: -0.698000
2025-06-03 16:16:00,861-INFO- Temperature: 26.438015
2025-06-03 16:16:00,907-INFO- Set torque request detected
2025-06-03 16:16:00,907-INFO- Value to set: 0.75
2025-06-03 16:16:02,875-INFO- Applying torque value: 0.800000
2025-06-03 16:16:02,875-INFO- Read torque: -0.749000
2025-06-03 16:16:02,876-INFO- Temperature: 26.442799
2025-06-03 16:16:03,282-INFO- Set torque request detected
2025-06-03 16:16:03,282-INFO- Value to set: 0.8
2025-06-03 16:16:04,883-INFO- Applying torque value: 0.850000
2025-06-03 16:16:04,883-INFO- Read torque: -0.800000
2025-06-03 16:16:04,883-INFO- Temperature: 26.470036
2025-06-03 16:16:04,914-INFO- Set torque request detected
2025-06-03 16:16:04,914-INFO- Value to set: 0.8500000000000001
2025-06-03 16:16:06,887-INFO- Applying torque value: 0.900000
2025-06-03 16:16:06,887-INFO- Read torque: -0.850000
2025-06-03 16:16:06,888-INFO- Temperature: 26.544011
2025-06-03 16:16:07,247-INFO- Set torque request detected
2025-06-03 16:16:07,247-INFO- Value to set: 0.9
2025-06-03 16:16:08,897-INFO- Applying torque value: 0.950000
2025-06-03 16:16:09,132-INFO- Read torque: -0.898000
2025-06-03 16:16:09,133-INFO- Temperature: 26.574925
2025-06-03 16:16:09,643-INFO- Set torque request detected
2025-06-03 16:16:09,643-INFO- Value to set: 0.9500000000000001
2025-06-03 16:16:11,135-INFO- Applying torque value: 1.000000
2025-06-03 16:16:11,135-INFO- Read torque: -0.949000
2025-06-03 16:16:11,136-INFO- Temperature: 26.623871
2025-06-03 16:16:11,244-INFO- Set torque request detected
2025-06-03 16:16:11,244-INFO- Value to set: 1.0
2025-06-03 16:16:13,143-INFO- Applying torque value: 1.050000
2025-06-03 16:16:13,144-INFO- Read torque: -1.000000
2025-06-03 16:16:13,144-INFO- Temperature: 26.707772
2025-06-03 16:16:13,566-INFO- Set torque request detected
2025-06-03 16:16:13,566-INFO- Value to set: 1.05
2025-06-03 16:16:15,154-INFO- Applying torque value: 1.100000
2025-06-03 16:16:15,402-INFO- Read torque: -1.047000
2025-06-03 16:16:15,402-INFO- Temperature: 26.794059
2025-06-03 16:16:15,917-INFO- Set torque request detected
2025-06-03 16:16:15,917-INFO- Value to set: 1.1
2025-06-03 16:16:17,415-INFO- Applying torque value: 1.150000
2025-06-03 16:16:17,415-INFO- Read torque: -1.102000
2025-06-03 16:16:17,415-INFO- Temperature: 26.884019
2025-06-03 16:16:17,509-INFO- Set torque request detected
2025-06-03 16:16:17,509-INFO- Value to set: 1.1500000000000001
2025-06-03 16:16:19,422-INFO- Applying torque value: 1.200000
2025-06-03 16:16:19,422-INFO- Read torque: -1.151000
2025-06-03 16:16:19,422-INFO- Temperature: 26.961096
2025-06-03 16:16:19,918-INFO- Set torque request detected
2025-06-03 16:16:19,918-INFO- Value to set: 1.2000000000000002
2025-06-03 16:16:21,433-INFO- Applying torque value: 1.250000
2025-06-03 16:16:21,434-INFO- Read torque: -1.199000
2025-06-03 16:16:21,434-INFO- Temperature: 27.072931
2025-06-03 16:16:21,541-INFO- Set torque request detected
2025-06-03 16:16:21,541-INFO- Value to set: 1.25
2025-06-03 16:16:23,441-INFO- Applying torque value: 1.300000
2025-06-03 16:16:23,441-INFO- Read torque: -1.250000
2025-06-03 16:16:23,441-INFO- Temperature: 27.223560
2025-06-03 16:16:23,909-INFO- Set torque request detected
2025-06-03 16:16:23,909-INFO- Value to set: 1.3
2025-06-03 16:16:25,454-INFO- Applying torque value: 1.350000
2025-06-03 16:16:25,454-INFO- Read torque: -1.300000
2025-06-03 16:16:25,454-INFO- Temperature: 27.323233
2025-06-03 16:16:25,516-INFO- Set torque request detected
2025-06-03 16:16:25,516-INFO- Value to set: 1.35
2025-06-03 16:16:27,467-INFO- Applying torque value: 1.400000
2025-06-03 16:16:27,468-INFO- Read torque: -1.350000
2025-06-03 16:16:27,468-INFO- Temperature: 27.487435
2025-06-03 16:16:27,917-INFO- Set torque request detected
2025-06-03 16:16:27,917-INFO- Value to set: 1.4000000000000001
2025-06-03 16:16:29,476-INFO- Applying torque value: 1.450000
2025-06-03 16:16:29,476-INFO- Read torque: -1.399000
2025-06-03 16:16:29,476-INFO- Temperature: 27.591866
2025-06-03 16:16:29,538-INFO- Set torque request detected
2025-06-03 16:16:29,538-INFO- Value to set: 1.4500000000000002
2025-06-03 16:16:31,484-INFO- Applying torque value: 1.500000
2025-06-03 16:16:31,484-INFO- Read torque: -1.452000
2025-06-03 16:16:31,484-INFO- Temperature: 27.825697
2025-06-03 16:16:31,919-INFO- Set torque request detected
2025-06-03 16:16:31,919-INFO- Value to set: 1.5
2025-06-03 16:16:33,488-INFO- Target Torque value reached: -1.500000
2025-06-03 16:16:33,488-INFO- Temperature: 27.938001
2025-06-03 16:16:34,393-WARNING- Read request error: Request error:  Checksum error
2025-06-03 16:16:34,393-WARNING- Discarding the packet
2025-06-03 16:16:35,501-INFO- Elapsed time: 2.013853
2025-06-03 16:16:35,516-INFO- Write request detected
2025-06-03 16:16:35,516-INFO- Symbol to write: BD_Target_Speed
2025-06-03 16:16:36,779-INFO- Write request detected
2025-06-03 16:16:36,779-INFO- Symbol to write: BD_Target_Accel
2025-06-03 16:16:39,894-INFO- Write request detected
2025-06-03 16:16:39,894-INFO- Symbol to write: BD_Update_Cmd
2025-06-03 16:16:41,737-INFO- Temperature: 28.744762
2025-06-03 16:16:43,748-INFO- Elapsed time: 10.260810
2025-06-03 16:16:44,248-INFO- Write request detected
2025-06-03 16:16:44,249-INFO- Symbol to write: BD_Target_Speed
2025-06-03 16:16:44,778-INFO- Write request detected
2025-06-03 16:16:44,779-INFO- Symbol to write: BD_Target_Accel
2025-06-03 16:16:47,893-INFO- Write request detected
2025-06-03 16:16:47,893-INFO- Symbol to write: BD_Update_Cmd
2025-06-03 16:16:49,908-INFO- Temperature: 29.478102
2025-06-03 16:16:51,915-INFO- Elapsed time: 18.427848
2025-06-03 16:16:52,244-INFO- Write request detected
2025-06-03 16:16:52,244-INFO- Symbol to write: BD_Target_Speed
2025-06-03 16:16:53,489-INFO- Write request detected
2025-06-03 16:16:53,489-INFO- Symbol to write: BD_Target_Accel
2025-06-03 16:16:56,584-INFO- Write request detected
2025-06-03 16:16:56,584-INFO- Symbol to write: BD_Update_Cmd
2025-06-03 16:16:58,147-INFO- Temperature: 30.125502
2025-06-03 16:17:00,158-INFO- Elapsed time: 26.670654
2025-06-03 16:17:00,315-INFO- Write request detected
2025-06-03 16:17:00,316-INFO- Symbol to write: BD_Target_Speed
2025-06-03 16:17:01,559-INFO- Write request detected
2025-06-03 16:17:01,559-INFO- Symbol to write: BD_Target_Accel
2025-06-03 16:17:04,683-INFO- Write request detected
2025-06-03 16:17:04,683-INFO- Symbol to write: BD_Update_Cmd
2025-06-03 16:17:06,405-INFO- Temperature: 30.727444
2025-06-03 16:17:08,414-INFO- Elapsed time: 34.926819
2025-06-03 16:17:09,035-INFO- Write request detected
2025-06-03 16:17:09,036-INFO- Symbol to write: BD_Target_Speed
2025-06-03 16:17:09,674-INFO- Write request detected
2025-06-03 16:17:09,674-INFO- Symbol to write: BD_Target_Accel
2025-06-03 16:17:12,780-INFO- Write request detected
2025-06-03 16:17:12,781-INFO- Symbol to write: BD_Update_Cmd
2025-06-03 16:17:14,583-INFO- Temperature: 31.285097
2025-06-03 16:17:16,592-INFO- Elapsed time: 43.104314
2025-06-03 16:17:17,000-INFO- Write request detected
2025-06-03 16:17:17,000-INFO- Symbol to write: BD_Target_Speed
2025-06-03 16:17:17,629-INFO- Write request detected
2025-06-03 16:17:17,629-INFO- Symbol to write: BD_Target_Accel
2025-06-03 16:17:20,734-INFO- Write request detected
2025-06-03 16:17:20,734-INFO- Symbol to write: BD_Update_Cmd
2025-06-03 16:17:22,725-INFO- Temperature: 31.786433
2025-06-03 16:17:24,735-INFO- Elapsed time: 51.247711
2025-06-03 16:17:25,092-INFO- Write request detected
2025-06-03 16:17:25,092-INFO- Symbol to write: BD_Target_Speed
2025-06-03 16:17:26,346-INFO- Write request detected
2025-06-03 16:17:26,346-INFO- Symbol to write: BD_Target_Accel
2025-06-03 16:17:29,465-INFO- Write request detected
2025-06-03 16:17:29,465-INFO- Symbol to write: BD_Update_Cmd
2025-06-03 16:17:30,978-INFO- Temperature: 32.275475
2025-06-03 16:17:32,984-INFO- Elapsed time: 59.496823
2025-06-03 16:17:33,199-INFO- Write request detected
2025-06-03 16:17:33,199-INFO- Symbol to write: BD_Target_Speed
2025-06-03 16:17:34,458-INFO- Write request detected
2025-06-03 16:17:34,458-INFO- Symbol to write: BD_Target_Accel
2025-06-03 16:17:37,563-INFO- Write request detected
2025-06-03 16:17:37,563-INFO- Symbol to write: BD_Update_Cmd
2025-06-03 16:17:39,134-INFO- Temperature: 32.733200
2025-06-03 16:17:41,149-INFO- Elapsed time: 67.661703
2025-06-03 16:17:41,257-INFO- Write request detected
2025-06-03 16:17:41,257-INFO- Symbol to write: BD_Target_Speed
2025-06-03 16:17:42,517-INFO- Write request detected
2025-06-03 16:17:42,517-INFO- Symbol to write: BD_Target_Accel
2025-06-03 16:17:45,641-INFO- Write request detected
2025-06-03 16:17:45,641-INFO- Symbol to write: BD_Update_Cmd
2025-06-03 16:17:47,395-INFO- Temperature: 33.209782
2025-06-03 16:17:49,396-INFO- Elapsed time: 75.908594
2025-06-03 16:17:49,878-INFO- Write request detected
2025-06-03 16:17:49,878-INFO- Symbol to write: BD_Target_Speed
2025-06-03 16:17:50,519-INFO- Write request detected
2025-06-03 16:17:50,519-INFO- Symbol to write: BD_Target_Accel
2025-06-03 16:17:53,630-INFO- Write request detected
2025-06-03 16:17:53,630-INFO- Symbol to write: BD_Update_Cmd
2025-06-03 16:17:55,461-INFO- Temperature: 33.615572
2025-06-03 16:17:57,472-INFO- Elapsed time: 83.983993
2025-06-03 16:17:57,985-INFO- Write request detected
2025-06-03 16:17:57,985-INFO- Symbol to write: BD_Target_Speed
2025-06-03 16:17:58,623-INFO- Write request detected
2025-06-03 16:17:58,623-INFO- Symbol to write: BD_Target_Accel
2025-06-03 16:18:01,737-INFO- Write request detected
2025-06-03 16:18:01,737-INFO- Symbol to write: BD_Update_Cmd
2025-06-03 16:18:03,660-INFO- Temperature: 34.011535
2025-06-03 16:18:05,676-INFO- Elapsed time: 92.188516
2025-06-03 16:18:06,099-INFO- Write request detected
2025-06-03 16:18:06,099-INFO- Symbol to write: BD_Target_Speed
2025-06-03 16:18:06,737-INFO- Write request detected
2025-06-03 16:18:06,737-INFO- Symbol to write: BD_Target_Accel
2025-06-03 16:18:09,848-INFO- Write request detected
2025-06-03 16:18:09,848-INFO- Symbol to write: BD_Update_Cmd
2025-06-03 16:18:11,910-INFO- Temperature: 34.433145
2025-06-03 16:18:13,917-INFO- Elapsed time: 100.429533
2025-06-03 16:18:14,198-INFO- Write request detected
2025-06-03 16:18:14,198-INFO- Symbol to write: BD_Target_Speed
2025-06-03 16:18:15,456-INFO- Write request detected
2025-06-03 16:18:15,456-INFO- Symbol to write: BD_Target_Accel
2025-06-03 16:18:18,566-INFO- Write request detected
2025-06-03 16:18:18,566-INFO- Symbol to write: BD_Update_Cmd
2025-06-03 16:18:20,143-INFO- Temperature: 34.840722
2025-06-03 16:18:22,159-INFO- Elapsed time: 108.671826
2025-06-03 16:18:22,190-INFO- Write request detected
2025-06-03 16:18:22,190-INFO- Symbol to write: BD_Target_Speed
2025-06-03 16:18:23,441-INFO- Write request detected
2025-06-03 16:18:23,441-INFO- Symbol to write: BD_Target_Accel
2025-06-03 16:18:26,548-INFO- Write request detected
2025-06-03 16:18:26,548-INFO- Symbol to write: BD_Update_Cmd
2025-06-03 16:18:28,412-INFO- Temperature: 35.243780
2025-06-03 16:18:30,423-INFO- Elapsed time: 116.935383
2025-06-03 16:18:30,890-INFO- Write request detected
2025-06-03 16:18:30,890-INFO- Symbol to write: BD_Target_Speed
2025-06-03 16:18:31,528-INFO- Write request detected
2025-06-03 16:18:31,528-INFO- Symbol to write: BD_Target_Accel
2025-06-03 16:18:34,650-INFO- Write request detected
2025-06-03 16:18:34,650-INFO- Symbol to write: BD_Update_Cmd
2025-06-03 16:18:36,478-INFO- Temperature: 35.612739
2025-06-03 16:18:38,481-INFO- Elapsed time: 124.993519
2025-06-03 16:18:39,005-INFO- Write request detected
2025-06-03 16:18:39,005-INFO- Symbol to write: BD_Target_Speed
2025-06-03 16:18:39,641-INFO- Write request detected
2025-06-03 16:18:39,641-INFO- Symbol to write: BD_Target_Accel
2025-06-03 16:18:42,755-INFO- Write request detected
2025-06-03 16:18:42,755-INFO- Symbol to write: BD_Update_Cmd
2025-06-03 16:18:44,654-INFO- Temperature: 36.004409
2025-06-03 16:18:46,661-INFO- Elapsed time: 133.173847
2025-06-03 16:18:47,084-INFO- Write request detected
2025-06-03 16:18:47,084-INFO- Symbol to write: BD_Target_Speed
2025-06-03 16:18:47,723-INFO- Write request detected
2025-06-03 16:18:47,723-INFO- Symbol to write: BD_Target_Accel
2025-06-03 16:18:50,817-INFO- Write request detected
2025-06-03 16:18:50,817-INFO- Symbol to write: BD_Update_Cmd
2025-06-03 16:18:52,907-INFO- Temperature: 36.353794
2025-06-03 16:18:54,911-INFO- Elapsed time: 141.423139
2025-06-03 16:18:55,068-INFO- Write request detected
2025-06-03 16:18:55,068-INFO- Symbol to write: BD_Target_Speed
2025-06-03 16:18:56,315-INFO- Write request detected
2025-06-03 16:18:56,315-INFO- Symbol to write: BD_Target_Accel
2025-06-03 16:18:59,428-INFO- Write request detected
2025-06-03 16:18:59,428-INFO- Symbol to write: BD_Update_Cmd
2025-06-03 16:19:01,147-INFO- Temperature: 36.769133
2025-06-03 16:19:03,162-INFO- Elapsed time: 149.674758
2025-06-03 16:19:03,769-INFO- Write request detected
2025-06-03 16:19:03,769-INFO- Symbol to write: BD_Target_Speed
2025-06-03 16:19:04,408-INFO- Write request detected
2025-06-03 16:19:04,408-INFO- Symbol to write: BD_Target_Accel
2025-06-03 16:19:07,520-INFO- Write request detected
2025-06-03 16:19:07,520-INFO- Symbol to write: BD_Update_Cmd
2025-06-03 16:19:09,302-INFO- Temperature: 37.142017
2025-06-03 16:19:11,316-INFO- Elapsed time: 157.828416
2025-06-03 16:19:11,863-INFO- Write request detected
2025-06-03 16:19:11,863-INFO- Symbol to write: BD_Target_Speed
2025-06-03 16:19:12,506-INFO- Write request detected
2025-06-03 16:19:12,506-INFO- Symbol to write: BD_Target_Accel
2025-06-03 16:19:15,609-INFO- Write request detected
2025-06-03 16:19:15,609-INFO- Symbol to write: BD_Update_Cmd
2025-06-03 16:19:17,404-INFO- Temperature: 37.494002
2025-06-03 16:19:19,410-INFO- Elapsed time: 165.922677
2025-06-03 16:19:19,417-WARNING- Read request error: Request error:  Checksum error
2025-06-03 16:19:19,418-WARNING- Discarding the packet
2025-06-03 16:19:19,924-INFO- Write request detected
2025-06-03 16:19:19,924-INFO- Symbol to write: BD_Target_Speed
2025-06-03 16:19:20,560-INFO- Write request detected
2025-06-03 16:19:20,561-INFO- Symbol to write: BD_Target_Accel
2025-06-03 16:19:23,550-INFO- Write request detected
2025-06-03 16:19:23,550-INFO- Symbol to write: BD_Update_Cmd
2025-06-03 16:19:25,645-INFO- Temperature: 37.866853
2025-06-03 16:19:27,652-INFO- Elapsed time: 174.164386
2025-06-03 16:19:27,884-INFO- Write request detected
2025-06-03 16:19:27,884-INFO- Symbol to write: BD_Target_Speed
2025-06-03 16:19:29,129-INFO- Write request detected
2025-06-03 16:19:29,129-INFO- Symbol to write: BD_Target_Accel
2025-06-03 16:19:32,247-INFO- Write request detected
2025-06-03 16:19:32,247-INFO- Symbol to write: BD_Update_Cmd
2025-06-03 16:19:33,910-INFO- Temperature: 38.244878
2025-06-03 16:19:35,920-INFO- Elapsed time: 182.432667
2025-06-03 16:19:35,983-INFO- Write request detected
2025-06-03 16:19:35,983-INFO- Symbol to write: BD_Target_Speed
2025-06-03 16:19:37,244-INFO- Write request detected
2025-06-03 16:19:37,244-INFO- Symbol to write: BD_Target_Accel
2025-06-03 16:19:40,359-INFO- Write request detected
2025-06-03 16:19:40,359-INFO- Symbol to write: BD_Update_Cmd
2025-06-03 16:19:42,144-INFO- Temperature: 38.594734
2025-06-03 16:19:44,160-INFO- Elapsed time: 190.672767
2025-06-03 16:19:44,693-INFO- Write request detected
2025-06-03 16:19:44,693-INFO- Symbol to write: BD_Target_Speed
2025-06-03 16:19:45,331-INFO- Write request detected
2025-06-03 16:19:45,331-INFO- Symbol to write: BD_Target_Accel
2025-06-03 16:19:48,429-INFO- Write request detected
2025-06-03 16:19:48,429-INFO- Symbol to write: BD_Update_Cmd
2025-06-03 16:19:50,226-INFO- Temperature: 38.971449
2025-06-03 16:19:52,239-INFO- Elapsed time: 198.751243
2025-06-03 16:19:52,788-INFO- Write request detected
2025-06-03 16:19:52,788-INFO- Symbol to write: BD_Target_Speed
2025-06-03 16:19:53,430-INFO- Write request detected
2025-06-03 16:19:53,430-INFO- Symbol to write: BD_Target_Accel
2025-06-03 16:19:56,426-INFO- Write request detected
2025-06-03 16:19:56,426-INFO- Symbol to write: BD_Update_Cmd
2025-06-03 16:19:58,416-INFO- Temperature: 39.304170
2025-06-03 16:20:00,421-INFO- Elapsed time: 206.933822
2025-06-03 16:20:00,780-INFO- Write request detected
2025-06-03 16:20:00,780-INFO- Symbol to write: BD_Target_Speed
2025-06-03 16:20:02,037-INFO- Write request detected
2025-06-03 16:20:02,037-INFO- Symbol to write: BD_Target_Accel
2025-06-03 16:20:05,152-INFO- Write request detected
2025-06-03 16:20:05,152-INFO- Symbol to write: BD_Update_Cmd
2025-06-03 16:20:06,667-INFO- Temperature: 39.645177
2025-06-03 16:20:08,677-INFO- Elapsed time: 215.189068
2025-06-03 16:20:08,894-INFO- Write request detected
2025-06-03 16:20:08,894-INFO- Symbol to write: BD_Target_Speed
2025-06-03 16:20:10,128-INFO- Write request detected
2025-06-03 16:20:10,128-INFO- Symbol to write: BD_Target_Accel
2025-06-03 16:20:13,241-INFO- Write request detected
2025-06-03 16:20:13,241-INFO- Symbol to write: BD_Update_Cmd
2025-06-03 16:20:14,905-INFO- Temperature: 40.016668
2025-06-03 16:20:14,906-INFO- Target temperature reached
2025-06-03 16:20:15,414-INFO- Set torque request detected
2025-06-03 16:20:15,414-INFO- Value to set: 1.5
2025-06-03 16:20:16,262-INFO- Set torque request detected
2025-06-03 16:20:16,262-INFO- Value to set: 1.125
2025-06-03 16:20:17,107-INFO- Set torque request detected
2025-06-03 16:20:17,107-INFO- Value to set: 0.75
2025-06-03 16:20:17,976-INFO- Set torque request detected
2025-06-03 16:20:17,976-INFO- Value to set: 0.375
2025-06-03 16:20:19,568-INFO- Set torque request detected
2025-06-03 16:20:19,568-INFO- Value to set: 0.0
2025-06-03 16:20:20,049-INFO- Write request detected
2025-06-03 16:20:20,050-INFO- Symbol to write: BD_Target_Speed
2025-06-03 16:20:21,308-INFO- Write request detected
2025-06-03 16:20:21,309-INFO- Symbol to write: BD_Target_Accel
2025-06-03 16:20:24,426-INFO- Write request detected
2025-06-03 16:20:24,426-INFO- Symbol to write: BD_Update_Cmd
2025-06-03 16:20:26,016-INFO- Current speed: 512.618374
2025-06-03 16:20:26,016-INFO- Speed error: 512.618374
2025-06-03 16:20:28,037-INFO- Current speed: 0.000000
2025-06-03 16:20:28,037-INFO- Speed error: 0.000000
2025-06-03 16:20:32,050-INFO- Target speed: 16300.000000
2025-06-03 16:20:32,393-INFO- Write request detected
2025-06-03 16:20:32,393-INFO- Symbol to write: BD_Target_Speed
2025-06-03 16:20:33,652-INFO- Write request detected
2025-06-03 16:20:33,652-INFO- Symbol to write: BD_Target_Accel
2025-06-03 16:20:36,148-INFO- Write request detected
2025-06-03 16:20:36,149-INFO- Symbol to write: BD_Update_Cmd
2025-06-03 16:20:36,190-WARNING- DSP6000 Get Data error: VI_ERROR_TMO (-1073807339): Timeout expired before operation completed. with timeout = 1000
2025-06-03 16:20:36,190-WARNING- PyVISA request error: VI_ERROR_TMO (-1073807339): Timeout expired before operation completed.
2025-06-03 16:20:38,187-INFO- Current speed: -0.021336
2025-06-03 16:20:38,188-INFO- Speed error: 16300.021336
2025-06-03 16:20:40,197-INFO- Current speed: 565.907947
2025-06-03 16:20:40,197-INFO- Speed error: 15734.092053
2025-06-03 16:20:42,213-INFO- Current speed: 1499.047663
2025-06-03 16:20:42,213-INFO- Speed error: 14800.952337
2025-06-03 16:20:44,329-INFO- Current speed: 2729.094136
2025-06-03 16:20:44,329-INFO- Speed error: 13570.905864
2025-06-03 16:20:46,334-INFO- Current speed: 3671.227772
2025-06-03 16:20:46,334-INFO- Speed error: 12628.772228
2025-06-03 16:20:48,340-INFO- Current speed: 4583.233389
2025-06-03 16:20:48,340-INFO- Speed error: 11716.766611
2025-06-03 16:20:50,355-INFO- Current speed: 5512.095985
2025-06-03 16:20:50,355-INFO- Speed error: 10787.904015
2025-06-03 16:20:52,371-INFO- Current speed: 6751.785155
2025-06-03 16:20:52,371-INFO- Speed error: 9548.214845
2025-06-03 16:20:54,386-INFO- Current speed: 7662.287621
2025-06-03 16:20:54,386-INFO- Speed error: 8637.712379
2025-06-03 16:20:56,397-INFO- Current speed: 8601.565618
2025-06-03 16:20:56,398-INFO- Speed error: 7698.434382
2025-06-03 16:20:58,462-INFO- Current speed: 9792.957519
2025-06-03 16:20:58,463-INFO- Speed error: 6507.042481
2025-06-03 16:21:00,471-INFO- Current speed: 10717.545547
2025-06-03 16:21:00,471-INFO- Speed error: 5582.454453
2025-06-03 16:21:02,479-INFO- Current speed: 11656.522797
2025-06-03 16:21:02,479-INFO- Speed error: 4643.477203
2025-06-03 16:21:04,500-INFO- Current speed: 12596.651746
2025-06-03 16:21:04,500-INFO- Speed error: 3703.348254
2025-06-03 16:21:06,523-INFO- Current speed: 13842.755683
2025-06-03 16:21:06,523-INFO- Speed error: 2457.244317
2025-06-03 16:21:08,529-INFO- Current speed: 14781.928769
2025-06-03 16:21:08,530-INFO- Speed error: 1518.071231
2025-06-03 16:21:10,542-INFO- Current speed: 15711.306599
2025-06-03 16:21:10,542-INFO- Speed error: 588.693401
2025-06-03 16:21:12,556-INFO- Starting the measures
2025-06-03 16:21:15,676-INFO- Applying torque value: 0.180000
2025-06-03 16:21:15,676-INFO- Elapsed Time [Secs]: 0.000000
2025-06-03 16:21:15,676-INFO- Measured Temperature [C]: 39.586377
2025-06-03 16:21:15,680-INFO- Estimated ClassA Temperature [C]: 78.374695
2025-06-03 16:21:15,686-INFO- Estimated ClassB Temperature [C]: 37.588760
2025-06-03 16:21:16,138-INFO- Set torque request detected
2025-06-03 16:21:16,138-INFO- Value to set: 0.18
2025-06-03 16:21:21,696-INFO- Motor Shaft Power [W]: 307.095908
2025-06-03 16:21:21,697-INFO- Read speed is: 16291.943931274092
2025-06-03 16:21:21,697-INFO- Applying torque value: 0.197000
2025-06-03 16:21:21,697-INFO- Elapsed Time [Secs]: 6.021317
2025-06-03 16:21:21,697-INFO- Measured Temperature [C]: 40.038507
2025-06-03 16:21:21,703-INFO- Estimated ClassA Temperature [C]: 78.790222
2025-06-03 16:21:21,710-INFO- Estimated ClassB Temperature [C]: 38.093536
2025-06-03 16:21:22,207-INFO- Set torque request detected
2025-06-03 16:21:22,207-INFO- Value to set: 0.197
2025-06-03 16:21:27,730-INFO- Motor Shaft Power [W]: 336.169534
2025-06-03 16:21:27,730-INFO- Read speed is: 16295.343070537197
2025-06-03 16:21:27,730-INFO- Applying torque value: 0.214000
2025-06-03 16:21:27,731-INFO- Elapsed Time [Secs]: 12.054654
2025-06-03 16:21:27,754-INFO- Measured Temperature [C]: 40.471012
2025-06-03 16:21:27,758-INFO- Estimated ClassA Temperature [C]: 79.143585
2025-06-03 16:21:27,764-INFO- Estimated ClassB Temperature [C]: 38.596725
2025-06-03 16:21:28,267-INFO- Set torque request detected
2025-06-03 16:21:28,267-INFO- Value to set: 0.21400000000000002
2025-06-03 16:21:33,779-INFO- Motor Shaft Power [W]: 365.139302
2025-06-03 16:21:33,779-INFO- Read speed is: 16293.567731340452
2025-06-03 16:21:33,779-INFO- Applying torque value: 0.231000
2025-06-03 16:21:33,779-INFO- Elapsed Time [Secs]: 18.103921
2025-06-03 16:21:33,908-INFO- Measured Temperature [C]: 40.878273
2025-06-03 16:21:33,915-INFO- Estimated ClassA Temperature [C]: 79.469757
2025-06-03 16:21:33,923-INFO- Estimated ClassB Temperature [C]: 39.096844
2025-06-03 16:21:34,412-INFO- Set torque request detected
2025-06-03 16:21:34,413-INFO- Value to set: 0.23100000000000004
2025-06-03 16:21:39,941-INFO- Motor Shaft Power [W]: 394.439239
2025-06-03 16:21:39,941-INFO- Read speed is: 16305.702518627462
2025-06-03 16:21:39,941-INFO- Applying torque value: 0.248000
2025-06-03 16:21:39,941-INFO- Elapsed Time [Secs]: 24.265712
2025-06-03 16:21:39,984-INFO- Measured Temperature [C]: 41.307587
2025-06-03 16:21:39,989-INFO- Estimated ClassA Temperature [C]: 79.812164
2025-06-03 16:21:39,994-INFO- Estimated ClassB Temperature [C]: 39.597260
2025-06-03 16:21:40,488-INFO- Set torque request detected
2025-06-03 16:21:40,488-INFO- Value to set: 0.24800000000000005
2025-06-03 16:21:46,014-INFO- Motor Shaft Power [W]: 423.180395
2025-06-03 16:21:46,014-INFO- Read speed is: 16294.65764739361
2025-06-03 16:21:46,015-INFO- Applying torque value: 0.265000
2025-06-03 16:21:46,015-INFO- Elapsed Time [Secs]: 30.338690
2025-06-03 16:21:46,015-INFO- Measured Temperature [C]: 41.698773
2025-06-03 16:21:46,019-INFO- Estimated ClassA Temperature [C]: 80.163666
2025-06-03 16:21:46,025-INFO- Estimated ClassB Temperature [C]: 40.102051
2025-06-03 16:21:46,336-INFO- Set torque request detected
2025-06-03 16:21:46,336-INFO- Value to set: 0.26500000000000007
2025-06-03 16:21:52,034-INFO- Motor Shaft Power [W]: 452.310909
2025-06-03 16:21:52,034-INFO- Read speed is: 16299.060441974112
2025-06-03 16:21:52,034-INFO- Applying torque value: 0.282000
2025-06-03 16:21:52,034-INFO- Elapsed Time [Secs]: 36.358144
2025-06-03 16:21:52,034-INFO- Measured Temperature [C]: 42.072217
2025-06-03 16:21:52,038-INFO- Estimated ClassA Temperature [C]: 80.498230
2025-06-03 16:21:52,044-INFO- Estimated ClassB Temperature [C]: 40.608028
2025-06-03 16:21:52,418-INFO- Set torque request detected
2025-06-03 16:21:52,418-INFO- Value to set: 0.2820000000000001
2025-06-03 16:21:58,061-INFO- Motor Shaft Power [W]: 481.259506
2025-06-03 16:21:58,062-INFO- Read speed is: 16296.77220110529
2025-06-03 16:21:58,062-INFO- Applying torque value: 0.299000
2025-06-03 16:21:58,062-INFO- Elapsed Time [Secs]: 42.385711
2025-06-03 16:21:58,062-INFO- Measured Temperature [C]: 42.517119
2025-06-03 16:21:58,066-INFO- Estimated ClassA Temperature [C]: 80.885132
2025-06-03 16:21:58,071-INFO- Estimated ClassB Temperature [C]: 41.119492
2025-06-03 16:21:58,465-INFO- Set torque request detected
2025-06-03 16:21:58,465-INFO- Value to set: 0.2990000000000001
2025-06-03 16:22:04,087-INFO- Motor Shaft Power [W]: 510.479685
2025-06-03 16:22:04,088-INFO- Read speed is: 16303.4177748155
2025-06-03 16:22:04,088-INFO- Applying torque value: 0.316000
2025-06-03 16:22:04,088-INFO- Elapsed Time [Secs]: 48.411636
2025-06-03 16:22:04,088-INFO- Measured Temperature [C]: 42.977849
2025-06-03 16:22:04,094-INFO- Estimated ClassA Temperature [C]: 81.284363
2025-06-03 16:22:04,101-INFO- Estimated ClassB Temperature [C]: 41.632919
2025-06-03 16:22:04,516-INFO- Set torque request detected
2025-06-03 16:22:04,516-INFO- Value to set: 0.3160000000000001
2025-06-03 16:22:10,121-INFO- Motor Shaft Power [W]: 539.459832
2025-06-03 16:22:10,122-INFO- Read speed is: 16302.094721638672
2025-06-03 16:22:10,122-INFO- Applying torque value: 0.333000
2025-06-03 16:22:10,122-INFO- Elapsed Time [Secs]: 54.445959
2025-06-03 16:22:10,148-INFO- Measured Temperature [C]: 43.431338
2025-06-03 16:22:10,152-INFO- Estimated ClassA Temperature [C]: 81.748779
2025-06-03 16:22:10,158-INFO- Estimated ClassB Temperature [C]: 42.154221
2025-06-03 16:22:10,662-INFO- Set torque request detected
2025-06-03 16:22:10,663-INFO- Value to set: 0.33300000000000013
2025-06-03 16:22:16,171-INFO- Motor Shaft Power [W]: 568.531282
2025-06-03 16:22:16,172-INFO- Read speed is: 16303.525017892389
2025-06-03 16:22:16,173-INFO- Applying torque value: 0.350000
2025-06-03 16:22:16,173-INFO- Elapsed Time [Secs]: 60.496365
2025-06-03 16:22:16,239-INFO- Measured Temperature [C]: 43.903541
2025-06-03 16:22:16,285-INFO- Estimated ClassA Temperature [C]: 82.260773
2025-06-03 16:22:16,292-INFO- Estimated ClassB Temperature [C]: 42.772270
2025-06-03 16:22:16,748-INFO- Set torque request detected
2025-06-03 16:22:16,748-INFO- Value to set: 0.35000000000000014
2025-06-03 16:22:22,300-INFO- Motor Shaft Power [W]: 597.056934
2025-06-03 16:22:22,300-INFO- Read speed is: 16289.924963783109
2025-06-03 16:22:22,300-INFO- Applying torque value: 0.367000
2025-06-03 16:22:22,300-INFO- Elapsed Time [Secs]: 66.624164
2025-06-03 16:22:22,301-INFO- Measured Temperature [C]: 44.472610
2025-06-03 16:22:22,307-INFO- Estimated ClassA Temperature [C]: 82.981689
2025-06-03 16:22:22,314-INFO- Estimated ClassB Temperature [C]: 43.235279
2025-06-03 16:22:22,571-INFO- Set torque request detected
2025-06-03 16:22:22,571-INFO- Value to set: 0.36700000000000016
2025-06-03 16:22:28,322-INFO- Motor Shaft Power [W]: 626.987558
2025-06-03 16:22:28,322-INFO- Read speed is: 16314.14208250431
2025-06-03 16:22:28,323-INFO- Applying torque value: 0.384000
2025-06-03 16:22:28,323-INFO- Elapsed Time [Secs]: 72.645788
2025-06-03 16:22:28,323-INFO- Measured Temperature [C]: 45.079686
2025-06-03 16:22:28,329-INFO- Estimated ClassA Temperature [C]: 83.702118
2025-06-03 16:22:28,336-INFO- Estimated ClassB Temperature [C]: 43.804306
2025-06-03 16:22:28,657-INFO- Set torque request detected
2025-06-03 16:22:28,657-INFO- Value to set: 0.3840000000000002
2025-06-03 16:22:34,355-INFO- Motor Shaft Power [W]: 648.345234
2025-06-03 16:22:34,355-INFO- Read speed is: 16123.023262633544
2025-06-03 16:22:34,355-INFO- Applying torque value: 0.401000
2025-06-03 16:22:34,356-INFO- Elapsed Time [Secs]: 78.678635
2025-06-03 16:22:34,356-INFO- Measured Temperature [C]: 45.714391
2025-06-03 16:22:34,362-INFO- Estimated ClassA Temperature [C]: 84.376007
2025-06-03 16:22:34,368-INFO- Estimated ClassB Temperature [C]: 44.471558
2025-06-03 16:22:34,771-INFO- Set torque request detected
2025-06-03 16:22:34,771-INFO- Value to set: 0.4010000000000002
2025-06-03 16:22:40,374-INFO- Motor Shaft Power [W]: 654.899181
2025-06-03 16:22:40,375-INFO- Read speed is: 15595.577331099914
2025-06-03 16:22:40,375-INFO- Applying torque value: 0.418000
2025-06-03 16:22:40,375-INFO- Elapsed Time [Secs]: 84.698082
2025-06-03 16:22:40,399-INFO- Measured Temperature [C]: 46.322171
2025-06-03 16:22:40,405-INFO- Estimated ClassA Temperature [C]: 84.976379
2025-06-03 16:22:40,410-INFO- Estimated ClassB Temperature [C]: 45.035973
2025-06-03 16:22:40,903-INFO- Set torque request detected
2025-06-03 16:22:40,903-INFO- Value to set: 0.4180000000000002
2025-06-03 16:22:46,419-INFO- Motor Shaft Power [W]: 654.747046
2025-06-03 16:22:46,419-INFO- Read speed is: 14957.83189498688
2025-06-03 16:22:46,419-INFO- Applying torque value: 0.435000
2025-06-03 16:22:46,419-INFO- Elapsed Time [Secs]: 90.742681
2025-06-03 16:22:46,460-INFO- Measured Temperature [C]: 46.968960
2025-06-03 16:22:46,465-INFO- Estimated ClassA Temperature [C]: 85.480194
2025-06-03 16:22:46,470-INFO- Estimated ClassB Temperature [C]: 45.491962
2025-06-03 16:22:46,974-INFO- Set torque request detected
2025-06-03 16:22:46,974-INFO- Value to set: 0.4350000000000002
2025-06-03 16:22:52,477-INFO- Motor Shaft Power [W]: 658.531058
2025-06-03 16:22:52,477-INFO- Read speed is: 14456.341119431407
2025-06-03 16:22:53,039-INFO- Set torque request detected
2025-06-03 16:22:53,040-INFO- Value to set: 0.45200000000000023
2025-06-03 16:22:54,650-INFO- Set torque request detected
2025-06-03 16:22:54,650-INFO- Value to set: 0.3390000000000002
2025-06-03 16:22:56,977-INFO- Set torque request detected
2025-06-03 16:22:56,977-INFO- Value to set: 0.22600000000000012
2025-06-03 16:22:58,596-INFO- Set torque request detected
2025-06-03 16:22:58,596-INFO- Value to set: 0.11300000000000004
2025-06-03 16:23:00,631-INFO- Set torque request detected
2025-06-03 16:23:00,631-INFO- Value to set: 0.0
2025-06-03 16:23:02,594-INFO- Write request detected
2025-06-03 16:23:02,594-INFO- Symbol to write: BD_Target_Speed
2025-06-03 16:23:03,855-INFO- Write request detected
2025-06-03 16:23:03,855-INFO- Symbol to write: BD_Target_Accel
2025-06-03 16:23:06,863-INFO- Write request detected
2025-06-03 16:23:06,864-INFO- Symbol to write: BD_Update_Cmd
2025-06-03 16:23:08,580-INFO- Current speed: 15665.771422
2025-06-03 16:23:08,580-INFO- Speed error: 15665.771422
2025-06-03 16:23:10,688-INFO- Current speed: 14431.471217
2025-06-03 16:23:10,688-INFO- Speed error: 14431.471217
2025-06-03 16:23:12,702-INFO- Current speed: 13493.762232
2025-06-03 16:23:12,702-INFO- Speed error: 13493.762232
2025-06-03 16:23:14,715-INFO- Current speed: 12556.349331
2025-06-03 16:23:14,715-INFO- Speed error: 12556.349331
2025-06-03 16:23:16,732-INFO- Current speed: 11618.399049
2025-06-03 16:23:16,732-INFO- Speed error: 11618.399049
2025-06-03 16:23:18,750-INFO- Current speed: 10380.648415
2025-06-03 16:23:18,750-INFO- Speed error: 10380.648415
2025-06-03 16:23:20,761-INFO- Current speed: 9452.267246
2025-06-03 16:23:20,761-INFO- Speed error: 9452.267246
2025-06-03 16:23:22,770-INFO- Current speed: 8537.554324
2025-06-03 16:23:22,771-INFO- Speed error: 8537.554324
2025-06-03 16:23:24,778-INFO- Current speed: 7707.584415
2025-06-03 16:23:24,778-INFO- Speed error: 7707.584415
2025-06-03 16:23:26,793-INFO- Current speed: 6660.021218
2025-06-03 16:23:26,793-INFO- Speed error: 6660.021218
2025-06-03 16:23:28,809-INFO- Current speed: 5952.718738
2025-06-03 16:23:28,809-INFO- Speed error: 5952.718738
2025-06-03 16:23:30,825-INFO- Current speed: 5318.939547
2025-06-03 16:23:30,825-INFO- Speed error: 5318.939547
2025-06-03 16:23:32,836-INFO- Current speed: 4731.746108
2025-06-03 16:23:32,836-INFO- Speed error: 4731.746108
2025-06-03 16:23:34,857-INFO- Current speed: 4032.942933
2025-06-03 16:23:34,857-INFO- Speed error: 4032.942933
2025-06-03 16:23:36,871-INFO- Current speed: 3543.154184
2025-06-03 16:23:36,871-INFO- Speed error: 3543.154184
2025-06-03 16:23:38,881-INFO- Current speed: 3083.955649
2025-06-03 16:23:38,881-INFO- Speed error: 3083.955649
2025-06-03 16:23:40,943-INFO- Current speed: 2491.255802
2025-06-03 16:23:40,943-INFO- Speed error: 2491.255802
2025-06-03 16:23:42,954-INFO- Current speed: 1799.754045
2025-06-03 16:23:42,954-INFO- Speed error: 1799.754045
2025-06-03 16:23:44,965-INFO- Current speed: 0.000000
2025-06-03 16:23:44,965-INFO- Speed error: 0.000000
2025-06-03 16:23:46,977-INFO- Stop Acquisition
2025-06-03 16:23:47,149-INFO- Termination Request
2025-06-03 16:23:47,768-INFO- Termination Request
2025-06-03 16:23:47,791-INFO- Calculated offset for syncing: 3.319161
2025-06-03 16:23:50,064-INFO- Extracting acquisition with marker value: 1
2025-06-03 16:23:50,066-WARNING- Sub-acquisition too short!
2025-06-03 16:23:50,068-INFO- Extracting acquisition with marker value: 2
2025-06-03 16:23:50,070-WARNING- Sub-acquisition too short!
2025-06-03 16:23:50,071-INFO- Extracting acquisition with marker value: 3
2025-06-03 16:23:50,075-INFO- Extracting acquisition with marker value: 4
2025-06-03 16:23:50,077-WARNING- Sub-acquisition too short!
2025-06-03 16:23:50,078-INFO- Extracting acquisition with marker value: 5
2025-06-03 16:23:50,080-WARNING- Sub-acquisition too short!
2025-06-03 16:23:50,082-INFO- Extracting acquisition with marker value: 6
2025-06-03 16:23:50,085-WARNING- Sub-acquisition too short!
2025-06-03 16:23:50,086-INFO- Extracting acquisition with marker value: 7
2025-06-03 16:23:50,088-WARNING- Sub-acquisition too short!
2025-06-03 16:23:50,090-INFO- Extracting acquisition with marker value: 8
2025-06-03 16:23:50,092-WARNING- Sub-acquisition too short!
2025-06-03 16:23:50,094-INFO- Extracting acquisition with marker value: 9
2025-06-03 16:23:50,097-WARNING- Sub-acquisition too short!
2025-06-03 16:23:50,098-INFO- Extracting acquisition with marker value: 10
2025-06-03 16:23:50,100-WARNING- Sub-acquisition too short!
2025-06-03 16:23:50,102-INFO- Extracting acquisition with marker value: 11
2025-06-03 16:23:50,104-WARNING- Sub-acquisition too short!
2025-06-03 16:23:50,105-INFO- Extracting acquisition with marker value: 12
2025-06-03 16:23:50,107-WARNING- Sub-acquisition too short!
2025-06-03 16:23:50,109-INFO- Extracting acquisition with marker value: 13
2025-06-03 16:23:50,111-WARNING- Sub-acquisition too short!
2025-06-03 16:23:50,113-INFO- Extracting acquisition with marker value: 14
2025-06-03 16:23:50,115-WARNING- Sub-acquisition too short!
2025-06-03 16:23:50,116-INFO- Extracting acquisition with marker value: 15
2025-06-03 16:23:50,118-WARNING- Sub-acquisition too short!
